[35m[1mConsolidate compiler generated dependencies of target simpleZ[0m
[ 50%] Built target lu
[ 75%] [32mBuilding CXX object CMakeFiles/simpleZ.dir/src/simpleZ.cpp.o[0m
[100%] [32m[1mLinking CXX executable simpleZ[0m
[100%] Built target simpleZ
-- Install configuration: ""
-- Up-to-date: /home/beam/autonomous-stack-sdc/install/ground_removal/lib/ground_removal/lu
-- Installing: /home/beam/autonomous-stack-sdc/install/ground_removal/lib/ground_removal/simpleZ
-- Set runtime path of "/home/beam/autonomous-stack-sdc/install/ground_removal/lib/ground_removal/simpleZ" to ""
-- Up-to-date: /home/beam/autonomous-stack-sdc/install/ground_removal/share/ground_removal/launch
-- Up-to-date: /home/beam/autonomous-stack-sdc/install/ground_removal/share/ground_removal/launch/lu.launch.py
-- Up-to-date: /home/beam/autonomous-stack-sdc/install/ground_removal/share/ground_removal/launch/simpleZ.launch.py
-- Up-to-date: /home/beam/autonomous-stack-sdc/install/ground_removal/share/ground_removal/config
-- Up-to-date: /home/beam/autonomous-stack-sdc/install/ground_removal/share/ground_removal/config/lu_params.yaml
-- Up-to-date: /home/beam/autonomous-stack-sdc/install/ground_removal/share/ground_removal/config/simpleZ_params.yaml
-- Up-to-date: /home/beam/autonomous-stack-sdc/install/ground_removal/share/ground_removal/config/simpleZ_sim_params.yaml
-- Up-to-date: /home/beam/autonomous-stack-sdc/install/ground_removal/share/ground_removal/config/lu_sim_params.yaml
-- Up-to-date: /home/beam/autonomous-stack-sdc/install/ground_removal/lib/ground_removal/janeremover.py
-- Up-to-date: /home/beam/autonomous-stack-sdc/install/ground_removal/lib/ground_removal/janeremoverhuh.py
-- Up-to-date: /home/beam/autonomous-stack-sdc/install/ground_removal/share/ament_index/resource_index/package_run_dependencies/ground_removal
-- Up-to-date: /home/beam/autonomous-stack-sdc/install/ground_removal/share/ament_index/resource_index/parent_prefix_path/ground_removal
-- Up-to-date: /home/beam/autonomous-stack-sdc/install/ground_removal/share/ground_removal/environment/ament_prefix_path.sh
-- Up-to-date: /home/beam/autonomous-stack-sdc/install/ground_removal/share/ground_removal/environment/ament_prefix_path.dsv
-- Up-to-date: /home/beam/autonomous-stack-sdc/install/ground_removal/share/ground_removal/environment/path.sh
-- Up-to-date: /home/beam/autonomous-stack-sdc/install/ground_removal/share/ground_removal/environment/path.dsv
-- Up-to-date: /home/beam/autonomous-stack-sdc/install/ground_removal/share/ground_removal/local_setup.bash
-- Up-to-date: /home/beam/autonomous-stack-sdc/install/ground_removal/share/ground_removal/local_setup.sh
-- Up-to-date: /home/beam/autonomous-stack-sdc/install/ground_removal/share/ground_removal/local_setup.zsh
-- Up-to-date: /home/beam/autonomous-stack-sdc/install/ground_removal/share/ground_removal/local_setup.dsv
-- Installing: /home/beam/autonomous-stack-sdc/install/ground_removal/share/ground_removal/package.dsv
-- Up-to-date: /home/beam/autonomous-stack-sdc/install/ground_removal/share/ament_index/resource_index/packages/ground_removal
-- Up-to-date: /home/beam/autonomous-stack-sdc/install/ground_removal/share/ground_removal/cmake/ground_removalConfig.cmake
-- Up-to-date: /home/beam/autonomous-stack-sdc/install/ground_removal/share/ground_removal/cmake/ground_removalConfig-version.cmake
-- Up-to-date: /home/beam/autonomous-stack-sdc/install/ground_removal/share/ground_removal/package.xml
