[0.050s] Invoking command in '/home/beam/autonomous-stack-sdc/build/ground_removal': CMAKE_PREFIX_PATH=/home/beam/autonomous-stack-sdc/install/sdc_msgs:/home/beam/lidar_ws/install/rslidar_sdk:/home/beam/lidar_ws/install/rslidar_msg:/home/beam/autonomous-stack-sdc/install/yolo_bringup:/home/beam/autonomous-stack-sdc/install/yolo_msgs:/home/beam/autonomous-stack-sdc/install/path_planning1:/home/beam/autonomous-stack-sdc/install/mapping1:/home/beam/autonomous-stack-sdc/install/ground_removal:/home/beam/autonomous-stack-sdc/install/clustering:/home/beam/autonomous-stack-sdc/install/odometry:/home/beam/autonomous-stack-sdc/install/control:/home/beam/wa/install/eufs_sensors:/home/beam/wa/install/eufs_plugins:/home/beam/wa/install/eufs_models:/home/beam/wa/install/eufs_msgs:/home/beam/autonomous-stack-sdc/install/yolo_ros:/home/beam/autonomous-stack-sdc/install/sensorfusion:/home/beam/wa/install/eufs_launcher:/home/beam/wa/install/eufs_tracks:/home/beam/wa/install/eufs_rqt:/home/beam/wa/install/eufs_racecar:/opt/ros/humble LD_LIBRARY_PATH=/home/beam/autonomous-stack-sdc/install/sdc_msgs/lib:/home/beam/lidar_ws/install/rslidar_msg/lib:/home/beam/autonomous-stack-sdc/install/yolo_msgs/lib:/home/beam/wa/install/eufs_plugins/lib:/home/beam/wa/install/eufs_models/lib:/home/beam/wa/install/eufs_msgs/lib:/usr/lib/x86_64-linux-gnu/gazebo-11/plugins:/opt/ros/humble/opt/rviz_ogre_vendor/lib:/opt/ros/humble/lib/x86_64-linux-gnu:/opt/ros/humble/lib /usr/bin/cmake --build /home/beam/autonomous-stack-sdc/build/ground_removal -- -j16 -l16
[0.127s] [ 50%] [32mBuilding CXX object CMakeFiles/simpleZ.dir/src/simpleZ.cpp.o[0m
[0.127s] [ 75%] Built target lu
[4.979s] [01m[K/home/beam/autonomous-stack-sdc/perception/lidar/ground-removal/src/simpleZ.cpp:[m[K In lambda function:
[4.979s] [01m[K/home/beam/autonomous-stack-sdc/perception/lidar/ground-removal/src/simpleZ.cpp:98:13:[m[K [01;35m[Kwarning: [m[Kunused variable ‘[01m[Kdistance[m[K’ [[01;35m[K]8;;https://gcc.gnu.org/onlinedocs/gcc/Warning-Options.html#index-Wunused-variable-Wunused-variable]8;;[m[K]
[4.979s]    98 |       float [01;35m[Kdistance[m[K = 29;
[4.979s]       |             [01;35m[K^~~~~~~~[m[K
[12.966s] [100%] [32m[1mLinking CXX executable simpleZ[0m
[13.720s] [100%] Built target simpleZ
[13.733s] Invoked command in '/home/beam/autonomous-stack-sdc/build/ground_removal' returned '0': CMAKE_PREFIX_PATH=/home/beam/autonomous-stack-sdc/install/sdc_msgs:/home/beam/lidar_ws/install/rslidar_sdk:/home/beam/lidar_ws/install/rslidar_msg:/home/beam/autonomous-stack-sdc/install/yolo_bringup:/home/beam/autonomous-stack-sdc/install/yolo_msgs:/home/beam/autonomous-stack-sdc/install/path_planning1:/home/beam/autonomous-stack-sdc/install/mapping1:/home/beam/autonomous-stack-sdc/install/ground_removal:/home/beam/autonomous-stack-sdc/install/clustering:/home/beam/autonomous-stack-sdc/install/odometry:/home/beam/autonomous-stack-sdc/install/control:/home/beam/wa/install/eufs_sensors:/home/beam/wa/install/eufs_plugins:/home/beam/wa/install/eufs_models:/home/beam/wa/install/eufs_msgs:/home/beam/autonomous-stack-sdc/install/yolo_ros:/home/beam/autonomous-stack-sdc/install/sensorfusion:/home/beam/wa/install/eufs_launcher:/home/beam/wa/install/eufs_tracks:/home/beam/wa/install/eufs_rqt:/home/beam/wa/install/eufs_racecar:/opt/ros/humble LD_LIBRARY_PATH=/home/beam/autonomous-stack-sdc/install/sdc_msgs/lib:/home/beam/lidar_ws/install/rslidar_msg/lib:/home/beam/autonomous-stack-sdc/install/yolo_msgs/lib:/home/beam/wa/install/eufs_plugins/lib:/home/beam/wa/install/eufs_models/lib:/home/beam/wa/install/eufs_msgs/lib:/usr/lib/x86_64-linux-gnu/gazebo-11/plugins:/opt/ros/humble/opt/rviz_ogre_vendor/lib:/opt/ros/humble/lib/x86_64-linux-gnu:/opt/ros/humble/lib /usr/bin/cmake --build /home/beam/autonomous-stack-sdc/build/ground_removal -- -j16 -l16
[13.734s] Invoking command in '/home/beam/autonomous-stack-sdc/build/ground_removal': CMAKE_PREFIX_PATH=/home/beam/autonomous-stack-sdc/install/sdc_msgs:/home/beam/lidar_ws/install/rslidar_sdk:/home/beam/lidar_ws/install/rslidar_msg:/home/beam/autonomous-stack-sdc/install/yolo_bringup:/home/beam/autonomous-stack-sdc/install/yolo_msgs:/home/beam/autonomous-stack-sdc/install/path_planning1:/home/beam/autonomous-stack-sdc/install/mapping1:/home/beam/autonomous-stack-sdc/install/ground_removal:/home/beam/autonomous-stack-sdc/install/clustering:/home/beam/autonomous-stack-sdc/install/odometry:/home/beam/autonomous-stack-sdc/install/control:/home/beam/wa/install/eufs_sensors:/home/beam/wa/install/eufs_plugins:/home/beam/wa/install/eufs_models:/home/beam/wa/install/eufs_msgs:/home/beam/autonomous-stack-sdc/install/yolo_ros:/home/beam/autonomous-stack-sdc/install/sensorfusion:/home/beam/wa/install/eufs_launcher:/home/beam/wa/install/eufs_tracks:/home/beam/wa/install/eufs_rqt:/home/beam/wa/install/eufs_racecar:/opt/ros/humble LD_LIBRARY_PATH=/home/beam/autonomous-stack-sdc/install/sdc_msgs/lib:/home/beam/lidar_ws/install/rslidar_msg/lib:/home/beam/autonomous-stack-sdc/install/yolo_msgs/lib:/home/beam/wa/install/eufs_plugins/lib:/home/beam/wa/install/eufs_models/lib:/home/beam/wa/install/eufs_msgs/lib:/usr/lib/x86_64-linux-gnu/gazebo-11/plugins:/opt/ros/humble/opt/rviz_ogre_vendor/lib:/opt/ros/humble/lib/x86_64-linux-gnu:/opt/ros/humble/lib /usr/bin/cmake --install /home/beam/autonomous-stack-sdc/build/ground_removal
[13.743s] -- Install configuration: ""
[13.743s] -- Up-to-date: /home/beam/autonomous-stack-sdc/install/ground_removal/lib/ground_removal/lu
[13.743s] -- Installing: /home/beam/autonomous-stack-sdc/install/ground_removal/lib/ground_removal/simpleZ
[13.744s] -- Set runtime path of "/home/beam/autonomous-stack-sdc/install/ground_removal/lib/ground_removal/simpleZ" to ""
[13.745s] -- Up-to-date: /home/beam/autonomous-stack-sdc/install/ground_removal/share/ground_removal/launch
[13.745s] -- Up-to-date: /home/beam/autonomous-stack-sdc/install/ground_removal/share/ground_removal/launch/lu.launch.py
[13.745s] -- Up-to-date: /home/beam/autonomous-stack-sdc/install/ground_removal/share/ground_removal/launch/simpleZ.launch.py
[13.745s] -- Up-to-date: /home/beam/autonomous-stack-sdc/install/ground_removal/share/ground_removal/config
[13.745s] -- Up-to-date: /home/beam/autonomous-stack-sdc/install/ground_removal/share/ground_removal/config/lu_params.yaml
[13.745s] -- Up-to-date: /home/beam/autonomous-stack-sdc/install/ground_removal/share/ground_removal/config/simpleZ_params.yaml
[13.745s] -- Up-to-date: /home/beam/autonomous-stack-sdc/install/ground_removal/share/ground_removal/config/simpleZ_sim_params.yaml
[13.745s] -- Up-to-date: /home/beam/autonomous-stack-sdc/install/ground_removal/share/ground_removal/config/lu_sim_params.yaml
[13.745s] -- Up-to-date: /home/beam/autonomous-stack-sdc/install/ground_removal/lib/ground_removal/janeremover.py
[13.745s] -- Up-to-date: /home/beam/autonomous-stack-sdc/install/ground_removal/lib/ground_removal/janeremoverhuh.py
[13.745s] -- Up-to-date: /home/beam/autonomous-stack-sdc/install/ground_removal/share/ament_index/resource_index/package_run_dependencies/ground_removal
[13.745s] -- Up-to-date: /home/beam/autonomous-stack-sdc/install/ground_removal/share/ament_index/resource_index/parent_prefix_path/ground_removal
[13.745s] -- Up-to-date: /home/beam/autonomous-stack-sdc/install/ground_removal/share/ground_removal/environment/ament_prefix_path.sh
[13.746s] -- Up-to-date: /home/beam/autonomous-stack-sdc/install/ground_removal/share/ground_removal/environment/ament_prefix_path.dsv
[13.746s] -- Up-to-date: /home/beam/autonomous-stack-sdc/install/ground_removal/share/ground_removal/environment/path.sh
[13.746s] -- Up-to-date: /home/beam/autonomous-stack-sdc/install/ground_removal/share/ground_removal/environment/path.dsv
[13.746s] -- Up-to-date: /home/beam/autonomous-stack-sdc/install/ground_removal/share/ground_removal/local_setup.bash
[13.746s] -- Up-to-date: /home/beam/autonomous-stack-sdc/install/ground_removal/share/ground_removal/local_setup.sh
[13.746s] -- Up-to-date: /home/beam/autonomous-stack-sdc/install/ground_removal/share/ground_removal/local_setup.zsh
[13.746s] -- Up-to-date: /home/beam/autonomous-stack-sdc/install/ground_removal/share/ground_removal/local_setup.dsv
[13.746s] -- Installing: /home/beam/autonomous-stack-sdc/install/ground_removal/share/ground_removal/package.dsv
[13.746s] -- Up-to-date: /home/beam/autonomous-stack-sdc/install/ground_removal/share/ament_index/resource_index/packages/ground_removal
[13.746s] -- Up-to-date: /home/beam/autonomous-stack-sdc/install/ground_removal/share/ground_removal/cmake/ground_removalConfig.cmake
[13.746s] -- Up-to-date: /home/beam/autonomous-stack-sdc/install/ground_removal/share/ground_removal/cmake/ground_removalConfig-version.cmake
[13.746s] -- Up-to-date: /home/beam/autonomous-stack-sdc/install/ground_removal/share/ground_removal/package.xml
[13.748s] Invoked command in '/home/beam/autonomous-stack-sdc/build/ground_removal' returned '0': CMAKE_PREFIX_PATH=/home/beam/autonomous-stack-sdc/install/sdc_msgs:/home/beam/lidar_ws/install/rslidar_sdk:/home/beam/lidar_ws/install/rslidar_msg:/home/beam/autonomous-stack-sdc/install/yolo_bringup:/home/beam/autonomous-stack-sdc/install/yolo_msgs:/home/beam/autonomous-stack-sdc/install/path_planning1:/home/beam/autonomous-stack-sdc/install/mapping1:/home/beam/autonomous-stack-sdc/install/ground_removal:/home/beam/autonomous-stack-sdc/install/clustering:/home/beam/autonomous-stack-sdc/install/odometry:/home/beam/autonomous-stack-sdc/install/control:/home/beam/wa/install/eufs_sensors:/home/beam/wa/install/eufs_plugins:/home/beam/wa/install/eufs_models:/home/beam/wa/install/eufs_msgs:/home/beam/autonomous-stack-sdc/install/yolo_ros:/home/beam/autonomous-stack-sdc/install/sensorfusion:/home/beam/wa/install/eufs_launcher:/home/beam/wa/install/eufs_tracks:/home/beam/wa/install/eufs_rqt:/home/beam/wa/install/eufs_racecar:/opt/ros/humble LD_LIBRARY_PATH=/home/beam/autonomous-stack-sdc/install/sdc_msgs/lib:/home/beam/lidar_ws/install/rslidar_msg/lib:/home/beam/autonomous-stack-sdc/install/yolo_msgs/lib:/home/beam/wa/install/eufs_plugins/lib:/home/beam/wa/install/eufs_models/lib:/home/beam/wa/install/eufs_msgs/lib:/usr/lib/x86_64-linux-gnu/gazebo-11/plugins:/opt/ros/humble/opt/rviz_ogre_vendor/lib:/opt/ros/humble/lib/x86_64-linux-gnu:/opt/ros/humble/lib /usr/bin/cmake --install /home/beam/autonomous-stack-sdc/build/ground_removal
