[0.027s] Invoking command in '/home/beam/autonomous-stack-sdc/build/control': CMAKE_PREFIX_PATH=${CMAKE_PREFIX_PATH}:/home/beam/autonomous-stack-sdc/install/yolo_ros:/home/beam/autonomous-stack-sdc/install/sensorfusion:/home/beam/wa/install/eufs_launcher:/home/beam/wa/install/eufs_tracks:/home/beam/wa/install/eufs_rqt:/home/beam/wa/install/eufs_racecar:/opt/ros/humble /usr/bin/cmake --build /home/beam/autonomous-stack-sdc/build/control -- -j16 -l16
[0.143s] [100%] Built target pid
[0.178s] Invoked command in '/home/beam/autonomous-stack-sdc/build/control' returned '0': CMAKE_PREFIX_PATH=${CMAKE_PREFIX_PATH}:/home/beam/autonomous-stack-sdc/install/yolo_ros:/home/beam/autonomous-stack-sdc/install/sensorfusion:/home/beam/wa/install/eufs_launcher:/home/beam/wa/install/eufs_tracks:/home/beam/wa/install/eufs_rqt:/home/beam/wa/install/eufs_racecar:/opt/ros/humble /usr/bin/cmake --build /home/beam/autonomous-stack-sdc/build/control -- -j16 -l16
[0.204s] Invoking command in '/home/beam/autonomous-stack-sdc/build/control': CMAKE_PREFIX_PATH=${CMAKE_PREFIX_PATH}:/home/beam/autonomous-stack-sdc/install/yolo_ros:/home/beam/autonomous-stack-sdc/install/sensorfusion:/home/beam/wa/install/eufs_launcher:/home/beam/wa/install/eufs_tracks:/home/beam/wa/install/eufs_rqt:/home/beam/wa/install/eufs_racecar:/opt/ros/humble /usr/bin/cmake --install /home/beam/autonomous-stack-sdc/build/control
[0.226s] -- Install configuration: ""
[0.228s] -- Up-to-date: /home/beam/autonomous-stack-sdc/install/control/lib/control/pid
[0.228s] -- Up-to-date: /home/beam/autonomous-stack-sdc/install/control/share/control//launch
[0.228s] -- Up-to-date: /home/beam/autonomous-stack-sdc/install/control/share/control//launch/pid.launch.py
[0.228s] -- Up-to-date: /home/beam/autonomous-stack-sdc/install/control/share/control//config
[0.228s] -- Up-to-date: /home/beam/autonomous-stack-sdc/install/control/share/control//config/pid_params.yaml
[0.228s] -- Up-to-date: /home/beam/autonomous-stack-sdc/install/control/share/ament_index/resource_index/package_run_dependencies/control
[0.229s] -- Up-to-date: /home/beam/autonomous-stack-sdc/install/control/share/ament_index/resource_index/parent_prefix_path/control
[0.230s] -- Up-to-date: /home/beam/autonomous-stack-sdc/install/control/share/control/environment/ament_prefix_path.sh
[0.230s] -- Up-to-date: /home/beam/autonomous-stack-sdc/install/control/share/control/environment/ament_prefix_path.dsv
[0.230s] -- Up-to-date: /home/beam/autonomous-stack-sdc/install/control/share/control/environment/path.sh
[0.230s] -- Up-to-date: /home/beam/autonomous-stack-sdc/install/control/share/control/environment/path.dsv
[0.230s] -- Up-to-date: /home/beam/autonomous-stack-sdc/install/control/share/control/local_setup.bash
[0.230s] -- Up-to-date: /home/beam/autonomous-stack-sdc/install/control/share/control/local_setup.sh
[0.231s] -- Up-to-date: /home/beam/autonomous-stack-sdc/install/control/share/control/local_setup.zsh
[0.231s] -- Up-to-date: /home/beam/autonomous-stack-sdc/install/control/share/control/local_setup.dsv
[0.231s] -- Installing: /home/beam/autonomous-stack-sdc/install/control/share/control/package.dsv
[0.231s] -- Up-to-date: /home/beam/autonomous-stack-sdc/install/control/share/ament_index/resource_index/packages/control
[0.231s] -- Up-to-date: /home/beam/autonomous-stack-sdc/install/control/share/control/cmake/controlConfig.cmake
[0.231s] -- Up-to-date: /home/beam/autonomous-stack-sdc/install/control/share/control/cmake/controlConfig-version.cmake
[0.231s] -- Up-to-date: /home/beam/autonomous-stack-sdc/install/control/share/control/package.xml
[0.233s] Invoked command in '/home/beam/autonomous-stack-sdc/build/control' returned '0': CMAKE_PREFIX_PATH=${CMAKE_PREFIX_PATH}:/home/beam/autonomous-stack-sdc/install/yolo_ros:/home/beam/autonomous-stack-sdc/install/sensorfusion:/home/beam/wa/install/eufs_launcher:/home/beam/wa/install/eufs_tracks:/home/beam/wa/install/eufs_rqt:/home/beam/wa/install/eufs_racecar:/opt/ros/humble /usr/bin/cmake --install /home/beam/autonomous-stack-sdc/build/control
