[3.219s] Invoking command in '/home/beam/autonomous-stack-sdc/perception/camera/yolo_ros/yolo_ros': CMAKE_PREFIX_PATH=/home/beam/autonomous-stack-sdc/install/yolo_msgs:/home/beam/lidar_ws/install/rslidar_sdk:/home/beam/lidar_ws/install/rslidar_msg:/home/beam/autonomous-stack-sdc/install/yolo_bringup:/home/beam/autonomous-stack-sdc/install/path_planning1:/home/beam/autonomous-stack-sdc/install/mapping1:/home/beam/autonomous-stack-sdc/install/ground_removal:/home/beam/autonomous-stack-sdc/install/clustering:/home/beam/autonomous-stack-sdc/install/sdc_msgs:/home/beam/autonomous-stack-sdc/install/odometry:/home/beam/autonomous-stack-sdc/install/control:/home/beam/wa/install/eufs_sensors:/home/beam/wa/install/eufs_plugins:/home/beam/wa/install/eufs_models:/home/beam/wa/install/eufs_msgs LD_LIBRARY_PATH=/home/beam/autonomous-stack-sdc/install/yolo_msgs/lib:/home/beam/lidar_ws/install/rslidar_msg/lib:/home/beam/autonomous-stack-sdc/install/sdc_msgs/lib:/home/beam/wa/install/eufs_plugins/lib:/home/beam/wa/install/eufs_models/lib:/home/beam/wa/install/eufs_msgs/lib:/usr/lib/x86_64-linux-gnu/gazebo-11/plugins:/opt/ros/humble/opt/rviz_ogre_vendor/lib:/opt/ros/humble/lib/x86_64-linux-gnu:/opt/ros/humble/lib PYTHONPATH=/home/beam/autonomous-stack-sdc/build/yolo_ros/prefix_override:/usr/lib/python3/dist-packages/colcon_core/task/python/colcon_distutils_commands:/home/beam/autonomous-stack-sdc/install/yolo_ros/lib/python3.10/site-packages:${PYTHONPATH} /usr/bin/python3 -W ignore:setup.py install is deprecated -W ignore:easy_install command is deprecated setup.py egg_info --egg-base ../../../../build/yolo_ros build --build-base /home/beam/autonomous-stack-sdc/build/yolo_ros/build install --record /home/beam/autonomous-stack-sdc/build/yolo_ros/install.log --single-version-externally-managed install_data
[4.609s] running egg_info
[4.612s] writing ../../../../build/yolo_ros/yolo_ros.egg-info/PKG-INFO
[4.612s] writing dependency_links to ../../../../build/yolo_ros/yolo_ros.egg-info/dependency_links.txt
[4.612s] writing entry points to ../../../../build/yolo_ros/yolo_ros.egg-info/entry_points.txt
[4.612s] writing requirements to ../../../../build/yolo_ros/yolo_ros.egg-info/requires.txt
[4.612s] writing top-level names to ../../../../build/yolo_ros/yolo_ros.egg-info/top_level.txt
[4.617s] reading manifest file '../../../../build/yolo_ros/yolo_ros.egg-info/SOURCES.txt'
[4.619s] writing manifest file '../../../../build/yolo_ros/yolo_ros.egg-info/SOURCES.txt'
[4.619s] running build
[4.619s] running build_py
[4.620s] running install
[4.620s] running install_lib
[4.623s] running install_data
[4.623s] running install_egg_info
[4.626s] removing '/home/beam/autonomous-stack-sdc/install/yolo_ros/lib/python3.10/site-packages/yolo_ros-0.0.0-py3.10.egg-info' (and everything under it)
[4.626s] Copying ../../../../build/yolo_ros/yolo_ros.egg-info to /home/beam/autonomous-stack-sdc/install/yolo_ros/lib/python3.10/site-packages/yolo_ros-0.0.0-py3.10.egg-info
[4.630s] running install_scripts
[4.660s] Installing debug_node script to /home/beam/autonomous-stack-sdc/install/yolo_ros/lib/yolo_ros
[4.661s] Installing detect_3d_node script to /home/beam/autonomous-stack-sdc/install/yolo_ros/lib/yolo_ros
[4.661s] Installing tracking_node script to /home/beam/autonomous-stack-sdc/install/yolo_ros/lib/yolo_ros
[4.661s] Installing yolo_node script to /home/beam/autonomous-stack-sdc/install/yolo_ros/lib/yolo_ros
[4.662s] writing list of installed files to '/home/beam/autonomous-stack-sdc/build/yolo_ros/install.log'
[4.724s] Invoked command in '/home/beam/autonomous-stack-sdc/perception/camera/yolo_ros/yolo_ros' returned '0': CMAKE_PREFIX_PATH=/home/beam/autonomous-stack-sdc/install/yolo_msgs:/home/beam/lidar_ws/install/rslidar_sdk:/home/beam/lidar_ws/install/rslidar_msg:/home/beam/autonomous-stack-sdc/install/yolo_bringup:/home/beam/autonomous-stack-sdc/install/path_planning1:/home/beam/autonomous-stack-sdc/install/mapping1:/home/beam/autonomous-stack-sdc/install/ground_removal:/home/beam/autonomous-stack-sdc/install/clustering:/home/beam/autonomous-stack-sdc/install/sdc_msgs:/home/beam/autonomous-stack-sdc/install/odometry:/home/beam/autonomous-stack-sdc/install/control:/home/beam/wa/install/eufs_sensors:/home/beam/wa/install/eufs_plugins:/home/beam/wa/install/eufs_models:/home/beam/wa/install/eufs_msgs LD_LIBRARY_PATH=/home/beam/autonomous-stack-sdc/install/yolo_msgs/lib:/home/beam/lidar_ws/install/rslidar_msg/lib:/home/beam/autonomous-stack-sdc/install/sdc_msgs/lib:/home/beam/wa/install/eufs_plugins/lib:/home/beam/wa/install/eufs_models/lib:/home/beam/wa/install/eufs_msgs/lib:/usr/lib/x86_64-linux-gnu/gazebo-11/plugins:/opt/ros/humble/opt/rviz_ogre_vendor/lib:/opt/ros/humble/lib/x86_64-linux-gnu:/opt/ros/humble/lib PYTHONPATH=/home/beam/autonomous-stack-sdc/build/yolo_ros/prefix_override:/usr/lib/python3/dist-packages/colcon_core/task/python/colcon_distutils_commands:/home/beam/autonomous-stack-sdc/install/yolo_ros/lib/python3.10/site-packages:${PYTHONPATH} /usr/bin/python3 -W ignore:setup.py install is deprecated -W ignore:easy_install command is deprecated setup.py egg_info --egg-base ../../../../build/yolo_ros build --build-base /home/beam/autonomous-stack-sdc/build/yolo_ros/build install --record /home/beam/autonomous-stack-sdc/build/yolo_ros/install.log --single-version-externally-managed install_data
