[0.043s] Invoking command in '/home/beam/autonomous-stack-sdc/build/sdc_msgs': CMAKE_PREFIX_PATH=${CMAKE_PREFIX_PATH}:/home/beam/autonomous-stack-sdc/install/yolo_ros:/home/beam/autonomous-stack-sdc/install/sensorfusion:/home/beam/wa/install/eufs_launcher:/home/beam/wa/install/eufs_tracks:/home/beam/wa/install/eufs_rqt:/home/beam/wa/install/eufs_racecar:/opt/ros/humble /usr/bin/cmake --build /home/beam/autonomous-stack-sdc/build/sdc_msgs -- -j16 -l16
[0.152s] [  1%] Built target sdc_msgs__cpp
[0.159s] [ 12%] Built target sdc_msgs__rosidl_generator_c
[0.183s] [ 12%] Built target ament_cmake_python_copy_sdc_msgs
[0.253s] [ 23%] Built target sdc_msgs__rosidl_typesupport_fastrtps_cpp
[0.253s] [ 34%] Built target sdc_msgs__rosidl_typesupport_fastrtps_c
[0.253s] [ 45%] Built target sdc_msgs__rosidl_typesupport_introspection_c
[0.253s] [ 56%] Built target sdc_msgs__rosidl_typesupport_c
[0.271s] [ 74%] Built target sdc_msgs__rosidl_typesupport_introspection_cpp
[0.280s] [ 78%] Built target sdc_msgs__rosidl_typesupport_cpp
[0.338s] [ 78%] Built target sdc_msgs
[0.393s] [ 80%] Built target sdc_msgs__py
[0.463s] [ 89%] Built target sdc_msgs__rosidl_generator_py
[0.857s] [ 92%] Built target sdc_msgs__rosidl_typesupport_c__pyext
[0.900s] [ 96%] Built target sdc_msgs__rosidl_typesupport_fastrtps_c__pyext
[0.927s] [100%] Built target sdc_msgs__rosidl_typesupport_introspection_c__pyext
[1.661s] running egg_info
[1.662s] writing sdc_msgs.egg-info/PKG-INFO
[1.662s] writing dependency_links to sdc_msgs.egg-info/dependency_links.txt
[1.662s] writing top-level names to sdc_msgs.egg-info/top_level.txt
[1.667s] reading manifest file 'sdc_msgs.egg-info/SOURCES.txt'
[1.668s] writing manifest file 'sdc_msgs.egg-info/SOURCES.txt'
[1.721s] [100%] Built target ament_cmake_python_build_sdc_msgs_egg
[1.738s] Invoked command in '/home/beam/autonomous-stack-sdc/build/sdc_msgs' returned '0': CMAKE_PREFIX_PATH=${CMAKE_PREFIX_PATH}:/home/beam/autonomous-stack-sdc/install/yolo_ros:/home/beam/autonomous-stack-sdc/install/sensorfusion:/home/beam/wa/install/eufs_launcher:/home/beam/wa/install/eufs_tracks:/home/beam/wa/install/eufs_rqt:/home/beam/wa/install/eufs_racecar:/opt/ros/humble /usr/bin/cmake --build /home/beam/autonomous-stack-sdc/build/sdc_msgs -- -j16 -l16
[1.741s] Invoking command in '/home/beam/autonomous-stack-sdc/build/sdc_msgs': CMAKE_PREFIX_PATH=${CMAKE_PREFIX_PATH}:/home/beam/autonomous-stack-sdc/install/yolo_ros:/home/beam/autonomous-stack-sdc/install/sensorfusion:/home/beam/wa/install/eufs_launcher:/home/beam/wa/install/eufs_tracks:/home/beam/wa/install/eufs_rqt:/home/beam/wa/install/eufs_racecar:/opt/ros/humble /usr/bin/cmake --install /home/beam/autonomous-stack-sdc/build/sdc_msgs
[1.753s] -- Install configuration: ""
[1.754s] -- Up-to-date: /home/beam/autonomous-stack-sdc/install/sdc_msgs/share/ament_index/resource_index/rosidl_interfaces/sdc_msgs
[1.754s] -- Up-to-date: /home/beam/autonomous-stack-sdc/install/sdc_msgs/include/sdc_msgs/sdc_msgs
[1.754s] -- Up-to-date: /home/beam/autonomous-stack-sdc/install/sdc_msgs/include/sdc_msgs/sdc_msgs/msg
[1.754s] -- Up-to-date: /home/beam/autonomous-stack-sdc/install/sdc_msgs/include/sdc_msgs/sdc_msgs/msg/coordinate.h
[1.754s] -- Up-to-date: /home/beam/autonomous-stack-sdc/install/sdc_msgs/include/sdc_msgs/sdc_msgs/msg/arr.h
[1.754s] -- Up-to-date: /home/beam/autonomous-stack-sdc/install/sdc_msgs/include/sdc_msgs/sdc_msgs/msg/rosidl_generator_c__visibility_control.h
[1.754s] -- Up-to-date: /home/beam/autonomous-stack-sdc/install/sdc_msgs/include/sdc_msgs/sdc_msgs/msg/detail
[1.754s] -- Up-to-date: /home/beam/autonomous-stack-sdc/install/sdc_msgs/include/sdc_msgs/sdc_msgs/msg/detail/coordinate__struct.h
[1.755s] -- Up-to-date: /home/beam/autonomous-stack-sdc/install/sdc_msgs/include/sdc_msgs/sdc_msgs/msg/detail/arr__struct.h
[1.755s] -- Up-to-date: /home/beam/autonomous-stack-sdc/install/sdc_msgs/include/sdc_msgs/sdc_msgs/msg/detail/coordinate__functions.c
[1.755s] -- Up-to-date: /home/beam/autonomous-stack-sdc/install/sdc_msgs/include/sdc_msgs/sdc_msgs/msg/detail/arr__type_support.h
[1.755s] -- Up-to-date: /home/beam/autonomous-stack-sdc/install/sdc_msgs/include/sdc_msgs/sdc_msgs/msg/detail/coordinate__functions.h
[1.755s] -- Up-to-date: /home/beam/autonomous-stack-sdc/install/sdc_msgs/include/sdc_msgs/sdc_msgs/msg/detail/coordinate_list__type_support.h
[1.755s] -- Up-to-date: /home/beam/autonomous-stack-sdc/install/sdc_msgs/include/sdc_msgs/sdc_msgs/msg/detail/arrofarr__functions.h
[1.755s] -- Up-to-date: /home/beam/autonomous-stack-sdc/install/sdc_msgs/include/sdc_msgs/sdc_msgs/msg/detail/arrofarr__functions.c
[1.755s] -- Up-to-date: /home/beam/autonomous-stack-sdc/install/sdc_msgs/include/sdc_msgs/sdc_msgs/msg/detail/coordinate_list__functions.c
[1.755s] -- Up-to-date: /home/beam/autonomous-stack-sdc/install/sdc_msgs/include/sdc_msgs/sdc_msgs/msg/detail/coordinate__type_support.h
[1.755s] -- Up-to-date: /home/beam/autonomous-stack-sdc/install/sdc_msgs/include/sdc_msgs/sdc_msgs/msg/detail/arr__functions.c
[1.756s] -- Up-to-date: /home/beam/autonomous-stack-sdc/install/sdc_msgs/include/sdc_msgs/sdc_msgs/msg/detail/coordinate_list__struct.h
[1.756s] -- Up-to-date: /home/beam/autonomous-stack-sdc/install/sdc_msgs/include/sdc_msgs/sdc_msgs/msg/detail/coordinate_list__functions.h
[1.756s] -- Up-to-date: /home/beam/autonomous-stack-sdc/install/sdc_msgs/include/sdc_msgs/sdc_msgs/msg/detail/arr__functions.h
[1.756s] -- Up-to-date: /home/beam/autonomous-stack-sdc/install/sdc_msgs/include/sdc_msgs/sdc_msgs/msg/detail/arrofarr__type_support.h
[1.756s] -- Up-to-date: /home/beam/autonomous-stack-sdc/install/sdc_msgs/include/sdc_msgs/sdc_msgs/msg/detail/arrofarr__struct.h
[1.756s] -- Up-to-date: /home/beam/autonomous-stack-sdc/install/sdc_msgs/include/sdc_msgs/sdc_msgs/msg/coordinate_list.h
[1.756s] -- Up-to-date: /home/beam/autonomous-stack-sdc/install/sdc_msgs/include/sdc_msgs/sdc_msgs/msg/arrofarr.h
[1.756s] -- Up-to-date: /home/beam/autonomous-stack-sdc/install/sdc_msgs/share/sdc_msgs/environment/library_path.sh
[1.756s] -- Up-to-date: /home/beam/autonomous-stack-sdc/install/sdc_msgs/share/sdc_msgs/environment/library_path.dsv
[1.756s] -- Up-to-date: /home/beam/autonomous-stack-sdc/install/sdc_msgs/lib/libsdc_msgs__rosidl_generator_c.so
[1.757s] -- Up-to-date: /home/beam/autonomous-stack-sdc/install/sdc_msgs/include/sdc_msgs/sdc_msgs
[1.757s] -- Up-to-date: /home/beam/autonomous-stack-sdc/install/sdc_msgs/include/sdc_msgs/sdc_msgs/msg
[1.757s] -- Up-to-date: /home/beam/autonomous-stack-sdc/install/sdc_msgs/include/sdc_msgs/sdc_msgs/msg/rosidl_typesupport_fastrtps_c__visibility_control.h
[1.757s] -- Up-to-date: /home/beam/autonomous-stack-sdc/install/sdc_msgs/include/sdc_msgs/sdc_msgs/msg/detail
[1.757s] -- Up-to-date: /home/beam/autonomous-stack-sdc/install/sdc_msgs/include/sdc_msgs/sdc_msgs/msg/detail/coordinate__rosidl_typesupport_fastrtps_c.h
[1.757s] -- Up-to-date: /home/beam/autonomous-stack-sdc/install/sdc_msgs/include/sdc_msgs/sdc_msgs/msg/detail/arrofarr__rosidl_typesupport_fastrtps_c.h
[1.757s] -- Up-to-date: /home/beam/autonomous-stack-sdc/install/sdc_msgs/include/sdc_msgs/sdc_msgs/msg/detail/coordinate_list__rosidl_typesupport_fastrtps_c.h
[1.757s] -- Up-to-date: /home/beam/autonomous-stack-sdc/install/sdc_msgs/include/sdc_msgs/sdc_msgs/msg/detail/arr__rosidl_typesupport_fastrtps_c.h
[1.757s] -- Up-to-date: /home/beam/autonomous-stack-sdc/install/sdc_msgs/lib/libsdc_msgs__rosidl_typesupport_fastrtps_c.so
[1.757s] -- Up-to-date: /home/beam/autonomous-stack-sdc/install/sdc_msgs/include/sdc_msgs/sdc_msgs
[1.757s] -- Up-to-date: /home/beam/autonomous-stack-sdc/install/sdc_msgs/include/sdc_msgs/sdc_msgs/msg
[1.757s] -- Up-to-date: /home/beam/autonomous-stack-sdc/install/sdc_msgs/include/sdc_msgs/sdc_msgs/msg/coordinate_list.hpp
[1.758s] -- Up-to-date: /home/beam/autonomous-stack-sdc/install/sdc_msgs/include/sdc_msgs/sdc_msgs/msg/arr.hpp
[1.758s] -- Up-to-date: /home/beam/autonomous-stack-sdc/install/sdc_msgs/include/sdc_msgs/sdc_msgs/msg/coordinate.hpp
[1.758s] -- Up-to-date: /home/beam/autonomous-stack-sdc/install/sdc_msgs/include/sdc_msgs/sdc_msgs/msg/arrofarr.hpp
[1.758s] -- Up-to-date: /home/beam/autonomous-stack-sdc/install/sdc_msgs/include/sdc_msgs/sdc_msgs/msg/rosidl_generator_cpp__visibility_control.hpp
[1.758s] -- Up-to-date: /home/beam/autonomous-stack-sdc/install/sdc_msgs/include/sdc_msgs/sdc_msgs/msg/detail
[1.758s] -- Up-to-date: /home/beam/autonomous-stack-sdc/install/sdc_msgs/include/sdc_msgs/sdc_msgs/msg/detail/coordinate_list__builder.hpp
[1.758s] -- Up-to-date: /home/beam/autonomous-stack-sdc/install/sdc_msgs/include/sdc_msgs/sdc_msgs/msg/detail/arrofarr__builder.hpp
[1.758s] -- Up-to-date: /home/beam/autonomous-stack-sdc/install/sdc_msgs/include/sdc_msgs/sdc_msgs/msg/detail/coordinate_list__struct.hpp
[1.758s] -- Up-to-date: /home/beam/autonomous-stack-sdc/install/sdc_msgs/include/sdc_msgs/sdc_msgs/msg/detail/coordinate_list__traits.hpp
[1.758s] -- Up-to-date: /home/beam/autonomous-stack-sdc/install/sdc_msgs/include/sdc_msgs/sdc_msgs/msg/detail/arr__struct.hpp
[1.758s] -- Up-to-date: /home/beam/autonomous-stack-sdc/install/sdc_msgs/include/sdc_msgs/sdc_msgs/msg/detail/arrofarr__struct.hpp
[1.758s] -- Up-to-date: /home/beam/autonomous-stack-sdc/install/sdc_msgs/include/sdc_msgs/sdc_msgs/msg/detail/arr__builder.hpp
[1.759s] -- Up-to-date: /home/beam/autonomous-stack-sdc/install/sdc_msgs/include/sdc_msgs/sdc_msgs/msg/detail/arr__traits.hpp
[1.759s] -- Up-to-date: /home/beam/autonomous-stack-sdc/install/sdc_msgs/include/sdc_msgs/sdc_msgs/msg/detail/coordinate__builder.hpp
[1.759s] -- Up-to-date: /home/beam/autonomous-stack-sdc/install/sdc_msgs/include/sdc_msgs/sdc_msgs/msg/detail/coordinate_list__type_support.hpp
[1.759s] -- Up-to-date: /home/beam/autonomous-stack-sdc/install/sdc_msgs/include/sdc_msgs/sdc_msgs/msg/detail/arr__type_support.hpp
[1.759s] -- Up-to-date: /home/beam/autonomous-stack-sdc/install/sdc_msgs/include/sdc_msgs/sdc_msgs/msg/detail/coordinate__struct.hpp
[1.759s] -- Up-to-date: /home/beam/autonomous-stack-sdc/install/sdc_msgs/include/sdc_msgs/sdc_msgs/msg/detail/coordinate__type_support.hpp
[1.759s] -- Up-to-date: /home/beam/autonomous-stack-sdc/install/sdc_msgs/include/sdc_msgs/sdc_msgs/msg/detail/arrofarr__traits.hpp
[1.759s] -- Up-to-date: /home/beam/autonomous-stack-sdc/install/sdc_msgs/include/sdc_msgs/sdc_msgs/msg/detail/coordinate__traits.hpp
[1.759s] -- Up-to-date: /home/beam/autonomous-stack-sdc/install/sdc_msgs/include/sdc_msgs/sdc_msgs/msg/detail/arrofarr__type_support.hpp
[1.760s] -- Up-to-date: /home/beam/autonomous-stack-sdc/install/sdc_msgs/include/sdc_msgs/sdc_msgs
[1.760s] -- Up-to-date: /home/beam/autonomous-stack-sdc/install/sdc_msgs/include/sdc_msgs/sdc_msgs/msg
[1.760s] -- Up-to-date: /home/beam/autonomous-stack-sdc/install/sdc_msgs/include/sdc_msgs/sdc_msgs/msg/detail
[1.760s] -- Up-to-date: /home/beam/autonomous-stack-sdc/install/sdc_msgs/include/sdc_msgs/sdc_msgs/msg/detail/dds_fastrtps
[1.760s] -- Up-to-date: /home/beam/autonomous-stack-sdc/install/sdc_msgs/include/sdc_msgs/sdc_msgs/msg/detail/coordinate_list__rosidl_typesupport_fastrtps_cpp.hpp
[1.760s] -- Up-to-date: /home/beam/autonomous-stack-sdc/install/sdc_msgs/include/sdc_msgs/sdc_msgs/msg/detail/coordinate__rosidl_typesupport_fastrtps_cpp.hpp
[1.760s] -- Up-to-date: /home/beam/autonomous-stack-sdc/install/sdc_msgs/include/sdc_msgs/sdc_msgs/msg/detail/arr__rosidl_typesupport_fastrtps_cpp.hpp
[1.760s] -- Up-to-date: /home/beam/autonomous-stack-sdc/install/sdc_msgs/include/sdc_msgs/sdc_msgs/msg/detail/arrofarr__rosidl_typesupport_fastrtps_cpp.hpp
[1.760s] -- Up-to-date: /home/beam/autonomous-stack-sdc/install/sdc_msgs/include/sdc_msgs/sdc_msgs/msg/rosidl_typesupport_fastrtps_cpp__visibility_control.h
[1.761s] -- Up-to-date: /home/beam/autonomous-stack-sdc/install/sdc_msgs/lib/libsdc_msgs__rosidl_typesupport_fastrtps_cpp.so
[1.761s] -- Up-to-date: /home/beam/autonomous-stack-sdc/install/sdc_msgs/include/sdc_msgs/sdc_msgs
[1.761s] -- Up-to-date: /home/beam/autonomous-stack-sdc/install/sdc_msgs/include/sdc_msgs/sdc_msgs/msg
[1.761s] -- Up-to-date: /home/beam/autonomous-stack-sdc/install/sdc_msgs/include/sdc_msgs/sdc_msgs/msg/rosidl_typesupport_introspection_c__visibility_control.h
[1.761s] -- Up-to-date: /home/beam/autonomous-stack-sdc/install/sdc_msgs/include/sdc_msgs/sdc_msgs/msg/detail
[1.761s] -- Up-to-date: /home/beam/autonomous-stack-sdc/install/sdc_msgs/include/sdc_msgs/sdc_msgs/msg/detail/coordinate_list__type_support.c
[1.761s] -- Up-to-date: /home/beam/autonomous-stack-sdc/install/sdc_msgs/include/sdc_msgs/sdc_msgs/msg/detail/arrofarr__type_support.c
[1.762s] -- Up-to-date: /home/beam/autonomous-stack-sdc/install/sdc_msgs/include/sdc_msgs/sdc_msgs/msg/detail/arr__rosidl_typesupport_introspection_c.h
[1.762s] -- Up-to-date: /home/beam/autonomous-stack-sdc/install/sdc_msgs/include/sdc_msgs/sdc_msgs/msg/detail/coordinate__type_support.c
[1.762s] -- Up-to-date: /home/beam/autonomous-stack-sdc/install/sdc_msgs/include/sdc_msgs/sdc_msgs/msg/detail/arr__type_support.c
[1.762s] -- Up-to-date: /home/beam/autonomous-stack-sdc/install/sdc_msgs/include/sdc_msgs/sdc_msgs/msg/detail/coordinate__rosidl_typesupport_introspection_c.h
[1.762s] -- Up-to-date: /home/beam/autonomous-stack-sdc/install/sdc_msgs/include/sdc_msgs/sdc_msgs/msg/detail/arrofarr__rosidl_typesupport_introspection_c.h
[1.762s] -- Up-to-date: /home/beam/autonomous-stack-sdc/install/sdc_msgs/include/sdc_msgs/sdc_msgs/msg/detail/coordinate_list__rosidl_typesupport_introspection_c.h
[1.762s] -- Up-to-date: /home/beam/autonomous-stack-sdc/install/sdc_msgs/lib/libsdc_msgs__rosidl_typesupport_introspection_c.so
[1.762s] -- Up-to-date: /home/beam/autonomous-stack-sdc/install/sdc_msgs/lib/libsdc_msgs__rosidl_typesupport_c.so
[1.762s] -- Up-to-date: /home/beam/autonomous-stack-sdc/install/sdc_msgs/include/sdc_msgs/sdc_msgs
[1.762s] -- Up-to-date: /home/beam/autonomous-stack-sdc/install/sdc_msgs/include/sdc_msgs/sdc_msgs/msg
[1.762s] -- Up-to-date: /home/beam/autonomous-stack-sdc/install/sdc_msgs/include/sdc_msgs/sdc_msgs/msg/detail
[1.762s] -- Up-to-date: /home/beam/autonomous-stack-sdc/install/sdc_msgs/include/sdc_msgs/sdc_msgs/msg/detail/arr__rosidl_typesupport_introspection_cpp.hpp
[1.763s] -- Up-to-date: /home/beam/autonomous-stack-sdc/install/sdc_msgs/include/sdc_msgs/sdc_msgs/msg/detail/arrofarr__type_support.cpp
[1.763s] -- Up-to-date: /home/beam/autonomous-stack-sdc/install/sdc_msgs/include/sdc_msgs/sdc_msgs/msg/detail/arrofarr__rosidl_typesupport_introspection_cpp.hpp
[1.763s] -- Up-to-date: /home/beam/autonomous-stack-sdc/install/sdc_msgs/include/sdc_msgs/sdc_msgs/msg/detail/coordinate__rosidl_typesupport_introspection_cpp.hpp
[1.763s] -- Up-to-date: /home/beam/autonomous-stack-sdc/install/sdc_msgs/include/sdc_msgs/sdc_msgs/msg/detail/arr__type_support.cpp
[1.763s] -- Up-to-date: /home/beam/autonomous-stack-sdc/install/sdc_msgs/include/sdc_msgs/sdc_msgs/msg/detail/coordinate_list__rosidl_typesupport_introspection_cpp.hpp
[1.763s] -- Up-to-date: /home/beam/autonomous-stack-sdc/install/sdc_msgs/include/sdc_msgs/sdc_msgs/msg/detail/coordinate__type_support.cpp
[1.763s] -- Up-to-date: /home/beam/autonomous-stack-sdc/install/sdc_msgs/include/sdc_msgs/sdc_msgs/msg/detail/coordinate_list__type_support.cpp
[1.763s] -- Up-to-date: /home/beam/autonomous-stack-sdc/install/sdc_msgs/lib/libsdc_msgs__rosidl_typesupport_introspection_cpp.so
[1.763s] -- Up-to-date: /home/beam/autonomous-stack-sdc/install/sdc_msgs/lib/libsdc_msgs__rosidl_typesupport_cpp.so
[1.763s] -- Up-to-date: /home/beam/autonomous-stack-sdc/install/sdc_msgs/share/sdc_msgs/environment/pythonpath.sh
[1.763s] -- Up-to-date: /home/beam/autonomous-stack-sdc/install/sdc_msgs/share/sdc_msgs/environment/pythonpath.dsv
[1.764s] -- Up-to-date: /home/beam/autonomous-stack-sdc/install/sdc_msgs/local/lib/python3.10/dist-packages/sdc_msgs-0.0.0-py3.10.egg-info
[1.764s] -- Installing: /home/beam/autonomous-stack-sdc/install/sdc_msgs/local/lib/python3.10/dist-packages/sdc_msgs-0.0.0-py3.10.egg-info/SOURCES.txt
[1.764s] -- Installing: /home/beam/autonomous-stack-sdc/install/sdc_msgs/local/lib/python3.10/dist-packages/sdc_msgs-0.0.0-py3.10.egg-info/PKG-INFO
[1.764s] -- Installing: /home/beam/autonomous-stack-sdc/install/sdc_msgs/local/lib/python3.10/dist-packages/sdc_msgs-0.0.0-py3.10.egg-info/dependency_links.txt
[1.764s] -- Installing: /home/beam/autonomous-stack-sdc/install/sdc_msgs/local/lib/python3.10/dist-packages/sdc_msgs-0.0.0-py3.10.egg-info/top_level.txt
[1.766s] -- Up-to-date: /home/beam/autonomous-stack-sdc/install/sdc_msgs/local/lib/python3.10/dist-packages/sdc_msgs
[1.767s] -- Up-to-date: /home/beam/autonomous-stack-sdc/install/sdc_msgs/local/lib/python3.10/dist-packages/sdc_msgs/libsdc_msgs__rosidl_generator_py.so
[1.767s] -- Up-to-date: /home/beam/autonomous-stack-sdc/install/sdc_msgs/local/lib/python3.10/dist-packages/sdc_msgs/sdc_msgs_s__rosidl_typesupport_introspection_c.cpython-310-x86_64-linux-gnu.so
[1.767s] -- Up-to-date: /home/beam/autonomous-stack-sdc/install/sdc_msgs/local/lib/python3.10/dist-packages/sdc_msgs/_sdc_msgs_s.ep.rosidl_typesupport_fastrtps_c.c
[1.767s] -- Up-to-date: /home/beam/autonomous-stack-sdc/install/sdc_msgs/local/lib/python3.10/dist-packages/sdc_msgs/sdc_msgs_s__rosidl_typesupport_fastrtps_c.cpython-310-x86_64-linux-gnu.so
[1.767s] -- Up-to-date: /home/beam/autonomous-stack-sdc/install/sdc_msgs/local/lib/python3.10/dist-packages/sdc_msgs/__init__.py
[1.767s] -- Up-to-date: /home/beam/autonomous-stack-sdc/install/sdc_msgs/local/lib/python3.10/dist-packages/sdc_msgs/msg
[1.767s] -- Up-to-date: /home/beam/autonomous-stack-sdc/install/sdc_msgs/local/lib/python3.10/dist-packages/sdc_msgs/msg/_coordinate_list.py
[1.767s] -- Up-to-date: /home/beam/autonomous-stack-sdc/install/sdc_msgs/local/lib/python3.10/dist-packages/sdc_msgs/msg/_coordinate_s.c
[1.768s] -- Up-to-date: /home/beam/autonomous-stack-sdc/install/sdc_msgs/local/lib/python3.10/dist-packages/sdc_msgs/msg/_arrofarr.py
[1.768s] -- Up-to-date: /home/beam/autonomous-stack-sdc/install/sdc_msgs/local/lib/python3.10/dist-packages/sdc_msgs/msg/_arr.py
[1.768s] -- Up-to-date: /home/beam/autonomous-stack-sdc/install/sdc_msgs/local/lib/python3.10/dist-packages/sdc_msgs/msg/__init__.py
[1.768s] -- Up-to-date: /home/beam/autonomous-stack-sdc/install/sdc_msgs/local/lib/python3.10/dist-packages/sdc_msgs/msg/_coordinate.py
[1.768s] -- Up-to-date: /home/beam/autonomous-stack-sdc/install/sdc_msgs/local/lib/python3.10/dist-packages/sdc_msgs/msg/_arr_s.c
[1.768s] -- Up-to-date: /home/beam/autonomous-stack-sdc/install/sdc_msgs/local/lib/python3.10/dist-packages/sdc_msgs/msg/_coordinate_list_s.c
[1.768s] -- Up-to-date: /home/beam/autonomous-stack-sdc/install/sdc_msgs/local/lib/python3.10/dist-packages/sdc_msgs/msg/_arrofarr_s.c
[1.768s] -- Up-to-date: /home/beam/autonomous-stack-sdc/install/sdc_msgs/local/lib/python3.10/dist-packages/sdc_msgs/_sdc_msgs_s.ep.rosidl_typesupport_introspection_c.c
[1.768s] -- Up-to-date: /home/beam/autonomous-stack-sdc/install/sdc_msgs/local/lib/python3.10/dist-packages/sdc_msgs/sdc_msgs_s__rosidl_typesupport_c.cpython-310-x86_64-linux-gnu.so
[1.768s] -- Up-to-date: /home/beam/autonomous-stack-sdc/install/sdc_msgs/local/lib/python3.10/dist-packages/sdc_msgs/_sdc_msgs_s.ep.rosidl_typesupport_c.c
[1.815s] Listing '/home/beam/autonomous-stack-sdc/install/sdc_msgs/local/lib/python3.10/dist-packages/sdc_msgs'...
[1.816s] Listing '/home/beam/autonomous-stack-sdc/install/sdc_msgs/local/lib/python3.10/dist-packages/sdc_msgs/msg'...
[1.821s] -- Up-to-date: /home/beam/autonomous-stack-sdc/install/sdc_msgs/local/lib/python3.10/dist-packages/sdc_msgs/sdc_msgs_s__rosidl_typesupport_fastrtps_c.cpython-310-x86_64-linux-gnu.so
[1.821s] -- Up-to-date: /home/beam/autonomous-stack-sdc/install/sdc_msgs/local/lib/python3.10/dist-packages/sdc_msgs/sdc_msgs_s__rosidl_typesupport_introspection_c.cpython-310-x86_64-linux-gnu.so
[1.821s] -- Up-to-date: /home/beam/autonomous-stack-sdc/install/sdc_msgs/local/lib/python3.10/dist-packages/sdc_msgs/sdc_msgs_s__rosidl_typesupport_c.cpython-310-x86_64-linux-gnu.so
[1.822s] -- Up-to-date: /home/beam/autonomous-stack-sdc/install/sdc_msgs/lib/libsdc_msgs__rosidl_generator_py.so
[1.822s] -- Up-to-date: /home/beam/autonomous-stack-sdc/install/sdc_msgs/share/sdc_msgs/msg/Arr.idl
[1.822s] -- Up-to-date: /home/beam/autonomous-stack-sdc/install/sdc_msgs/share/sdc_msgs/msg/Arrofarr.idl
[1.822s] -- Up-to-date: /home/beam/autonomous-stack-sdc/install/sdc_msgs/share/sdc_msgs/msg/Coordinate.idl
[1.822s] -- Up-to-date: /home/beam/autonomous-stack-sdc/install/sdc_msgs/share/sdc_msgs/msg/CoordinateList.idl
[1.822s] -- Up-to-date: /home/beam/autonomous-stack-sdc/install/sdc_msgs/share/sdc_msgs/msg/Arr.msg
[1.823s] -- Up-to-date: /home/beam/autonomous-stack-sdc/install/sdc_msgs/share/sdc_msgs/msg/Arrofarr.msg
[1.823s] -- Up-to-date: /home/beam/autonomous-stack-sdc/install/sdc_msgs/share/sdc_msgs/msg/Coordinate.msg
[1.823s] -- Up-to-date: /home/beam/autonomous-stack-sdc/install/sdc_msgs/share/sdc_msgs/msg/CoordinateList.msg
[1.823s] -- Up-to-date: /home/beam/autonomous-stack-sdc/install/sdc_msgs/share/ament_index/resource_index/package_run_dependencies/sdc_msgs
[1.823s] -- Up-to-date: /home/beam/autonomous-stack-sdc/install/sdc_msgs/share/ament_index/resource_index/parent_prefix_path/sdc_msgs
[1.823s] -- Up-to-date: /home/beam/autonomous-stack-sdc/install/sdc_msgs/share/sdc_msgs/environment/ament_prefix_path.sh
[1.823s] -- Up-to-date: /home/beam/autonomous-stack-sdc/install/sdc_msgs/share/sdc_msgs/environment/ament_prefix_path.dsv
[1.823s] -- Up-to-date: /home/beam/autonomous-stack-sdc/install/sdc_msgs/share/sdc_msgs/environment/path.sh
[1.823s] -- Up-to-date: /home/beam/autonomous-stack-sdc/install/sdc_msgs/share/sdc_msgs/environment/path.dsv
[1.823s] -- Up-to-date: /home/beam/autonomous-stack-sdc/install/sdc_msgs/share/sdc_msgs/local_setup.bash
[1.824s] -- Up-to-date: /home/beam/autonomous-stack-sdc/install/sdc_msgs/share/sdc_msgs/local_setup.sh
[1.824s] -- Up-to-date: /home/beam/autonomous-stack-sdc/install/sdc_msgs/share/sdc_msgs/local_setup.zsh
[1.824s] -- Up-to-date: /home/beam/autonomous-stack-sdc/install/sdc_msgs/share/sdc_msgs/local_setup.dsv
[1.824s] -- Installing: /home/beam/autonomous-stack-sdc/install/sdc_msgs/share/sdc_msgs/package.dsv
[1.824s] -- Up-to-date: /home/beam/autonomous-stack-sdc/install/sdc_msgs/share/ament_index/resource_index/packages/sdc_msgs
[1.824s] -- Up-to-date: /home/beam/autonomous-stack-sdc/install/sdc_msgs/share/sdc_msgs/cmake/export_sdc_msgs__rosidl_generator_cExport.cmake
[1.824s] -- Up-to-date: /home/beam/autonomous-stack-sdc/install/sdc_msgs/share/sdc_msgs/cmake/export_sdc_msgs__rosidl_generator_cExport-noconfig.cmake
[1.824s] -- Up-to-date: /home/beam/autonomous-stack-sdc/install/sdc_msgs/share/sdc_msgs/cmake/export_sdc_msgs__rosidl_typesupport_fastrtps_cExport.cmake
[1.824s] -- Up-to-date: /home/beam/autonomous-stack-sdc/install/sdc_msgs/share/sdc_msgs/cmake/export_sdc_msgs__rosidl_typesupport_fastrtps_cExport-noconfig.cmake
[1.824s] -- Up-to-date: /home/beam/autonomous-stack-sdc/install/sdc_msgs/share/sdc_msgs/cmake/export_sdc_msgs__rosidl_generator_cppExport.cmake
[1.825s] -- Up-to-date: /home/beam/autonomous-stack-sdc/install/sdc_msgs/share/sdc_msgs/cmake/export_sdc_msgs__rosidl_typesupport_fastrtps_cppExport.cmake
[1.825s] -- Up-to-date: /home/beam/autonomous-stack-sdc/install/sdc_msgs/share/sdc_msgs/cmake/export_sdc_msgs__rosidl_typesupport_fastrtps_cppExport-noconfig.cmake
[1.825s] -- Up-to-date: /home/beam/autonomous-stack-sdc/install/sdc_msgs/share/sdc_msgs/cmake/sdc_msgs__rosidl_typesupport_introspection_cExport.cmake
[1.825s] -- Up-to-date: /home/beam/autonomous-stack-sdc/install/sdc_msgs/share/sdc_msgs/cmake/sdc_msgs__rosidl_typesupport_introspection_cExport-noconfig.cmake
[1.825s] -- Up-to-date: /home/beam/autonomous-stack-sdc/install/sdc_msgs/share/sdc_msgs/cmake/sdc_msgs__rosidl_typesupport_cExport.cmake
[1.825s] -- Up-to-date: /home/beam/autonomous-stack-sdc/install/sdc_msgs/share/sdc_msgs/cmake/sdc_msgs__rosidl_typesupport_cExport-noconfig.cmake
[1.825s] -- Up-to-date: /home/beam/autonomous-stack-sdc/install/sdc_msgs/share/sdc_msgs/cmake/sdc_msgs__rosidl_typesupport_introspection_cppExport.cmake
[1.825s] -- Up-to-date: /home/beam/autonomous-stack-sdc/install/sdc_msgs/share/sdc_msgs/cmake/sdc_msgs__rosidl_typesupport_introspection_cppExport-noconfig.cmake
[1.825s] -- Up-to-date: /home/beam/autonomous-stack-sdc/install/sdc_msgs/share/sdc_msgs/cmake/sdc_msgs__rosidl_typesupport_cppExport.cmake
[1.826s] -- Up-to-date: /home/beam/autonomous-stack-sdc/install/sdc_msgs/share/sdc_msgs/cmake/sdc_msgs__rosidl_typesupport_cppExport-noconfig.cmake
[1.826s] -- Up-to-date: /home/beam/autonomous-stack-sdc/install/sdc_msgs/share/sdc_msgs/cmake/export_sdc_msgs__rosidl_generator_pyExport.cmake
[1.826s] -- Up-to-date: /home/beam/autonomous-stack-sdc/install/sdc_msgs/share/sdc_msgs/cmake/export_sdc_msgs__rosidl_generator_pyExport-noconfig.cmake
[1.826s] -- Up-to-date: /home/beam/autonomous-stack-sdc/install/sdc_msgs/share/sdc_msgs/cmake/rosidl_cmake-extras.cmake
[1.826s] -- Up-to-date: /home/beam/autonomous-stack-sdc/install/sdc_msgs/share/sdc_msgs/cmake/ament_cmake_export_dependencies-extras.cmake
[1.826s] -- Up-to-date: /home/beam/autonomous-stack-sdc/install/sdc_msgs/share/sdc_msgs/cmake/ament_cmake_export_include_directories-extras.cmake
[1.826s] -- Up-to-date: /home/beam/autonomous-stack-sdc/install/sdc_msgs/share/sdc_msgs/cmake/ament_cmake_export_libraries-extras.cmake
[1.826s] -- Up-to-date: /home/beam/autonomous-stack-sdc/install/sdc_msgs/share/sdc_msgs/cmake/ament_cmake_export_targets-extras.cmake
[1.826s] -- Up-to-date: /home/beam/autonomous-stack-sdc/install/sdc_msgs/share/sdc_msgs/cmake/rosidl_cmake_export_typesupport_targets-extras.cmake
[1.826s] -- Up-to-date: /home/beam/autonomous-stack-sdc/install/sdc_msgs/share/sdc_msgs/cmake/rosidl_cmake_export_typesupport_libraries-extras.cmake
[1.826s] -- Up-to-date: /home/beam/autonomous-stack-sdc/install/sdc_msgs/share/sdc_msgs/cmake/sdc_msgsConfig.cmake
[1.827s] -- Up-to-date: /home/beam/autonomous-stack-sdc/install/sdc_msgs/share/sdc_msgs/cmake/sdc_msgsConfig-version.cmake
[1.827s] -- Up-to-date: /home/beam/autonomous-stack-sdc/install/sdc_msgs/share/sdc_msgs/package.xml
[1.830s] Invoked command in '/home/beam/autonomous-stack-sdc/build/sdc_msgs' returned '0': CMAKE_PREFIX_PATH=${CMAKE_PREFIX_PATH}:/home/beam/autonomous-stack-sdc/install/yolo_ros:/home/beam/autonomous-stack-sdc/install/sensorfusion:/home/beam/wa/install/eufs_launcher:/home/beam/wa/install/eufs_tracks:/home/beam/wa/install/eufs_rqt:/home/beam/wa/install/eufs_racecar:/opt/ros/humble /usr/bin/cmake --install /home/beam/autonomous-stack-sdc/build/sdc_msgs
