[0.056s] Invoking command in '/home/beam/autonomous-stack-sdc/build/yolo_msgs': CMAKE_PREFIX_PATH=${CMAKE_PREFIX_PATH}:/home/beam/autonomous-stack-sdc/install/yolo_ros:/home/beam/autonomous-stack-sdc/install/sensorfusion:/home/beam/wa/install/eufs_launcher:/home/beam/wa/install/eufs_tracks:/home/beam/wa/install/eufs_rqt:/home/beam/wa/install/eufs_racecar:/opt/ros/humble /usr/bin/cmake --build /home/beam/autonomous-stack-sdc/build/yolo_msgs -- -j16 -l16
[0.347s] [  0%] Built target yolo_msgs__cpp
[0.382s] [ 12%] Built target yolo_msgs__rosidl_generator_c
[0.464s] [ 12%] Built target ament_cmake_python_copy_yolo_msgs
[0.561s] [ 24%] Built target yolo_msgs__rosidl_typesupport_fastrtps_cpp
[0.561s] [ 36%] Built target yolo_msgs__rosidl_typesupport_introspection_cpp
[0.561s] [ 48%] Built target yolo_msgs__rosidl_typesupport_fastrtps_c
[0.561s] [ 60%] Built target yolo_msgs__rosidl_typesupport_introspection_c
[0.562s] [ 72%] Built target yolo_msgs__rosidl_typesupport_c
[0.582s] [ 84%] Built target yolo_msgs__rosidl_typesupport_cpp
[0.677s] [ 84%] Built target yolo_msgs
[0.777s] [ 85%] Built target yolo_msgs__py
[0.853s] [ 96%] Built target yolo_msgs__rosidl_generator_py
[0.915s] [ 97%] Built target yolo_msgs__rosidl_typesupport_c__pyext
[0.921s] [ 99%] Built target yolo_msgs__rosidl_typesupport_introspection_c__pyext
[0.926s] [100%] Built target yolo_msgs__rosidl_typesupport_fastrtps_c__pyext
[1.933s] running egg_info
[1.937s] writing yolo_msgs.egg-info/PKG-INFO
[1.937s] writing dependency_links to yolo_msgs.egg-info/dependency_links.txt
[1.938s] writing top-level names to yolo_msgs.egg-info/top_level.txt
[1.947s] reading manifest file 'yolo_msgs.egg-info/SOURCES.txt'
[1.947s] writing manifest file 'yolo_msgs.egg-info/SOURCES.txt'
[2.171s] [100%] Built target ament_cmake_python_build_yolo_msgs_egg
[2.209s] Invoked command in '/home/beam/autonomous-stack-sdc/build/yolo_msgs' returned '0': CMAKE_PREFIX_PATH=${CMAKE_PREFIX_PATH}:/home/beam/autonomous-stack-sdc/install/yolo_ros:/home/beam/autonomous-stack-sdc/install/sensorfusion:/home/beam/wa/install/eufs_launcher:/home/beam/wa/install/eufs_tracks:/home/beam/wa/install/eufs_rqt:/home/beam/wa/install/eufs_racecar:/opt/ros/humble /usr/bin/cmake --build /home/beam/autonomous-stack-sdc/build/yolo_msgs -- -j16 -l16
[2.214s] Invoking command in '/home/beam/autonomous-stack-sdc/build/yolo_msgs': CMAKE_PREFIX_PATH=${CMAKE_PREFIX_PATH}:/home/beam/autonomous-stack-sdc/install/yolo_ros:/home/beam/autonomous-stack-sdc/install/sensorfusion:/home/beam/wa/install/eufs_launcher:/home/beam/wa/install/eufs_tracks:/home/beam/wa/install/eufs_rqt:/home/beam/wa/install/eufs_racecar:/opt/ros/humble /usr/bin/cmake --install /home/beam/autonomous-stack-sdc/build/yolo_msgs
[2.244s] -- Install configuration: ""
[2.260s] -- Up-to-date: /home/beam/autonomous-stack-sdc/install/yolo_msgs/share/ament_index/resource_index/rosidl_interfaces/yolo_msgs
[2.267s] -- Up-to-date: /home/beam/autonomous-stack-sdc/install/yolo_msgs/include/yolo_msgs/yolo_msgs
[2.268s] -- Up-to-date: /home/beam/autonomous-stack-sdc/install/yolo_msgs/include/yolo_msgs/yolo_msgs/msg
[2.269s] -- Up-to-date: /home/beam/autonomous-stack-sdc/install/yolo_msgs/include/yolo_msgs/yolo_msgs/msg/key_point2_d.h
[2.269s] -- Up-to-date: /home/beam/autonomous-stack-sdc/install/yolo_msgs/include/yolo_msgs/yolo_msgs/msg/bounding_box2_d.h
[2.269s] -- Up-to-date: /home/beam/autonomous-stack-sdc/install/yolo_msgs/include/yolo_msgs/yolo_msgs/msg/vector2.h
[2.269s] -- Up-to-date: /home/beam/autonomous-stack-sdc/install/yolo_msgs/include/yolo_msgs/yolo_msgs/msg/key_point3_d_array.h
[2.269s] -- Up-to-date: /home/beam/autonomous-stack-sdc/install/yolo_msgs/include/yolo_msgs/yolo_msgs/msg/detection.h
[2.270s] -- Up-to-date: /home/beam/autonomous-stack-sdc/install/yolo_msgs/include/yolo_msgs/yolo_msgs/msg/key_point2_d_array.h
[2.270s] -- Up-to-date: /home/beam/autonomous-stack-sdc/install/yolo_msgs/include/yolo_msgs/yolo_msgs/msg/detection_array.h
[2.270s] -- Up-to-date: /home/beam/autonomous-stack-sdc/install/yolo_msgs/include/yolo_msgs/yolo_msgs/msg/bounding_box3_d.h
[2.270s] -- Up-to-date: /home/beam/autonomous-stack-sdc/install/yolo_msgs/include/yolo_msgs/yolo_msgs/msg/pose2_d.h
[2.270s] -- Up-to-date: /home/beam/autonomous-stack-sdc/install/yolo_msgs/include/yolo_msgs/yolo_msgs/msg/point2_d.h
[2.270s] -- Up-to-date: /home/beam/autonomous-stack-sdc/install/yolo_msgs/include/yolo_msgs/yolo_msgs/msg/key_point3_d.h
[2.270s] -- Up-to-date: /home/beam/autonomous-stack-sdc/install/yolo_msgs/include/yolo_msgs/yolo_msgs/msg/rosidl_generator_c__visibility_control.h
[2.272s] -- Up-to-date: /home/beam/autonomous-stack-sdc/install/yolo_msgs/include/yolo_msgs/yolo_msgs/msg/detail
[2.280s] -- Up-to-date: /home/beam/autonomous-stack-sdc/install/yolo_msgs/include/yolo_msgs/yolo_msgs/msg/detail/vector2__functions.c
[2.280s] -- Up-to-date: /home/beam/autonomous-stack-sdc/install/yolo_msgs/include/yolo_msgs/yolo_msgs/msg/detail/key_point2_d_array__functions.c
[2.285s] -- Up-to-date: /home/beam/autonomous-stack-sdc/install/yolo_msgs/include/yolo_msgs/yolo_msgs/msg/detail/point2_d__functions.c
[2.285s] -- Up-to-date: /home/beam/autonomous-stack-sdc/install/yolo_msgs/include/yolo_msgs/yolo_msgs/msg/detail/vector2__functions.h
[2.285s] -- Up-to-date: /home/beam/autonomous-stack-sdc/install/yolo_msgs/include/yolo_msgs/yolo_msgs/msg/detail/key_point3_d_array__type_support.h
[2.285s] -- Up-to-date: /home/beam/autonomous-stack-sdc/install/yolo_msgs/include/yolo_msgs/yolo_msgs/msg/detail/key_point2_d__functions.c
[2.285s] -- Up-to-date: /home/beam/autonomous-stack-sdc/install/yolo_msgs/include/yolo_msgs/yolo_msgs/msg/detail/pose2_d__type_support.h
[2.285s] -- Up-to-date: /home/beam/autonomous-stack-sdc/install/yolo_msgs/include/yolo_msgs/yolo_msgs/msg/detail/mask__functions.h
[2.285s] -- Up-to-date: /home/beam/autonomous-stack-sdc/install/yolo_msgs/include/yolo_msgs/yolo_msgs/msg/detail/key_point3_d_array__struct.h
[2.285s] -- Up-to-date: /home/beam/autonomous-stack-sdc/install/yolo_msgs/include/yolo_msgs/yolo_msgs/msg/detail/bounding_box2_d__type_support.h
[2.286s] -- Up-to-date: /home/beam/autonomous-stack-sdc/install/yolo_msgs/include/yolo_msgs/yolo_msgs/msg/detail/key_point3_d__functions.h
[2.286s] -- Up-to-date: /home/beam/autonomous-stack-sdc/install/yolo_msgs/include/yolo_msgs/yolo_msgs/msg/detail/detection_array__functions.h
[2.286s] -- Up-to-date: /home/beam/autonomous-stack-sdc/install/yolo_msgs/include/yolo_msgs/yolo_msgs/msg/detail/detection_array__struct.h
[2.286s] -- Up-to-date: /home/beam/autonomous-stack-sdc/install/yolo_msgs/include/yolo_msgs/yolo_msgs/msg/detail/detection__struct.h
[2.286s] -- Up-to-date: /home/beam/autonomous-stack-sdc/install/yolo_msgs/include/yolo_msgs/yolo_msgs/msg/detail/point2_d__functions.h
[2.286s] -- Up-to-date: /home/beam/autonomous-stack-sdc/install/yolo_msgs/include/yolo_msgs/yolo_msgs/msg/detail/key_point3_d__struct.h
[2.286s] -- Up-to-date: /home/beam/autonomous-stack-sdc/install/yolo_msgs/include/yolo_msgs/yolo_msgs/msg/detail/detection__type_support.h
[2.286s] -- Up-to-date: /home/beam/autonomous-stack-sdc/install/yolo_msgs/include/yolo_msgs/yolo_msgs/msg/detail/detection_array__functions.c
[2.286s] -- Up-to-date: /home/beam/autonomous-stack-sdc/install/yolo_msgs/include/yolo_msgs/yolo_msgs/msg/detail/key_point3_d__functions.c
[2.286s] -- Up-to-date: /home/beam/autonomous-stack-sdc/install/yolo_msgs/include/yolo_msgs/yolo_msgs/msg/detail/pose2_d__functions.c
[2.286s] -- Up-to-date: /home/beam/autonomous-stack-sdc/install/yolo_msgs/include/yolo_msgs/yolo_msgs/msg/detail/mask__functions.c
[2.288s] -- Up-to-date: /home/beam/autonomous-stack-sdc/install/yolo_msgs/include/yolo_msgs/yolo_msgs/msg/detail/detection_array__type_support.h
[2.289s] -- Up-to-date: /home/beam/autonomous-stack-sdc/install/yolo_msgs/include/yolo_msgs/yolo_msgs/msg/detail/pose2_d__functions.h
[2.289s] -- Up-to-date: /home/beam/autonomous-stack-sdc/install/yolo_msgs/include/yolo_msgs/yolo_msgs/msg/detail/bounding_box3_d__functions.h
[2.289s] -- Up-to-date: /home/beam/autonomous-stack-sdc/install/yolo_msgs/include/yolo_msgs/yolo_msgs/msg/detail/key_point2_d_array__type_support.h
[2.289s] -- Up-to-date: /home/beam/autonomous-stack-sdc/install/yolo_msgs/include/yolo_msgs/yolo_msgs/msg/detail/detection__functions.h
[2.289s] -- Up-to-date: /home/beam/autonomous-stack-sdc/install/yolo_msgs/include/yolo_msgs/yolo_msgs/msg/detail/mask__struct.h
[2.289s] -- Up-to-date: /home/beam/autonomous-stack-sdc/install/yolo_msgs/include/yolo_msgs/yolo_msgs/msg/detail/bounding_box3_d__struct.h
[2.289s] -- Up-to-date: /home/beam/autonomous-stack-sdc/install/yolo_msgs/include/yolo_msgs/yolo_msgs/msg/detail/vector2__struct.h
[2.289s] -- Up-to-date: /home/beam/autonomous-stack-sdc/install/yolo_msgs/include/yolo_msgs/yolo_msgs/msg/detail/key_point2_d__functions.h
[2.289s] -- Up-to-date: /home/beam/autonomous-stack-sdc/install/yolo_msgs/include/yolo_msgs/yolo_msgs/msg/detail/pose2_d__struct.h
[2.289s] -- Up-to-date: /home/beam/autonomous-stack-sdc/install/yolo_msgs/include/yolo_msgs/yolo_msgs/msg/detail/point2_d__type_support.h
[2.290s] -- Up-to-date: /home/beam/autonomous-stack-sdc/install/yolo_msgs/include/yolo_msgs/yolo_msgs/msg/detail/key_point3_d_array__functions.h
[2.290s] -- Up-to-date: /home/beam/autonomous-stack-sdc/install/yolo_msgs/include/yolo_msgs/yolo_msgs/msg/detail/key_point2_d_array__functions.h
[2.290s] -- Up-to-date: /home/beam/autonomous-stack-sdc/install/yolo_msgs/include/yolo_msgs/yolo_msgs/msg/detail/point2_d__struct.h
[2.290s] -- Up-to-date: /home/beam/autonomous-stack-sdc/install/yolo_msgs/include/yolo_msgs/yolo_msgs/msg/detail/mask__type_support.h
[2.290s] -- Up-to-date: /home/beam/autonomous-stack-sdc/install/yolo_msgs/include/yolo_msgs/yolo_msgs/msg/detail/bounding_box3_d__functions.c
[2.290s] -- Up-to-date: /home/beam/autonomous-stack-sdc/install/yolo_msgs/include/yolo_msgs/yolo_msgs/msg/detail/detection__functions.c
[2.290s] -- Up-to-date: /home/beam/autonomous-stack-sdc/install/yolo_msgs/include/yolo_msgs/yolo_msgs/msg/detail/bounding_box2_d__functions.h
[2.290s] -- Up-to-date: /home/beam/autonomous-stack-sdc/install/yolo_msgs/include/yolo_msgs/yolo_msgs/msg/detail/key_point3_d_array__functions.c
[2.290s] -- Up-to-date: /home/beam/autonomous-stack-sdc/install/yolo_msgs/include/yolo_msgs/yolo_msgs/msg/detail/bounding_box2_d__struct.h
[2.291s] -- Up-to-date: /home/beam/autonomous-stack-sdc/install/yolo_msgs/include/yolo_msgs/yolo_msgs/msg/detail/vector2__type_support.h
[2.291s] -- Up-to-date: /home/beam/autonomous-stack-sdc/install/yolo_msgs/include/yolo_msgs/yolo_msgs/msg/detail/key_point3_d__type_support.h
[2.291s] -- Up-to-date: /home/beam/autonomous-stack-sdc/install/yolo_msgs/include/yolo_msgs/yolo_msgs/msg/detail/bounding_box3_d__type_support.h
[2.291s] -- Up-to-date: /home/beam/autonomous-stack-sdc/install/yolo_msgs/include/yolo_msgs/yolo_msgs/msg/detail/bounding_box2_d__functions.c
[2.291s] -- Up-to-date: /home/beam/autonomous-stack-sdc/install/yolo_msgs/include/yolo_msgs/yolo_msgs/msg/detail/key_point2_d_array__struct.h
[2.291s] -- Up-to-date: /home/beam/autonomous-stack-sdc/install/yolo_msgs/include/yolo_msgs/yolo_msgs/msg/detail/key_point2_d__type_support.h
[2.291s] -- Up-to-date: /home/beam/autonomous-stack-sdc/install/yolo_msgs/include/yolo_msgs/yolo_msgs/msg/detail/key_point2_d__struct.h
[2.291s] -- Up-to-date: /home/beam/autonomous-stack-sdc/install/yolo_msgs/include/yolo_msgs/yolo_msgs/msg/mask.h
[2.294s] -- Up-to-date: /home/beam/autonomous-stack-sdc/install/yolo_msgs/include/yolo_msgs/yolo_msgs/srv
[2.298s] -- Up-to-date: /home/beam/autonomous-stack-sdc/install/yolo_msgs/include/yolo_msgs/yolo_msgs/srv/set_classes.h
[2.299s] -- Up-to-date: /home/beam/autonomous-stack-sdc/install/yolo_msgs/include/yolo_msgs/yolo_msgs/srv/detail
[2.300s] -- Up-to-date: /home/beam/autonomous-stack-sdc/install/yolo_msgs/include/yolo_msgs/yolo_msgs/srv/detail/set_classes__struct.h
[2.300s] -- Up-to-date: /home/beam/autonomous-stack-sdc/install/yolo_msgs/include/yolo_msgs/yolo_msgs/srv/detail/set_classes__functions.h
[2.300s] -- Up-to-date: /home/beam/autonomous-stack-sdc/install/yolo_msgs/include/yolo_msgs/yolo_msgs/srv/detail/set_classes__functions.c
[2.300s] -- Up-to-date: /home/beam/autonomous-stack-sdc/install/yolo_msgs/include/yolo_msgs/yolo_msgs/srv/detail/set_classes__type_support.h
[2.307s] -- Up-to-date: /home/beam/autonomous-stack-sdc/install/yolo_msgs/share/yolo_msgs/environment/library_path.sh
[2.310s] -- Up-to-date: /home/beam/autonomous-stack-sdc/install/yolo_msgs/share/yolo_msgs/environment/library_path.dsv
[2.317s] -- Up-to-date: /home/beam/autonomous-stack-sdc/install/yolo_msgs/lib/libyolo_msgs__rosidl_generator_c.so
[2.318s] -- Up-to-date: /home/beam/autonomous-stack-sdc/install/yolo_msgs/include/yolo_msgs/yolo_msgs
[2.320s] -- Up-to-date: /home/beam/autonomous-stack-sdc/install/yolo_msgs/include/yolo_msgs/yolo_msgs/msg
[2.320s] -- Up-to-date: /home/beam/autonomous-stack-sdc/install/yolo_msgs/include/yolo_msgs/yolo_msgs/msg/rosidl_typesupport_fastrtps_c__visibility_control.h
[2.320s] -- Up-to-date: /home/beam/autonomous-stack-sdc/install/yolo_msgs/include/yolo_msgs/yolo_msgs/msg/detail
[2.325s] -- Up-to-date: /home/beam/autonomous-stack-sdc/install/yolo_msgs/include/yolo_msgs/yolo_msgs/msg/detail/key_point3_d__rosidl_typesupport_fastrtps_c.h
[2.325s] -- Up-to-date: /home/beam/autonomous-stack-sdc/install/yolo_msgs/include/yolo_msgs/yolo_msgs/msg/detail/key_point3_d_array__rosidl_typesupport_fastrtps_c.h
[2.327s] -- Up-to-date: /home/beam/autonomous-stack-sdc/install/yolo_msgs/include/yolo_msgs/yolo_msgs/msg/detail/bounding_box2_d__rosidl_typesupport_fastrtps_c.h
[2.327s] -- Up-to-date: /home/beam/autonomous-stack-sdc/install/yolo_msgs/include/yolo_msgs/yolo_msgs/msg/detail/point2_d__rosidl_typesupport_fastrtps_c.h
[2.329s] -- Up-to-date: /home/beam/autonomous-stack-sdc/install/yolo_msgs/include/yolo_msgs/yolo_msgs/msg/detail/vector2__rosidl_typesupport_fastrtps_c.h
[2.329s] -- Up-to-date: /home/beam/autonomous-stack-sdc/install/yolo_msgs/include/yolo_msgs/yolo_msgs/msg/detail/bounding_box3_d__rosidl_typesupport_fastrtps_c.h
[2.329s] -- Up-to-date: /home/beam/autonomous-stack-sdc/install/yolo_msgs/include/yolo_msgs/yolo_msgs/msg/detail/mask__rosidl_typesupport_fastrtps_c.h
[2.329s] -- Up-to-date: /home/beam/autonomous-stack-sdc/install/yolo_msgs/include/yolo_msgs/yolo_msgs/msg/detail/key_point2_d__rosidl_typesupport_fastrtps_c.h
[2.333s] -- Up-to-date: /home/beam/autonomous-stack-sdc/install/yolo_msgs/include/yolo_msgs/yolo_msgs/msg/detail/pose2_d__rosidl_typesupport_fastrtps_c.h
[2.333s] -- Up-to-date: /home/beam/autonomous-stack-sdc/install/yolo_msgs/include/yolo_msgs/yolo_msgs/msg/detail/detection_array__rosidl_typesupport_fastrtps_c.h
[2.333s] -- Up-to-date: /home/beam/autonomous-stack-sdc/install/yolo_msgs/include/yolo_msgs/yolo_msgs/msg/detail/detection__rosidl_typesupport_fastrtps_c.h
[2.334s] -- Up-to-date: /home/beam/autonomous-stack-sdc/install/yolo_msgs/include/yolo_msgs/yolo_msgs/msg/detail/key_point2_d_array__rosidl_typesupport_fastrtps_c.h
[2.334s] -- Up-to-date: /home/beam/autonomous-stack-sdc/install/yolo_msgs/include/yolo_msgs/yolo_msgs/srv
[2.335s] -- Up-to-date: /home/beam/autonomous-stack-sdc/install/yolo_msgs/include/yolo_msgs/yolo_msgs/srv/detail
[2.336s] -- Up-to-date: /home/beam/autonomous-stack-sdc/install/yolo_msgs/include/yolo_msgs/yolo_msgs/srv/detail/set_classes__rosidl_typesupport_fastrtps_c.h
[2.347s] -- Up-to-date: /home/beam/autonomous-stack-sdc/install/yolo_msgs/lib/libyolo_msgs__rosidl_typesupport_fastrtps_c.so
[2.347s] -- Up-to-date: /home/beam/autonomous-stack-sdc/install/yolo_msgs/include/yolo_msgs/yolo_msgs
[2.349s] -- Up-to-date: /home/beam/autonomous-stack-sdc/install/yolo_msgs/include/yolo_msgs/yolo_msgs/msg
[2.349s] -- Up-to-date: /home/beam/autonomous-stack-sdc/install/yolo_msgs/include/yolo_msgs/yolo_msgs/msg/rosidl_typesupport_introspection_c__visibility_control.h
[2.350s] -- Up-to-date: /home/beam/autonomous-stack-sdc/install/yolo_msgs/include/yolo_msgs/yolo_msgs/msg/detail
[2.353s] -- Up-to-date: /home/beam/autonomous-stack-sdc/install/yolo_msgs/include/yolo_msgs/yolo_msgs/msg/detail/key_point3_d__rosidl_typesupport_introspection_c.h
[2.353s] -- Up-to-date: /home/beam/autonomous-stack-sdc/install/yolo_msgs/include/yolo_msgs/yolo_msgs/msg/detail/mask__rosidl_typesupport_introspection_c.h
[2.354s] -- Up-to-date: /home/beam/autonomous-stack-sdc/install/yolo_msgs/include/yolo_msgs/yolo_msgs/msg/detail/key_point2_d__type_support.c
[2.354s] -- Up-to-date: /home/beam/autonomous-stack-sdc/install/yolo_msgs/include/yolo_msgs/yolo_msgs/msg/detail/pose2_d__type_support.c
[2.354s] -- Up-to-date: /home/beam/autonomous-stack-sdc/install/yolo_msgs/include/yolo_msgs/yolo_msgs/msg/detail/detection_array__type_support.c
[2.354s] -- Up-to-date: /home/beam/autonomous-stack-sdc/install/yolo_msgs/include/yolo_msgs/yolo_msgs/msg/detail/bounding_box2_d__type_support.c
[2.354s] -- Up-to-date: /home/beam/autonomous-stack-sdc/install/yolo_msgs/include/yolo_msgs/yolo_msgs/msg/detail/key_point3_d__type_support.c
[2.355s] -- Up-to-date: /home/beam/autonomous-stack-sdc/install/yolo_msgs/include/yolo_msgs/yolo_msgs/msg/detail/detection_array__rosidl_typesupport_introspection_c.h
[2.355s] -- Up-to-date: /home/beam/autonomous-stack-sdc/install/yolo_msgs/include/yolo_msgs/yolo_msgs/msg/detail/bounding_box2_d__rosidl_typesupport_introspection_c.h
[2.355s] -- Up-to-date: /home/beam/autonomous-stack-sdc/install/yolo_msgs/include/yolo_msgs/yolo_msgs/msg/detail/pose2_d__rosidl_typesupport_introspection_c.h
[2.355s] -- Up-to-date: /home/beam/autonomous-stack-sdc/install/yolo_msgs/include/yolo_msgs/yolo_msgs/msg/detail/key_point2_d_array__type_support.c
[2.355s] -- Up-to-date: /home/beam/autonomous-stack-sdc/install/yolo_msgs/include/yolo_msgs/yolo_msgs/msg/detail/point2_d__rosidl_typesupport_introspection_c.h
[2.355s] -- Up-to-date: /home/beam/autonomous-stack-sdc/install/yolo_msgs/include/yolo_msgs/yolo_msgs/msg/detail/key_point3_d_array__rosidl_typesupport_introspection_c.h
[2.356s] -- Up-to-date: /home/beam/autonomous-stack-sdc/install/yolo_msgs/include/yolo_msgs/yolo_msgs/msg/detail/vector2__rosidl_typesupport_introspection_c.h
[2.356s] -- Up-to-date: /home/beam/autonomous-stack-sdc/install/yolo_msgs/include/yolo_msgs/yolo_msgs/msg/detail/detection__rosidl_typesupport_introspection_c.h
[2.356s] -- Up-to-date: /home/beam/autonomous-stack-sdc/install/yolo_msgs/include/yolo_msgs/yolo_msgs/msg/detail/key_point2_d_array__rosidl_typesupport_introspection_c.h
[2.356s] -- Up-to-date: /home/beam/autonomous-stack-sdc/install/yolo_msgs/include/yolo_msgs/yolo_msgs/msg/detail/bounding_box3_d__rosidl_typesupport_introspection_c.h
[2.356s] -- Up-to-date: /home/beam/autonomous-stack-sdc/install/yolo_msgs/include/yolo_msgs/yolo_msgs/msg/detail/point2_d__type_support.c
[2.357s] -- Up-to-date: /home/beam/autonomous-stack-sdc/install/yolo_msgs/include/yolo_msgs/yolo_msgs/msg/detail/bounding_box3_d__type_support.c
[2.357s] -- Up-to-date: /home/beam/autonomous-stack-sdc/install/yolo_msgs/include/yolo_msgs/yolo_msgs/msg/detail/mask__type_support.c
[2.357s] -- Up-to-date: /home/beam/autonomous-stack-sdc/install/yolo_msgs/include/yolo_msgs/yolo_msgs/msg/detail/key_point2_d__rosidl_typesupport_introspection_c.h
[2.357s] -- Up-to-date: /home/beam/autonomous-stack-sdc/install/yolo_msgs/include/yolo_msgs/yolo_msgs/msg/detail/vector2__type_support.c
[2.357s] -- Up-to-date: /home/beam/autonomous-stack-sdc/install/yolo_msgs/include/yolo_msgs/yolo_msgs/msg/detail/key_point3_d_array__type_support.c
[2.357s] -- Up-to-date: /home/beam/autonomous-stack-sdc/install/yolo_msgs/include/yolo_msgs/yolo_msgs/msg/detail/detection__type_support.c
[2.357s] -- Up-to-date: /home/beam/autonomous-stack-sdc/install/yolo_msgs/include/yolo_msgs/yolo_msgs/srv
[2.358s] -- Up-to-date: /home/beam/autonomous-stack-sdc/install/yolo_msgs/include/yolo_msgs/yolo_msgs/srv/detail
[2.364s] -- Up-to-date: /home/beam/autonomous-stack-sdc/install/yolo_msgs/include/yolo_msgs/yolo_msgs/srv/detail/set_classes__rosidl_typesupport_introspection_c.h
[2.365s] -- Up-to-date: /home/beam/autonomous-stack-sdc/install/yolo_msgs/include/yolo_msgs/yolo_msgs/srv/detail/set_classes__type_support.c
[2.366s] -- Up-to-date: /home/beam/autonomous-stack-sdc/install/yolo_msgs/lib/libyolo_msgs__rosidl_typesupport_introspection_c.so
[2.373s] -- Up-to-date: /home/beam/autonomous-stack-sdc/install/yolo_msgs/lib/libyolo_msgs__rosidl_typesupport_c.so
[2.381s] -- Up-to-date: /home/beam/autonomous-stack-sdc/install/yolo_msgs/include/yolo_msgs/yolo_msgs
[2.381s] -- Up-to-date: /home/beam/autonomous-stack-sdc/install/yolo_msgs/include/yolo_msgs/yolo_msgs/msg
[2.381s] -- Up-to-date: /home/beam/autonomous-stack-sdc/install/yolo_msgs/include/yolo_msgs/yolo_msgs/msg/key_point2_d.hpp
[2.386s] -- Up-to-date: /home/beam/autonomous-stack-sdc/install/yolo_msgs/include/yolo_msgs/yolo_msgs/msg/key_point3_d.hpp
[2.388s] -- Up-to-date: /home/beam/autonomous-stack-sdc/install/yolo_msgs/include/yolo_msgs/yolo_msgs/msg/point2_d.hpp
[2.388s] -- Up-to-date: /home/beam/autonomous-stack-sdc/install/yolo_msgs/include/yolo_msgs/yolo_msgs/msg/pose2_d.hpp
[2.388s] -- Up-to-date: /home/beam/autonomous-stack-sdc/install/yolo_msgs/include/yolo_msgs/yolo_msgs/msg/vector2.hpp
[2.388s] -- Up-to-date: /home/beam/autonomous-stack-sdc/install/yolo_msgs/include/yolo_msgs/yolo_msgs/msg/key_point2_d_array.hpp
[2.388s] -- Up-to-date: /home/beam/autonomous-stack-sdc/install/yolo_msgs/include/yolo_msgs/yolo_msgs/msg/mask.hpp
[2.388s] -- Up-to-date: /home/beam/autonomous-stack-sdc/install/yolo_msgs/include/yolo_msgs/yolo_msgs/msg/detection.hpp
[2.388s] -- Up-to-date: /home/beam/autonomous-stack-sdc/install/yolo_msgs/include/yolo_msgs/yolo_msgs/msg/key_point3_d_array.hpp
[2.393s] -- Up-to-date: /home/beam/autonomous-stack-sdc/install/yolo_msgs/include/yolo_msgs/yolo_msgs/msg/bounding_box2_d.hpp
[2.393s] -- Up-to-date: /home/beam/autonomous-stack-sdc/install/yolo_msgs/include/yolo_msgs/yolo_msgs/msg/rosidl_generator_cpp__visibility_control.hpp
[2.393s] -- Up-to-date: /home/beam/autonomous-stack-sdc/install/yolo_msgs/include/yolo_msgs/yolo_msgs/msg/detail
[2.394s] -- Up-to-date: /home/beam/autonomous-stack-sdc/install/yolo_msgs/include/yolo_msgs/yolo_msgs/msg/detail/bounding_box2_d__builder.hpp
[2.394s] -- Up-to-date: /home/beam/autonomous-stack-sdc/install/yolo_msgs/include/yolo_msgs/yolo_msgs/msg/detail/detection_array__traits.hpp
[2.394s] -- Up-to-date: /home/beam/autonomous-stack-sdc/install/yolo_msgs/include/yolo_msgs/yolo_msgs/msg/detail/detection__traits.hpp
[2.394s] -- Up-to-date: /home/beam/autonomous-stack-sdc/install/yolo_msgs/include/yolo_msgs/yolo_msgs/msg/detail/pose2_d__traits.hpp
[2.394s] -- Up-to-date: /home/beam/autonomous-stack-sdc/install/yolo_msgs/include/yolo_msgs/yolo_msgs/msg/detail/key_point3_d_array__type_support.hpp
[2.395s] -- Up-to-date: /home/beam/autonomous-stack-sdc/install/yolo_msgs/include/yolo_msgs/yolo_msgs/msg/detail/vector2__traits.hpp
[2.395s] -- Up-to-date: /home/beam/autonomous-stack-sdc/install/yolo_msgs/include/yolo_msgs/yolo_msgs/msg/detail/mask__type_support.hpp
[2.395s] -- Up-to-date: /home/beam/autonomous-stack-sdc/install/yolo_msgs/include/yolo_msgs/yolo_msgs/msg/detail/bounding_box2_d__type_support.hpp
[2.395s] -- Up-to-date: /home/beam/autonomous-stack-sdc/install/yolo_msgs/include/yolo_msgs/yolo_msgs/msg/detail/point2_d__traits.hpp
[2.395s] -- Up-to-date: /home/beam/autonomous-stack-sdc/install/yolo_msgs/include/yolo_msgs/yolo_msgs/msg/detail/key_point2_d__struct.hpp
[2.395s] -- Up-to-date: /home/beam/autonomous-stack-sdc/install/yolo_msgs/include/yolo_msgs/yolo_msgs/msg/detail/detection__type_support.hpp
[2.395s] -- Up-to-date: /home/beam/autonomous-stack-sdc/install/yolo_msgs/include/yolo_msgs/yolo_msgs/msg/detail/key_point2_d_array__struct.hpp
[2.395s] -- Up-to-date: /home/beam/autonomous-stack-sdc/install/yolo_msgs/include/yolo_msgs/yolo_msgs/msg/detail/pose2_d__builder.hpp
[2.396s] -- Up-to-date: /home/beam/autonomous-stack-sdc/install/yolo_msgs/include/yolo_msgs/yolo_msgs/msg/detail/key_point2_d_array__traits.hpp
[2.396s] -- Up-to-date: /home/beam/autonomous-stack-sdc/install/yolo_msgs/include/yolo_msgs/yolo_msgs/msg/detail/key_point2_d__type_support.hpp
[2.396s] -- Up-to-date: /home/beam/autonomous-stack-sdc/install/yolo_msgs/include/yolo_msgs/yolo_msgs/msg/detail/pose2_d__struct.hpp
[2.396s] -- Up-to-date: /home/beam/autonomous-stack-sdc/install/yolo_msgs/include/yolo_msgs/yolo_msgs/msg/detail/mask__builder.hpp
[2.396s] -- Up-to-date: /home/beam/autonomous-stack-sdc/install/yolo_msgs/include/yolo_msgs/yolo_msgs/msg/detail/key_point3_d__builder.hpp
[2.396s] -- Up-to-date: /home/beam/autonomous-stack-sdc/install/yolo_msgs/include/yolo_msgs/yolo_msgs/msg/detail/pose2_d__type_support.hpp
[2.396s] -- Up-to-date: /home/beam/autonomous-stack-sdc/install/yolo_msgs/include/yolo_msgs/yolo_msgs/msg/detail/key_point2_d_array__builder.hpp
[2.396s] -- Up-to-date: /home/beam/autonomous-stack-sdc/install/yolo_msgs/include/yolo_msgs/yolo_msgs/msg/detail/key_point2_d_array__type_support.hpp
[2.396s] -- Up-to-date: /home/beam/autonomous-stack-sdc/install/yolo_msgs/include/yolo_msgs/yolo_msgs/msg/detail/vector2__builder.hpp
[2.396s] -- Up-to-date: /home/beam/autonomous-stack-sdc/install/yolo_msgs/include/yolo_msgs/yolo_msgs/msg/detail/key_point3_d__struct.hpp
[2.396s] -- Up-to-date: /home/beam/autonomous-stack-sdc/install/yolo_msgs/include/yolo_msgs/yolo_msgs/msg/detail/detection_array__builder.hpp
[2.396s] -- Up-to-date: /home/beam/autonomous-stack-sdc/install/yolo_msgs/include/yolo_msgs/yolo_msgs/msg/detail/mask__traits.hpp
[2.396s] -- Up-to-date: /home/beam/autonomous-stack-sdc/install/yolo_msgs/include/yolo_msgs/yolo_msgs/msg/detail/detection_array__struct.hpp
[2.396s] -- Up-to-date: /home/beam/autonomous-stack-sdc/install/yolo_msgs/include/yolo_msgs/yolo_msgs/msg/detail/point2_d__builder.hpp
[2.396s] -- Up-to-date: /home/beam/autonomous-stack-sdc/install/yolo_msgs/include/yolo_msgs/yolo_msgs/msg/detail/bounding_box3_d__struct.hpp
[2.396s] -- Up-to-date: /home/beam/autonomous-stack-sdc/install/yolo_msgs/include/yolo_msgs/yolo_msgs/msg/detail/point2_d__type_support.hpp
[2.396s] -- Up-to-date: /home/beam/autonomous-stack-sdc/install/yolo_msgs/include/yolo_msgs/yolo_msgs/msg/detail/bounding_box3_d__builder.hpp
[2.397s] -- Up-to-date: /home/beam/autonomous-stack-sdc/install/yolo_msgs/include/yolo_msgs/yolo_msgs/msg/detail/vector2__struct.hpp
[2.397s] -- Up-to-date: /home/beam/autonomous-stack-sdc/install/yolo_msgs/include/yolo_msgs/yolo_msgs/msg/detail/bounding_box2_d__struct.hpp
[2.397s] -- Up-to-date: /home/beam/autonomous-stack-sdc/install/yolo_msgs/include/yolo_msgs/yolo_msgs/msg/detail/key_point3_d_array__traits.hpp
[2.397s] -- Up-to-date: /home/beam/autonomous-stack-sdc/install/yolo_msgs/include/yolo_msgs/yolo_msgs/msg/detail/key_point3_d_array__struct.hpp
[2.397s] -- Up-to-date: /home/beam/autonomous-stack-sdc/install/yolo_msgs/include/yolo_msgs/yolo_msgs/msg/detail/mask__struct.hpp
[2.397s] -- Up-to-date: /home/beam/autonomous-stack-sdc/install/yolo_msgs/include/yolo_msgs/yolo_msgs/msg/detail/detection__struct.hpp
[2.397s] -- Up-to-date: /home/beam/autonomous-stack-sdc/install/yolo_msgs/include/yolo_msgs/yolo_msgs/msg/detail/bounding_box2_d__traits.hpp
[2.397s] -- Up-to-date: /home/beam/autonomous-stack-sdc/install/yolo_msgs/include/yolo_msgs/yolo_msgs/msg/detail/key_point3_d_array__builder.hpp
[2.397s] -- Up-to-date: /home/beam/autonomous-stack-sdc/install/yolo_msgs/include/yolo_msgs/yolo_msgs/msg/detail/key_point3_d__type_support.hpp
[2.397s] -- Up-to-date: /home/beam/autonomous-stack-sdc/install/yolo_msgs/include/yolo_msgs/yolo_msgs/msg/detail/detection__builder.hpp
[2.397s] -- Up-to-date: /home/beam/autonomous-stack-sdc/install/yolo_msgs/include/yolo_msgs/yolo_msgs/msg/detail/bounding_box3_d__traits.hpp
[2.398s] -- Up-to-date: /home/beam/autonomous-stack-sdc/install/yolo_msgs/include/yolo_msgs/yolo_msgs/msg/detail/key_point3_d__traits.hpp
[2.398s] -- Up-to-date: /home/beam/autonomous-stack-sdc/install/yolo_msgs/include/yolo_msgs/yolo_msgs/msg/detail/bounding_box3_d__type_support.hpp
[2.399s] -- Up-to-date: /home/beam/autonomous-stack-sdc/install/yolo_msgs/include/yolo_msgs/yolo_msgs/msg/detail/point2_d__struct.hpp
[2.400s] -- Up-to-date: /home/beam/autonomous-stack-sdc/install/yolo_msgs/include/yolo_msgs/yolo_msgs/msg/detail/detection_array__type_support.hpp
[2.400s] -- Up-to-date: /home/beam/autonomous-stack-sdc/install/yolo_msgs/include/yolo_msgs/yolo_msgs/msg/detail/vector2__type_support.hpp
[2.400s] -- Up-to-date: /home/beam/autonomous-stack-sdc/install/yolo_msgs/include/yolo_msgs/yolo_msgs/msg/detail/key_point2_d__builder.hpp
[2.400s] -- Up-to-date: /home/beam/autonomous-stack-sdc/install/yolo_msgs/include/yolo_msgs/yolo_msgs/msg/detail/key_point2_d__traits.hpp
[2.400s] -- Up-to-date: /home/beam/autonomous-stack-sdc/install/yolo_msgs/include/yolo_msgs/yolo_msgs/msg/bounding_box3_d.hpp
[2.400s] -- Up-to-date: /home/beam/autonomous-stack-sdc/install/yolo_msgs/include/yolo_msgs/yolo_msgs/msg/detection_array.hpp
[2.400s] -- Up-to-date: /home/beam/autonomous-stack-sdc/install/yolo_msgs/include/yolo_msgs/yolo_msgs/srv
[2.402s] -- Up-to-date: /home/beam/autonomous-stack-sdc/install/yolo_msgs/include/yolo_msgs/yolo_msgs/srv/detail
[2.404s] -- Up-to-date: /home/beam/autonomous-stack-sdc/install/yolo_msgs/include/yolo_msgs/yolo_msgs/srv/detail/set_classes__struct.hpp
[2.404s] -- Up-to-date: /home/beam/autonomous-stack-sdc/install/yolo_msgs/include/yolo_msgs/yolo_msgs/srv/detail/set_classes__type_support.hpp
[2.404s] -- Up-to-date: /home/beam/autonomous-stack-sdc/install/yolo_msgs/include/yolo_msgs/yolo_msgs/srv/detail/set_classes__builder.hpp
[2.404s] -- Up-to-date: /home/beam/autonomous-stack-sdc/install/yolo_msgs/include/yolo_msgs/yolo_msgs/srv/detail/set_classes__traits.hpp
[2.404s] -- Up-to-date: /home/beam/autonomous-stack-sdc/install/yolo_msgs/include/yolo_msgs/yolo_msgs/srv/set_classes.hpp
[2.408s] -- Up-to-date: /home/beam/autonomous-stack-sdc/install/yolo_msgs/include/yolo_msgs/yolo_msgs
[2.410s] -- Up-to-date: /home/beam/autonomous-stack-sdc/install/yolo_msgs/include/yolo_msgs/yolo_msgs/msg
[2.410s] -- Up-to-date: /home/beam/autonomous-stack-sdc/install/yolo_msgs/include/yolo_msgs/yolo_msgs/msg/detail
[2.411s] -- Up-to-date: /home/beam/autonomous-stack-sdc/install/yolo_msgs/include/yolo_msgs/yolo_msgs/msg/detail/dds_fastrtps
[2.416s] -- Up-to-date: /home/beam/autonomous-stack-sdc/install/yolo_msgs/include/yolo_msgs/yolo_msgs/msg/detail/key_point2_d_array__rosidl_typesupport_fastrtps_cpp.hpp
[2.416s] -- Up-to-date: /home/beam/autonomous-stack-sdc/install/yolo_msgs/include/yolo_msgs/yolo_msgs/msg/detail/mask__rosidl_typesupport_fastrtps_cpp.hpp
[2.416s] -- Up-to-date: /home/beam/autonomous-stack-sdc/install/yolo_msgs/include/yolo_msgs/yolo_msgs/msg/detail/bounding_box3_d__rosidl_typesupport_fastrtps_cpp.hpp
[2.416s] -- Up-to-date: /home/beam/autonomous-stack-sdc/install/yolo_msgs/include/yolo_msgs/yolo_msgs/msg/detail/bounding_box2_d__rosidl_typesupport_fastrtps_cpp.hpp
[2.416s] -- Up-to-date: /home/beam/autonomous-stack-sdc/install/yolo_msgs/include/yolo_msgs/yolo_msgs/msg/detail/vector2__rosidl_typesupport_fastrtps_cpp.hpp
[2.417s] -- Up-to-date: /home/beam/autonomous-stack-sdc/install/yolo_msgs/include/yolo_msgs/yolo_msgs/msg/detail/detection__rosidl_typesupport_fastrtps_cpp.hpp
[2.417s] -- Up-to-date: /home/beam/autonomous-stack-sdc/install/yolo_msgs/include/yolo_msgs/yolo_msgs/msg/detail/key_point2_d__rosidl_typesupport_fastrtps_cpp.hpp
[2.417s] -- Up-to-date: /home/beam/autonomous-stack-sdc/install/yolo_msgs/include/yolo_msgs/yolo_msgs/msg/detail/detection_array__rosidl_typesupport_fastrtps_cpp.hpp
[2.417s] -- Up-to-date: /home/beam/autonomous-stack-sdc/install/yolo_msgs/include/yolo_msgs/yolo_msgs/msg/detail/point2_d__rosidl_typesupport_fastrtps_cpp.hpp
[2.417s] -- Up-to-date: /home/beam/autonomous-stack-sdc/install/yolo_msgs/include/yolo_msgs/yolo_msgs/msg/detail/key_point3_d_array__rosidl_typesupport_fastrtps_cpp.hpp
[2.418s] -- Up-to-date: /home/beam/autonomous-stack-sdc/install/yolo_msgs/include/yolo_msgs/yolo_msgs/msg/detail/key_point3_d__rosidl_typesupport_fastrtps_cpp.hpp
[2.418s] -- Up-to-date: /home/beam/autonomous-stack-sdc/install/yolo_msgs/include/yolo_msgs/yolo_msgs/msg/detail/pose2_d__rosidl_typesupport_fastrtps_cpp.hpp
[2.418s] -- Up-to-date: /home/beam/autonomous-stack-sdc/install/yolo_msgs/include/yolo_msgs/yolo_msgs/msg/rosidl_typesupport_fastrtps_cpp__visibility_control.h
[2.418s] -- Up-to-date: /home/beam/autonomous-stack-sdc/install/yolo_msgs/include/yolo_msgs/yolo_msgs/srv
[2.418s] -- Up-to-date: /home/beam/autonomous-stack-sdc/install/yolo_msgs/include/yolo_msgs/yolo_msgs/srv/detail
[2.419s] -- Up-to-date: /home/beam/autonomous-stack-sdc/install/yolo_msgs/include/yolo_msgs/yolo_msgs/srv/detail/dds_fastrtps
[2.419s] -- Up-to-date: /home/beam/autonomous-stack-sdc/install/yolo_msgs/include/yolo_msgs/yolo_msgs/srv/detail/set_classes__rosidl_typesupport_fastrtps_cpp.hpp
[2.427s] -- Up-to-date: /home/beam/autonomous-stack-sdc/install/yolo_msgs/lib/libyolo_msgs__rosidl_typesupport_fastrtps_cpp.so
[2.429s] -- Up-to-date: /home/beam/autonomous-stack-sdc/install/yolo_msgs/include/yolo_msgs/yolo_msgs
[2.431s] -- Up-to-date: /home/beam/autonomous-stack-sdc/install/yolo_msgs/include/yolo_msgs/yolo_msgs/msg
[2.431s] -- Up-to-date: /home/beam/autonomous-stack-sdc/install/yolo_msgs/include/yolo_msgs/yolo_msgs/msg/detail
[2.432s] -- Up-to-date: /home/beam/autonomous-stack-sdc/install/yolo_msgs/include/yolo_msgs/yolo_msgs/msg/detail/key_point3_d__rosidl_typesupport_introspection_cpp.hpp
[2.432s] -- Up-to-date: /home/beam/autonomous-stack-sdc/install/yolo_msgs/include/yolo_msgs/yolo_msgs/msg/detail/detection__rosidl_typesupport_introspection_cpp.hpp
[2.432s] -- Up-to-date: /home/beam/autonomous-stack-sdc/install/yolo_msgs/include/yolo_msgs/yolo_msgs/msg/detail/point2_d__type_support.cpp
[2.432s] -- Up-to-date: /home/beam/autonomous-stack-sdc/install/yolo_msgs/include/yolo_msgs/yolo_msgs/msg/detail/mask__type_support.cpp
[2.433s] -- Up-to-date: /home/beam/autonomous-stack-sdc/install/yolo_msgs/include/yolo_msgs/yolo_msgs/msg/detail/vector2__type_support.cpp
[2.433s] -- Up-to-date: /home/beam/autonomous-stack-sdc/install/yolo_msgs/include/yolo_msgs/yolo_msgs/msg/detail/detection_array__type_support.cpp
[2.433s] -- Up-to-date: /home/beam/autonomous-stack-sdc/install/yolo_msgs/include/yolo_msgs/yolo_msgs/msg/detail/vector2__rosidl_typesupport_introspection_cpp.hpp
[2.433s] -- Up-to-date: /home/beam/autonomous-stack-sdc/install/yolo_msgs/include/yolo_msgs/yolo_msgs/msg/detail/key_point3_d__type_support.cpp
[2.434s] -- Up-to-date: /home/beam/autonomous-stack-sdc/install/yolo_msgs/include/yolo_msgs/yolo_msgs/msg/detail/bounding_box3_d__rosidl_typesupport_introspection_cpp.hpp
[2.434s] -- Up-to-date: /home/beam/autonomous-stack-sdc/install/yolo_msgs/include/yolo_msgs/yolo_msgs/msg/detail/bounding_box2_d__type_support.cpp
[2.434s] -- Up-to-date: /home/beam/autonomous-stack-sdc/install/yolo_msgs/include/yolo_msgs/yolo_msgs/msg/detail/bounding_box3_d__type_support.cpp
[2.434s] -- Up-to-date: /home/beam/autonomous-stack-sdc/install/yolo_msgs/include/yolo_msgs/yolo_msgs/msg/detail/key_point2_d__type_support.cpp
[2.434s] -- Up-to-date: /home/beam/autonomous-stack-sdc/install/yolo_msgs/include/yolo_msgs/yolo_msgs/msg/detail/mask__rosidl_typesupport_introspection_cpp.hpp
[2.434s] -- Up-to-date: /home/beam/autonomous-stack-sdc/install/yolo_msgs/include/yolo_msgs/yolo_msgs/msg/detail/key_point2_d_array__type_support.cpp
[2.434s] -- Up-to-date: /home/beam/autonomous-stack-sdc/install/yolo_msgs/include/yolo_msgs/yolo_msgs/msg/detail/key_point2_d__rosidl_typesupport_introspection_cpp.hpp
[2.434s] -- Up-to-date: /home/beam/autonomous-stack-sdc/install/yolo_msgs/include/yolo_msgs/yolo_msgs/msg/detail/key_point3_d_array__rosidl_typesupport_introspection_cpp.hpp
[2.434s] -- Up-to-date: /home/beam/autonomous-stack-sdc/install/yolo_msgs/include/yolo_msgs/yolo_msgs/msg/detail/detection__type_support.cpp
[2.434s] -- Up-to-date: /home/beam/autonomous-stack-sdc/install/yolo_msgs/include/yolo_msgs/yolo_msgs/msg/detail/key_point3_d_array__type_support.cpp
[2.434s] -- Up-to-date: /home/beam/autonomous-stack-sdc/install/yolo_msgs/include/yolo_msgs/yolo_msgs/msg/detail/bounding_box2_d__rosidl_typesupport_introspection_cpp.hpp
[2.434s] -- Up-to-date: /home/beam/autonomous-stack-sdc/install/yolo_msgs/include/yolo_msgs/yolo_msgs/msg/detail/key_point2_d_array__rosidl_typesupport_introspection_cpp.hpp
[2.435s] -- Up-to-date: /home/beam/autonomous-stack-sdc/install/yolo_msgs/include/yolo_msgs/yolo_msgs/msg/detail/pose2_d__type_support.cpp
[2.435s] -- Up-to-date: /home/beam/autonomous-stack-sdc/install/yolo_msgs/include/yolo_msgs/yolo_msgs/msg/detail/detection_array__rosidl_typesupport_introspection_cpp.hpp
[2.435s] -- Up-to-date: /home/beam/autonomous-stack-sdc/install/yolo_msgs/include/yolo_msgs/yolo_msgs/msg/detail/point2_d__rosidl_typesupport_introspection_cpp.hpp
[2.435s] -- Up-to-date: /home/beam/autonomous-stack-sdc/install/yolo_msgs/include/yolo_msgs/yolo_msgs/msg/detail/pose2_d__rosidl_typesupport_introspection_cpp.hpp
[2.435s] -- Up-to-date: /home/beam/autonomous-stack-sdc/install/yolo_msgs/include/yolo_msgs/yolo_msgs/srv
[2.435s] -- Up-to-date: /home/beam/autonomous-stack-sdc/install/yolo_msgs/include/yolo_msgs/yolo_msgs/srv/detail
[2.437s] -- Up-to-date: /home/beam/autonomous-stack-sdc/install/yolo_msgs/include/yolo_msgs/yolo_msgs/srv/detail/set_classes__rosidl_typesupport_introspection_cpp.hpp
[2.437s] -- Up-to-date: /home/beam/autonomous-stack-sdc/install/yolo_msgs/include/yolo_msgs/yolo_msgs/srv/detail/set_classes__type_support.cpp
[2.445s] -- Up-to-date: /home/beam/autonomous-stack-sdc/install/yolo_msgs/lib/libyolo_msgs__rosidl_typesupport_introspection_cpp.so
[2.450s] -- Up-to-date: /home/beam/autonomous-stack-sdc/install/yolo_msgs/lib/libyolo_msgs__rosidl_typesupport_cpp.so
[2.450s] -- Up-to-date: /home/beam/autonomous-stack-sdc/install/yolo_msgs/share/yolo_msgs/environment/pythonpath.sh
[2.450s] -- Up-to-date: /home/beam/autonomous-stack-sdc/install/yolo_msgs/share/yolo_msgs/environment/pythonpath.dsv
[2.454s] -- Up-to-date: /home/beam/autonomous-stack-sdc/install/yolo_msgs/local/lib/python3.10/dist-packages/yolo_msgs-4.4.1-py3.10.egg-info
[2.458s] -- Installing: /home/beam/autonomous-stack-sdc/install/yolo_msgs/local/lib/python3.10/dist-packages/yolo_msgs-4.4.1-py3.10.egg-info/SOURCES.txt
[2.460s] -- Installing: /home/beam/autonomous-stack-sdc/install/yolo_msgs/local/lib/python3.10/dist-packages/yolo_msgs-4.4.1-py3.10.egg-info/PKG-INFO
[2.465s] -- Installing: /home/beam/autonomous-stack-sdc/install/yolo_msgs/local/lib/python3.10/dist-packages/yolo_msgs-4.4.1-py3.10.egg-info/dependency_links.txt
[2.468s] -- Installing: /home/beam/autonomous-stack-sdc/install/yolo_msgs/local/lib/python3.10/dist-packages/yolo_msgs-4.4.1-py3.10.egg-info/top_level.txt
[2.469s] -- Up-to-date: /home/beam/autonomous-stack-sdc/install/yolo_msgs/local/lib/python3.10/dist-packages/yolo_msgs
[2.473s] -- Up-to-date: /home/beam/autonomous-stack-sdc/install/yolo_msgs/local/lib/python3.10/dist-packages/yolo_msgs/yolo_msgs_s__rosidl_typesupport_fastrtps_c.cpython-310-x86_64-linux-gnu.so
[2.473s] -- Up-to-date: /home/beam/autonomous-stack-sdc/install/yolo_msgs/local/lib/python3.10/dist-packages/yolo_msgs/yolo_msgs_s__rosidl_typesupport_c.cpython-310-x86_64-linux-gnu.so
[2.473s] -- Up-to-date: /home/beam/autonomous-stack-sdc/install/yolo_msgs/local/lib/python3.10/dist-packages/yolo_msgs/_yolo_msgs_s.ep.rosidl_typesupport_fastrtps_c.c
[2.473s] -- Up-to-date: /home/beam/autonomous-stack-sdc/install/yolo_msgs/local/lib/python3.10/dist-packages/yolo_msgs/_yolo_msgs_s.ep.rosidl_typesupport_introspection_c.c
[2.473s] -- Up-to-date: /home/beam/autonomous-stack-sdc/install/yolo_msgs/local/lib/python3.10/dist-packages/yolo_msgs/__init__.py
[2.473s] -- Up-to-date: /home/beam/autonomous-stack-sdc/install/yolo_msgs/local/lib/python3.10/dist-packages/yolo_msgs/libyolo_msgs__rosidl_generator_py.so
[2.474s] -- Up-to-date: /home/beam/autonomous-stack-sdc/install/yolo_msgs/local/lib/python3.10/dist-packages/yolo_msgs/msg
[2.474s] -- Up-to-date: /home/beam/autonomous-stack-sdc/install/yolo_msgs/local/lib/python3.10/dist-packages/yolo_msgs/msg/_key_point2_d.py
[2.474s] -- Up-to-date: /home/beam/autonomous-stack-sdc/install/yolo_msgs/local/lib/python3.10/dist-packages/yolo_msgs/msg/_vector2.py
[2.475s] -- Up-to-date: /home/beam/autonomous-stack-sdc/install/yolo_msgs/local/lib/python3.10/dist-packages/yolo_msgs/msg/_bounding_box3_d_s.c
[2.475s] -- Up-to-date: /home/beam/autonomous-stack-sdc/install/yolo_msgs/local/lib/python3.10/dist-packages/yolo_msgs/msg/_key_point3_d_array_s.c
[2.476s] -- Up-to-date: /home/beam/autonomous-stack-sdc/install/yolo_msgs/local/lib/python3.10/dist-packages/yolo_msgs/msg/_point2_d_s.c
[2.476s] -- Up-to-date: /home/beam/autonomous-stack-sdc/install/yolo_msgs/local/lib/python3.10/dist-packages/yolo_msgs/msg/_detection_array.py
[2.479s] -- Up-to-date: /home/beam/autonomous-stack-sdc/install/yolo_msgs/local/lib/python3.10/dist-packages/yolo_msgs/msg/_vector2_s.c
[2.479s] -- Up-to-date: /home/beam/autonomous-stack-sdc/install/yolo_msgs/local/lib/python3.10/dist-packages/yolo_msgs/msg/_detection.py
[2.482s] -- Up-to-date: /home/beam/autonomous-stack-sdc/install/yolo_msgs/local/lib/python3.10/dist-packages/yolo_msgs/msg/_key_point2_d_array_s.c
[2.482s] -- Up-to-date: /home/beam/autonomous-stack-sdc/install/yolo_msgs/local/lib/python3.10/dist-packages/yolo_msgs/msg/_pose2_d_s.c
[2.482s] -- Up-to-date: /home/beam/autonomous-stack-sdc/install/yolo_msgs/local/lib/python3.10/dist-packages/yolo_msgs/msg/_detection_s.c
[2.482s] -- Up-to-date: /home/beam/autonomous-stack-sdc/install/yolo_msgs/local/lib/python3.10/dist-packages/yolo_msgs/msg/_bounding_box2_d_s.c
[2.482s] -- Up-to-date: /home/beam/autonomous-stack-sdc/install/yolo_msgs/local/lib/python3.10/dist-packages/yolo_msgs/msg/_mask.py
[2.482s] -- Up-to-date: /home/beam/autonomous-stack-sdc/install/yolo_msgs/local/lib/python3.10/dist-packages/yolo_msgs/msg/_key_point3_d_array.py
[2.482s] -- Up-to-date: /home/beam/autonomous-stack-sdc/install/yolo_msgs/local/lib/python3.10/dist-packages/yolo_msgs/msg/_key_point3_d_s.c
[2.482s] -- Up-to-date: /home/beam/autonomous-stack-sdc/install/yolo_msgs/local/lib/python3.10/dist-packages/yolo_msgs/msg/_detection_array_s.c
[2.482s] -- Up-to-date: /home/beam/autonomous-stack-sdc/install/yolo_msgs/local/lib/python3.10/dist-packages/yolo_msgs/msg/_pose2_d.py
[2.483s] -- Up-to-date: /home/beam/autonomous-stack-sdc/install/yolo_msgs/local/lib/python3.10/dist-packages/yolo_msgs/msg/_key_point2_d_s.c
[2.483s] -- Up-to-date: /home/beam/autonomous-stack-sdc/install/yolo_msgs/local/lib/python3.10/dist-packages/yolo_msgs/msg/_key_point2_d_array.py
[2.483s] -- Up-to-date: /home/beam/autonomous-stack-sdc/install/yolo_msgs/local/lib/python3.10/dist-packages/yolo_msgs/msg/__init__.py
[2.483s] -- Up-to-date: /home/beam/autonomous-stack-sdc/install/yolo_msgs/local/lib/python3.10/dist-packages/yolo_msgs/msg/_mask_s.c
[2.483s] -- Up-to-date: /home/beam/autonomous-stack-sdc/install/yolo_msgs/local/lib/python3.10/dist-packages/yolo_msgs/msg/_bounding_box2_d.py
[2.483s] -- Up-to-date: /home/beam/autonomous-stack-sdc/install/yolo_msgs/local/lib/python3.10/dist-packages/yolo_msgs/msg/_point2_d.py
[2.484s] -- Up-to-date: /home/beam/autonomous-stack-sdc/install/yolo_msgs/local/lib/python3.10/dist-packages/yolo_msgs/msg/_bounding_box3_d.py
[2.484s] -- Up-to-date: /home/beam/autonomous-stack-sdc/install/yolo_msgs/local/lib/python3.10/dist-packages/yolo_msgs/msg/_key_point3_d.py
[2.484s] -- Up-to-date: /home/beam/autonomous-stack-sdc/install/yolo_msgs/local/lib/python3.10/dist-packages/yolo_msgs/srv
[2.484s] -- Up-to-date: /home/beam/autonomous-stack-sdc/install/yolo_msgs/local/lib/python3.10/dist-packages/yolo_msgs/srv/_set_classes.py
[2.484s] -- Up-to-date: /home/beam/autonomous-stack-sdc/install/yolo_msgs/local/lib/python3.10/dist-packages/yolo_msgs/srv/_set_classes_s.c
[2.485s] -- Up-to-date: /home/beam/autonomous-stack-sdc/install/yolo_msgs/local/lib/python3.10/dist-packages/yolo_msgs/srv/__init__.py
[2.486s] -- Up-to-date: /home/beam/autonomous-stack-sdc/install/yolo_msgs/local/lib/python3.10/dist-packages/yolo_msgs/yolo_msgs_s__rosidl_typesupport_introspection_c.cpython-310-x86_64-linux-gnu.so
[2.487s] -- Up-to-date: /home/beam/autonomous-stack-sdc/install/yolo_msgs/local/lib/python3.10/dist-packages/yolo_msgs/_yolo_msgs_s.ep.rosidl_typesupport_c.c
[3.430s] Listing '/home/beam/autonomous-stack-sdc/install/yolo_msgs/local/lib/python3.10/dist-packages/yolo_msgs'...
[3.433s] Listing '/home/beam/autonomous-stack-sdc/install/yolo_msgs/local/lib/python3.10/dist-packages/yolo_msgs/msg'...
[3.433s] Listing '/home/beam/autonomous-stack-sdc/install/yolo_msgs/local/lib/python3.10/dist-packages/yolo_msgs/srv'...
[3.476s] -- Up-to-date: /home/beam/autonomous-stack-sdc/install/yolo_msgs/local/lib/python3.10/dist-packages/yolo_msgs/yolo_msgs_s__rosidl_typesupport_fastrtps_c.cpython-310-x86_64-linux-gnu.so
[3.479s] -- Up-to-date: /home/beam/autonomous-stack-sdc/install/yolo_msgs/local/lib/python3.10/dist-packages/yolo_msgs/yolo_msgs_s__rosidl_typesupport_introspection_c.cpython-310-x86_64-linux-gnu.so
[3.487s] -- Up-to-date: /home/beam/autonomous-stack-sdc/install/yolo_msgs/local/lib/python3.10/dist-packages/yolo_msgs/yolo_msgs_s__rosidl_typesupport_c.cpython-310-x86_64-linux-gnu.so
[3.494s] -- Up-to-date: /home/beam/autonomous-stack-sdc/install/yolo_msgs/lib/libyolo_msgs__rosidl_generator_py.so
[3.506s] -- Up-to-date: /home/beam/autonomous-stack-sdc/install/yolo_msgs/share/yolo_msgs/msg/Point2D.idl
[3.506s] -- Up-to-date: /home/beam/autonomous-stack-sdc/install/yolo_msgs/share/yolo_msgs/msg/Vector2.idl
[3.507s] -- Up-to-date: /home/beam/autonomous-stack-sdc/install/yolo_msgs/share/yolo_msgs/msg/Pose2D.idl
[3.507s] -- Up-to-date: /home/beam/autonomous-stack-sdc/install/yolo_msgs/share/yolo_msgs/msg/BoundingBox2D.idl
[3.507s] -- Up-to-date: /home/beam/autonomous-stack-sdc/install/yolo_msgs/share/yolo_msgs/msg/BoundingBox3D.idl
[3.508s] -- Up-to-date: /home/beam/autonomous-stack-sdc/install/yolo_msgs/share/yolo_msgs/msg/Mask.idl
[3.508s] -- Up-to-date: /home/beam/autonomous-stack-sdc/install/yolo_msgs/share/yolo_msgs/msg/KeyPoint2D.idl
[3.508s] -- Up-to-date: /home/beam/autonomous-stack-sdc/install/yolo_msgs/share/yolo_msgs/msg/KeyPoint2DArray.idl
[3.508s] -- Up-to-date: /home/beam/autonomous-stack-sdc/install/yolo_msgs/share/yolo_msgs/msg/KeyPoint3D.idl
[3.508s] -- Up-to-date: /home/beam/autonomous-stack-sdc/install/yolo_msgs/share/yolo_msgs/msg/KeyPoint3DArray.idl
[3.508s] -- Up-to-date: /home/beam/autonomous-stack-sdc/install/yolo_msgs/share/yolo_msgs/msg/Detection.idl
[3.509s] -- Up-to-date: /home/beam/autonomous-stack-sdc/install/yolo_msgs/share/yolo_msgs/msg/DetectionArray.idl
[3.515s] -- Up-to-date: /home/beam/autonomous-stack-sdc/install/yolo_msgs/share/yolo_msgs/srv/SetClasses.idl
[3.523s] -- Up-to-date: /home/beam/autonomous-stack-sdc/install/yolo_msgs/share/yolo_msgs/msg/Point2D.msg
[3.524s] -- Up-to-date: /home/beam/autonomous-stack-sdc/install/yolo_msgs/share/yolo_msgs/msg/Vector2.msg
[3.524s] -- Up-to-date: /home/beam/autonomous-stack-sdc/install/yolo_msgs/share/yolo_msgs/msg/Pose2D.msg
[3.524s] -- Up-to-date: /home/beam/autonomous-stack-sdc/install/yolo_msgs/share/yolo_msgs/msg/BoundingBox2D.msg
[3.525s] -- Up-to-date: /home/beam/autonomous-stack-sdc/install/yolo_msgs/share/yolo_msgs/msg/BoundingBox3D.msg
[3.525s] -- Up-to-date: /home/beam/autonomous-stack-sdc/install/yolo_msgs/share/yolo_msgs/msg/Mask.msg
[3.525s] -- Up-to-date: /home/beam/autonomous-stack-sdc/install/yolo_msgs/share/yolo_msgs/msg/KeyPoint2D.msg
[3.525s] -- Up-to-date: /home/beam/autonomous-stack-sdc/install/yolo_msgs/share/yolo_msgs/msg/KeyPoint2DArray.msg
[3.525s] -- Up-to-date: /home/beam/autonomous-stack-sdc/install/yolo_msgs/share/yolo_msgs/msg/KeyPoint3D.msg
[3.525s] -- Up-to-date: /home/beam/autonomous-stack-sdc/install/yolo_msgs/share/yolo_msgs/msg/KeyPoint3DArray.msg
[3.525s] -- Up-to-date: /home/beam/autonomous-stack-sdc/install/yolo_msgs/share/yolo_msgs/msg/Detection.msg
[3.525s] -- Up-to-date: /home/beam/autonomous-stack-sdc/install/yolo_msgs/share/yolo_msgs/msg/DetectionArray.msg
[3.528s] -- Up-to-date: /home/beam/autonomous-stack-sdc/install/yolo_msgs/share/yolo_msgs/srv/SetClasses.srv
[3.530s] -- Up-to-date: /home/beam/autonomous-stack-sdc/install/yolo_msgs/share/yolo_msgs/srv/SetClasses_Request.msg
[3.530s] -- Up-to-date: /home/beam/autonomous-stack-sdc/install/yolo_msgs/share/yolo_msgs/srv/SetClasses_Response.msg
[3.547s] -- Up-to-date: /home/beam/autonomous-stack-sdc/install/yolo_msgs/share/ament_index/resource_index/package_run_dependencies/yolo_msgs
[3.553s] -- Up-to-date: /home/beam/autonomous-stack-sdc/install/yolo_msgs/share/ament_index/resource_index/parent_prefix_path/yolo_msgs
[3.558s] -- Up-to-date: /home/beam/autonomous-stack-sdc/install/yolo_msgs/share/yolo_msgs/environment/ament_prefix_path.sh
[3.560s] -- Up-to-date: /home/beam/autonomous-stack-sdc/install/yolo_msgs/share/yolo_msgs/environment/ament_prefix_path.dsv
[3.560s] -- Up-to-date: /home/beam/autonomous-stack-sdc/install/yolo_msgs/share/yolo_msgs/environment/path.sh
[3.561s] -- Up-to-date: /home/beam/autonomous-stack-sdc/install/yolo_msgs/share/yolo_msgs/environment/path.dsv
[3.561s] -- Up-to-date: /home/beam/autonomous-stack-sdc/install/yolo_msgs/share/yolo_msgs/local_setup.bash
[3.561s] -- Up-to-date: /home/beam/autonomous-stack-sdc/install/yolo_msgs/share/yolo_msgs/local_setup.sh
[3.561s] -- Up-to-date: /home/beam/autonomous-stack-sdc/install/yolo_msgs/share/yolo_msgs/local_setup.zsh
[3.561s] -- Up-to-date: /home/beam/autonomous-stack-sdc/install/yolo_msgs/share/yolo_msgs/local_setup.dsv
[3.561s] -- Installing: /home/beam/autonomous-stack-sdc/install/yolo_msgs/share/yolo_msgs/package.dsv
[3.562s] -- Up-to-date: /home/beam/autonomous-stack-sdc/install/yolo_msgs/share/ament_index/resource_index/packages/yolo_msgs
[3.577s] -- Up-to-date: /home/beam/autonomous-stack-sdc/install/yolo_msgs/share/yolo_msgs/cmake/export_yolo_msgs__rosidl_generator_cExport.cmake
[3.577s] -- Up-to-date: /home/beam/autonomous-stack-sdc/install/yolo_msgs/share/yolo_msgs/cmake/export_yolo_msgs__rosidl_generator_cExport-noconfig.cmake
[3.582s] -- Up-to-date: /home/beam/autonomous-stack-sdc/install/yolo_msgs/share/yolo_msgs/cmake/export_yolo_msgs__rosidl_typesupport_fastrtps_cExport.cmake
[3.582s] -- Up-to-date: /home/beam/autonomous-stack-sdc/install/yolo_msgs/share/yolo_msgs/cmake/export_yolo_msgs__rosidl_typesupport_fastrtps_cExport-noconfig.cmake
[3.587s] -- Up-to-date: /home/beam/autonomous-stack-sdc/install/yolo_msgs/share/yolo_msgs/cmake/yolo_msgs__rosidl_typesupport_introspection_cExport.cmake
[3.587s] -- Up-to-date: /home/beam/autonomous-stack-sdc/install/yolo_msgs/share/yolo_msgs/cmake/yolo_msgs__rosidl_typesupport_introspection_cExport-noconfig.cmake
[3.587s] -- Up-to-date: /home/beam/autonomous-stack-sdc/install/yolo_msgs/share/yolo_msgs/cmake/yolo_msgs__rosidl_typesupport_cExport.cmake
[3.587s] -- Up-to-date: /home/beam/autonomous-stack-sdc/install/yolo_msgs/share/yolo_msgs/cmake/yolo_msgs__rosidl_typesupport_cExport-noconfig.cmake
[3.587s] -- Up-to-date: /home/beam/autonomous-stack-sdc/install/yolo_msgs/share/yolo_msgs/cmake/export_yolo_msgs__rosidl_generator_cppExport.cmake
[3.587s] -- Up-to-date: /home/beam/autonomous-stack-sdc/install/yolo_msgs/share/yolo_msgs/cmake/export_yolo_msgs__rosidl_typesupport_fastrtps_cppExport.cmake
[3.588s] -- Up-to-date: /home/beam/autonomous-stack-sdc/install/yolo_msgs/share/yolo_msgs/cmake/export_yolo_msgs__rosidl_typesupport_fastrtps_cppExport-noconfig.cmake
[3.589s] -- Up-to-date: /home/beam/autonomous-stack-sdc/install/yolo_msgs/share/yolo_msgs/cmake/yolo_msgs__rosidl_typesupport_introspection_cppExport.cmake
[3.589s] -- Up-to-date: /home/beam/autonomous-stack-sdc/install/yolo_msgs/share/yolo_msgs/cmake/yolo_msgs__rosidl_typesupport_introspection_cppExport-noconfig.cmake
[3.589s] -- Up-to-date: /home/beam/autonomous-stack-sdc/install/yolo_msgs/share/yolo_msgs/cmake/yolo_msgs__rosidl_typesupport_cppExport.cmake
[3.590s] -- Up-to-date: /home/beam/autonomous-stack-sdc/install/yolo_msgs/share/yolo_msgs/cmake/yolo_msgs__rosidl_typesupport_cppExport-noconfig.cmake
[3.590s] -- Up-to-date: /home/beam/autonomous-stack-sdc/install/yolo_msgs/share/yolo_msgs/cmake/export_yolo_msgs__rosidl_generator_pyExport.cmake
[3.590s] -- Up-to-date: /home/beam/autonomous-stack-sdc/install/yolo_msgs/share/yolo_msgs/cmake/export_yolo_msgs__rosidl_generator_pyExport-noconfig.cmake
[3.591s] -- Up-to-date: /home/beam/autonomous-stack-sdc/install/yolo_msgs/share/yolo_msgs/cmake/rosidl_cmake-extras.cmake
[3.591s] -- Up-to-date: /home/beam/autonomous-stack-sdc/install/yolo_msgs/share/yolo_msgs/cmake/ament_cmake_export_dependencies-extras.cmake
[3.591s] -- Up-to-date: /home/beam/autonomous-stack-sdc/install/yolo_msgs/share/yolo_msgs/cmake/ament_cmake_export_include_directories-extras.cmake
[3.592s] -- Up-to-date: /home/beam/autonomous-stack-sdc/install/yolo_msgs/share/yolo_msgs/cmake/ament_cmake_export_libraries-extras.cmake
[3.592s] -- Up-to-date: /home/beam/autonomous-stack-sdc/install/yolo_msgs/share/yolo_msgs/cmake/ament_cmake_export_targets-extras.cmake
[3.592s] -- Up-to-date: /home/beam/autonomous-stack-sdc/install/yolo_msgs/share/yolo_msgs/cmake/rosidl_cmake_export_typesupport_targets-extras.cmake
[3.592s] -- Up-to-date: /home/beam/autonomous-stack-sdc/install/yolo_msgs/share/yolo_msgs/cmake/rosidl_cmake_export_typesupport_libraries-extras.cmake
[3.592s] -- Up-to-date: /home/beam/autonomous-stack-sdc/install/yolo_msgs/share/yolo_msgs/cmake/yolo_msgsConfig.cmake
[3.592s] -- Up-to-date: /home/beam/autonomous-stack-sdc/install/yolo_msgs/share/yolo_msgs/cmake/yolo_msgsConfig-version.cmake
[3.592s] -- Up-to-date: /home/beam/autonomous-stack-sdc/install/yolo_msgs/share/yolo_msgs/package.xml
[3.624s] Invoked command in '/home/beam/autonomous-stack-sdc/build/yolo_msgs' returned '0': CMAKE_PREFIX_PATH=${CMAKE_PREFIX_PATH}:/home/beam/autonomous-stack-sdc/install/yolo_ros:/home/beam/autonomous-stack-sdc/install/sensorfusion:/home/beam/wa/install/eufs_launcher:/home/beam/wa/install/eufs_tracks:/home/beam/wa/install/eufs_rqt:/home/beam/wa/install/eufs_racecar:/opt/ros/humble /usr/bin/cmake --install /home/beam/autonomous-stack-sdc/build/yolo_msgs
