[0.072s] Invoking command in '/home/beam/autonomous-stack-sdc/build/ground_removal': CMAKE_PREFIX_PATH=/home/beam/autonomous-stack-sdc/install/sdc_msgs:/home/beam/autonomous-stack-sdc/install/yolo_bringup:/home/beam/autonomous-stack-sdc/install/yolo_msgs:/home/beam/autonomous-stack-sdc/install/path_planning1:/home/beam/autonomous-stack-sdc/install/mapping1:/home/beam/autonomous-stack-sdc/install/ground_removal:/home/beam/autonomous-stack-sdc/install/clustering:/home/beam/autonomous-stack-sdc/install/odometry:/home/beam/autonomous-stack-sdc/install/control:/home/beam/lidar_ws/install/rslidar_sdk:/home/beam/lidar_ws/install/rslidar_msg:/home/beam/wa/install/eufs_sensors:/home/beam/wa/install/eufs_plugins:/home/beam/wa/install/eufs_models:/home/beam/wa/install/eufs_msgs:/home/beam/autonomous-stack-sdc/install/yolo_ros:/home/beam/autonomous-stack-sdc/install/sensorfusion:/home/beam/wa/install/eufs_launcher:/home/beam/wa/install/eufs_tracks:/home/beam/wa/install/eufs_rqt:/home/beam/wa/install/eufs_racecar:/opt/ros/humble LD_LIBRARY_PATH=/home/beam/autonomous-stack-sdc/install/sdc_msgs/lib:/home/beam/autonomous-stack-sdc/install/yolo_msgs/lib:/home/beam/lidar_ws/install/rslidar_msg/lib:/home/beam/wa/install/eufs_plugins/lib:/home/beam/wa/install/eufs_models/lib:/home/beam/wa/install/eufs_msgs/lib:/usr/lib/x86_64-linux-gnu/gazebo-11/plugins:/opt/ros/humble/opt/rviz_ogre_vendor/lib:/opt/ros/humble/lib/x86_64-linux-gnu:/opt/ros/humble/lib /usr/bin/cmake /home/beam/autonomous-stack-sdc/perception/lidar/ground-removal -DCMAKE_INSTALL_PREFIX=/home/beam/autonomous-stack-sdc/install/ground_removal
[0.256s] -- The C compiler identification is GNU 11.4.0
[0.613s] -- The CXX compiler identification is GNU 11.4.0
[0.638s] -- Detecting C compiler ABI info
[0.979s] -- Detecting C compiler ABI info - done
[1.023s] -- Check for working C compiler: /usr/bin/cc - skipped
[1.030s] -- Detecting C compile features
[1.032s] -- Detecting C compile features - done
[1.056s] -- Detecting CXX compiler ABI info
[1.502s] -- Detecting CXX compiler ABI info - done
[1.528s] -- Check for working CXX compiler: /usr/bin/c++ - skipped
[1.528s] -- Detecting CXX compile features
[1.530s] -- Detecting CXX compile features - done
[1.539s] -- Found ament_cmake: 1.3.12 (/opt/ros/humble/share/ament_cmake/cmake)
[1.978s] -- Found Python3: /usr/bin/python3 (found version "3.10.12") found components: Interpreter 
[2.142s] -- Found rclcpp: 16.0.16 (/opt/ros/humble/share/rclcpp/cmake)
[2.190s] -- Found rosidl_generator_c: 3.1.7 (/opt/ros/humble/share/rosidl_generator_c/cmake)
[2.197s] -- Found rosidl_adapter: 3.1.7 (/opt/ros/humble/share/rosidl_adapter/cmake)
[2.211s] -- Found rosidl_generator_cpp: 3.1.7 (/opt/ros/humble/share/rosidl_generator_cpp/cmake)
[2.226s] -- Using all available rosidl_typesupport_c: rosidl_typesupport_fastrtps_c;rosidl_typesupport_introspection_c
[2.245s] -- Using all available rosidl_typesupport_cpp: rosidl_typesupport_fastrtps_cpp;rosidl_typesupport_introspection_cpp
[2.292s] -- Found rmw_implementation_cmake: 6.1.2 (/opt/ros/humble/share/rmw_implementation_cmake/cmake)
[2.296s] -- Found rmw_fastrtps_cpp: 6.2.9 (/opt/ros/humble/share/rmw_fastrtps_cpp/cmake)
[2.400s] -- Found OpenSSL: /usr/lib/x86_64-linux-gnu/libcrypto.so (found version "3.0.2")  
[2.436s] -- Found FastRTPS: /opt/ros/humble/include  
[2.488s] -- Using RMW implementation 'rmw_fastrtps_cpp' as default
[2.500s] -- Looking for pthread.h
[2.598s] -- Looking for pthread.h - found
[2.598s] -- Performing Test CMAKE_HAVE_LIBC_PTHREAD
[2.691s] -- Performing Test CMAKE_HAVE_LIBC_PTHREAD - Success
[2.692s] -- Found Threads: TRUE  
[2.755s] -- Found sensor_msgs: 4.9.0 (/opt/ros/humble/share/sensor_msgs/cmake)
[2.791s] -- Found pcl_conversions: 2.4.5 (/opt/ros/humble/share/pcl_conversions/cmake)
[2.830s] -- Checking for module 'eigen3'
[2.847s] --   Found eigen3, version 3.4.0
[2.894s] -- Found Eigen: /usr/include/eigen3 (Required is at least version "3.1") 
[2.895s] -- Eigen found (include: /usr/include/eigen3, version: 3.4.0)
[2.942s] -- Checking for module 'flann'
[2.962s] --   Found flann, version 1.9.1
[3.032s] -- Found FLANN: /usr/lib/x86_64-linux-gnu/libflann_cpp.so  
[3.032s] -- FLANN found (include: /usr/include, lib: /usr/lib/x86_64-linux-gnu/libflann_cpp.so)
[5.005s] -- Checking for module 'libusb-1.0'
[5.039s] --   Found libusb-1.0, version 1.0.25
[5.119s] -- Found libusb: /usr/lib/x86_64-linux-gnu/libusb-1.0.so  
[5.121s] -- OpenNI found (version: 1.5.4.0, include: /usr/include/ni, lib: /usr/lib/libOpenNI.so;libusb::libusb)
[5.236s] -- OpenNI2 found (version: 2.2.0.33, include: /usr/include/openni2, lib: /usr/lib/x86_64-linux-gnu/libOpenNI2.so;libusb::libusb)
[5.559s] -- Eigen found (include: /usr/include/eigen3, version: 3.4.0)
[5.575s] -- OpenNI found (version: 1.5.4.0, include: /usr/include/ni, lib: /usr/lib/libOpenNI.so;libusb::libusb)
[5.590s] -- OpenNI2 found (version: 2.2.0.33, include: /usr/include/openni2, lib: /usr/lib/x86_64-linux-gnu/libOpenNI2.so;libusb::libusb)
[5.963s] -- Found Qhull version 8.0.2
[6.332s] -- OpenNI found (version: 1.5.4.0, include: /usr/include/ni, lib: /usr/lib/libOpenNI.so;libusb::libusb)
[6.555s] -- Found PCL_COMMON: /usr/lib/x86_64-linux-gnu/libpcl_common.so  
[6.556s] -- Found PCL_KDTREE: /usr/lib/x86_64-linux-gnu/libpcl_kdtree.so  
[6.558s] -- Found PCL_OCTREE: /usr/lib/x86_64-linux-gnu/libpcl_octree.so  
[6.559s] -- Found PCL_SEARCH: /usr/lib/x86_64-linux-gnu/libpcl_search.so  
[6.561s] -- Found PCL_SAMPLE_CONSENSUS: /usr/lib/x86_64-linux-gnu/libpcl_sample_consensus.so  
[6.563s] -- Found PCL_FILTERS: /usr/lib/x86_64-linux-gnu/libpcl_filters.so  
[6.564s] -- Found PCL_2D: /usr/include/pcl-1.12  
[6.564s] -- Found PCL_GEOMETRY: /usr/include/pcl-1.12  
[6.566s] -- Found PCL_IO: /usr/lib/x86_64-linux-gnu/libpcl_io.so  
[6.568s] -- Found PCL_FEATURES: /usr/lib/x86_64-linux-gnu/libpcl_features.so  
[6.570s] -- Found PCL_ML: /usr/lib/x86_64-linux-gnu/libpcl_ml.so  
[6.572s] -- Found PCL_SEGMENTATION: /usr/lib/x86_64-linux-gnu/libpcl_segmentation.so  
[6.574s] -- Found PCL_VISUALIZATION: /usr/lib/x86_64-linux-gnu/libpcl_visualization.so  
[6.575s] -- Found PCL_SURFACE: /usr/lib/x86_64-linux-gnu/libpcl_surface.so  
[6.576s] -- Found PCL_REGISTRATION: /usr/lib/x86_64-linux-gnu/libpcl_registration.so  
[6.578s] -- Found PCL_KEYPOINTS: /usr/lib/x86_64-linux-gnu/libpcl_keypoints.so  
[6.580s] -- Found PCL_TRACKING: /usr/lib/x86_64-linux-gnu/libpcl_tracking.so  
[6.582s] -- Found PCL_RECOGNITION: /usr/lib/x86_64-linux-gnu/libpcl_recognition.so  
[6.584s] -- Found PCL_STEREO: /usr/lib/x86_64-linux-gnu/libpcl_stereo.so  
[6.586s] -- Found PCL_APPS: /usr/lib/x86_64-linux-gnu/libpcl_apps.so  
[6.587s] -- Found PCL_IN_HAND_SCANNER: /usr/include/pcl-1.12  
[6.588s] -- Found PCL_MODELER: /usr/include/pcl-1.12  
[6.588s] -- Found PCL_POINT_CLOUD_EDITOR: /usr/include/pcl-1.12  
[6.590s] -- Found PCL_OUTOFCORE: /usr/lib/x86_64-linux-gnu/libpcl_outofcore.so  
[6.592s] -- Found PCL_PEOPLE: /usr/lib/x86_64-linux-gnu/libpcl_people.so  
[6.599s] -- Found pcl_ros: 2.4.5 (/opt/ros/humble/share/pcl_ros/cmake)
[6.672s] -- Found eigen3_cmake_module: 0.1.1 (/opt/ros/humble/share/eigen3_cmake_module/cmake)
[6.675s] -- Found Eigen3: TRUE (found version "3.4.0") 
[6.675s] -- Ensuring Eigen3 include directory is part of orocos-kdl CMake target
[6.844s] -- Found visualization_msgs: 4.9.0 (/opt/ros/humble/share/visualization_msgs/cmake)
[6.887s] -- Found sdc_msgs: 0.0.0 (/home/beam/autonomous-stack-sdc/install/sdc_msgs/share/sdc_msgs/cmake)
[6.973s] -- Found ament_lint_auto: 0.12.14 (/opt/ros/humble/share/ament_lint_auto/cmake)
[7.151s] -- Added test 'copyright' to check source files copyright and LICENSE
[7.151s] -- Added test 'cppcheck' to perform static code analysis on C / C++ code
[7.151s] -- Configured cppcheck include dirs: 
[7.151s] -- Configured cppcheck exclude dirs and/or files: 
[7.151s] -- Added test 'cpplint' to check C / C++ code against the Google style
[7.151s] -- Configured cpplint exclude dirs and/or files: 
[7.153s] -- Added test 'flake8' to check Python code syntax and style conventions
[7.154s] -- Added test 'lint_cmake' to check CMake code style
[7.156s] -- Added test 'pep257' to check Python code against some of the docstring style conventions in PEP 257
[7.159s] -- Added test 'uncrustify' to check C / C++ code style
[7.159s] -- Configured uncrustify additional arguments: 
[7.160s] -- Added test 'xmllint' to check XML markup files
[7.164s] -- Configuring done
[7.295s] -- Generating done
[7.326s] -- Build files have been written to: /home/beam/autonomous-stack-sdc/build/ground_removal
[7.373s] Invoked command in '/home/beam/autonomous-stack-sdc/build/ground_removal' returned '0': CMAKE_PREFIX_PATH=/home/beam/autonomous-stack-sdc/install/sdc_msgs:/home/beam/autonomous-stack-sdc/install/yolo_bringup:/home/beam/autonomous-stack-sdc/install/yolo_msgs:/home/beam/autonomous-stack-sdc/install/path_planning1:/home/beam/autonomous-stack-sdc/install/mapping1:/home/beam/autonomous-stack-sdc/install/ground_removal:/home/beam/autonomous-stack-sdc/install/clustering:/home/beam/autonomous-stack-sdc/install/odometry:/home/beam/autonomous-stack-sdc/install/control:/home/beam/lidar_ws/install/rslidar_sdk:/home/beam/lidar_ws/install/rslidar_msg:/home/beam/wa/install/eufs_sensors:/home/beam/wa/install/eufs_plugins:/home/beam/wa/install/eufs_models:/home/beam/wa/install/eufs_msgs:/home/beam/autonomous-stack-sdc/install/yolo_ros:/home/beam/autonomous-stack-sdc/install/sensorfusion:/home/beam/wa/install/eufs_launcher:/home/beam/wa/install/eufs_tracks:/home/beam/wa/install/eufs_rqt:/home/beam/wa/install/eufs_racecar:/opt/ros/humble LD_LIBRARY_PATH=/home/beam/autonomous-stack-sdc/install/sdc_msgs/lib:/home/beam/autonomous-stack-sdc/install/yolo_msgs/lib:/home/beam/lidar_ws/install/rslidar_msg/lib:/home/beam/wa/install/eufs_plugins/lib:/home/beam/wa/install/eufs_models/lib:/home/beam/wa/install/eufs_msgs/lib:/usr/lib/x86_64-linux-gnu/gazebo-11/plugins:/opt/ros/humble/opt/rviz_ogre_vendor/lib:/opt/ros/humble/lib/x86_64-linux-gnu:/opt/ros/humble/lib /usr/bin/cmake /home/beam/autonomous-stack-sdc/perception/lidar/ground-removal -DCMAKE_INSTALL_PREFIX=/home/beam/autonomous-stack-sdc/install/ground_removal
[7.377s] Invoking command in '/home/beam/autonomous-stack-sdc/build/ground_removal': CMAKE_PREFIX_PATH=/home/beam/autonomous-stack-sdc/install/sdc_msgs:/home/beam/autonomous-stack-sdc/install/yolo_bringup:/home/beam/autonomous-stack-sdc/install/yolo_msgs:/home/beam/autonomous-stack-sdc/install/path_planning1:/home/beam/autonomous-stack-sdc/install/mapping1:/home/beam/autonomous-stack-sdc/install/ground_removal:/home/beam/autonomous-stack-sdc/install/clustering:/home/beam/autonomous-stack-sdc/install/odometry:/home/beam/autonomous-stack-sdc/install/control:/home/beam/lidar_ws/install/rslidar_sdk:/home/beam/lidar_ws/install/rslidar_msg:/home/beam/wa/install/eufs_sensors:/home/beam/wa/install/eufs_plugins:/home/beam/wa/install/eufs_models:/home/beam/wa/install/eufs_msgs:/home/beam/autonomous-stack-sdc/install/yolo_ros:/home/beam/autonomous-stack-sdc/install/sensorfusion:/home/beam/wa/install/eufs_launcher:/home/beam/wa/install/eufs_tracks:/home/beam/wa/install/eufs_rqt:/home/beam/wa/install/eufs_racecar:/opt/ros/humble LD_LIBRARY_PATH=/home/beam/autonomous-stack-sdc/install/sdc_msgs/lib:/home/beam/autonomous-stack-sdc/install/yolo_msgs/lib:/home/beam/lidar_ws/install/rslidar_msg/lib:/home/beam/wa/install/eufs_plugins/lib:/home/beam/wa/install/eufs_models/lib:/home/beam/wa/install/eufs_msgs/lib:/usr/lib/x86_64-linux-gnu/gazebo-11/plugins:/opt/ros/humble/opt/rviz_ogre_vendor/lib:/opt/ros/humble/lib/x86_64-linux-gnu:/opt/ros/humble/lib /usr/bin/cmake --build /home/beam/autonomous-stack-sdc/build/ground_removal -- -j16 -l16
[7.509s] [ 25%] [32mBuilding CXX object CMakeFiles/lu.dir/src/lu.cpp.o[0m
[7.513s] [ 50%] [32mBuilding CXX object CMakeFiles/simpleZ.dir/src/simpleZ.cpp.o[0m
[17.236s] [01m[K/home/beam/autonomous-stack-sdc/perception/lidar/ground-removal/src/simpleZ.cpp:[m[K In lambda function:
[17.236s] [01m[K/home/beam/autonomous-stack-sdc/perception/lidar/ground-removal/src/simpleZ.cpp:98:13:[m[K [01;35m[Kwarning: [m[Kunused variable ‘[01m[Kdistance[m[K’ [[01;35m[K]8;;https://gcc.gnu.org/onlinedocs/gcc/Warning-Options.html#index-Wunused-variable-Wunused-variable]8;;[m[K]
[17.236s]    98 |       float [01;35m[Kdistance[m[K = 29;
[17.237s]       |             [01;35m[K^~~~~~~~[m[K
[28.214s] [ 75%] [32m[1mLinking CXX executable simpleZ[0m
[28.987s] [ 75%] Built target simpleZ
[30.478s] [100%] [32m[1mLinking CXX executable lu[0m
[31.038s] [100%] Built target lu
[31.050s] Invoked command in '/home/beam/autonomous-stack-sdc/build/ground_removal' returned '0': CMAKE_PREFIX_PATH=/home/beam/autonomous-stack-sdc/install/sdc_msgs:/home/beam/autonomous-stack-sdc/install/yolo_bringup:/home/beam/autonomous-stack-sdc/install/yolo_msgs:/home/beam/autonomous-stack-sdc/install/path_planning1:/home/beam/autonomous-stack-sdc/install/mapping1:/home/beam/autonomous-stack-sdc/install/ground_removal:/home/beam/autonomous-stack-sdc/install/clustering:/home/beam/autonomous-stack-sdc/install/odometry:/home/beam/autonomous-stack-sdc/install/control:/home/beam/lidar_ws/install/rslidar_sdk:/home/beam/lidar_ws/install/rslidar_msg:/home/beam/wa/install/eufs_sensors:/home/beam/wa/install/eufs_plugins:/home/beam/wa/install/eufs_models:/home/beam/wa/install/eufs_msgs:/home/beam/autonomous-stack-sdc/install/yolo_ros:/home/beam/autonomous-stack-sdc/install/sensorfusion:/home/beam/wa/install/eufs_launcher:/home/beam/wa/install/eufs_tracks:/home/beam/wa/install/eufs_rqt:/home/beam/wa/install/eufs_racecar:/opt/ros/humble LD_LIBRARY_PATH=/home/beam/autonomous-stack-sdc/install/sdc_msgs/lib:/home/beam/autonomous-stack-sdc/install/yolo_msgs/lib:/home/beam/lidar_ws/install/rslidar_msg/lib:/home/beam/wa/install/eufs_plugins/lib:/home/beam/wa/install/eufs_models/lib:/home/beam/wa/install/eufs_msgs/lib:/usr/lib/x86_64-linux-gnu/gazebo-11/plugins:/opt/ros/humble/opt/rviz_ogre_vendor/lib:/opt/ros/humble/lib/x86_64-linux-gnu:/opt/ros/humble/lib /usr/bin/cmake --build /home/beam/autonomous-stack-sdc/build/ground_removal -- -j16 -l16
[31.052s] Invoking command in '/home/beam/autonomous-stack-sdc/build/ground_removal': CMAKE_PREFIX_PATH=/home/beam/autonomous-stack-sdc/install/sdc_msgs:/home/beam/autonomous-stack-sdc/install/yolo_bringup:/home/beam/autonomous-stack-sdc/install/yolo_msgs:/home/beam/autonomous-stack-sdc/install/path_planning1:/home/beam/autonomous-stack-sdc/install/mapping1:/home/beam/autonomous-stack-sdc/install/ground_removal:/home/beam/autonomous-stack-sdc/install/clustering:/home/beam/autonomous-stack-sdc/install/odometry:/home/beam/autonomous-stack-sdc/install/control:/home/beam/lidar_ws/install/rslidar_sdk:/home/beam/lidar_ws/install/rslidar_msg:/home/beam/wa/install/eufs_sensors:/home/beam/wa/install/eufs_plugins:/home/beam/wa/install/eufs_models:/home/beam/wa/install/eufs_msgs:/home/beam/autonomous-stack-sdc/install/yolo_ros:/home/beam/autonomous-stack-sdc/install/sensorfusion:/home/beam/wa/install/eufs_launcher:/home/beam/wa/install/eufs_tracks:/home/beam/wa/install/eufs_rqt:/home/beam/wa/install/eufs_racecar:/opt/ros/humble LD_LIBRARY_PATH=/home/beam/autonomous-stack-sdc/install/sdc_msgs/lib:/home/beam/autonomous-stack-sdc/install/yolo_msgs/lib:/home/beam/lidar_ws/install/rslidar_msg/lib:/home/beam/wa/install/eufs_plugins/lib:/home/beam/wa/install/eufs_models/lib:/home/beam/wa/install/eufs_msgs/lib:/usr/lib/x86_64-linux-gnu/gazebo-11/plugins:/opt/ros/humble/opt/rviz_ogre_vendor/lib:/opt/ros/humble/lib/x86_64-linux-gnu:/opt/ros/humble/lib /usr/bin/cmake --install /home/beam/autonomous-stack-sdc/build/ground_removal
[31.059s] -- Install configuration: ""
[31.059s] -- Installing: /home/beam/autonomous-stack-sdc/install/ground_removal/lib/ground_removal/lu
[31.060s] -- Set runtime path of "/home/beam/autonomous-stack-sdc/install/ground_removal/lib/ground_removal/lu" to ""
[31.060s] -- Installing: /home/beam/autonomous-stack-sdc/install/ground_removal/lib/ground_removal/simpleZ
[31.062s] -- Set runtime path of "/home/beam/autonomous-stack-sdc/install/ground_removal/lib/ground_removal/simpleZ" to ""
[31.062s] -- Installing: /home/beam/autonomous-stack-sdc/install/ground_removal/share/ground_removal/launch
[31.062s] -- Installing: /home/beam/autonomous-stack-sdc/install/ground_removal/share/ground_removal/launch/lu.launch.py
[31.062s] -- Installing: /home/beam/autonomous-stack-sdc/install/ground_removal/share/ground_removal/launch/simpleZ.launch.py
[31.062s] -- Installing: /home/beam/autonomous-stack-sdc/install/ground_removal/share/ground_removal/config
[31.063s] -- Installing: /home/beam/autonomous-stack-sdc/install/ground_removal/share/ground_removal/config/lu_params.yaml
[31.063s] -- Installing: /home/beam/autonomous-stack-sdc/install/ground_removal/share/ground_removal/config/simpleZ_params.yaml
[31.063s] -- Installing: /home/beam/autonomous-stack-sdc/install/ground_removal/share/ground_removal/config/simpleZ_sim_params.yaml
[31.063s] -- Installing: /home/beam/autonomous-stack-sdc/install/ground_removal/share/ground_removal/config/lu_sim_params.yaml
[31.064s] -- Installing: /home/beam/autonomous-stack-sdc/install/ground_removal/lib/ground_removal/janeremover.py
[31.064s] -- Installing: /home/beam/autonomous-stack-sdc/install/ground_removal/lib/ground_removal/janeremoverhuh.py
[31.064s] -- Installing: /home/beam/autonomous-stack-sdc/install/ground_removal/share/ament_index/resource_index/package_run_dependencies/ground_removal
[31.064s] -- Installing: /home/beam/autonomous-stack-sdc/install/ground_removal/share/ament_index/resource_index/parent_prefix_path/ground_removal
[31.064s] -- Installing: /home/beam/autonomous-stack-sdc/install/ground_removal/share/ground_removal/environment/ament_prefix_path.sh
[31.065s] -- Installing: /home/beam/autonomous-stack-sdc/install/ground_removal/share/ground_removal/environment/ament_prefix_path.dsv
[31.065s] -- Installing: /home/beam/autonomous-stack-sdc/install/ground_removal/share/ground_removal/environment/path.sh
[31.065s] -- Installing: /home/beam/autonomous-stack-sdc/install/ground_removal/share/ground_removal/environment/path.dsv
[31.065s] -- Installing: /home/beam/autonomous-stack-sdc/install/ground_removal/share/ground_removal/local_setup.bash
[31.065s] -- Installing: /home/beam/autonomous-stack-sdc/install/ground_removal/share/ground_removal/local_setup.sh
[31.065s] -- Installing: /home/beam/autonomous-stack-sdc/install/ground_removal/share/ground_removal/local_setup.zsh
[31.065s] -- Installing: /home/beam/autonomous-stack-sdc/install/ground_removal/share/ground_removal/local_setup.dsv
[31.065s] -- Installing: /home/beam/autonomous-stack-sdc/install/ground_removal/share/ground_removal/package.dsv
[31.066s] -- Installing: /home/beam/autonomous-stack-sdc/install/ground_removal/share/ament_index/resource_index/packages/ground_removal
[31.066s] -- Installing: /home/beam/autonomous-stack-sdc/install/ground_removal/share/ground_removal/cmake/ground_removalConfig.cmake
[31.066s] -- Installing: /home/beam/autonomous-stack-sdc/install/ground_removal/share/ground_removal/cmake/ground_removalConfig-version.cmake
[31.066s] -- Installing: /home/beam/autonomous-stack-sdc/install/ground_removal/share/ground_removal/package.xml
[31.068s] Invoked command in '/home/beam/autonomous-stack-sdc/build/ground_removal' returned '0': CMAKE_PREFIX_PATH=/home/beam/autonomous-stack-sdc/install/sdc_msgs:/home/beam/autonomous-stack-sdc/install/yolo_bringup:/home/beam/autonomous-stack-sdc/install/yolo_msgs:/home/beam/autonomous-stack-sdc/install/path_planning1:/home/beam/autonomous-stack-sdc/install/mapping1:/home/beam/autonomous-stack-sdc/install/ground_removal:/home/beam/autonomous-stack-sdc/install/clustering:/home/beam/autonomous-stack-sdc/install/odometry:/home/beam/autonomous-stack-sdc/install/control:/home/beam/lidar_ws/install/rslidar_sdk:/home/beam/lidar_ws/install/rslidar_msg:/home/beam/wa/install/eufs_sensors:/home/beam/wa/install/eufs_plugins:/home/beam/wa/install/eufs_models:/home/beam/wa/install/eufs_msgs:/home/beam/autonomous-stack-sdc/install/yolo_ros:/home/beam/autonomous-stack-sdc/install/sensorfusion:/home/beam/wa/install/eufs_launcher:/home/beam/wa/install/eufs_tracks:/home/beam/wa/install/eufs_rqt:/home/beam/wa/install/eufs_racecar:/opt/ros/humble LD_LIBRARY_PATH=/home/beam/autonomous-stack-sdc/install/sdc_msgs/lib:/home/beam/autonomous-stack-sdc/install/yolo_msgs/lib:/home/beam/lidar_ws/install/rslidar_msg/lib:/home/beam/wa/install/eufs_plugins/lib:/home/beam/wa/install/eufs_models/lib:/home/beam/wa/install/eufs_msgs/lib:/usr/lib/x86_64-linux-gnu/gazebo-11/plugins:/opt/ros/humble/opt/rviz_ogre_vendor/lib:/opt/ros/humble/lib/x86_64-linux-gnu:/opt/ros/humble/lib /usr/bin/cmake --install /home/beam/autonomous-stack-sdc/build/ground_removal
