[2.145s] Invoking command in '/home/beam/autonomous-stack-sdc/perception/camera/yolo_ros/yolo_ros': CMAKE_PREFIX_PATH=/home/beam/autonomous-stack-sdc/install/yolo_msgs:/home/beam/autonomous-stack-sdc/install/yolo_bringup:/home/beam/autonomous-stack-sdc/install/path_planning1:/home/beam/autonomous-stack-sdc/install/mapping1:/home/beam/autonomous-stack-sdc/install/ground_removal:/home/beam/autonomous-stack-sdc/install/clustering:/home/beam/autonomous-stack-sdc/install/sdc_msgs:/home/beam/autonomous-stack-sdc/install/odometry:/home/beam/autonomous-stack-sdc/install/control:/home/beam/lidar_ws/install/rslidar_sdk:/home/beam/lidar_ws/install/rslidar_msg:/home/beam/wa/install/eufs_sensors:/home/beam/wa/install/eufs_plugins:/home/beam/wa/install/eufs_models:/home/beam/wa/install/eufs_msgs PYTHONPATH=/home/beam/autonomous-stack-sdc/build/yolo_ros/prefix_override:/usr/lib/python3/dist-packages/colcon_core/task/python/colcon_distutils_commands:/home/beam/autonomous-stack-sdc/install/yolo_ros/lib/python3.10/site-packages:${PYTHONPATH} /usr/bin/python3 -W ignore:setup.py install is deprecated -W ignore:easy_install command is deprecated setup.py egg_info --egg-base ../../../../build/yolo_ros build --build-base /home/beam/autonomous-stack-sdc/build/yolo_ros/build install --record /home/beam/autonomous-stack-sdc/build/yolo_ros/install.log --single-version-externally-managed install_data
[2.835s] running egg_info
[2.837s] creating ../../../../build/yolo_ros/yolo_ros.egg-info
[2.838s] writing ../../../../build/yolo_ros/yolo_ros.egg-info/PKG-INFO
[2.838s] writing dependency_links to ../../../../build/yolo_ros/yolo_ros.egg-info/dependency_links.txt
[2.839s] writing entry points to ../../../../build/yolo_ros/yolo_ros.egg-info/entry_points.txt
[2.840s] writing requirements to ../../../../build/yolo_ros/yolo_ros.egg-info/requires.txt
[2.842s] writing top-level names to ../../../../build/yolo_ros/yolo_ros.egg-info/top_level.txt
[2.842s] writing manifest file '../../../../build/yolo_ros/yolo_ros.egg-info/SOURCES.txt'
[2.848s] reading manifest file '../../../../build/yolo_ros/yolo_ros.egg-info/SOURCES.txt'
[2.851s] writing manifest file '../../../../build/yolo_ros/yolo_ros.egg-info/SOURCES.txt'
[2.852s] running build
[2.853s] running build_py
[2.853s] creating /home/beam/autonomous-stack-sdc/build/yolo_ros/build
[2.854s] creating /home/beam/autonomous-stack-sdc/build/yolo_ros/build/lib
[2.855s] creating /home/beam/autonomous-stack-sdc/build/yolo_ros/build/lib/yolo_ros
[2.855s] copying yolo_ros/debug_node.py -> /home/beam/autonomous-stack-sdc/build/yolo_ros/build/lib/yolo_ros
[2.857s] copying yolo_ros/yolo_node.py -> /home/beam/autonomous-stack-sdc/build/yolo_ros/build/lib/yolo_ros
[2.857s] copying yolo_ros/detect_3d_node.py -> /home/beam/autonomous-stack-sdc/build/yolo_ros/build/lib/yolo_ros
[2.873s] copying yolo_ros/tracking_node.py -> /home/beam/autonomous-stack-sdc/build/yolo_ros/build/lib/yolo_ros
[2.874s] copying yolo_ros/__init__.py -> /home/beam/autonomous-stack-sdc/build/yolo_ros/build/lib/yolo_ros
[2.876s] running install
[2.876s] running install_lib
[2.896s] creating /home/beam/autonomous-stack-sdc/install/yolo_ros/lib/python3.10/site-packages/yolo_ros
[2.897s] copying /home/beam/autonomous-stack-sdc/build/yolo_ros/build/lib/yolo_ros/debug_node.py -> /home/beam/autonomous-stack-sdc/install/yolo_ros/lib/python3.10/site-packages/yolo_ros
[2.897s] copying /home/beam/autonomous-stack-sdc/build/yolo_ros/build/lib/yolo_ros/yolo_node.py -> /home/beam/autonomous-stack-sdc/install/yolo_ros/lib/python3.10/site-packages/yolo_ros
[2.897s] copying /home/beam/autonomous-stack-sdc/build/yolo_ros/build/lib/yolo_ros/detect_3d_node.py -> /home/beam/autonomous-stack-sdc/install/yolo_ros/lib/python3.10/site-packages/yolo_ros
[2.897s] copying /home/beam/autonomous-stack-sdc/build/yolo_ros/build/lib/yolo_ros/tracking_node.py -> /home/beam/autonomous-stack-sdc/install/yolo_ros/lib/python3.10/site-packages/yolo_ros
[2.898s] copying /home/beam/autonomous-stack-sdc/build/yolo_ros/build/lib/yolo_ros/__init__.py -> /home/beam/autonomous-stack-sdc/install/yolo_ros/lib/python3.10/site-packages/yolo_ros
[2.899s] byte-compiling /home/beam/autonomous-stack-sdc/install/yolo_ros/lib/python3.10/site-packages/yolo_ros/debug_node.py to debug_node.cpython-310.pyc
[2.904s] byte-compiling /home/beam/autonomous-stack-sdc/install/yolo_ros/lib/python3.10/site-packages/yolo_ros/yolo_node.py to yolo_node.cpython-310.pyc
[2.904s] byte-compiling /home/beam/autonomous-stack-sdc/install/yolo_ros/lib/python3.10/site-packages/yolo_ros/detect_3d_node.py to detect_3d_node.cpython-310.pyc
[2.908s] byte-compiling /home/beam/autonomous-stack-sdc/install/yolo_ros/lib/python3.10/site-packages/yolo_ros/tracking_node.py to tracking_node.cpython-310.pyc
[2.911s] byte-compiling /home/beam/autonomous-stack-sdc/install/yolo_ros/lib/python3.10/site-packages/yolo_ros/__init__.py to __init__.cpython-310.pyc
[2.912s] running install_data
[2.915s] creating /home/beam/autonomous-stack-sdc/install/yolo_ros/share/ament_index
[2.916s] creating /home/beam/autonomous-stack-sdc/install/yolo_ros/share/ament_index/resource_index
[2.916s] creating /home/beam/autonomous-stack-sdc/install/yolo_ros/share/ament_index/resource_index/packages
[2.916s] copying resource/yolo_ros -> /home/beam/autonomous-stack-sdc/install/yolo_ros/share/ament_index/resource_index/packages
[2.916s] copying package.xml -> /home/beam/autonomous-stack-sdc/install/yolo_ros/share/yolo_ros
[2.917s] running install_egg_info
[2.917s] Copying ../../../../build/yolo_ros/yolo_ros.egg-info to /home/beam/autonomous-stack-sdc/install/yolo_ros/lib/python3.10/site-packages/yolo_ros-0.0.0-py3.10.egg-info
[2.919s] running install_scripts
[2.957s] Installing debug_node script to /home/beam/autonomous-stack-sdc/install/yolo_ros/lib/yolo_ros
[2.957s] Installing detect_3d_node script to /home/beam/autonomous-stack-sdc/install/yolo_ros/lib/yolo_ros
[2.959s] Installing tracking_node script to /home/beam/autonomous-stack-sdc/install/yolo_ros/lib/yolo_ros
[2.960s] Installing yolo_node script to /home/beam/autonomous-stack-sdc/install/yolo_ros/lib/yolo_ros
[2.960s] writing list of installed files to '/home/beam/autonomous-stack-sdc/build/yolo_ros/install.log'
[3.059s] Invoked command in '/home/beam/autonomous-stack-sdc/perception/camera/yolo_ros/yolo_ros' returned '0': CMAKE_PREFIX_PATH=/home/beam/autonomous-stack-sdc/install/yolo_msgs:/home/beam/autonomous-stack-sdc/install/yolo_bringup:/home/beam/autonomous-stack-sdc/install/path_planning1:/home/beam/autonomous-stack-sdc/install/mapping1:/home/beam/autonomous-stack-sdc/install/ground_removal:/home/beam/autonomous-stack-sdc/install/clustering:/home/beam/autonomous-stack-sdc/install/sdc_msgs:/home/beam/autonomous-stack-sdc/install/odometry:/home/beam/autonomous-stack-sdc/install/control:/home/beam/lidar_ws/install/rslidar_sdk:/home/beam/lidar_ws/install/rslidar_msg:/home/beam/wa/install/eufs_sensors:/home/beam/wa/install/eufs_plugins:/home/beam/wa/install/eufs_models:/home/beam/wa/install/eufs_msgs PYTHONPATH=/home/beam/autonomous-stack-sdc/build/yolo_ros/prefix_override:/usr/lib/python3/dist-packages/colcon_core/task/python/colcon_distutils_commands:/home/beam/autonomous-stack-sdc/install/yolo_ros/lib/python3.10/site-packages:${PYTHONPATH} /usr/bin/python3 -W ignore:setup.py install is deprecated -W ignore:easy_install command is deprecated setup.py egg_info --egg-base ../../../../build/yolo_ros build --build-base /home/beam/autonomous-stack-sdc/build/yolo_ros/build install --record /home/beam/autonomous-stack-sdc/build/yolo_ros/install.log --single-version-externally-managed install_data
