[35m[1mConsolidate compiler generated dependencies of target colorMapping[0m
[35m[1mConsolidate compiler generated dependencies of target colorMappingwoRTab[0m
[ 33%] Built target coloredMapping
[ 50%] [32mBuilding CXX object CMakeFiles/colorMapping.dir/src/colorMapping.cpp.o[0m
[ 83%] Built target colorMappingwoRTab
[100%] [32m[1mLinking CXX executable colorMapping[0m
[100%] Built target colorMapping
-- Install configuration: ""
-- Up-to-date: /home/beam/autonomous-stack-sdc/install/mapping1/lib/mapping1/coloredMapping
-- Installing: /home/beam/autonomous-stack-sdc/install/mapping1/lib/mapping1/colorMapping
-- Set runtime path of "/home/beam/autonomous-stack-sdc/install/mapping1/lib/mapping1/colorMapping" to ""
-- Up-to-date: /home/beam/autonomous-stack-sdc/install/mapping1/lib/mapping1/colorMappingwoRTab
-- Up-to-date: /home/beam/autonomous-stack-sdc/install/mapping1/share/mapping1//launch
-- Up-to-date: /home/beam/autonomous-stack-sdc/install/mapping1/share/mapping1//launch/.vscode
-- Up-to-date: /home/beam/autonomous-stack-sdc/install/mapping1/share/mapping1//launch/.vscode/settings.json
-- Up-to-date: /home/beam/autonomous-stack-sdc/install/mapping1/share/mapping1//launch/.vscode/c_cpp_properties.json
-- Up-to-date: /home/beam/autonomous-stack-sdc/install/mapping1/share/mapping1//launch/simpleMapping.launch.py
-- Up-to-date: /home/beam/autonomous-stack-sdc/install/mapping1/share/mapping1//launch/colorMapping.launch.py
-- Up-to-date: /home/beam/autonomous-stack-sdc/install/mapping1/share/mapping1//config
-- Up-to-date: /home/beam/autonomous-stack-sdc/install/mapping1/share/mapping1//config/simpleMapping_params.yaml
-- Up-to-date: /home/beam/autonomous-stack-sdc/install/mapping1/share/mapping1//config/colorMapping_params.yaml
-- Up-to-date: /home/beam/autonomous-stack-sdc/install/mapping1/share/ament_index/resource_index/package_run_dependencies/mapping1
-- Up-to-date: /home/beam/autonomous-stack-sdc/install/mapping1/share/ament_index/resource_index/parent_prefix_path/mapping1
-- Up-to-date: /home/beam/autonomous-stack-sdc/install/mapping1/share/mapping1/environment/ament_prefix_path.sh
-- Up-to-date: /home/beam/autonomous-stack-sdc/install/mapping1/share/mapping1/environment/ament_prefix_path.dsv
-- Up-to-date: /home/beam/autonomous-stack-sdc/install/mapping1/share/mapping1/environment/path.sh
-- Up-to-date: /home/beam/autonomous-stack-sdc/install/mapping1/share/mapping1/environment/path.dsv
-- Up-to-date: /home/beam/autonomous-stack-sdc/install/mapping1/share/mapping1/local_setup.bash
-- Up-to-date: /home/beam/autonomous-stack-sdc/install/mapping1/share/mapping1/local_setup.sh
-- Up-to-date: /home/beam/autonomous-stack-sdc/install/mapping1/share/mapping1/local_setup.zsh
-- Up-to-date: /home/beam/autonomous-stack-sdc/install/mapping1/share/mapping1/local_setup.dsv
-- Installing: /home/beam/autonomous-stack-sdc/install/mapping1/share/mapping1/package.dsv
-- Up-to-date: /home/beam/autonomous-stack-sdc/install/mapping1/share/ament_index/resource_index/packages/mapping1
-- Up-to-date: /home/beam/autonomous-stack-sdc/install/mapping1/share/mapping1/cmake/mapping1Config.cmake
-- Up-to-date: /home/beam/autonomous-stack-sdc/install/mapping1/share/mapping1/cmake/mapping1Config-version.cmake
-- Up-to-date: /home/beam/autonomous-stack-sdc/install/mapping1/share/mapping1/package.xml
