[0.092s] Invoking command in '/home/beam/autonomous-stack-sdc/build/mapping1': CMAKE_PREFIX_PATH=/home/beam/autonomous-stack-sdc/install/sdc_msgs:/home/beam/lidar_ws/install/rslidar_sdk:/home/beam/lidar_ws/install/rslidar_msg:/home/beam/autonomous-stack-sdc/install/yolo_bringup:/home/beam/autonomous-stack-sdc/install/yolo_msgs:/home/beam/autonomous-stack-sdc/install/path_planning1:/home/beam/autonomous-stack-sdc/install/mapping1:/home/beam/autonomous-stack-sdc/install/ground_removal:/home/beam/autonomous-stack-sdc/install/clustering:/home/beam/autonomous-stack-sdc/install/odometry:/home/beam/autonomous-stack-sdc/install/control:/home/beam/wa/install/eufs_sensors:/home/beam/wa/install/eufs_plugins:/home/beam/wa/install/eufs_models:/home/beam/wa/install/eufs_msgs:/home/beam/autonomous-stack-sdc/install/yolo_ros:/home/beam/autonomous-stack-sdc/install/sensorfusion:/home/beam/wa/install/eufs_launcher:/home/beam/wa/install/eufs_tracks:/home/beam/wa/install/eufs_rqt:/home/beam/wa/install/eufs_racecar:/opt/ros/humble LD_LIBRARY_PATH=/home/beam/autonomous-stack-sdc/install/sdc_msgs/lib:/home/beam/lidar_ws/install/rslidar_msg/lib:/home/beam/autonomous-stack-sdc/install/yolo_msgs/lib:/home/beam/wa/install/eufs_plugins/lib:/home/beam/wa/install/eufs_models/lib:/home/beam/wa/install/eufs_msgs/lib:/usr/lib/x86_64-linux-gnu/gazebo-11/plugins:/opt/ros/humble/opt/rviz_ogre_vendor/lib:/opt/ros/humble/lib/x86_64-linux-gnu:/opt/ros/humble/lib /usr/bin/cmake --build /home/beam/autonomous-stack-sdc/build/mapping1 -- -j16 -l16
[0.262s] [35m[1mConsolidate compiler generated dependencies of target colorMapping[0m
[0.275s] [35m[1mConsolidate compiler generated dependencies of target colorMappingwoRTab[0m
[0.309s] [ 33%] Built target coloredMapping
[0.318s] [ 50%] [32mBuilding CXX object CMakeFiles/colorMapping.dir/src/colorMapping.cpp.o[0m
[0.318s] [ 83%] Built target colorMappingwoRTab
[20.568s] [100%] [32m[1mLinking CXX executable colorMapping[0m
[22.287s] [100%] Built target colorMapping
[22.306s] Invoked command in '/home/beam/autonomous-stack-sdc/build/mapping1' returned '0': CMAKE_PREFIX_PATH=/home/beam/autonomous-stack-sdc/install/sdc_msgs:/home/beam/lidar_ws/install/rslidar_sdk:/home/beam/lidar_ws/install/rslidar_msg:/home/beam/autonomous-stack-sdc/install/yolo_bringup:/home/beam/autonomous-stack-sdc/install/yolo_msgs:/home/beam/autonomous-stack-sdc/install/path_planning1:/home/beam/autonomous-stack-sdc/install/mapping1:/home/beam/autonomous-stack-sdc/install/ground_removal:/home/beam/autonomous-stack-sdc/install/clustering:/home/beam/autonomous-stack-sdc/install/odometry:/home/beam/autonomous-stack-sdc/install/control:/home/beam/wa/install/eufs_sensors:/home/beam/wa/install/eufs_plugins:/home/beam/wa/install/eufs_models:/home/beam/wa/install/eufs_msgs:/home/beam/autonomous-stack-sdc/install/yolo_ros:/home/beam/autonomous-stack-sdc/install/sensorfusion:/home/beam/wa/install/eufs_launcher:/home/beam/wa/install/eufs_tracks:/home/beam/wa/install/eufs_rqt:/home/beam/wa/install/eufs_racecar:/opt/ros/humble LD_LIBRARY_PATH=/home/beam/autonomous-stack-sdc/install/sdc_msgs/lib:/home/beam/lidar_ws/install/rslidar_msg/lib:/home/beam/autonomous-stack-sdc/install/yolo_msgs/lib:/home/beam/wa/install/eufs_plugins/lib:/home/beam/wa/install/eufs_models/lib:/home/beam/wa/install/eufs_msgs/lib:/usr/lib/x86_64-linux-gnu/gazebo-11/plugins:/opt/ros/humble/opt/rviz_ogre_vendor/lib:/opt/ros/humble/lib/x86_64-linux-gnu:/opt/ros/humble/lib /usr/bin/cmake --build /home/beam/autonomous-stack-sdc/build/mapping1 -- -j16 -l16
[22.308s] Invoking command in '/home/beam/autonomous-stack-sdc/build/mapping1': CMAKE_PREFIX_PATH=/home/beam/autonomous-stack-sdc/install/sdc_msgs:/home/beam/lidar_ws/install/rslidar_sdk:/home/beam/lidar_ws/install/rslidar_msg:/home/beam/autonomous-stack-sdc/install/yolo_bringup:/home/beam/autonomous-stack-sdc/install/yolo_msgs:/home/beam/autonomous-stack-sdc/install/path_planning1:/home/beam/autonomous-stack-sdc/install/mapping1:/home/beam/autonomous-stack-sdc/install/ground_removal:/home/beam/autonomous-stack-sdc/install/clustering:/home/beam/autonomous-stack-sdc/install/odometry:/home/beam/autonomous-stack-sdc/install/control:/home/beam/wa/install/eufs_sensors:/home/beam/wa/install/eufs_plugins:/home/beam/wa/install/eufs_models:/home/beam/wa/install/eufs_msgs:/home/beam/autonomous-stack-sdc/install/yolo_ros:/home/beam/autonomous-stack-sdc/install/sensorfusion:/home/beam/wa/install/eufs_launcher:/home/beam/wa/install/eufs_tracks:/home/beam/wa/install/eufs_rqt:/home/beam/wa/install/eufs_racecar:/opt/ros/humble LD_LIBRARY_PATH=/home/beam/autonomous-stack-sdc/install/sdc_msgs/lib:/home/beam/lidar_ws/install/rslidar_msg/lib:/home/beam/autonomous-stack-sdc/install/yolo_msgs/lib:/home/beam/wa/install/eufs_plugins/lib:/home/beam/wa/install/eufs_models/lib:/home/beam/wa/install/eufs_msgs/lib:/usr/lib/x86_64-linux-gnu/gazebo-11/plugins:/opt/ros/humble/opt/rviz_ogre_vendor/lib:/opt/ros/humble/lib/x86_64-linux-gnu:/opt/ros/humble/lib /usr/bin/cmake --install /home/beam/autonomous-stack-sdc/build/mapping1
[22.318s] -- Install configuration: ""
[22.318s] -- Up-to-date: /home/beam/autonomous-stack-sdc/install/mapping1/lib/mapping1/coloredMapping
[22.319s] -- Installing: /home/beam/autonomous-stack-sdc/install/mapping1/lib/mapping1/colorMapping
[22.326s] -- Set runtime path of "/home/beam/autonomous-stack-sdc/install/mapping1/lib/mapping1/colorMapping" to ""
[22.326s] -- Up-to-date: /home/beam/autonomous-stack-sdc/install/mapping1/lib/mapping1/colorMappingwoRTab
[22.326s] -- Up-to-date: /home/beam/autonomous-stack-sdc/install/mapping1/share/mapping1//launch
[22.327s] -- Up-to-date: /home/beam/autonomous-stack-sdc/install/mapping1/share/mapping1//launch/.vscode
[22.327s] -- Up-to-date: /home/beam/autonomous-stack-sdc/install/mapping1/share/mapping1//launch/.vscode/settings.json
[22.327s] -- Up-to-date: /home/beam/autonomous-stack-sdc/install/mapping1/share/mapping1//launch/.vscode/c_cpp_properties.json
[22.327s] -- Up-to-date: /home/beam/autonomous-stack-sdc/install/mapping1/share/mapping1//launch/simpleMapping.launch.py
[22.327s] -- Up-to-date: /home/beam/autonomous-stack-sdc/install/mapping1/share/mapping1//launch/colorMapping.launch.py
[22.327s] -- Up-to-date: /home/beam/autonomous-stack-sdc/install/mapping1/share/mapping1//config
[22.327s] -- Up-to-date: /home/beam/autonomous-stack-sdc/install/mapping1/share/mapping1//config/simpleMapping_params.yaml
[22.327s] -- Up-to-date: /home/beam/autonomous-stack-sdc/install/mapping1/share/mapping1//config/colorMapping_params.yaml
[22.327s] -- Up-to-date: /home/beam/autonomous-stack-sdc/install/mapping1/share/ament_index/resource_index/package_run_dependencies/mapping1
[22.327s] -- Up-to-date: /home/beam/autonomous-stack-sdc/install/mapping1/share/ament_index/resource_index/parent_prefix_path/mapping1
[22.328s] -- Up-to-date: /home/beam/autonomous-stack-sdc/install/mapping1/share/mapping1/environment/ament_prefix_path.sh
[22.328s] -- Up-to-date: /home/beam/autonomous-stack-sdc/install/mapping1/share/mapping1/environment/ament_prefix_path.dsv
[22.328s] -- Up-to-date: /home/beam/autonomous-stack-sdc/install/mapping1/share/mapping1/environment/path.sh
[22.328s] -- Up-to-date: /home/beam/autonomous-stack-sdc/install/mapping1/share/mapping1/environment/path.dsv
[22.328s] -- Up-to-date: /home/beam/autonomous-stack-sdc/install/mapping1/share/mapping1/local_setup.bash
[22.328s] -- Up-to-date: /home/beam/autonomous-stack-sdc/install/mapping1/share/mapping1/local_setup.sh
[22.328s] -- Up-to-date: /home/beam/autonomous-stack-sdc/install/mapping1/share/mapping1/local_setup.zsh
[22.328s] -- Up-to-date: /home/beam/autonomous-stack-sdc/install/mapping1/share/mapping1/local_setup.dsv
[22.329s] -- Installing: /home/beam/autonomous-stack-sdc/install/mapping1/share/mapping1/package.dsv
[22.329s] -- Up-to-date: /home/beam/autonomous-stack-sdc/install/mapping1/share/ament_index/resource_index/packages/mapping1
[22.329s] -- Up-to-date: /home/beam/autonomous-stack-sdc/install/mapping1/share/mapping1/cmake/mapping1Config.cmake
[22.329s] -- Up-to-date: /home/beam/autonomous-stack-sdc/install/mapping1/share/mapping1/cmake/mapping1Config-version.cmake
[22.329s] -- Up-to-date: /home/beam/autonomous-stack-sdc/install/mapping1/share/mapping1/package.xml
[22.334s] Invoked command in '/home/beam/autonomous-stack-sdc/build/mapping1' returned '0': CMAKE_PREFIX_PATH=/home/beam/autonomous-stack-sdc/install/sdc_msgs:/home/beam/lidar_ws/install/rslidar_sdk:/home/beam/lidar_ws/install/rslidar_msg:/home/beam/autonomous-stack-sdc/install/yolo_bringup:/home/beam/autonomous-stack-sdc/install/yolo_msgs:/home/beam/autonomous-stack-sdc/install/path_planning1:/home/beam/autonomous-stack-sdc/install/mapping1:/home/beam/autonomous-stack-sdc/install/ground_removal:/home/beam/autonomous-stack-sdc/install/clustering:/home/beam/autonomous-stack-sdc/install/odometry:/home/beam/autonomous-stack-sdc/install/control:/home/beam/wa/install/eufs_sensors:/home/beam/wa/install/eufs_plugins:/home/beam/wa/install/eufs_models:/home/beam/wa/install/eufs_msgs:/home/beam/autonomous-stack-sdc/install/yolo_ros:/home/beam/autonomous-stack-sdc/install/sensorfusion:/home/beam/wa/install/eufs_launcher:/home/beam/wa/install/eufs_tracks:/home/beam/wa/install/eufs_rqt:/home/beam/wa/install/eufs_racecar:/opt/ros/humble LD_LIBRARY_PATH=/home/beam/autonomous-stack-sdc/install/sdc_msgs/lib:/home/beam/lidar_ws/install/rslidar_msg/lib:/home/beam/autonomous-stack-sdc/install/yolo_msgs/lib:/home/beam/wa/install/eufs_plugins/lib:/home/beam/wa/install/eufs_models/lib:/home/beam/wa/install/eufs_msgs/lib:/usr/lib/x86_64-linux-gnu/gazebo-11/plugins:/opt/ros/humble/opt/rviz_ogre_vendor/lib:/opt/ros/humble/lib/x86_64-linux-gnu:/opt/ros/humble/lib /usr/bin/cmake --install /home/beam/autonomous-stack-sdc/build/mapping1
