-- Found ament_cmake: 1.3.12 (/opt/ros/humble/share/ament_cmake/cmake)
-- Found rclcpp: 16.0.16 (/opt/ros/humble/share/rclcpp/cmake)
-- Found rosidl_generator_c: 3.1.7 (/opt/ros/humble/share/rosidl_generator_c/cmake)
-- Found rosidl_adapter: 3.1.7 (/opt/ros/humble/share/rosidl_adapter/cmake)
-- Found rosidl_generator_cpp: 3.1.7 (/opt/ros/humble/share/rosidl_generator_cpp/cmake)
-- Using all available rosidl_typesupport_c: rosidl_typesupport_fastrtps_c;rosidl_typesupport_introspection_c
-- Using all available rosidl_typesupport_cpp: rosidl_typesupport_fastrtps_cpp;rosidl_typesupport_introspection_cpp
-- Found rmw_implementation_cmake: 6.1.2 (/opt/ros/humble/share/rmw_implementation_cmake/cmake)
-- Found rmw_fastrtps_cpp: 6.2.9 (/opt/ros/humble/share/rmw_fastrtps_cpp/cmake)
-- Using RMW implementation 'rmw_fastrtps_cpp' as default
-- Found nav_msgs: 4.9.0 (/opt/ros/humble/share/nav_msgs/cmake)
-- Found visualization_msgs: 4.9.0 (/opt/ros/humble/share/visualization_msgs/cmake)
-- Found tf2: 0.25.17 (/opt/ros/humble/share/tf2/cmake)
-- Found tf2_ros: 0.25.17 (/opt/ros/humble/share/tf2_ros/cmake)
-- Found tf2_geometry_msgs: 0.25.17 (/opt/ros/humble/share/tf2_geometry_msgs/cmake)
-- Found eigen3_cmake_module: 0.1.1 (/opt/ros/humble/share/eigen3_cmake_module/cmake)
-- Ensuring Eigen3 include directory is part of orocos-kdl CMake target
-- Found sdc_msgs: 0.0.0 (/home/beam/autonomous-stack-sdc/install/sdc_msgs/share/sdc_msgs/cmake)
-- Found eufs_msgs: 2.0.0 (/home/beam/wa/install/eufs_msgs/share/eufs_msgs/cmake)
-- Found ament_lint_auto: 0.12.14 (/opt/ros/humble/share/ament_lint_auto/cmake)
-- Added test 'cppcheck' to perform static code analysis on C / C++ code
-- Configured cppcheck include dirs: 
-- Configured cppcheck exclude dirs and/or files: 
-- Added test 'flake8' to check Python code syntax and style conventions
-- Added test 'lint_cmake' to check CMake code style
-- Added test 'pep257' to check Python code against some of the docstring style conventions in PEP 257
-- Added test 'uncrustify' to check C / C++ code style
-- Configured uncrustify additional arguments: 
-- Added test 'xmllint' to check XML markup files
-- Configuring done
-- Generating done
-- Build files have been written to: /home/beam/autonomous-stack-sdc/build/mapping1
[35m[1mConsolidate compiler generated dependencies of target colorMapping[0m
[35m[1mConsolidate compiler generated dependencies of target coloredMapping[0m
[ 25%] [32mBuilding CXX object CMakeFiles/colorMapping.dir/src/colorMapping.cpp.o[0m
[ 75%] Built target coloredMapping
[100%] [32m[1mLinking CXX executable colorMapping[0m
[100%] Built target colorMapping
-- Install configuration: ""
-- Up-to-date: /home/beam/autonomous-stack-sdc/install/mapping1/lib/mapping1/coloredMapping
-- Installing: /home/beam/autonomous-stack-sdc/install/mapping1/lib/mapping1/colorMapping
-- Set runtime path of "/home/beam/autonomous-stack-sdc/install/mapping1/lib/mapping1/colorMapping" to ""
-- Up-to-date: /home/beam/autonomous-stack-sdc/install/mapping1/share/mapping1//launch
-- Up-to-date: /home/beam/autonomous-stack-sdc/install/mapping1/share/mapping1//launch/.vscode
-- Up-to-date: /home/beam/autonomous-stack-sdc/install/mapping1/share/mapping1//launch/.vscode/settings.json
-- Up-to-date: /home/beam/autonomous-stack-sdc/install/mapping1/share/mapping1//launch/.vscode/c_cpp_properties.json
-- Up-to-date: /home/beam/autonomous-stack-sdc/install/mapping1/share/mapping1//launch/simpleMapping.launch.py
-- Up-to-date: /home/beam/autonomous-stack-sdc/install/mapping1/share/mapping1//launch/colorMapping.launch.py
-- Up-to-date: /home/beam/autonomous-stack-sdc/install/mapping1/share/mapping1//config
-- Up-to-date: /home/beam/autonomous-stack-sdc/install/mapping1/share/mapping1//config/simpleMapping_params.yaml
-- Up-to-date: /home/beam/autonomous-stack-sdc/install/mapping1/share/mapping1//config/colorMapping_params.yaml
-- Installing: /home/beam/autonomous-stack-sdc/install/mapping1/share/ament_index/resource_index/package_run_dependencies/mapping1
-- Installing: /home/beam/autonomous-stack-sdc/install/mapping1/share/ament_index/resource_index/parent_prefix_path/mapping1
-- Up-to-date: /home/beam/autonomous-stack-sdc/install/mapping1/share/mapping1/environment/ament_prefix_path.sh
-- Installing: /home/beam/autonomous-stack-sdc/install/mapping1/share/mapping1/environment/ament_prefix_path.dsv
-- Up-to-date: /home/beam/autonomous-stack-sdc/install/mapping1/share/mapping1/environment/path.sh
-- Installing: /home/beam/autonomous-stack-sdc/install/mapping1/share/mapping1/environment/path.dsv
-- Up-to-date: /home/beam/autonomous-stack-sdc/install/mapping1/share/mapping1/local_setup.bash
-- Up-to-date: /home/beam/autonomous-stack-sdc/install/mapping1/share/mapping1/local_setup.sh
-- Up-to-date: /home/beam/autonomous-stack-sdc/install/mapping1/share/mapping1/local_setup.zsh
-- Installing: /home/beam/autonomous-stack-sdc/install/mapping1/share/mapping1/local_setup.dsv
-- Installing: /home/beam/autonomous-stack-sdc/install/mapping1/share/mapping1/package.dsv
-- Up-to-date: /home/beam/autonomous-stack-sdc/install/mapping1/share/ament_index/resource_index/packages/mapping1
-- Up-to-date: /home/beam/autonomous-stack-sdc/install/mapping1/share/mapping1/cmake/mapping1Config.cmake
-- Up-to-date: /home/beam/autonomous-stack-sdc/install/mapping1/share/mapping1/cmake/mapping1Config-version.cmake
-- Installing: /home/beam/autonomous-stack-sdc/install/mapping1/share/mapping1/package.xml
