running egg_info
writing ../../build/sensorfusion/sensorfusion.egg-info/PKG-INFO
writing dependency_links to ../../build/sensorfusion/sensorfusion.egg-info/dependency_links.txt
writing entry points to ../../build/sensorfusion/sensorfusion.egg-info/entry_points.txt
writing requirements to ../../build/sensorfusion/sensorfusion.egg-info/requires.txt
writing top-level names to ../../build/sensorfusion/sensorfusion.egg-info/top_level.txt
reading manifest file '../../build/sensorfusion/sensorfusion.egg-info/SOURCES.txt'
writing manifest file '../../build/sensorfusion/sensorfusion.egg-info/SOURCES.txt'
running build
running build_py
running install
running install_lib
running install_data
running install_egg_info
removing '/home/beam/autonomous-stack-sdc/install/sensorfusion/lib/python3.10/site-packages/sensorfusion-0.0.0-py3.10.egg-info' (and everything under it)
Copying ../../build/sensorfusion/sensorfusion.egg-info to /home/beam/autonomous-stack-sdc/install/sensorfusion/lib/python3.10/site-packages/sensorfusion-0.0.0-py3.10.egg-info
running install_scripts
Installing coord_to_arr script to /home/beam/autonomous-stack-sdc/install/sensorfusion/lib/sensorfusion
Installing debug_overlay script to /home/beam/autonomous-stack-sdc/install/sensorfusion/lib/sensorfusion
Installing fusion_test script to /home/beam/autonomous-stack-sdc/install/sensorfusion/lib/sensorfusion
Installing sensor_fusion_node script to /home/beam/autonomous-stack-sdc/install/sensorfusion/lib/sensorfusion
Installing sensor_fusion_node_old script to /home/beam/autonomous-stack-sdc/install/sensorfusion/lib/sensorfusion
writing list of installed files to '/home/beam/autonomous-stack-sdc/build/sensorfusion/install.log'
