/home/beam/autonomous-stack-sdc/install/sensorfusion/lib/python3.10/site-packages/sensorfusion/__init__.py
/home/beam/autonomous-stack-sdc/install/sensorfusion/lib/python3.10/site-packages/sensorfusion/nodes/fusion_node_old.py
/home/beam/autonomous-stack-sdc/install/sensorfusion/lib/python3.10/site-packages/sensorfusion/nodes/coord_to_arr.py
/home/beam/autonomous-stack-sdc/install/sensorfusion/lib/python3.10/site-packages/sensorfusion/nodes/debug_overlay.py
/home/beam/autonomous-stack-sdc/install/sensorfusion/lib/python3.10/site-packages/sensorfusion/nodes/fusion_test.py
/home/beam/autonomous-stack-sdc/install/sensorfusion/lib/python3.10/site-packages/sensorfusion/nodes/__init__.py
/home/beam/autonomous-stack-sdc/install/sensorfusion/lib/python3.10/site-packages/sensorfusion/nodes/fusion_node.py
/home/beam/autonomous-stack-sdc/install/sensorfusion/lib/python3.10/site-packages/sensorfusion/__pycache__/__init__.cpython-310.pyc
/home/beam/autonomous-stack-sdc/install/sensorfusion/lib/python3.10/site-packages/sensorfusion/nodes/__pycache__/fusion_node_old.cpython-310.pyc
/home/beam/autonomous-stack-sdc/install/sensorfusion/lib/python3.10/site-packages/sensorfusion/nodes/__pycache__/coord_to_arr.cpython-310.pyc
/home/beam/autonomous-stack-sdc/install/sensorfusion/lib/python3.10/site-packages/sensorfusion/nodes/__pycache__/debug_overlay.cpython-310.pyc
/home/beam/autonomous-stack-sdc/install/sensorfusion/lib/python3.10/site-packages/sensorfusion/nodes/__pycache__/fusion_test.cpython-310.pyc
/home/beam/autonomous-stack-sdc/install/sensorfusion/lib/python3.10/site-packages/sensorfusion/nodes/__pycache__/__init__.cpython-310.pyc
/home/beam/autonomous-stack-sdc/install/sensorfusion/lib/python3.10/site-packages/sensorfusion/nodes/__pycache__/fusion_node.cpython-310.pyc
/home/beam/autonomous-stack-sdc/install/sensorfusion/share/ament_index/resource_index/packages/sensorfusion
/home/beam/autonomous-stack-sdc/install/sensorfusion/share/sensorfusion/package.xml
/home/beam/autonomous-stack-sdc/install/sensorfusion/lib/python3.10/site-packages/sensorfusion-0.0.0-py3.10.egg-info/requires.txt
/home/beam/autonomous-stack-sdc/install/sensorfusion/lib/python3.10/site-packages/sensorfusion-0.0.0-py3.10.egg-info/SOURCES.txt
/home/beam/autonomous-stack-sdc/install/sensorfusion/lib/python3.10/site-packages/sensorfusion-0.0.0-py3.10.egg-info/PKG-INFO
/home/beam/autonomous-stack-sdc/install/sensorfusion/lib/python3.10/site-packages/sensorfusion-0.0.0-py3.10.egg-info/dependency_links.txt
/home/beam/autonomous-stack-sdc/install/sensorfusion/lib/python3.10/site-packages/sensorfusion-0.0.0-py3.10.egg-info/top_level.txt
/home/beam/autonomous-stack-sdc/install/sensorfusion/lib/python3.10/site-packages/sensorfusion-0.0.0-py3.10.egg-info/entry_points.txt
/home/beam/autonomous-stack-sdc/install/sensorfusion/lib/python3.10/site-packages/sensorfusion-0.0.0-py3.10.egg-info/zip-safe
/home/beam/autonomous-stack-sdc/install/sensorfusion/lib/sensorfusion/coord_to_arr
/home/beam/autonomous-stack-sdc/install/sensorfusion/lib/sensorfusion/debug_overlay
/home/beam/autonomous-stack-sdc/install/sensorfusion/lib/sensorfusion/fusion_test
/home/beam/autonomous-stack-sdc/install/sensorfusion/lib/sensorfusion/sensor_fusion_node
/home/beam/autonomous-stack-sdc/install/sensorfusion/lib/sensorfusion/sensor_fusion_node_old
