[6.732s] Invoking command in '/home/beam/autonomous-stack-sdc/perception/sensorfusion': CMAKE_PREFIX_PATH=/home/beam/autonomous-stack-sdc/install/yolo_msgs:/home/beam/autonomous-stack-sdc/install/sdc_msgs:/home/beam/lidar_ws/install/rslidar_sdk:/home/beam/lidar_ws/install/rslidar_msg:/home/beam/autonomous-stack-sdc/install/yolo_bringup:/home/beam/autonomous-stack-sdc/install/path_planning1:/home/beam/autonomous-stack-sdc/install/mapping1:/home/beam/autonomous-stack-sdc/install/ground_removal:/home/beam/autonomous-stack-sdc/install/clustering:/home/beam/autonomous-stack-sdc/install/odometry:/home/beam/autonomous-stack-sdc/install/control:/home/beam/wa/install/eufs_sensors:/home/beam/wa/install/eufs_plugins:/home/beam/wa/install/eufs_models:/home/beam/wa/install/eufs_msgs LD_LIBRARY_PATH=/home/beam/autonomous-stack-sdc/install/yolo_msgs/lib:/home/beam/autonomous-stack-sdc/install/sdc_msgs/lib:/home/beam/lidar_ws/install/rslidar_msg/lib:/home/beam/wa/install/eufs_plugins/lib:/home/beam/wa/install/eufs_models/lib:/home/beam/wa/install/eufs_msgs/lib:/usr/lib/x86_64-linux-gnu/gazebo-11/plugins:/opt/ros/humble/opt/rviz_ogre_vendor/lib:/opt/ros/humble/lib/x86_64-linux-gnu:/opt/ros/humble/lib PYTHONPATH=/home/beam/autonomous-stack-sdc/build/sensorfusion/prefix_override:/usr/lib/python3/dist-packages/colcon_core/task/python/colcon_distutils_commands:/home/beam/autonomous-stack-sdc/install/sensorfusion/lib/python3.10/site-packages:${PYTHONPATH} /usr/bin/python3 -W ignore:setup.py install is deprecated -W ignore:easy_install command is deprecated setup.py egg_info --egg-base ../../build/sensorfusion build --build-base /home/beam/autonomous-stack-sdc/build/sensorfusion/build install --record /home/beam/autonomous-stack-sdc/build/sensorfusion/install.log --single-version-externally-managed install_data
[12.258s] running egg_info
[12.270s] writing ../../build/sensorfusion/sensorfusion.egg-info/PKG-INFO
[12.272s] writing dependency_links to ../../build/sensorfusion/sensorfusion.egg-info/dependency_links.txt
[12.272s] writing entry points to ../../build/sensorfusion/sensorfusion.egg-info/entry_points.txt
[12.272s] writing requirements to ../../build/sensorfusion/sensorfusion.egg-info/requires.txt
[12.275s] writing top-level names to ../../build/sensorfusion/sensorfusion.egg-info/top_level.txt
[12.315s] reading manifest file '../../build/sensorfusion/sensorfusion.egg-info/SOURCES.txt'
[12.316s] writing manifest file '../../build/sensorfusion/sensorfusion.egg-info/SOURCES.txt'
[12.316s] running build
[12.318s] running build_py
[12.320s] running install
[12.330s] running install_lib
[12.402s] running install_data
[12.402s] running install_egg_info
[12.428s] removing '/home/beam/autonomous-stack-sdc/install/sensorfusion/lib/python3.10/site-packages/sensorfusion-0.0.0-py3.10.egg-info' (and everything under it)
[12.437s] Copying ../../build/sensorfusion/sensorfusion.egg-info to /home/beam/autonomous-stack-sdc/install/sensorfusion/lib/python3.10/site-packages/sensorfusion-0.0.0-py3.10.egg-info
[12.466s] running install_scripts
[13.184s] Installing coord_to_arr script to /home/beam/autonomous-stack-sdc/install/sensorfusion/lib/sensorfusion
[13.195s] Installing debug_overlay script to /home/beam/autonomous-stack-sdc/install/sensorfusion/lib/sensorfusion
[13.196s] Installing fusion_test script to /home/beam/autonomous-stack-sdc/install/sensorfusion/lib/sensorfusion
[13.196s] Installing sensor_fusion_node script to /home/beam/autonomous-stack-sdc/install/sensorfusion/lib/sensorfusion
[13.196s] Installing sensor_fusion_node_old script to /home/beam/autonomous-stack-sdc/install/sensorfusion/lib/sensorfusion
[13.200s] writing list of installed files to '/home/beam/autonomous-stack-sdc/build/sensorfusion/install.log'
[13.793s] Invoked command in '/home/beam/autonomous-stack-sdc/perception/sensorfusion' returned '0': CMAKE_PREFIX_PATH=/home/beam/autonomous-stack-sdc/install/yolo_msgs:/home/beam/autonomous-stack-sdc/install/sdc_msgs:/home/beam/lidar_ws/install/rslidar_sdk:/home/beam/lidar_ws/install/rslidar_msg:/home/beam/autonomous-stack-sdc/install/yolo_bringup:/home/beam/autonomous-stack-sdc/install/path_planning1:/home/beam/autonomous-stack-sdc/install/mapping1:/home/beam/autonomous-stack-sdc/install/ground_removal:/home/beam/autonomous-stack-sdc/install/clustering:/home/beam/autonomous-stack-sdc/install/odometry:/home/beam/autonomous-stack-sdc/install/control:/home/beam/wa/install/eufs_sensors:/home/beam/wa/install/eufs_plugins:/home/beam/wa/install/eufs_models:/home/beam/wa/install/eufs_msgs LD_LIBRARY_PATH=/home/beam/autonomous-stack-sdc/install/yolo_msgs/lib:/home/beam/autonomous-stack-sdc/install/sdc_msgs/lib:/home/beam/lidar_ws/install/rslidar_msg/lib:/home/beam/wa/install/eufs_plugins/lib:/home/beam/wa/install/eufs_models/lib:/home/beam/wa/install/eufs_msgs/lib:/usr/lib/x86_64-linux-gnu/gazebo-11/plugins:/opt/ros/humble/opt/rviz_ogre_vendor/lib:/opt/ros/humble/lib/x86_64-linux-gnu:/opt/ros/humble/lib PYTHONPATH=/home/beam/autonomous-stack-sdc/build/sensorfusion/prefix_override:/usr/lib/python3/dist-packages/colcon_core/task/python/colcon_distutils_commands:/home/beam/autonomous-stack-sdc/install/sensorfusion/lib/python3.10/site-packages:${PYTHONPATH} /usr/bin/python3 -W ignore:setup.py install is deprecated -W ignore:easy_install command is deprecated setup.py egg_info --egg-base ../../build/sensorfusion build --build-base /home/beam/autonomous-stack-sdc/build/sensorfusion/build install --record /home/beam/autonomous-stack-sdc/build/sensorfusion/install.log --single-version-externally-managed install_data
