[0.385s] Invoking command in '/home/beam/autonomous-stack-sdc/build/path_planning1': CMAKE_PREFIX_PATH=/home/beam/autonomous-stack-sdc/install/sdc_msgs:/home/beam/lidar_ws/install/rslidar_sdk:/home/beam/lidar_ws/install/rslidar_msg:/home/beam/autonomous-stack-sdc/install/yolo_bringup:/home/beam/autonomous-stack-sdc/install/yolo_msgs:/home/beam/autonomous-stack-sdc/install/path_planning1:/home/beam/autonomous-stack-sdc/install/mapping1:/home/beam/autonomous-stack-sdc/install/ground_removal:/home/beam/autonomous-stack-sdc/install/clustering:/home/beam/autonomous-stack-sdc/install/odometry:/home/beam/autonomous-stack-sdc/install/control:/home/beam/wa/install/eufs_sensors:/home/beam/wa/install/eufs_plugins:/home/beam/wa/install/eufs_models:/home/beam/wa/install/eufs_msgs:/home/beam/autonomous-stack-sdc/install/yolo_ros:/home/beam/autonomous-stack-sdc/install/sensorfusion:/home/beam/wa/install/eufs_launcher:/home/beam/wa/install/eufs_tracks:/home/beam/wa/install/eufs_rqt:/home/beam/wa/install/eufs_racecar:/opt/ros/humble LD_LIBRARY_PATH=/home/beam/autonomous-stack-sdc/install/sdc_msgs/lib:/home/beam/lidar_ws/install/rslidar_msg/lib:/home/beam/autonomous-stack-sdc/install/yolo_msgs/lib:/home/beam/wa/install/eufs_plugins/lib:/home/beam/wa/install/eufs_models/lib:/home/beam/wa/install/eufs_msgs/lib:/usr/lib/x86_64-linux-gnu/gazebo-11/plugins:/opt/ros/humble/opt/rviz_ogre_vendor/lib:/opt/ros/humble/lib/x86_64-linux-gnu:/opt/ros/humble/lib /usr/bin/cmake --build /home/beam/autonomous-stack-sdc/build/path_planning1 -- -j16 -l16
[0.486s] [ 50%] Built target midPoint
[0.486s] [ 50%] Built target midPointColored
[0.487s] [ 75%] Built target midPointErrorPropogator
[0.500s] [100%] Built target coneLineViz
[0.789s] Invoked command in '/home/beam/autonomous-stack-sdc/build/path_planning1' returned '0': CMAKE_PREFIX_PATH=/home/beam/autonomous-stack-sdc/install/sdc_msgs:/home/beam/lidar_ws/install/rslidar_sdk:/home/beam/lidar_ws/install/rslidar_msg:/home/beam/autonomous-stack-sdc/install/yolo_bringup:/home/beam/autonomous-stack-sdc/install/yolo_msgs:/home/beam/autonomous-stack-sdc/install/path_planning1:/home/beam/autonomous-stack-sdc/install/mapping1:/home/beam/autonomous-stack-sdc/install/ground_removal:/home/beam/autonomous-stack-sdc/install/clustering:/home/beam/autonomous-stack-sdc/install/odometry:/home/beam/autonomous-stack-sdc/install/control:/home/beam/wa/install/eufs_sensors:/home/beam/wa/install/eufs_plugins:/home/beam/wa/install/eufs_models:/home/beam/wa/install/eufs_msgs:/home/beam/autonomous-stack-sdc/install/yolo_ros:/home/beam/autonomous-stack-sdc/install/sensorfusion:/home/beam/wa/install/eufs_launcher:/home/beam/wa/install/eufs_tracks:/home/beam/wa/install/eufs_rqt:/home/beam/wa/install/eufs_racecar:/opt/ros/humble LD_LIBRARY_PATH=/home/beam/autonomous-stack-sdc/install/sdc_msgs/lib:/home/beam/lidar_ws/install/rslidar_msg/lib:/home/beam/autonomous-stack-sdc/install/yolo_msgs/lib:/home/beam/wa/install/eufs_plugins/lib:/home/beam/wa/install/eufs_models/lib:/home/beam/wa/install/eufs_msgs/lib:/usr/lib/x86_64-linux-gnu/gazebo-11/plugins:/opt/ros/humble/opt/rviz_ogre_vendor/lib:/opt/ros/humble/lib/x86_64-linux-gnu:/opt/ros/humble/lib /usr/bin/cmake --build /home/beam/autonomous-stack-sdc/build/path_planning1 -- -j16 -l16
[0.791s] Invoking command in '/home/beam/autonomous-stack-sdc/build/path_planning1': CMAKE_PREFIX_PATH=/home/beam/autonomous-stack-sdc/install/sdc_msgs:/home/beam/lidar_ws/install/rslidar_sdk:/home/beam/lidar_ws/install/rslidar_msg:/home/beam/autonomous-stack-sdc/install/yolo_bringup:/home/beam/autonomous-stack-sdc/install/yolo_msgs:/home/beam/autonomous-stack-sdc/install/path_planning1:/home/beam/autonomous-stack-sdc/install/mapping1:/home/beam/autonomous-stack-sdc/install/ground_removal:/home/beam/autonomous-stack-sdc/install/clustering:/home/beam/autonomous-stack-sdc/install/odometry:/home/beam/autonomous-stack-sdc/install/control:/home/beam/wa/install/eufs_sensors:/home/beam/wa/install/eufs_plugins:/home/beam/wa/install/eufs_models:/home/beam/wa/install/eufs_msgs:/home/beam/autonomous-stack-sdc/install/yolo_ros:/home/beam/autonomous-stack-sdc/install/sensorfusion:/home/beam/wa/install/eufs_launcher:/home/beam/wa/install/eufs_tracks:/home/beam/wa/install/eufs_rqt:/home/beam/wa/install/eufs_racecar:/opt/ros/humble LD_LIBRARY_PATH=/home/beam/autonomous-stack-sdc/install/sdc_msgs/lib:/home/beam/lidar_ws/install/rslidar_msg/lib:/home/beam/autonomous-stack-sdc/install/yolo_msgs/lib:/home/beam/wa/install/eufs_plugins/lib:/home/beam/wa/install/eufs_models/lib:/home/beam/wa/install/eufs_msgs/lib:/usr/lib/x86_64-linux-gnu/gazebo-11/plugins:/opt/ros/humble/opt/rviz_ogre_vendor/lib:/opt/ros/humble/lib/x86_64-linux-gnu:/opt/ros/humble/lib /usr/bin/cmake --install /home/beam/autonomous-stack-sdc/build/path_planning1
[0.811s] -- Install configuration: ""
[0.815s] -- Up-to-date: /home/beam/autonomous-stack-sdc/install/path_planning1/lib/path_planning1/midPoint
[0.816s] -- Up-to-date: /home/beam/autonomous-stack-sdc/install/path_planning1/lib/path_planning1/midPointColored
[0.816s] -- Up-to-date: /home/beam/autonomous-stack-sdc/install/path_planning1/lib/path_planning1/midPointErrorPropogator
[0.816s] -- Up-to-date: /home/beam/autonomous-stack-sdc/install/path_planning1/share/path_planning1//launch
[0.816s] -- Up-to-date: /home/beam/autonomous-stack-sdc/install/path_planning1/share/path_planning1//launch/.vscode
[0.816s] -- Up-to-date: /home/beam/autonomous-stack-sdc/install/path_planning1/share/path_planning1//launch/.vscode/settings.json
[0.816s] -- Up-to-date: /home/beam/autonomous-stack-sdc/install/path_planning1/share/path_planning1//launch/.vscode/c_cpp_properties.json
[0.816s] -- Up-to-date: /home/beam/autonomous-stack-sdc/install/path_planning1/share/path_planning1//launch/midPointColored.launch.py
[0.816s] -- Up-to-date: /home/beam/autonomous-stack-sdc/install/path_planning1/share/path_planning1//launch/midPoint.launch.py
[0.816s] -- Up-to-date: /home/beam/autonomous-stack-sdc/install/path_planning1/share/path_planning1//launch/midPointErrorPropogator.launch.py
[0.816s] -- Up-to-date: /home/beam/autonomous-stack-sdc/install/path_planning1/share/path_planning1//config
[0.817s] -- Up-to-date: /home/beam/autonomous-stack-sdc/install/path_planning1/share/path_planning1//config/midPointErrorPropogator_params.yaml
[0.817s] -- Up-to-date: /home/beam/autonomous-stack-sdc/install/path_planning1/share/path_planning1//config/midPoint_params.yaml
[0.817s] -- Up-to-date: /home/beam/autonomous-stack-sdc/install/path_planning1/share/path_planning1//config/midPointColored_params.yaml
[0.817s] -- Up-to-date: /home/beam/autonomous-stack-sdc/install/path_planning1/lib/path_planning1/coneLineViz
[0.817s] -- Up-to-date: /home/beam/autonomous-stack-sdc/install/path_planning1/lib/path_planning1/midPointOriginal.py
[0.817s] -- Up-to-date: /home/beam/autonomous-stack-sdc/install/path_planning1/share/ament_index/resource_index/package_run_dependencies/path_planning1
[0.817s] -- Up-to-date: /home/beam/autonomous-stack-sdc/install/path_planning1/share/ament_index/resource_index/parent_prefix_path/path_planning1
[0.817s] -- Up-to-date: /home/beam/autonomous-stack-sdc/install/path_planning1/share/path_planning1/environment/ament_prefix_path.sh
[0.818s] -- Up-to-date: /home/beam/autonomous-stack-sdc/install/path_planning1/share/path_planning1/environment/ament_prefix_path.dsv
[0.818s] -- Up-to-date: /home/beam/autonomous-stack-sdc/install/path_planning1/share/path_planning1/environment/path.sh
[0.818s] -- Up-to-date: /home/beam/autonomous-stack-sdc/install/path_planning1/share/path_planning1/environment/path.dsv
[0.818s] -- Up-to-date: /home/beam/autonomous-stack-sdc/install/path_planning1/share/path_planning1/local_setup.bash
[0.818s] -- Up-to-date: /home/beam/autonomous-stack-sdc/install/path_planning1/share/path_planning1/local_setup.sh
[0.818s] -- Up-to-date: /home/beam/autonomous-stack-sdc/install/path_planning1/share/path_planning1/local_setup.zsh
[0.818s] -- Up-to-date: /home/beam/autonomous-stack-sdc/install/path_planning1/share/path_planning1/local_setup.dsv
[0.818s] -- Installing: /home/beam/autonomous-stack-sdc/install/path_planning1/share/path_planning1/package.dsv
[0.818s] -- Up-to-date: /home/beam/autonomous-stack-sdc/install/path_planning1/share/ament_index/resource_index/packages/path_planning1
[0.818s] -- Up-to-date: /home/beam/autonomous-stack-sdc/install/path_planning1/share/path_planning1/cmake/path_planning1Config.cmake
[0.819s] -- Up-to-date: /home/beam/autonomous-stack-sdc/install/path_planning1/share/path_planning1/cmake/path_planning1Config-version.cmake
[0.819s] -- Up-to-date: /home/beam/autonomous-stack-sdc/install/path_planning1/share/path_planning1/package.xml
[0.853s] Invoked command in '/home/beam/autonomous-stack-sdc/build/path_planning1' returned '0': CMAKE_PREFIX_PATH=/home/beam/autonomous-stack-sdc/install/sdc_msgs:/home/beam/lidar_ws/install/rslidar_sdk:/home/beam/lidar_ws/install/rslidar_msg:/home/beam/autonomous-stack-sdc/install/yolo_bringup:/home/beam/autonomous-stack-sdc/install/yolo_msgs:/home/beam/autonomous-stack-sdc/install/path_planning1:/home/beam/autonomous-stack-sdc/install/mapping1:/home/beam/autonomous-stack-sdc/install/ground_removal:/home/beam/autonomous-stack-sdc/install/clustering:/home/beam/autonomous-stack-sdc/install/odometry:/home/beam/autonomous-stack-sdc/install/control:/home/beam/wa/install/eufs_sensors:/home/beam/wa/install/eufs_plugins:/home/beam/wa/install/eufs_models:/home/beam/wa/install/eufs_msgs:/home/beam/autonomous-stack-sdc/install/yolo_ros:/home/beam/autonomous-stack-sdc/install/sensorfusion:/home/beam/wa/install/eufs_launcher:/home/beam/wa/install/eufs_tracks:/home/beam/wa/install/eufs_rqt:/home/beam/wa/install/eufs_racecar:/opt/ros/humble LD_LIBRARY_PATH=/home/beam/autonomous-stack-sdc/install/sdc_msgs/lib:/home/beam/lidar_ws/install/rslidar_msg/lib:/home/beam/autonomous-stack-sdc/install/yolo_msgs/lib:/home/beam/wa/install/eufs_plugins/lib:/home/beam/wa/install/eufs_models/lib:/home/beam/wa/install/eufs_msgs/lib:/usr/lib/x86_64-linux-gnu/gazebo-11/plugins:/opt/ros/humble/opt/rviz_ogre_vendor/lib:/opt/ros/humble/lib/x86_64-linux-gnu:/opt/ros/humble/lib /usr/bin/cmake --install /home/beam/autonomous-stack-sdc/build/path_planning1
