[3.247s] Invoking command in '/home/beam/autonomous-stack-sdc/perception/sensorfusion': CMAKE_PREFIX_PATH=/home/beam/autonomous-stack-sdc/install/yolo_msgs:/home/beam/autonomous-stack-sdc/install/sdc_msgs:/home/beam/lidar_ws/install/rslidar_sdk:/home/beam/lidar_ws/install/rslidar_msg:/home/beam/autonomous-stack-sdc/install/yolo_bringup:/home/beam/autonomous-stack-sdc/install/path_planning1:/home/beam/autonomous-stack-sdc/install/mapping1:/home/beam/autonomous-stack-sdc/install/ground_removal:/home/beam/autonomous-stack-sdc/install/clustering:/home/beam/autonomous-stack-sdc/install/odometry:/home/beam/autonomous-stack-sdc/install/control:/home/beam/wa/install/eufs_sensors:/home/beam/wa/install/eufs_plugins:/home/beam/wa/install/eufs_models:/home/beam/wa/install/eufs_msgs LD_LIBRARY_PATH=/home/beam/autonomous-stack-sdc/install/yolo_msgs/lib:/home/beam/autonomous-stack-sdc/install/sdc_msgs/lib:/home/beam/lidar_ws/install/rslidar_msg/lib:/home/beam/wa/install/eufs_plugins/lib:/home/beam/wa/install/eufs_models/lib:/home/beam/wa/install/eufs_msgs/lib:/usr/lib/x86_64-linux-gnu/gazebo-11/plugins:/opt/ros/humble/opt/rviz_ogre_vendor/lib:/opt/ros/humble/lib/x86_64-linux-gnu:/opt/ros/humble/lib PYTHONPATH=/home/beam/autonomous-stack-sdc/build/sensorfusion/prefix_override:/usr/lib/python3/dist-packages/colcon_core/task/python/colcon_distutils_commands:/home/beam/autonomous-stack-sdc/install/sensorfusion/lib/python3.10/site-packages:${PYTHONPATH} /usr/bin/python3 -W ignore:setup.py install is deprecated -W ignore:easy_install command is deprecated setup.py egg_info --egg-base ../../build/sensorfusion build --build-base /home/beam/autonomous-stack-sdc/build/sensorfusion/build install --record /home/beam/autonomous-stack-sdc/build/sensorfusion/install.log --single-version-externally-managed install_data
[4.567s] running egg_info
[4.568s] writing ../../build/sensorfusion/sensorfusion.egg-info/PKG-INFO
[4.570s] writing dependency_links to ../../build/sensorfusion/sensorfusion.egg-info/dependency_links.txt
[4.570s] writing entry points to ../../build/sensorfusion/sensorfusion.egg-info/entry_points.txt
[4.570s] writing requirements to ../../build/sensorfusion/sensorfusion.egg-info/requires.txt
[4.571s] writing top-level names to ../../build/sensorfusion/sensorfusion.egg-info/top_level.txt
[4.574s] reading manifest file '../../build/sensorfusion/sensorfusion.egg-info/SOURCES.txt'
[4.576s] writing manifest file '../../build/sensorfusion/sensorfusion.egg-info/SOURCES.txt'
[4.577s] running build
[4.577s] running build_py
[4.578s] running install
[4.579s] running install_lib
[4.582s] running install_data
[4.582s] running install_egg_info
[4.587s] removing '/home/beam/autonomous-stack-sdc/install/sensorfusion/lib/python3.10/site-packages/sensorfusion-0.0.0-py3.10.egg-info' (and everything under it)
[4.587s] Copying ../../build/sensorfusion/sensorfusion.egg-info to /home/beam/autonomous-stack-sdc/install/sensorfusion/lib/python3.10/site-packages/sensorfusion-0.0.0-py3.10.egg-info
[4.589s] running install_scripts
[4.623s] Installing coord_to_arr script to /home/beam/autonomous-stack-sdc/install/sensorfusion/lib/sensorfusion
[4.624s] Installing debug_overlay script to /home/beam/autonomous-stack-sdc/install/sensorfusion/lib/sensorfusion
[4.624s] Installing fusion_test script to /home/beam/autonomous-stack-sdc/install/sensorfusion/lib/sensorfusion
[4.624s] Installing sensor_fusion_node script to /home/beam/autonomous-stack-sdc/install/sensorfusion/lib/sensorfusion
[4.624s] Installing sensor_fusion_node_old script to /home/beam/autonomous-stack-sdc/install/sensorfusion/lib/sensorfusion
[4.625s] writing list of installed files to '/home/beam/autonomous-stack-sdc/build/sensorfusion/install.log'
[4.685s] Invoked command in '/home/beam/autonomous-stack-sdc/perception/sensorfusion' returned '0': CMAKE_PREFIX_PATH=/home/beam/autonomous-stack-sdc/install/yolo_msgs:/home/beam/autonomous-stack-sdc/install/sdc_msgs:/home/beam/lidar_ws/install/rslidar_sdk:/home/beam/lidar_ws/install/rslidar_msg:/home/beam/autonomous-stack-sdc/install/yolo_bringup:/home/beam/autonomous-stack-sdc/install/path_planning1:/home/beam/autonomous-stack-sdc/install/mapping1:/home/beam/autonomous-stack-sdc/install/ground_removal:/home/beam/autonomous-stack-sdc/install/clustering:/home/beam/autonomous-stack-sdc/install/odometry:/home/beam/autonomous-stack-sdc/install/control:/home/beam/wa/install/eufs_sensors:/home/beam/wa/install/eufs_plugins:/home/beam/wa/install/eufs_models:/home/beam/wa/install/eufs_msgs LD_LIBRARY_PATH=/home/beam/autonomous-stack-sdc/install/yolo_msgs/lib:/home/beam/autonomous-stack-sdc/install/sdc_msgs/lib:/home/beam/lidar_ws/install/rslidar_msg/lib:/home/beam/wa/install/eufs_plugins/lib:/home/beam/wa/install/eufs_models/lib:/home/beam/wa/install/eufs_msgs/lib:/usr/lib/x86_64-linux-gnu/gazebo-11/plugins:/opt/ros/humble/opt/rviz_ogre_vendor/lib:/opt/ros/humble/lib/x86_64-linux-gnu:/opt/ros/humble/lib PYTHONPATH=/home/beam/autonomous-stack-sdc/build/sensorfusion/prefix_override:/usr/lib/python3/dist-packages/colcon_core/task/python/colcon_distutils_commands:/home/beam/autonomous-stack-sdc/install/sensorfusion/lib/python3.10/site-packages:${PYTHONPATH} /usr/bin/python3 -W ignore:setup.py install is deprecated -W ignore:easy_install command is deprecated setup.py egg_info --egg-base ../../build/sensorfusion build --build-base /home/beam/autonomous-stack-sdc/build/sensorfusion/build install --record /home/beam/autonomous-stack-sdc/build/sensorfusion/install.log --single-version-externally-managed install_data
