[1.366s] Invoking command in '/home/beam/autonomous-stack-sdc/perception/sensorfusion': CMAKE_PREFIX_PATH=/home/beam/autonomous-stack-sdc/install/yolo_msgs:/home/beam/autonomous-stack-sdc/install/sdc_msgs:/home/beam/lidar_ws/install/rslidar_sdk:/home/beam/lidar_ws/install/rslidar_msg:/home/beam/autonomous-stack-sdc/install/yolo_bringup:/home/beam/autonomous-stack-sdc/install/path_planning1:/home/beam/autonomous-stack-sdc/install/mapping1:/home/beam/autonomous-stack-sdc/install/ground_removal:/home/beam/autonomous-stack-sdc/install/clustering:/home/beam/autonomous-stack-sdc/install/odometry:/home/beam/autonomous-stack-sdc/install/control:/home/beam/wa/install/eufs_sensors:/home/beam/wa/install/eufs_plugins:/home/beam/wa/install/eufs_models:/home/beam/wa/install/eufs_msgs LD_LIBRARY_PATH=/home/beam/autonomous-stack-sdc/install/yolo_msgs/lib:/home/beam/autonomous-stack-sdc/install/sdc_msgs/lib:/home/beam/lidar_ws/install/rslidar_msg/lib:/home/beam/wa/install/eufs_plugins/lib:/home/beam/wa/install/eufs_models/lib:/home/beam/wa/install/eufs_msgs/lib:/usr/lib/x86_64-linux-gnu/gazebo-11/plugins:/opt/ros/humble/opt/rviz_ogre_vendor/lib:/opt/ros/humble/lib/x86_64-linux-gnu:/opt/ros/humble/lib PYTHONPATH=/home/beam/autonomous-stack-sdc/build/sensorfusion/prefix_override:/usr/lib/python3/dist-packages/colcon_core/task/python/colcon_distutils_commands:/home/beam/autonomous-stack-sdc/install/sensorfusion/lib/python3.10/site-packages:${PYTHONPATH} /usr/bin/python3 -W ignore:setup.py install is deprecated -W ignore:easy_install command is deprecated setup.py egg_info --egg-base ../../build/sensorfusion build --build-base /home/beam/autonomous-stack-sdc/build/sensorfusion/build install --record /home/beam/autonomous-stack-sdc/build/sensorfusion/install.log --single-version-externally-managed install_data
[1.686s] running egg_info
[1.686s] writing ../../build/sensorfusion/sensorfusion.egg-info/PKG-INFO
[1.686s] writing dependency_links to ../../build/sensorfusion/sensorfusion.egg-info/dependency_links.txt
[1.687s] writing entry points to ../../build/sensorfusion/sensorfusion.egg-info/entry_points.txt
[1.687s] writing requirements to ../../build/sensorfusion/sensorfusion.egg-info/requires.txt
[1.687s] writing top-level names to ../../build/sensorfusion/sensorfusion.egg-info/top_level.txt
[1.692s] reading manifest file '../../build/sensorfusion/sensorfusion.egg-info/SOURCES.txt'
[1.693s] writing manifest file '../../build/sensorfusion/sensorfusion.egg-info/SOURCES.txt'
[1.694s] running build
[1.694s] running build_py
[1.694s] copying sensorfusion/nodes/fusion_test.py -> /home/beam/autonomous-stack-sdc/build/sensorfusion/build/lib/sensorfusion/nodes
[1.695s] running install
[1.696s] running install_lib
[1.698s] copying /home/beam/autonomous-stack-sdc/build/sensorfusion/build/lib/sensorfusion/nodes/fusion_test.py -> /home/beam/autonomous-stack-sdc/install/sensorfusion/lib/python3.10/site-packages/sensorfusion/nodes
[1.699s] byte-compiling /home/beam/autonomous-stack-sdc/install/sensorfusion/lib/python3.10/site-packages/sensorfusion/nodes/fusion_test.py to fusion_test.cpython-310.pyc
[1.702s] running install_data
[1.702s] running install_egg_info
[1.704s] removing '/home/beam/autonomous-stack-sdc/install/sensorfusion/lib/python3.10/site-packages/sensorfusion-0.0.0-py3.10.egg-info' (and everything under it)
[1.704s] Copying ../../build/sensorfusion/sensorfusion.egg-info to /home/beam/autonomous-stack-sdc/install/sensorfusion/lib/python3.10/site-packages/sensorfusion-0.0.0-py3.10.egg-info
[1.705s] running install_scripts
[1.731s] Installing coord_to_arr script to /home/beam/autonomous-stack-sdc/install/sensorfusion/lib/sensorfusion
[1.732s] Installing debug_overlay script to /home/beam/autonomous-stack-sdc/install/sensorfusion/lib/sensorfusion
[1.732s] Installing fusion_test script to /home/beam/autonomous-stack-sdc/install/sensorfusion/lib/sensorfusion
[1.732s] Installing sensor_fusion_node script to /home/beam/autonomous-stack-sdc/install/sensorfusion/lib/sensorfusion
[1.732s] Installing sensor_fusion_node_old script to /home/beam/autonomous-stack-sdc/install/sensorfusion/lib/sensorfusion
[1.734s] writing list of installed files to '/home/beam/autonomous-stack-sdc/build/sensorfusion/install.log'
[1.797s] Invoked command in '/home/beam/autonomous-stack-sdc/perception/sensorfusion' returned '0': CMAKE_PREFIX_PATH=/home/beam/autonomous-stack-sdc/install/yolo_msgs:/home/beam/autonomous-stack-sdc/install/sdc_msgs:/home/beam/lidar_ws/install/rslidar_sdk:/home/beam/lidar_ws/install/rslidar_msg:/home/beam/autonomous-stack-sdc/install/yolo_bringup:/home/beam/autonomous-stack-sdc/install/path_planning1:/home/beam/autonomous-stack-sdc/install/mapping1:/home/beam/autonomous-stack-sdc/install/ground_removal:/home/beam/autonomous-stack-sdc/install/clustering:/home/beam/autonomous-stack-sdc/install/odometry:/home/beam/autonomous-stack-sdc/install/control:/home/beam/wa/install/eufs_sensors:/home/beam/wa/install/eufs_plugins:/home/beam/wa/install/eufs_models:/home/beam/wa/install/eufs_msgs LD_LIBRARY_PATH=/home/beam/autonomous-stack-sdc/install/yolo_msgs/lib:/home/beam/autonomous-stack-sdc/install/sdc_msgs/lib:/home/beam/lidar_ws/install/rslidar_msg/lib:/home/beam/wa/install/eufs_plugins/lib:/home/beam/wa/install/eufs_models/lib:/home/beam/wa/install/eufs_msgs/lib:/usr/lib/x86_64-linux-gnu/gazebo-11/plugins:/opt/ros/humble/opt/rviz_ogre_vendor/lib:/opt/ros/humble/lib/x86_64-linux-gnu:/opt/ros/humble/lib PYTHONPATH=/home/beam/autonomous-stack-sdc/build/sensorfusion/prefix_override:/usr/lib/python3/dist-packages/colcon_core/task/python/colcon_distutils_commands:/home/beam/autonomous-stack-sdc/install/sensorfusion/lib/python3.10/site-packages:${PYTHONPATH} /usr/bin/python3 -W ignore:setup.py install is deprecated -W ignore:easy_install command is deprecated setup.py egg_info --egg-base ../../build/sensorfusion build --build-base /home/beam/autonomous-stack-sdc/build/sensorfusion/build install --record /home/beam/autonomous-stack-sdc/build/sensorfusion/install.log --single-version-externally-managed install_data
