-- The C compiler identification is GNU 11.4.0
-- The CXX compiler identification is GNU 11.4.0
-- Detecting C compiler ABI info
-- Detecting C compiler ABI info - done
-- Check for working C compiler: /usr/bin/cc - skipped
-- Detecting C compile features
-- Detecting C compile features - done
-- Detecting CXX compiler ABI info
-- Detecting CXX compiler ABI info - done
-- Check for working CXX compiler: /usr/bin/c++ - skipped
-- Detecting CXX compile features
-- Detecting CXX compile features - done
-- Found ament_cmake: 1.3.12 (/opt/ros/humble/share/ament_cmake/cmake)
-- Found Python3: /usr/bin/python3 (found version "3.10.12") found components: Interpreter 
-- Found rclcpp: 16.0.16 (/opt/ros/humble/share/rclcpp/cmake)
-- Found rosidl_generator_c: 3.1.7 (/opt/ros/humble/share/rosidl_generator_c/cmake)
-- Found rosidl_adapter: 3.1.7 (/opt/ros/humble/share/rosidl_adapter/cmake)
-- Found rosidl_generator_cpp: 3.1.7 (/opt/ros/humble/share/rosidl_generator_cpp/cmake)
-- Using all available rosidl_typesupport_c: rosidl_typesupport_fastrtps_c;rosidl_typesupport_introspection_c
-- Using all available rosidl_typesupport_cpp: rosidl_typesupport_fastrtps_cpp;rosidl_typesupport_introspection_cpp
-- Found rmw_implementation_cmake: 6.1.2 (/opt/ros/humble/share/rmw_implementation_cmake/cmake)
-- Found rmw_fastrtps_cpp: 6.2.9 (/opt/ros/humble/share/rmw_fastrtps_cpp/cmake)
-- Found OpenSSL: /usr/lib/x86_64-linux-gnu/libcrypto.so (found version "3.0.2")  
-- Found FastRTPS: /opt/ros/humble/include  
-- Using RMW implementation 'rmw_fastrtps_cpp' as default
-- Looking for pthread.h
-- Looking for pthread.h - found
-- Performing Test CMAKE_HAVE_LIBC_PTHREAD
-- Performing Test CMAKE_HAVE_LIBC_PTHREAD - Success
-- Found Threads: TRUE  
-- Found geometry_msgs: 4.9.0 (/opt/ros/humble/share/geometry_msgs/cmake)
-- Found ackermann_msgs: 2.0.2 (/opt/ros/humble/share/ackermann_msgs/cmake)
-- Found ament_lint_auto: 0.12.14 (/opt/ros/humble/share/ament_lint_auto/cmake)
-- Added test 'cppcheck' to perform static code analysis on C / C++ code
-- Configured cppcheck include dirs: 
-- Configured cppcheck exclude dirs and/or files: 
-- Added test 'flake8' to check Python code syntax and style conventions
-- Added test 'lint_cmake' to check CMake code style
-- Added test 'pep257' to check Python code against some of the docstring style conventions in PEP 257
-- Added test 'uncrustify' to check C / C++ code style
-- Configured uncrustify additional arguments: 
-- Added test 'xmllint' to check XML markup files
-- Configuring done
-- Generating done
-- Build files have been written to: /home/beam/autonomous-stack-sdc/build/control
[ 50%] [32mBuilding CXX object CMakeFiles/pid.dir/src/pid.cpp.o[0m
[100%] [32m[1mLinking CXX executable pid[0m
[100%] Built target pid
-- Install configuration: ""
-- Installing: /home/beam/autonomous-stack-sdc/install/control/lib/control/pid
-- Set runtime path of "/home/beam/autonomous-stack-sdc/install/control/lib/control/pid" to ""
-- Installing: /home/beam/autonomous-stack-sdc/install/control/share/control//launch
-- Installing: /home/beam/autonomous-stack-sdc/install/control/share/control//launch/pid.launch.py
-- Installing: /home/beam/autonomous-stack-sdc/install/control/share/control//config
-- Installing: /home/beam/autonomous-stack-sdc/install/control/share/control//config/pid_params.yaml
-- Installing: /home/beam/autonomous-stack-sdc/install/control/share/ament_index/resource_index/package_run_dependencies/control
-- Installing: /home/beam/autonomous-stack-sdc/install/control/share/ament_index/resource_index/parent_prefix_path/control
-- Installing: /home/beam/autonomous-stack-sdc/install/control/share/control/environment/ament_prefix_path.sh
-- Installing: /home/beam/autonomous-stack-sdc/install/control/share/control/environment/ament_prefix_path.dsv
-- Installing: /home/beam/autonomous-stack-sdc/install/control/share/control/environment/path.sh
-- Installing: /home/beam/autonomous-stack-sdc/install/control/share/control/environment/path.dsv
-- Installing: /home/beam/autonomous-stack-sdc/install/control/share/control/local_setup.bash
-- Installing: /home/beam/autonomous-stack-sdc/install/control/share/control/local_setup.sh
-- Installing: /home/beam/autonomous-stack-sdc/install/control/share/control/local_setup.zsh
-- Installing: /home/beam/autonomous-stack-sdc/install/control/share/control/local_setup.dsv
-- Installing: /home/beam/autonomous-stack-sdc/install/control/share/control/package.dsv
-- Installing: /home/beam/autonomous-stack-sdc/install/control/share/ament_index/resource_index/packages/control
-- Installing: /home/beam/autonomous-stack-sdc/install/control/share/control/cmake/controlConfig.cmake
-- Installing: /home/beam/autonomous-stack-sdc/install/control/share/control/cmake/controlConfig-version.cmake
-- Installing: /home/beam/autonomous-stack-sdc/install/control/share/control/package.xml
