[0.013s] Invoking command in '/home/beam/autonomous-stack-sdc/build/control': CMAKE_PREFIX_PATH=${CMAKE_PREFIX_PATH}:/home/beam/autonomous-stack-sdc/install/yolo_ros:/home/beam/autonomous-stack-sdc/install/sensorfusion:/home/beam/wa/install/eufs_launcher:/home/beam/wa/install/eufs_tracks:/home/beam/wa/install/eufs_rqt:/home/beam/wa/install/eufs_racecar:/opt/ros/humble /usr/bin/cmake /home/beam/autonomous-stack-sdc/control -DCMAKE_INSTALL_PREFIX=/home/beam/autonomous-stack-sdc/install/control
[0.065s] -- The C compiler identification is GNU 11.4.0
[0.117s] -- The CXX compiler identification is GNU 11.4.0
[0.123s] -- Detecting C compiler ABI info
[0.188s] -- Detecting C compiler ABI info - done
[0.194s] -- Check for working C compiler: /usr/bin/cc - skipped
[0.194s] -- Detecting C compile features
[0.194s] -- Detecting C compile features - done
[0.196s] -- Detecting CXX compiler ABI info
[0.270s] -- Detecting CXX compiler ABI info - done
[0.276s] -- Check for working CXX compiler: /usr/bin/c++ - skipped
[0.276s] -- Detecting CXX compile features
[0.276s] -- Detecting CXX compile features - done
[0.279s] -- Found ament_cmake: 1.3.12 (/opt/ros/humble/share/ament_cmake/cmake)
[0.417s] -- Found Python3: /usr/bin/python3 (found version "3.10.12") found components: Interpreter 
[0.508s] -- Found rclcpp: 16.0.16 (/opt/ros/humble/share/rclcpp/cmake)
[0.549s] -- Found rosidl_generator_c: 3.1.7 (/opt/ros/humble/share/rosidl_generator_c/cmake)
[0.555s] -- Found rosidl_adapter: 3.1.7 (/opt/ros/humble/share/rosidl_adapter/cmake)
[0.562s] -- Found rosidl_generator_cpp: 3.1.7 (/opt/ros/humble/share/rosidl_generator_cpp/cmake)
[0.573s] -- Using all available rosidl_typesupport_c: rosidl_typesupport_fastrtps_c;rosidl_typesupport_introspection_c
[0.587s] -- Using all available rosidl_typesupport_cpp: rosidl_typesupport_fastrtps_cpp;rosidl_typesupport_introspection_cpp
[0.627s] -- Found rmw_implementation_cmake: 6.1.2 (/opt/ros/humble/share/rmw_implementation_cmake/cmake)
[0.630s] -- Found rmw_fastrtps_cpp: 6.2.9 (/opt/ros/humble/share/rmw_fastrtps_cpp/cmake)
[0.725s] -- Found OpenSSL: /usr/lib/x86_64-linux-gnu/libcrypto.so (found version "3.0.2")  
[0.753s] -- Found FastRTPS: /opt/ros/humble/include  
[0.797s] -- Using RMW implementation 'rmw_fastrtps_cpp' as default
[0.806s] -- Looking for pthread.h
[0.875s] -- Looking for pthread.h - found
[0.876s] -- Performing Test CMAKE_HAVE_LIBC_PTHREAD
[0.944s] -- Performing Test CMAKE_HAVE_LIBC_PTHREAD - Success
[0.945s] -- Found Threads: TRUE  
[0.989s] -- Found geometry_msgs: 4.9.0 (/opt/ros/humble/share/geometry_msgs/cmake)
[0.999s] -- Found ackermann_msgs: 2.0.2 (/opt/ros/humble/share/ackermann_msgs/cmake)
[1.013s] -- Found ament_lint_auto: 0.12.14 (/opt/ros/humble/share/ament_lint_auto/cmake)
[1.087s] -- Added test 'cppcheck' to perform static code analysis on C / C++ code
[1.087s] -- Configured cppcheck include dirs: 
[1.087s] -- Configured cppcheck exclude dirs and/or files: 
[1.088s] -- Added test 'flake8' to check Python code syntax and style conventions
[1.089s] -- Added test 'lint_cmake' to check CMake code style
[1.089s] -- Added test 'pep257' to check Python code against some of the docstring style conventions in PEP 257
[1.090s] -- Added test 'uncrustify' to check C / C++ code style
[1.090s] -- Configured uncrustify additional arguments: 
[1.091s] -- Added test 'xmllint' to check XML markup files
[1.092s] -- Configuring done
[1.102s] -- Generating done
[1.105s] -- Build files have been written to: /home/beam/autonomous-stack-sdc/build/control
[1.120s] Invoked command in '/home/beam/autonomous-stack-sdc/build/control' returned '0': CMAKE_PREFIX_PATH=${CMAKE_PREFIX_PATH}:/home/beam/autonomous-stack-sdc/install/yolo_ros:/home/beam/autonomous-stack-sdc/install/sensorfusion:/home/beam/wa/install/eufs_launcher:/home/beam/wa/install/eufs_tracks:/home/beam/wa/install/eufs_rqt:/home/beam/wa/install/eufs_racecar:/opt/ros/humble /usr/bin/cmake /home/beam/autonomous-stack-sdc/control -DCMAKE_INSTALL_PREFIX=/home/beam/autonomous-stack-sdc/install/control
[1.122s] Invoking command in '/home/beam/autonomous-stack-sdc/build/control': CMAKE_PREFIX_PATH=${CMAKE_PREFIX_PATH}:/home/beam/autonomous-stack-sdc/install/yolo_ros:/home/beam/autonomous-stack-sdc/install/sensorfusion:/home/beam/wa/install/eufs_launcher:/home/beam/wa/install/eufs_tracks:/home/beam/wa/install/eufs_rqt:/home/beam/wa/install/eufs_racecar:/opt/ros/humble /usr/bin/cmake --build /home/beam/autonomous-stack-sdc/build/control -- -j16 -l16
[1.183s] [ 50%] [32mBuilding CXX object CMakeFiles/pid.dir/src/pid.cpp.o[0m
[16.984s] [100%] [32m[1mLinking CXX executable pid[0m
[17.784s] [100%] Built target pid
[17.812s] Invoked command in '/home/beam/autonomous-stack-sdc/build/control' returned '0': CMAKE_PREFIX_PATH=${CMAKE_PREFIX_PATH}:/home/beam/autonomous-stack-sdc/install/yolo_ros:/home/beam/autonomous-stack-sdc/install/sensorfusion:/home/beam/wa/install/eufs_launcher:/home/beam/wa/install/eufs_tracks:/home/beam/wa/install/eufs_rqt:/home/beam/wa/install/eufs_racecar:/opt/ros/humble /usr/bin/cmake --build /home/beam/autonomous-stack-sdc/build/control -- -j16 -l16
[17.814s] Invoking command in '/home/beam/autonomous-stack-sdc/build/control': CMAKE_PREFIX_PATH=${CMAKE_PREFIX_PATH}:/home/beam/autonomous-stack-sdc/install/yolo_ros:/home/beam/autonomous-stack-sdc/install/sensorfusion:/home/beam/wa/install/eufs_launcher:/home/beam/wa/install/eufs_tracks:/home/beam/wa/install/eufs_rqt:/home/beam/wa/install/eufs_racecar:/opt/ros/humble /usr/bin/cmake --install /home/beam/autonomous-stack-sdc/build/control
[17.822s] -- Install configuration: ""
[17.822s] -- Installing: /home/beam/autonomous-stack-sdc/install/control/lib/control/pid
[17.827s] -- Set runtime path of "/home/beam/autonomous-stack-sdc/install/control/lib/control/pid" to ""
[17.828s] -- Installing: /home/beam/autonomous-stack-sdc/install/control/share/control//launch
[17.828s] -- Installing: /home/beam/autonomous-stack-sdc/install/control/share/control//launch/pid.launch.py
[17.828s] -- Installing: /home/beam/autonomous-stack-sdc/install/control/share/control//config
[17.828s] -- Installing: /home/beam/autonomous-stack-sdc/install/control/share/control//config/pid_params.yaml
[17.829s] -- Installing: /home/beam/autonomous-stack-sdc/install/control/share/ament_index/resource_index/package_run_dependencies/control
[17.830s] -- Installing: /home/beam/autonomous-stack-sdc/install/control/share/ament_index/resource_index/parent_prefix_path/control
[17.830s] -- Installing: /home/beam/autonomous-stack-sdc/install/control/share/control/environment/ament_prefix_path.sh
[17.831s] -- Installing: /home/beam/autonomous-stack-sdc/install/control/share/control/environment/ament_prefix_path.dsv
[17.832s] -- Installing: /home/beam/autonomous-stack-sdc/install/control/share/control/environment/path.sh
[17.832s] -- Installing: /home/beam/autonomous-stack-sdc/install/control/share/control/environment/path.dsv
[17.832s] -- Installing: /home/beam/autonomous-stack-sdc/install/control/share/control/local_setup.bash
[17.833s] -- Installing: /home/beam/autonomous-stack-sdc/install/control/share/control/local_setup.sh
[17.833s] -- Installing: /home/beam/autonomous-stack-sdc/install/control/share/control/local_setup.zsh
[17.833s] -- Installing: /home/beam/autonomous-stack-sdc/install/control/share/control/local_setup.dsv
[17.834s] -- Installing: /home/beam/autonomous-stack-sdc/install/control/share/control/package.dsv
[17.834s] -- Installing: /home/beam/autonomous-stack-sdc/install/control/share/ament_index/resource_index/packages/control
[17.834s] -- Installing: /home/beam/autonomous-stack-sdc/install/control/share/control/cmake/controlConfig.cmake
[17.835s] -- Installing: /home/beam/autonomous-stack-sdc/install/control/share/control/cmake/controlConfig-version.cmake
[17.835s] -- Installing: /home/beam/autonomous-stack-sdc/install/control/share/control/package.xml
[17.840s] Invoked command in '/home/beam/autonomous-stack-sdc/build/control' returned '0': CMAKE_PREFIX_PATH=${CMAKE_PREFIX_PATH}:/home/beam/autonomous-stack-sdc/install/yolo_ros:/home/beam/autonomous-stack-sdc/install/sensorfusion:/home/beam/wa/install/eufs_launcher:/home/beam/wa/install/eufs_tracks:/home/beam/wa/install/eufs_rqt:/home/beam/wa/install/eufs_racecar:/opt/ros/humble /usr/bin/cmake --install /home/beam/autonomous-stack-sdc/build/control
