[0.072s] Invoking command in '/home/beam/autonomous-stack-sdc/build/mapping1': CMAKE_PREFIX_PATH=/home/beam/autonomous-stack-sdc/install/sdc_msgs:/home/beam/autonomous-stack-sdc/install/yolo_bringup:/home/beam/autonomous-stack-sdc/install/yolo_msgs:/home/beam/autonomous-stack-sdc/install/path_planning1:/home/beam/autonomous-stack-sdc/install/mapping1:/home/beam/autonomous-stack-sdc/install/ground_removal:/home/beam/autonomous-stack-sdc/install/clustering:/home/beam/autonomous-stack-sdc/install/odometry:/home/beam/autonomous-stack-sdc/install/control:/home/beam/lidar_ws/install/rslidar_sdk:/home/beam/lidar_ws/install/rslidar_msg:/home/beam/wa/install/eufs_sensors:/home/beam/wa/install/eufs_plugins:/home/beam/wa/install/eufs_models:/home/beam/wa/install/eufs_msgs:/home/beam/autonomous-stack-sdc/install/yolo_ros:/home/beam/autonomous-stack-sdc/install/sensorfusion:/home/beam/wa/install/eufs_launcher:/home/beam/wa/install/eufs_tracks:/home/beam/wa/install/eufs_rqt:/home/beam/wa/install/eufs_racecar:/opt/ros/humble LD_LIBRARY_PATH=/home/beam/autonomous-stack-sdc/install/sdc_msgs/lib:/home/beam/autonomous-stack-sdc/install/yolo_msgs/lib:/home/beam/lidar_ws/install/rslidar_msg/lib:/home/beam/wa/install/eufs_plugins/lib:/home/beam/wa/install/eufs_models/lib:/home/beam/wa/install/eufs_msgs/lib:/usr/lib/x86_64-linux-gnu/gazebo-11/plugins:/opt/ros/humble/opt/rviz_ogre_vendor/lib:/opt/ros/humble/lib/x86_64-linux-gnu:/opt/ros/humble/lib /usr/bin/cmake /home/beam/autonomous-stack-sdc/slam/core/mapping1 -DCMAKE_INSTALL_PREFIX=/home/beam/autonomous-stack-sdc/install/mapping1
[0.206s] -- The C compiler identification is GNU 11.4.0
[0.350s] -- The CXX compiler identification is GNU 11.4.0
[0.360s] -- Detecting C compiler ABI info
[0.707s] -- Detecting C compiler ABI info - done
[0.736s] -- Check for working C compiler: /usr/bin/cc - skipped
[0.740s] -- Detecting C compile features
[0.743s] -- Detecting C compile features - done
[0.774s] -- Detecting CXX compiler ABI info
[1.093s] -- Detecting CXX compiler ABI info - done
[1.138s] -- Check for working CXX compiler: /usr/bin/c++ - skipped
[1.138s] -- Detecting CXX compile features
[1.139s] -- Detecting CXX compile features - done
[1.162s] -- Found ament_cmake: 1.3.12 (/opt/ros/humble/share/ament_cmake/cmake)
[1.706s] -- Found Python3: /usr/bin/python3 (found version "3.10.12") found components: Interpreter 
[1.984s] -- Found rclcpp: 16.0.16 (/opt/ros/humble/share/rclcpp/cmake)
[2.057s] -- Found rosidl_generator_c: 3.1.7 (/opt/ros/humble/share/rosidl_generator_c/cmake)
[2.065s] -- Found rosidl_adapter: 3.1.7 (/opt/ros/humble/share/rosidl_adapter/cmake)
[2.076s] -- Found rosidl_generator_cpp: 3.1.7 (/opt/ros/humble/share/rosidl_generator_cpp/cmake)
[2.090s] -- Using all available rosidl_typesupport_c: rosidl_typesupport_fastrtps_c;rosidl_typesupport_introspection_c
[2.110s] -- Using all available rosidl_typesupport_cpp: rosidl_typesupport_fastrtps_cpp;rosidl_typesupport_introspection_cpp
[2.163s] -- Found rmw_implementation_cmake: 6.1.2 (/opt/ros/humble/share/rmw_implementation_cmake/cmake)
[2.167s] -- Found rmw_fastrtps_cpp: 6.2.9 (/opt/ros/humble/share/rmw_fastrtps_cpp/cmake)
[2.269s] -- Found OpenSSL: /usr/lib/x86_64-linux-gnu/libcrypto.so (found version "3.0.2")  
[2.302s] -- Found FastRTPS: /opt/ros/humble/include  
[2.352s] -- Using RMW implementation 'rmw_fastrtps_cpp' as default
[2.362s] -- Looking for pthread.h
[2.449s] -- Looking for pthread.h - found
[2.449s] -- Performing Test CMAKE_HAVE_LIBC_PTHREAD
[2.539s] -- Performing Test CMAKE_HAVE_LIBC_PTHREAD - Success
[2.540s] -- Found Threads: TRUE  
[2.605s] -- Found nav_msgs: 4.9.0 (/opt/ros/humble/share/nav_msgs/cmake)
[2.638s] -- Found visualization_msgs: 4.9.0 (/opt/ros/humble/share/visualization_msgs/cmake)
[2.675s] -- Found tf2: 0.25.17 (/opt/ros/humble/share/tf2/cmake)
[2.693s] -- Found tf2_ros: 0.25.17 (/opt/ros/humble/share/tf2_ros/cmake)
[2.782s] -- Found sdc_msgs: 0.0.0 (/home/beam/autonomous-stack-sdc/install/sdc_msgs/share/sdc_msgs/cmake)
[2.794s] -- Found eufs_msgs: 2.0.0 (/home/beam/wa/install/eufs_msgs/share/eufs_msgs/cmake)
[2.823s] -- Found ament_lint_auto: 0.12.14 (/opt/ros/humble/share/ament_lint_auto/cmake)
[2.929s] -- Added test 'cppcheck' to perform static code analysis on C / C++ code
[2.930s] -- Configured cppcheck include dirs: 
[2.930s] -- Configured cppcheck exclude dirs and/or files: 
[2.931s] -- Added test 'flake8' to check Python code syntax and style conventions
[2.932s] -- Added test 'lint_cmake' to check CMake code style
[2.933s] -- Added test 'pep257' to check Python code against some of the docstring style conventions in PEP 257
[2.935s] -- Added test 'uncrustify' to check C / C++ code style
[2.935s] -- Configured uncrustify additional arguments: 
[2.936s] -- Added test 'xmllint' to check XML markup files
[2.938s] -- Configuring done
[2.962s] -- Generating done
[2.970s] -- Build files have been written to: /home/beam/autonomous-stack-sdc/build/mapping1
[2.991s] Invoked command in '/home/beam/autonomous-stack-sdc/build/mapping1' returned '0': CMAKE_PREFIX_PATH=/home/beam/autonomous-stack-sdc/install/sdc_msgs:/home/beam/autonomous-stack-sdc/install/yolo_bringup:/home/beam/autonomous-stack-sdc/install/yolo_msgs:/home/beam/autonomous-stack-sdc/install/path_planning1:/home/beam/autonomous-stack-sdc/install/mapping1:/home/beam/autonomous-stack-sdc/install/ground_removal:/home/beam/autonomous-stack-sdc/install/clustering:/home/beam/autonomous-stack-sdc/install/odometry:/home/beam/autonomous-stack-sdc/install/control:/home/beam/lidar_ws/install/rslidar_sdk:/home/beam/lidar_ws/install/rslidar_msg:/home/beam/wa/install/eufs_sensors:/home/beam/wa/install/eufs_plugins:/home/beam/wa/install/eufs_models:/home/beam/wa/install/eufs_msgs:/home/beam/autonomous-stack-sdc/install/yolo_ros:/home/beam/autonomous-stack-sdc/install/sensorfusion:/home/beam/wa/install/eufs_launcher:/home/beam/wa/install/eufs_tracks:/home/beam/wa/install/eufs_rqt:/home/beam/wa/install/eufs_racecar:/opt/ros/humble LD_LIBRARY_PATH=/home/beam/autonomous-stack-sdc/install/sdc_msgs/lib:/home/beam/autonomous-stack-sdc/install/yolo_msgs/lib:/home/beam/lidar_ws/install/rslidar_msg/lib:/home/beam/wa/install/eufs_plugins/lib:/home/beam/wa/install/eufs_models/lib:/home/beam/wa/install/eufs_msgs/lib:/usr/lib/x86_64-linux-gnu/gazebo-11/plugins:/opt/ros/humble/opt/rviz_ogre_vendor/lib:/opt/ros/humble/lib/x86_64-linux-gnu:/opt/ros/humble/lib /usr/bin/cmake /home/beam/autonomous-stack-sdc/slam/core/mapping1 -DCMAKE_INSTALL_PREFIX=/home/beam/autonomous-stack-sdc/install/mapping1
[2.993s] Invoking command in '/home/beam/autonomous-stack-sdc/build/mapping1': CMAKE_PREFIX_PATH=/home/beam/autonomous-stack-sdc/install/sdc_msgs:/home/beam/autonomous-stack-sdc/install/yolo_bringup:/home/beam/autonomous-stack-sdc/install/yolo_msgs:/home/beam/autonomous-stack-sdc/install/path_planning1:/home/beam/autonomous-stack-sdc/install/mapping1:/home/beam/autonomous-stack-sdc/install/ground_removal:/home/beam/autonomous-stack-sdc/install/clustering:/home/beam/autonomous-stack-sdc/install/odometry:/home/beam/autonomous-stack-sdc/install/control:/home/beam/lidar_ws/install/rslidar_sdk:/home/beam/lidar_ws/install/rslidar_msg:/home/beam/wa/install/eufs_sensors:/home/beam/wa/install/eufs_plugins:/home/beam/wa/install/eufs_models:/home/beam/wa/install/eufs_msgs:/home/beam/autonomous-stack-sdc/install/yolo_ros:/home/beam/autonomous-stack-sdc/install/sensorfusion:/home/beam/wa/install/eufs_launcher:/home/beam/wa/install/eufs_tracks:/home/beam/wa/install/eufs_rqt:/home/beam/wa/install/eufs_racecar:/opt/ros/humble LD_LIBRARY_PATH=/home/beam/autonomous-stack-sdc/install/sdc_msgs/lib:/home/beam/autonomous-stack-sdc/install/yolo_msgs/lib:/home/beam/lidar_ws/install/rslidar_msg/lib:/home/beam/wa/install/eufs_plugins/lib:/home/beam/wa/install/eufs_models/lib:/home/beam/wa/install/eufs_msgs/lib:/usr/lib/x86_64-linux-gnu/gazebo-11/plugins:/opt/ros/humble/opt/rviz_ogre_vendor/lib:/opt/ros/humble/lib/x86_64-linux-gnu:/opt/ros/humble/lib /usr/bin/cmake --build /home/beam/autonomous-stack-sdc/build/mapping1 -- -j16 -l16
[3.061s] [ 50%] [32mBuilding CXX object CMakeFiles/colorMapping.dir/src/colorMapping.cpp.o[0m
[3.062s] [ 50%] [32mBuilding CXX object CMakeFiles/coloredMapping.dir/src/coloredMapping.cpp.o[0m
[17.189s] [ 75%] [32m[1mLinking CXX executable colorMapping[0m
[18.524s] [ 75%] Built target colorMapping
[24.892s] [100%] [32m[1mLinking CXX executable coloredMapping[0m
[25.902s] [100%] Built target coloredMapping
[25.915s] Invoked command in '/home/beam/autonomous-stack-sdc/build/mapping1' returned '0': CMAKE_PREFIX_PATH=/home/beam/autonomous-stack-sdc/install/sdc_msgs:/home/beam/autonomous-stack-sdc/install/yolo_bringup:/home/beam/autonomous-stack-sdc/install/yolo_msgs:/home/beam/autonomous-stack-sdc/install/path_planning1:/home/beam/autonomous-stack-sdc/install/mapping1:/home/beam/autonomous-stack-sdc/install/ground_removal:/home/beam/autonomous-stack-sdc/install/clustering:/home/beam/autonomous-stack-sdc/install/odometry:/home/beam/autonomous-stack-sdc/install/control:/home/beam/lidar_ws/install/rslidar_sdk:/home/beam/lidar_ws/install/rslidar_msg:/home/beam/wa/install/eufs_sensors:/home/beam/wa/install/eufs_plugins:/home/beam/wa/install/eufs_models:/home/beam/wa/install/eufs_msgs:/home/beam/autonomous-stack-sdc/install/yolo_ros:/home/beam/autonomous-stack-sdc/install/sensorfusion:/home/beam/wa/install/eufs_launcher:/home/beam/wa/install/eufs_tracks:/home/beam/wa/install/eufs_rqt:/home/beam/wa/install/eufs_racecar:/opt/ros/humble LD_LIBRARY_PATH=/home/beam/autonomous-stack-sdc/install/sdc_msgs/lib:/home/beam/autonomous-stack-sdc/install/yolo_msgs/lib:/home/beam/lidar_ws/install/rslidar_msg/lib:/home/beam/wa/install/eufs_plugins/lib:/home/beam/wa/install/eufs_models/lib:/home/beam/wa/install/eufs_msgs/lib:/usr/lib/x86_64-linux-gnu/gazebo-11/plugins:/opt/ros/humble/opt/rviz_ogre_vendor/lib:/opt/ros/humble/lib/x86_64-linux-gnu:/opt/ros/humble/lib /usr/bin/cmake --build /home/beam/autonomous-stack-sdc/build/mapping1 -- -j16 -l16
[25.917s] Invoking command in '/home/beam/autonomous-stack-sdc/build/mapping1': CMAKE_PREFIX_PATH=/home/beam/autonomous-stack-sdc/install/sdc_msgs:/home/beam/autonomous-stack-sdc/install/yolo_bringup:/home/beam/autonomous-stack-sdc/install/yolo_msgs:/home/beam/autonomous-stack-sdc/install/path_planning1:/home/beam/autonomous-stack-sdc/install/mapping1:/home/beam/autonomous-stack-sdc/install/ground_removal:/home/beam/autonomous-stack-sdc/install/clustering:/home/beam/autonomous-stack-sdc/install/odometry:/home/beam/autonomous-stack-sdc/install/control:/home/beam/lidar_ws/install/rslidar_sdk:/home/beam/lidar_ws/install/rslidar_msg:/home/beam/wa/install/eufs_sensors:/home/beam/wa/install/eufs_plugins:/home/beam/wa/install/eufs_models:/home/beam/wa/install/eufs_msgs:/home/beam/autonomous-stack-sdc/install/yolo_ros:/home/beam/autonomous-stack-sdc/install/sensorfusion:/home/beam/wa/install/eufs_launcher:/home/beam/wa/install/eufs_tracks:/home/beam/wa/install/eufs_rqt:/home/beam/wa/install/eufs_racecar:/opt/ros/humble LD_LIBRARY_PATH=/home/beam/autonomous-stack-sdc/install/sdc_msgs/lib:/home/beam/autonomous-stack-sdc/install/yolo_msgs/lib:/home/beam/lidar_ws/install/rslidar_msg/lib:/home/beam/wa/install/eufs_plugins/lib:/home/beam/wa/install/eufs_models/lib:/home/beam/wa/install/eufs_msgs/lib:/usr/lib/x86_64-linux-gnu/gazebo-11/plugins:/opt/ros/humble/opt/rviz_ogre_vendor/lib:/opt/ros/humble/lib/x86_64-linux-gnu:/opt/ros/humble/lib /usr/bin/cmake --install /home/beam/autonomous-stack-sdc/build/mapping1
[25.926s] -- Install configuration: ""
[25.927s] -- Installing: /home/beam/autonomous-stack-sdc/install/mapping1/lib/mapping1/coloredMapping
[25.933s] -- Set runtime path of "/home/beam/autonomous-stack-sdc/install/mapping1/lib/mapping1/coloredMapping" to ""
[25.934s] -- Installing: /home/beam/autonomous-stack-sdc/install/mapping1/lib/mapping1/colorMapping
[25.937s] -- Set runtime path of "/home/beam/autonomous-stack-sdc/install/mapping1/lib/mapping1/colorMapping" to ""
[25.937s] -- Installing: /home/beam/autonomous-stack-sdc/install/mapping1/share/mapping1//launch
[25.938s] -- Installing: /home/beam/autonomous-stack-sdc/install/mapping1/share/mapping1//launch/.vscode
[25.938s] -- Installing: /home/beam/autonomous-stack-sdc/install/mapping1/share/mapping1//launch/.vscode/settings.json
[25.938s] -- Installing: /home/beam/autonomous-stack-sdc/install/mapping1/share/mapping1//launch/.vscode/c_cpp_properties.json
[25.939s] -- Installing: /home/beam/autonomous-stack-sdc/install/mapping1/share/mapping1//launch/simpleMapping.launch.py
[25.939s] -- Installing: /home/beam/autonomous-stack-sdc/install/mapping1/share/mapping1//launch/colorMapping.launch.py
[25.939s] -- Installing: /home/beam/autonomous-stack-sdc/install/mapping1/share/mapping1//config
[25.939s] -- Installing: /home/beam/autonomous-stack-sdc/install/mapping1/share/mapping1//config/simpleMapping_params.yaml
[25.940s] -- Installing: /home/beam/autonomous-stack-sdc/install/mapping1/share/mapping1//config/colorMapping_params.yaml
[25.940s] -- Installing: /home/beam/autonomous-stack-sdc/install/mapping1/share/ament_index/resource_index/package_run_dependencies/mapping1
[25.940s] -- Installing: /home/beam/autonomous-stack-sdc/install/mapping1/share/ament_index/resource_index/parent_prefix_path/mapping1
[25.940s] -- Installing: /home/beam/autonomous-stack-sdc/install/mapping1/share/mapping1/environment/ament_prefix_path.sh
[25.940s] -- Installing: /home/beam/autonomous-stack-sdc/install/mapping1/share/mapping1/environment/ament_prefix_path.dsv
[25.941s] -- Installing: /home/beam/autonomous-stack-sdc/install/mapping1/share/mapping1/environment/path.sh
[25.941s] -- Installing: /home/beam/autonomous-stack-sdc/install/mapping1/share/mapping1/environment/path.dsv
[25.941s] -- Installing: /home/beam/autonomous-stack-sdc/install/mapping1/share/mapping1/local_setup.bash
[25.941s] -- Installing: /home/beam/autonomous-stack-sdc/install/mapping1/share/mapping1/local_setup.sh
[25.941s] -- Installing: /home/beam/autonomous-stack-sdc/install/mapping1/share/mapping1/local_setup.zsh
[25.941s] -- Installing: /home/beam/autonomous-stack-sdc/install/mapping1/share/mapping1/local_setup.dsv
[25.941s] -- Installing: /home/beam/autonomous-stack-sdc/install/mapping1/share/mapping1/package.dsv
[25.942s] -- Installing: /home/beam/autonomous-stack-sdc/install/mapping1/share/ament_index/resource_index/packages/mapping1
[25.942s] -- Installing: /home/beam/autonomous-stack-sdc/install/mapping1/share/mapping1/cmake/mapping1Config.cmake
[25.942s] -- Installing: /home/beam/autonomous-stack-sdc/install/mapping1/share/mapping1/cmake/mapping1Config-version.cmake
[25.942s] -- Installing: /home/beam/autonomous-stack-sdc/install/mapping1/share/mapping1/package.xml
[25.945s] Invoked command in '/home/beam/autonomous-stack-sdc/build/mapping1' returned '0': CMAKE_PREFIX_PATH=/home/beam/autonomous-stack-sdc/install/sdc_msgs:/home/beam/autonomous-stack-sdc/install/yolo_bringup:/home/beam/autonomous-stack-sdc/install/yolo_msgs:/home/beam/autonomous-stack-sdc/install/path_planning1:/home/beam/autonomous-stack-sdc/install/mapping1:/home/beam/autonomous-stack-sdc/install/ground_removal:/home/beam/autonomous-stack-sdc/install/clustering:/home/beam/autonomous-stack-sdc/install/odometry:/home/beam/autonomous-stack-sdc/install/control:/home/beam/lidar_ws/install/rslidar_sdk:/home/beam/lidar_ws/install/rslidar_msg:/home/beam/wa/install/eufs_sensors:/home/beam/wa/install/eufs_plugins:/home/beam/wa/install/eufs_models:/home/beam/wa/install/eufs_msgs:/home/beam/autonomous-stack-sdc/install/yolo_ros:/home/beam/autonomous-stack-sdc/install/sensorfusion:/home/beam/wa/install/eufs_launcher:/home/beam/wa/install/eufs_tracks:/home/beam/wa/install/eufs_rqt:/home/beam/wa/install/eufs_racecar:/opt/ros/humble LD_LIBRARY_PATH=/home/beam/autonomous-stack-sdc/install/sdc_msgs/lib:/home/beam/autonomous-stack-sdc/install/yolo_msgs/lib:/home/beam/lidar_ws/install/rslidar_msg/lib:/home/beam/wa/install/eufs_plugins/lib:/home/beam/wa/install/eufs_models/lib:/home/beam/wa/install/eufs_msgs/lib:/usr/lib/x86_64-linux-gnu/gazebo-11/plugins:/opt/ros/humble/opt/rviz_ogre_vendor/lib:/opt/ros/humble/lib/x86_64-linux-gnu:/opt/ros/humble/lib /usr/bin/cmake --install /home/beam/autonomous-stack-sdc/build/mapping1
