[0.082s] Invoking command in '/home/beam/autonomous-stack-sdc/build/path_planning1': CMAKE_PREFIX_PATH=/home/beam/autonomous-stack-sdc/install/sdc_msgs:/home/beam/lidar_ws/install/rslidar_sdk:/home/beam/lidar_ws/install/rslidar_msg:/home/beam/autonomous-stack-sdc/install/yolo_bringup:/home/beam/autonomous-stack-sdc/install/yolo_msgs:/home/beam/autonomous-stack-sdc/install/path_planning1:/home/beam/autonomous-stack-sdc/install/mapping1:/home/beam/autonomous-stack-sdc/install/ground_removal:/home/beam/autonomous-stack-sdc/install/clustering:/home/beam/autonomous-stack-sdc/install/odometry:/home/beam/autonomous-stack-sdc/install/control:/home/beam/wa/install/eufs_sensors:/home/beam/wa/install/eufs_plugins:/home/beam/wa/install/eufs_models:/home/beam/wa/install/eufs_msgs:/home/beam/autonomous-stack-sdc/install/yolo_ros:/home/beam/autonomous-stack-sdc/install/sensorfusion:/home/beam/wa/install/eufs_launcher:/home/beam/wa/install/eufs_tracks:/home/beam/wa/install/eufs_rqt:/home/beam/wa/install/eufs_racecar:/opt/ros/humble LD_LIBRARY_PATH=/home/beam/autonomous-stack-sdc/install/sdc_msgs/lib:/home/beam/lidar_ws/install/rslidar_msg/lib:/home/beam/autonomous-stack-sdc/install/yolo_msgs/lib:/home/beam/wa/install/eufs_plugins/lib:/home/beam/wa/install/eufs_models/lib:/home/beam/wa/install/eufs_msgs/lib:/usr/lib/x86_64-linux-gnu/gazebo-11/plugins:/opt/ros/humble/opt/rviz_ogre_vendor/lib:/opt/ros/humble/lib/x86_64-linux-gnu:/opt/ros/humble/lib /usr/bin/cmake --build /home/beam/autonomous-stack-sdc/build/path_planning1 -- -j16 -l16
[0.214s] [ 25%] Built target coneLineViz
[0.219s] [ 50%] Built target midPointErrorPropogator
[0.220s] [ 75%] Built target midPoint
[0.225s] [100%] Built target midPointColored
[2.010s] Invoked command in '/home/beam/autonomous-stack-sdc/build/path_planning1' returned '0': CMAKE_PREFIX_PATH=/home/beam/autonomous-stack-sdc/install/sdc_msgs:/home/beam/lidar_ws/install/rslidar_sdk:/home/beam/lidar_ws/install/rslidar_msg:/home/beam/autonomous-stack-sdc/install/yolo_bringup:/home/beam/autonomous-stack-sdc/install/yolo_msgs:/home/beam/autonomous-stack-sdc/install/path_planning1:/home/beam/autonomous-stack-sdc/install/mapping1:/home/beam/autonomous-stack-sdc/install/ground_removal:/home/beam/autonomous-stack-sdc/install/clustering:/home/beam/autonomous-stack-sdc/install/odometry:/home/beam/autonomous-stack-sdc/install/control:/home/beam/wa/install/eufs_sensors:/home/beam/wa/install/eufs_plugins:/home/beam/wa/install/eufs_models:/home/beam/wa/install/eufs_msgs:/home/beam/autonomous-stack-sdc/install/yolo_ros:/home/beam/autonomous-stack-sdc/install/sensorfusion:/home/beam/wa/install/eufs_launcher:/home/beam/wa/install/eufs_tracks:/home/beam/wa/install/eufs_rqt:/home/beam/wa/install/eufs_racecar:/opt/ros/humble LD_LIBRARY_PATH=/home/beam/autonomous-stack-sdc/install/sdc_msgs/lib:/home/beam/lidar_ws/install/rslidar_msg/lib:/home/beam/autonomous-stack-sdc/install/yolo_msgs/lib:/home/beam/wa/install/eufs_plugins/lib:/home/beam/wa/install/eufs_models/lib:/home/beam/wa/install/eufs_msgs/lib:/usr/lib/x86_64-linux-gnu/gazebo-11/plugins:/opt/ros/humble/opt/rviz_ogre_vendor/lib:/opt/ros/humble/lib/x86_64-linux-gnu:/opt/ros/humble/lib /usr/bin/cmake --build /home/beam/autonomous-stack-sdc/build/path_planning1 -- -j16 -l16
[2.013s] Invoking command in '/home/beam/autonomous-stack-sdc/build/path_planning1': CMAKE_PREFIX_PATH=/home/beam/autonomous-stack-sdc/install/sdc_msgs:/home/beam/lidar_ws/install/rslidar_sdk:/home/beam/lidar_ws/install/rslidar_msg:/home/beam/autonomous-stack-sdc/install/yolo_bringup:/home/beam/autonomous-stack-sdc/install/yolo_msgs:/home/beam/autonomous-stack-sdc/install/path_planning1:/home/beam/autonomous-stack-sdc/install/mapping1:/home/beam/autonomous-stack-sdc/install/ground_removal:/home/beam/autonomous-stack-sdc/install/clustering:/home/beam/autonomous-stack-sdc/install/odometry:/home/beam/autonomous-stack-sdc/install/control:/home/beam/wa/install/eufs_sensors:/home/beam/wa/install/eufs_plugins:/home/beam/wa/install/eufs_models:/home/beam/wa/install/eufs_msgs:/home/beam/autonomous-stack-sdc/install/yolo_ros:/home/beam/autonomous-stack-sdc/install/sensorfusion:/home/beam/wa/install/eufs_launcher:/home/beam/wa/install/eufs_tracks:/home/beam/wa/install/eufs_rqt:/home/beam/wa/install/eufs_racecar:/opt/ros/humble LD_LIBRARY_PATH=/home/beam/autonomous-stack-sdc/install/sdc_msgs/lib:/home/beam/lidar_ws/install/rslidar_msg/lib:/home/beam/autonomous-stack-sdc/install/yolo_msgs/lib:/home/beam/wa/install/eufs_plugins/lib:/home/beam/wa/install/eufs_models/lib:/home/beam/wa/install/eufs_msgs/lib:/usr/lib/x86_64-linux-gnu/gazebo-11/plugins:/opt/ros/humble/opt/rviz_ogre_vendor/lib:/opt/ros/humble/lib/x86_64-linux-gnu:/opt/ros/humble/lib /usr/bin/cmake --install /home/beam/autonomous-stack-sdc/build/path_planning1
[2.027s] -- Install configuration: ""
[2.029s] -- Up-to-date: /home/beam/autonomous-stack-sdc/install/path_planning1/lib/path_planning1/midPoint
[2.031s] -- Up-to-date: /home/beam/autonomous-stack-sdc/install/path_planning1/lib/path_planning1/midPointColored
[2.033s] -- Up-to-date: /home/beam/autonomous-stack-sdc/install/path_planning1/lib/path_planning1/midPointErrorPropogator
[2.034s] -- Up-to-date: /home/beam/autonomous-stack-sdc/install/path_planning1/share/path_planning1//launch
[2.034s] -- Up-to-date: /home/beam/autonomous-stack-sdc/install/path_planning1/share/path_planning1//launch/.vscode
[2.034s] -- Up-to-date: /home/beam/autonomous-stack-sdc/install/path_planning1/share/path_planning1//launch/.vscode/settings.json
[2.034s] -- Up-to-date: /home/beam/autonomous-stack-sdc/install/path_planning1/share/path_planning1//launch/.vscode/c_cpp_properties.json
[2.034s] -- Up-to-date: /home/beam/autonomous-stack-sdc/install/path_planning1/share/path_planning1//launch/midPointColored.launch.py
[2.034s] -- Up-to-date: /home/beam/autonomous-stack-sdc/install/path_planning1/share/path_planning1//launch/midPoint.launch.py
[2.034s] -- Up-to-date: /home/beam/autonomous-stack-sdc/install/path_planning1/share/path_planning1//launch/midPointErrorPropogator.launch.py
[2.034s] -- Up-to-date: /home/beam/autonomous-stack-sdc/install/path_planning1/share/path_planning1//config
[2.034s] -- Up-to-date: /home/beam/autonomous-stack-sdc/install/path_planning1/share/path_planning1//config/midPointErrorPropogator_params.yaml
[2.034s] -- Up-to-date: /home/beam/autonomous-stack-sdc/install/path_planning1/share/path_planning1//config/midPoint_params.yaml
[2.034s] -- Up-to-date: /home/beam/autonomous-stack-sdc/install/path_planning1/share/path_planning1//config/midPointColored_params.yaml
[2.035s] -- Up-to-date: /home/beam/autonomous-stack-sdc/install/path_planning1/lib/path_planning1/coneLineViz
[2.035s] -- Up-to-date: /home/beam/autonomous-stack-sdc/install/path_planning1/lib/path_planning1/midPointOriginal.py
[2.036s] -- Up-to-date: /home/beam/autonomous-stack-sdc/install/path_planning1/share/ament_index/resource_index/package_run_dependencies/path_planning1
[2.036s] -- Up-to-date: /home/beam/autonomous-stack-sdc/install/path_planning1/share/ament_index/resource_index/parent_prefix_path/path_planning1
[2.036s] -- Up-to-date: /home/beam/autonomous-stack-sdc/install/path_planning1/share/path_planning1/environment/ament_prefix_path.sh
[2.036s] -- Up-to-date: /home/beam/autonomous-stack-sdc/install/path_planning1/share/path_planning1/environment/ament_prefix_path.dsv
[2.036s] -- Up-to-date: /home/beam/autonomous-stack-sdc/install/path_planning1/share/path_planning1/environment/path.sh
[2.036s] -- Up-to-date: /home/beam/autonomous-stack-sdc/install/path_planning1/share/path_planning1/environment/path.dsv
[2.036s] -- Up-to-date: /home/beam/autonomous-stack-sdc/install/path_planning1/share/path_planning1/local_setup.bash
[2.036s] -- Up-to-date: /home/beam/autonomous-stack-sdc/install/path_planning1/share/path_planning1/local_setup.sh
[2.037s] -- Up-to-date: /home/beam/autonomous-stack-sdc/install/path_planning1/share/path_planning1/local_setup.zsh
[2.037s] -- Up-to-date: /home/beam/autonomous-stack-sdc/install/path_planning1/share/path_planning1/local_setup.dsv
[2.037s] -- Installing: /home/beam/autonomous-stack-sdc/install/path_planning1/share/path_planning1/package.dsv
[2.037s] -- Up-to-date: /home/beam/autonomous-stack-sdc/install/path_planning1/share/ament_index/resource_index/packages/path_planning1
[2.037s] -- Up-to-date: /home/beam/autonomous-stack-sdc/install/path_planning1/share/path_planning1/cmake/path_planning1Config.cmake
[2.037s] -- Up-to-date: /home/beam/autonomous-stack-sdc/install/path_planning1/share/path_planning1/cmake/path_planning1Config-version.cmake
[2.037s] -- Up-to-date: /home/beam/autonomous-stack-sdc/install/path_planning1/share/path_planning1/package.xml
[2.103s] Invoked command in '/home/beam/autonomous-stack-sdc/build/path_planning1' returned '0': CMAKE_PREFIX_PATH=/home/beam/autonomous-stack-sdc/install/sdc_msgs:/home/beam/lidar_ws/install/rslidar_sdk:/home/beam/lidar_ws/install/rslidar_msg:/home/beam/autonomous-stack-sdc/install/yolo_bringup:/home/beam/autonomous-stack-sdc/install/yolo_msgs:/home/beam/autonomous-stack-sdc/install/path_planning1:/home/beam/autonomous-stack-sdc/install/mapping1:/home/beam/autonomous-stack-sdc/install/ground_removal:/home/beam/autonomous-stack-sdc/install/clustering:/home/beam/autonomous-stack-sdc/install/odometry:/home/beam/autonomous-stack-sdc/install/control:/home/beam/wa/install/eufs_sensors:/home/beam/wa/install/eufs_plugins:/home/beam/wa/install/eufs_models:/home/beam/wa/install/eufs_msgs:/home/beam/autonomous-stack-sdc/install/yolo_ros:/home/beam/autonomous-stack-sdc/install/sensorfusion:/home/beam/wa/install/eufs_launcher:/home/beam/wa/install/eufs_tracks:/home/beam/wa/install/eufs_rqt:/home/beam/wa/install/eufs_racecar:/opt/ros/humble LD_LIBRARY_PATH=/home/beam/autonomous-stack-sdc/install/sdc_msgs/lib:/home/beam/lidar_ws/install/rslidar_msg/lib:/home/beam/autonomous-stack-sdc/install/yolo_msgs/lib:/home/beam/wa/install/eufs_plugins/lib:/home/beam/wa/install/eufs_models/lib:/home/beam/wa/install/eufs_msgs/lib:/usr/lib/x86_64-linux-gnu/gazebo-11/plugins:/opt/ros/humble/opt/rviz_ogre_vendor/lib:/opt/ros/humble/lib/x86_64-linux-gnu:/opt/ros/humble/lib /usr/bin/cmake --install /home/beam/autonomous-stack-sdc/build/path_planning1
