[2.144s] Invoking command in '/home/beam/autonomous-stack-sdc/perception/sensorfusion': CMAKE_PREFIX_PATH=/home/beam/autonomous-stack-sdc/install/yolo_msgs:/home/beam/autonomous-stack-sdc/install/sdc_msgs:/home/beam/autonomous-stack-sdc/install/yolo_bringup:/home/beam/autonomous-stack-sdc/install/path_planning1:/home/beam/autonomous-stack-sdc/install/mapping1:/home/beam/autonomous-stack-sdc/install/ground_removal:/home/beam/autonomous-stack-sdc/install/clustering:/home/beam/autonomous-stack-sdc/install/odometry:/home/beam/autonomous-stack-sdc/install/control:/home/beam/lidar_ws/install/rslidar_sdk:/home/beam/lidar_ws/install/rslidar_msg:/home/beam/wa/install/eufs_sensors:/home/beam/wa/install/eufs_plugins:/home/beam/wa/install/eufs_models:/home/beam/wa/install/eufs_msgs PYTHONPATH=/home/beam/autonomous-stack-sdc/build/sensorfusion/prefix_override:/usr/lib/python3/dist-packages/colcon_core/task/python/colcon_distutils_commands:/home/beam/autonomous-stack-sdc/install/sensorfusion/lib/python3.10/site-packages:${PYTHONPATH} /usr/bin/python3 -W ignore:setup.py install is deprecated -W ignore:easy_install command is deprecated setup.py egg_info --egg-base ../../build/sensorfusion build --build-base /home/beam/autonomous-stack-sdc/build/sensorfusion/build install --record /home/beam/autonomous-stack-sdc/build/sensorfusion/install.log --single-version-externally-managed install_data
[2.860s] running egg_info
[2.860s] creating ../../build/sensorfusion/sensorfusion.egg-info
[2.860s] writing ../../build/sensorfusion/sensorfusion.egg-info/PKG-INFO
[2.860s] writing dependency_links to ../../build/sensorfusion/sensorfusion.egg-info/dependency_links.txt
[2.860s] writing entry points to ../../build/sensorfusion/sensorfusion.egg-info/entry_points.txt
[2.861s] writing requirements to ../../build/sensorfusion/sensorfusion.egg-info/requires.txt
[2.861s] writing top-level names to ../../build/sensorfusion/sensorfusion.egg-info/top_level.txt
[2.863s] writing manifest file '../../build/sensorfusion/sensorfusion.egg-info/SOURCES.txt'
[2.868s] reading manifest file '../../build/sensorfusion/sensorfusion.egg-info/SOURCES.txt'
[2.868s] writing manifest file '../../build/sensorfusion/sensorfusion.egg-info/SOURCES.txt'
[2.869s] running build
[2.869s] running build_py
[2.878s] creating /home/beam/autonomous-stack-sdc/build/sensorfusion/build
[2.879s] creating /home/beam/autonomous-stack-sdc/build/sensorfusion/build/lib
[2.879s] creating /home/beam/autonomous-stack-sdc/build/sensorfusion/build/lib/sensorfusion
[2.879s] copying sensorfusion/__init__.py -> /home/beam/autonomous-stack-sdc/build/sensorfusion/build/lib/sensorfusion
[2.879s] creating /home/beam/autonomous-stack-sdc/build/sensorfusion/build/lib/sensorfusion/nodes
[2.882s] copying sensorfusion/nodes/fusion_node_old.py -> /home/beam/autonomous-stack-sdc/build/sensorfusion/build/lib/sensorfusion/nodes
[2.883s] copying sensorfusion/nodes/coord_to_arr.py -> /home/beam/autonomous-stack-sdc/build/sensorfusion/build/lib/sensorfusion/nodes
[2.883s] copying sensorfusion/nodes/debug_overlay.py -> /home/beam/autonomous-stack-sdc/build/sensorfusion/build/lib/sensorfusion/nodes
[2.883s] copying sensorfusion/nodes/fusion_test.py -> /home/beam/autonomous-stack-sdc/build/sensorfusion/build/lib/sensorfusion/nodes
[2.883s] copying sensorfusion/nodes/__init__.py -> /home/beam/autonomous-stack-sdc/build/sensorfusion/build/lib/sensorfusion/nodes
[2.884s] copying sensorfusion/nodes/fusion_node.py -> /home/beam/autonomous-stack-sdc/build/sensorfusion/build/lib/sensorfusion/nodes
[2.884s] running install
[2.884s] running install_lib
[2.884s] creating /home/beam/autonomous-stack-sdc/install/sensorfusion/lib/python3.10/site-packages/sensorfusion
[2.884s] creating /home/beam/autonomous-stack-sdc/install/sensorfusion/lib/python3.10/site-packages/sensorfusion/nodes
[2.888s] copying /home/beam/autonomous-stack-sdc/build/sensorfusion/build/lib/sensorfusion/nodes/fusion_node_old.py -> /home/beam/autonomous-stack-sdc/install/sensorfusion/lib/python3.10/site-packages/sensorfusion/nodes
[2.888s] copying /home/beam/autonomous-stack-sdc/build/sensorfusion/build/lib/sensorfusion/nodes/coord_to_arr.py -> /home/beam/autonomous-stack-sdc/install/sensorfusion/lib/python3.10/site-packages/sensorfusion/nodes
[2.888s] copying /home/beam/autonomous-stack-sdc/build/sensorfusion/build/lib/sensorfusion/nodes/debug_overlay.py -> /home/beam/autonomous-stack-sdc/install/sensorfusion/lib/python3.10/site-packages/sensorfusion/nodes
[2.888s] copying /home/beam/autonomous-stack-sdc/build/sensorfusion/build/lib/sensorfusion/nodes/fusion_test.py -> /home/beam/autonomous-stack-sdc/install/sensorfusion/lib/python3.10/site-packages/sensorfusion/nodes
[2.889s] copying /home/beam/autonomous-stack-sdc/build/sensorfusion/build/lib/sensorfusion/nodes/__init__.py -> /home/beam/autonomous-stack-sdc/install/sensorfusion/lib/python3.10/site-packages/sensorfusion/nodes
[2.889s] copying /home/beam/autonomous-stack-sdc/build/sensorfusion/build/lib/sensorfusion/nodes/fusion_node.py -> /home/beam/autonomous-stack-sdc/install/sensorfusion/lib/python3.10/site-packages/sensorfusion/nodes
[2.889s] copying /home/beam/autonomous-stack-sdc/build/sensorfusion/build/lib/sensorfusion/__init__.py -> /home/beam/autonomous-stack-sdc/install/sensorfusion/lib/python3.10/site-packages/sensorfusion
[2.889s] byte-compiling /home/beam/autonomous-stack-sdc/install/sensorfusion/lib/python3.10/site-packages/sensorfusion/nodes/fusion_node_old.py to fusion_node_old.cpython-310.pyc
[2.890s] byte-compiling /home/beam/autonomous-stack-sdc/install/sensorfusion/lib/python3.10/site-packages/sensorfusion/nodes/coord_to_arr.py to coord_to_arr.cpython-310.pyc
[2.893s] byte-compiling /home/beam/autonomous-stack-sdc/install/sensorfusion/lib/python3.10/site-packages/sensorfusion/nodes/debug_overlay.py to debug_overlay.cpython-310.pyc
[2.893s] byte-compiling /home/beam/autonomous-stack-sdc/install/sensorfusion/lib/python3.10/site-packages/sensorfusion/nodes/fusion_test.py to fusion_test.cpython-310.pyc
[2.895s] byte-compiling /home/beam/autonomous-stack-sdc/install/sensorfusion/lib/python3.10/site-packages/sensorfusion/nodes/__init__.py to __init__.cpython-310.pyc
[2.895s] byte-compiling /home/beam/autonomous-stack-sdc/install/sensorfusion/lib/python3.10/site-packages/sensorfusion/nodes/fusion_node.py to fusion_node.cpython-310.pyc
[2.901s] byte-compiling /home/beam/autonomous-stack-sdc/install/sensorfusion/lib/python3.10/site-packages/sensorfusion/__init__.py to __init__.cpython-310.pyc
[2.901s] running install_data
[2.902s] creating /home/beam/autonomous-stack-sdc/install/sensorfusion/share/ament_index
[2.902s] creating /home/beam/autonomous-stack-sdc/install/sensorfusion/share/ament_index/resource_index
[2.902s] creating /home/beam/autonomous-stack-sdc/install/sensorfusion/share/ament_index/resource_index/packages
[2.902s] copying resource/sensorfusion -> /home/beam/autonomous-stack-sdc/install/sensorfusion/share/ament_index/resource_index/packages
[2.902s] copying package.xml -> /home/beam/autonomous-stack-sdc/install/sensorfusion/share/sensorfusion
[2.903s] running install_egg_info
[2.904s] Copying ../../build/sensorfusion/sensorfusion.egg-info to /home/beam/autonomous-stack-sdc/install/sensorfusion/lib/python3.10/site-packages/sensorfusion-0.0.0-py3.10.egg-info
[2.908s] running install_scripts
[2.954s] Installing coord_to_arr script to /home/beam/autonomous-stack-sdc/install/sensorfusion/lib/sensorfusion
[2.955s] Installing debug_overlay script to /home/beam/autonomous-stack-sdc/install/sensorfusion/lib/sensorfusion
[2.955s] Installing fusion_test script to /home/beam/autonomous-stack-sdc/install/sensorfusion/lib/sensorfusion
[2.955s] Installing sensor_fusion_node script to /home/beam/autonomous-stack-sdc/install/sensorfusion/lib/sensorfusion
[2.955s] Installing sensor_fusion_node_old script to /home/beam/autonomous-stack-sdc/install/sensorfusion/lib/sensorfusion
[2.956s] writing list of installed files to '/home/beam/autonomous-stack-sdc/build/sensorfusion/install.log'
[3.078s] Invoked command in '/home/beam/autonomous-stack-sdc/perception/sensorfusion' returned '0': CMAKE_PREFIX_PATH=/home/beam/autonomous-stack-sdc/install/yolo_msgs:/home/beam/autonomous-stack-sdc/install/sdc_msgs:/home/beam/autonomous-stack-sdc/install/yolo_bringup:/home/beam/autonomous-stack-sdc/install/path_planning1:/home/beam/autonomous-stack-sdc/install/mapping1:/home/beam/autonomous-stack-sdc/install/ground_removal:/home/beam/autonomous-stack-sdc/install/clustering:/home/beam/autonomous-stack-sdc/install/odometry:/home/beam/autonomous-stack-sdc/install/control:/home/beam/lidar_ws/install/rslidar_sdk:/home/beam/lidar_ws/install/rslidar_msg:/home/beam/wa/install/eufs_sensors:/home/beam/wa/install/eufs_plugins:/home/beam/wa/install/eufs_models:/home/beam/wa/install/eufs_msgs PYTHONPATH=/home/beam/autonomous-stack-sdc/build/sensorfusion/prefix_override:/usr/lib/python3/dist-packages/colcon_core/task/python/colcon_distutils_commands:/home/beam/autonomous-stack-sdc/install/sensorfusion/lib/python3.10/site-packages:${PYTHONPATH} /usr/bin/python3 -W ignore:setup.py install is deprecated -W ignore:easy_install command is deprecated setup.py egg_info --egg-base ../../build/sensorfusion build --build-base /home/beam/autonomous-stack-sdc/build/sensorfusion/build install --record /home/beam/autonomous-stack-sdc/build/sensorfusion/install.log --single-version-externally-managed install_data
