[0.144s] Invoking command in '/home/beam/autonomous-stack-sdc/build/mapping1': CMAKE_PREFIX_PATH=/home/beam/autonomous-stack-sdc/install/sdc_msgs:/home/beam/lidar_ws/install/rslidar_sdk:/home/beam/lidar_ws/install/rslidar_msg:/home/beam/autonomous-stack-sdc/install/yolo_bringup:/home/beam/autonomous-stack-sdc/install/yolo_msgs:/home/beam/autonomous-stack-sdc/install/path_planning1:/home/beam/autonomous-stack-sdc/install/mapping1:/home/beam/autonomous-stack-sdc/install/ground_removal:/home/beam/autonomous-stack-sdc/install/clustering:/home/beam/autonomous-stack-sdc/install/odometry:/home/beam/autonomous-stack-sdc/install/control:/home/beam/wa/install/eufs_sensors:/home/beam/wa/install/eufs_plugins:/home/beam/wa/install/eufs_models:/home/beam/wa/install/eufs_msgs:/home/beam/autonomous-stack-sdc/install/yolo_ros:/home/beam/autonomous-stack-sdc/install/sensorfusion:/home/beam/wa/install/eufs_launcher:/home/beam/wa/install/eufs_tracks:/home/beam/wa/install/eufs_rqt:/home/beam/wa/install/eufs_racecar:/opt/ros/humble LD_LIBRARY_PATH=/home/beam/autonomous-stack-sdc/install/sdc_msgs/lib:/home/beam/lidar_ws/install/rslidar_msg/lib:/home/beam/autonomous-stack-sdc/install/yolo_msgs/lib:/home/beam/wa/install/eufs_plugins/lib:/home/beam/wa/install/eufs_models/lib:/home/beam/wa/install/eufs_msgs/lib:/usr/lib/x86_64-linux-gnu/gazebo-11/plugins:/opt/ros/humble/opt/rviz_ogre_vendor/lib:/opt/ros/humble/lib/x86_64-linux-gnu:/opt/ros/humble/lib /usr/bin/cmake --build /home/beam/autonomous-stack-sdc/build/mapping1 -- -j16 -l16
[0.249s] -- Found ament_cmake: 1.3.12 (/opt/ros/humble/share/ament_cmake/cmake)
[0.566s] -- Found rclcpp: 16.0.16 (/opt/ros/humble/share/rclcpp/cmake)
[0.633s] -- Found rosidl_generator_c: 3.1.7 (/opt/ros/humble/share/rosidl_generator_c/cmake)
[0.643s] -- Found rosidl_adapter: 3.1.7 (/opt/ros/humble/share/rosidl_adapter/cmake)
[0.656s] -- Found rosidl_generator_cpp: 3.1.7 (/opt/ros/humble/share/rosidl_generator_cpp/cmake)
[0.678s] -- Using all available rosidl_typesupport_c: rosidl_typesupport_fastrtps_c;rosidl_typesupport_introspection_c
[0.702s] -- Using all available rosidl_typesupport_cpp: rosidl_typesupport_fastrtps_cpp;rosidl_typesupport_introspection_cpp
[0.771s] -- Found rmw_implementation_cmake: 6.1.2 (/opt/ros/humble/share/rmw_implementation_cmake/cmake)
[0.775s] -- Found rmw_fastrtps_cpp: 6.2.9 (/opt/ros/humble/share/rmw_fastrtps_cpp/cmake)
[0.974s] -- Using RMW implementation 'rmw_fastrtps_cpp' as default
[1.061s] -- Found nav_msgs: 4.9.0 (/opt/ros/humble/share/nav_msgs/cmake)
[1.174s] -- Found visualization_msgs: 4.9.0 (/opt/ros/humble/share/visualization_msgs/cmake)
[2.050s] -- Found tf2: 0.25.17 (/opt/ros/humble/share/tf2/cmake)
[2.138s] -- Found tf2_ros: 0.25.17 (/opt/ros/humble/share/tf2_ros/cmake)
[2.446s] -- Found tf2_geometry_msgs: 0.25.17 (/opt/ros/humble/share/tf2_geometry_msgs/cmake)
[2.459s] -- Found eigen3_cmake_module: 0.1.1 (/opt/ros/humble/share/eigen3_cmake_module/cmake)
[2.462s] -- Ensuring Eigen3 include directory is part of orocos-kdl CMake target
[2.466s] -- Found sdc_msgs: 0.0.0 (/home/beam/autonomous-stack-sdc/install/sdc_msgs/share/sdc_msgs/cmake)
[2.506s] -- Found eufs_msgs: 2.0.0 (/home/beam/wa/install/eufs_msgs/share/eufs_msgs/cmake)
[2.606s] -- Found ament_lint_auto: 0.12.14 (/opt/ros/humble/share/ament_lint_auto/cmake)
[2.768s] -- Added test 'cppcheck' to perform static code analysis on C / C++ code
[2.769s] -- Configured cppcheck include dirs: 
[2.769s] -- Configured cppcheck exclude dirs and/or files: 
[2.770s] -- Added test 'flake8' to check Python code syntax and style conventions
[2.771s] -- Added test 'lint_cmake' to check CMake code style
[2.772s] -- Added test 'pep257' to check Python code against some of the docstring style conventions in PEP 257
[2.775s] -- Added test 'uncrustify' to check C / C++ code style
[2.775s] -- Configured uncrustify additional arguments: 
[2.775s] -- Added test 'xmllint' to check XML markup files
[2.777s] -- Configuring done
[2.835s] -- Generating done
[2.855s] -- Build files have been written to: /home/beam/autonomous-stack-sdc/build/mapping1
[2.912s] [35m[1mConsolidate compiler generated dependencies of target coloredMapping[0m
[2.942s] [ 33%] Built target coloredMapping
[2.974s] [ 50%] [32mBuilding CXX object CMakeFiles/colorMappingwoRTab.dir/src/colorMappingwoRTab.cpp.o[0m
[28.745s] [ 66%] [32m[1mLinking CXX executable colorMappingwoRTab[0m
[30.323s] [ 66%] Built target colorMappingwoRTab
[30.341s] [35m[1mConsolidate compiler generated dependencies of target colorMapping[0m
[30.365s] [ 83%] [32mBuilding CXX object CMakeFiles/colorMapping.dir/src/colorMapping.cpp.o[0m
[72.544s] [100%] [32m[1mLinking CXX executable colorMapping[0m
[75.074s] [100%] Built target colorMapping
[75.228s] Invoked command in '/home/beam/autonomous-stack-sdc/build/mapping1' returned '0': CMAKE_PREFIX_PATH=/home/beam/autonomous-stack-sdc/install/sdc_msgs:/home/beam/lidar_ws/install/rslidar_sdk:/home/beam/lidar_ws/install/rslidar_msg:/home/beam/autonomous-stack-sdc/install/yolo_bringup:/home/beam/autonomous-stack-sdc/install/yolo_msgs:/home/beam/autonomous-stack-sdc/install/path_planning1:/home/beam/autonomous-stack-sdc/install/mapping1:/home/beam/autonomous-stack-sdc/install/ground_removal:/home/beam/autonomous-stack-sdc/install/clustering:/home/beam/autonomous-stack-sdc/install/odometry:/home/beam/autonomous-stack-sdc/install/control:/home/beam/wa/install/eufs_sensors:/home/beam/wa/install/eufs_plugins:/home/beam/wa/install/eufs_models:/home/beam/wa/install/eufs_msgs:/home/beam/autonomous-stack-sdc/install/yolo_ros:/home/beam/autonomous-stack-sdc/install/sensorfusion:/home/beam/wa/install/eufs_launcher:/home/beam/wa/install/eufs_tracks:/home/beam/wa/install/eufs_rqt:/home/beam/wa/install/eufs_racecar:/opt/ros/humble LD_LIBRARY_PATH=/home/beam/autonomous-stack-sdc/install/sdc_msgs/lib:/home/beam/lidar_ws/install/rslidar_msg/lib:/home/beam/autonomous-stack-sdc/install/yolo_msgs/lib:/home/beam/wa/install/eufs_plugins/lib:/home/beam/wa/install/eufs_models/lib:/home/beam/wa/install/eufs_msgs/lib:/usr/lib/x86_64-linux-gnu/gazebo-11/plugins:/opt/ros/humble/opt/rviz_ogre_vendor/lib:/opt/ros/humble/lib/x86_64-linux-gnu:/opt/ros/humble/lib /usr/bin/cmake --build /home/beam/autonomous-stack-sdc/build/mapping1 -- -j16 -l16
[75.247s] Invoking command in '/home/beam/autonomous-stack-sdc/build/mapping1': CMAKE_PREFIX_PATH=/home/beam/autonomous-stack-sdc/install/sdc_msgs:/home/beam/lidar_ws/install/rslidar_sdk:/home/beam/lidar_ws/install/rslidar_msg:/home/beam/autonomous-stack-sdc/install/yolo_bringup:/home/beam/autonomous-stack-sdc/install/yolo_msgs:/home/beam/autonomous-stack-sdc/install/path_planning1:/home/beam/autonomous-stack-sdc/install/mapping1:/home/beam/autonomous-stack-sdc/install/ground_removal:/home/beam/autonomous-stack-sdc/install/clustering:/home/beam/autonomous-stack-sdc/install/odometry:/home/beam/autonomous-stack-sdc/install/control:/home/beam/wa/install/eufs_sensors:/home/beam/wa/install/eufs_plugins:/home/beam/wa/install/eufs_models:/home/beam/wa/install/eufs_msgs:/home/beam/autonomous-stack-sdc/install/yolo_ros:/home/beam/autonomous-stack-sdc/install/sensorfusion:/home/beam/wa/install/eufs_launcher:/home/beam/wa/install/eufs_tracks:/home/beam/wa/install/eufs_rqt:/home/beam/wa/install/eufs_racecar:/opt/ros/humble LD_LIBRARY_PATH=/home/beam/autonomous-stack-sdc/install/sdc_msgs/lib:/home/beam/lidar_ws/install/rslidar_msg/lib:/home/beam/autonomous-stack-sdc/install/yolo_msgs/lib:/home/beam/wa/install/eufs_plugins/lib:/home/beam/wa/install/eufs_models/lib:/home/beam/wa/install/eufs_msgs/lib:/usr/lib/x86_64-linux-gnu/gazebo-11/plugins:/opt/ros/humble/opt/rviz_ogre_vendor/lib:/opt/ros/humble/lib/x86_64-linux-gnu:/opt/ros/humble/lib /usr/bin/cmake --install /home/beam/autonomous-stack-sdc/build/mapping1
[75.375s] -- Install configuration: ""
[75.378s] -- Up-to-date: /home/beam/autonomous-stack-sdc/install/mapping1/lib/mapping1/coloredMapping
[75.384s] -- Installing: /home/beam/autonomous-stack-sdc/install/mapping1/lib/mapping1/colorMapping
[75.477s] -- Set runtime path of "/home/beam/autonomous-stack-sdc/install/mapping1/lib/mapping1/colorMapping" to ""
[75.485s] -- Installing: /home/beam/autonomous-stack-sdc/install/mapping1/lib/mapping1/colorMappingwoRTab
[75.531s] -- Set runtime path of "/home/beam/autonomous-stack-sdc/install/mapping1/lib/mapping1/colorMappingwoRTab" to ""
[75.537s] -- Up-to-date: /home/beam/autonomous-stack-sdc/install/mapping1/share/mapping1//launch
[75.538s] -- Up-to-date: /home/beam/autonomous-stack-sdc/install/mapping1/share/mapping1//launch/.vscode
[75.539s] -- Up-to-date: /home/beam/autonomous-stack-sdc/install/mapping1/share/mapping1//launch/.vscode/settings.json
[75.539s] -- Up-to-date: /home/beam/autonomous-stack-sdc/install/mapping1/share/mapping1//launch/.vscode/c_cpp_properties.json
[75.541s] -- Up-to-date: /home/beam/autonomous-stack-sdc/install/mapping1/share/mapping1//launch/simpleMapping.launch.py
[75.542s] -- Up-to-date: /home/beam/autonomous-stack-sdc/install/mapping1/share/mapping1//launch/colorMapping.launch.py
[75.551s] -- Up-to-date: /home/beam/autonomous-stack-sdc/install/mapping1/share/mapping1//config
[75.552s] -- Up-to-date: /home/beam/autonomous-stack-sdc/install/mapping1/share/mapping1//config/simpleMapping_params.yaml
[75.553s] -- Up-to-date: /home/beam/autonomous-stack-sdc/install/mapping1/share/mapping1//config/colorMapping_params.yaml
[75.553s] -- Up-to-date: /home/beam/autonomous-stack-sdc/install/mapping1/share/ament_index/resource_index/package_run_dependencies/mapping1
[75.564s] -- Up-to-date: /home/beam/autonomous-stack-sdc/install/mapping1/share/ament_index/resource_index/parent_prefix_path/mapping1
[75.570s] -- Up-to-date: /home/beam/autonomous-stack-sdc/install/mapping1/share/mapping1/environment/ament_prefix_path.sh
[75.573s] -- Installing: /home/beam/autonomous-stack-sdc/install/mapping1/share/mapping1/environment/ament_prefix_path.dsv
[75.578s] -- Up-to-date: /home/beam/autonomous-stack-sdc/install/mapping1/share/mapping1/environment/path.sh
[75.585s] -- Installing: /home/beam/autonomous-stack-sdc/install/mapping1/share/mapping1/environment/path.dsv
[75.590s] -- Up-to-date: /home/beam/autonomous-stack-sdc/install/mapping1/share/mapping1/local_setup.bash
[75.591s] -- Up-to-date: /home/beam/autonomous-stack-sdc/install/mapping1/share/mapping1/local_setup.sh
[75.592s] -- Up-to-date: /home/beam/autonomous-stack-sdc/install/mapping1/share/mapping1/local_setup.zsh
[75.598s] -- Installing: /home/beam/autonomous-stack-sdc/install/mapping1/share/mapping1/local_setup.dsv
[75.599s] -- Installing: /home/beam/autonomous-stack-sdc/install/mapping1/share/mapping1/package.dsv
[75.604s] -- Up-to-date: /home/beam/autonomous-stack-sdc/install/mapping1/share/ament_index/resource_index/packages/mapping1
[75.605s] -- Up-to-date: /home/beam/autonomous-stack-sdc/install/mapping1/share/mapping1/cmake/mapping1Config.cmake
[75.606s] -- Up-to-date: /home/beam/autonomous-stack-sdc/install/mapping1/share/mapping1/cmake/mapping1Config-version.cmake
[75.610s] -- Up-to-date: /home/beam/autonomous-stack-sdc/install/mapping1/share/mapping1/package.xml
[75.666s] Invoked command in '/home/beam/autonomous-stack-sdc/build/mapping1' returned '0': CMAKE_PREFIX_PATH=/home/beam/autonomous-stack-sdc/install/sdc_msgs:/home/beam/lidar_ws/install/rslidar_sdk:/home/beam/lidar_ws/install/rslidar_msg:/home/beam/autonomous-stack-sdc/install/yolo_bringup:/home/beam/autonomous-stack-sdc/install/yolo_msgs:/home/beam/autonomous-stack-sdc/install/path_planning1:/home/beam/autonomous-stack-sdc/install/mapping1:/home/beam/autonomous-stack-sdc/install/ground_removal:/home/beam/autonomous-stack-sdc/install/clustering:/home/beam/autonomous-stack-sdc/install/odometry:/home/beam/autonomous-stack-sdc/install/control:/home/beam/wa/install/eufs_sensors:/home/beam/wa/install/eufs_plugins:/home/beam/wa/install/eufs_models:/home/beam/wa/install/eufs_msgs:/home/beam/autonomous-stack-sdc/install/yolo_ros:/home/beam/autonomous-stack-sdc/install/sensorfusion:/home/beam/wa/install/eufs_launcher:/home/beam/wa/install/eufs_tracks:/home/beam/wa/install/eufs_rqt:/home/beam/wa/install/eufs_racecar:/opt/ros/humble LD_LIBRARY_PATH=/home/beam/autonomous-stack-sdc/install/sdc_msgs/lib:/home/beam/lidar_ws/install/rslidar_msg/lib:/home/beam/autonomous-stack-sdc/install/yolo_msgs/lib:/home/beam/wa/install/eufs_plugins/lib:/home/beam/wa/install/eufs_models/lib:/home/beam/wa/install/eufs_msgs/lib:/usr/lib/x86_64-linux-gnu/gazebo-11/plugins:/opt/ros/humble/opt/rviz_ogre_vendor/lib:/opt/ros/humble/lib/x86_64-linux-gnu:/opt/ros/humble/lib /usr/bin/cmake --install /home/beam/autonomous-stack-sdc/build/mapping1
