[35m[1mConsolidate compiler generated dependencies of target midPointColored[0m
[35m[1mConsolidate compiler generated dependencies of target coneLineViz[0m
[35m[1mConsolidate compiler generated dependencies of target midPoint[0m
[35m[1mConsolidate compiler generated dependencies of target midPointErrorPropogator[0m
[ 50%] Built target coneLineViz
[ 50%] Built target midPointColored
[100%] Built target midPointErrorPropogator
[100%] Built target midPoint
-- Install configuration: ""
-- Up-to-date: /home/beam/autonomous-stack-sdc/install/path_planning1/lib/path_planning1/midPoint
-- Up-to-date: /home/beam/autonomous-stack-sdc/install/path_planning1/lib/path_planning1/midPointColored
-- Up-to-date: /home/beam/autonomous-stack-sdc/install/path_planning1/lib/path_planning1/midPointErrorPropogator
-- Up-to-date: /home/beam/autonomous-stack-sdc/install/path_planning1/share/path_planning1//launch
-- Up-to-date: /home/beam/autonomous-stack-sdc/install/path_planning1/share/path_planning1//launch/.vscode
-- Up-to-date: /home/beam/autonomous-stack-sdc/install/path_planning1/share/path_planning1//launch/.vscode/settings.json
-- Up-to-date: /home/beam/autonomous-stack-sdc/install/path_planning1/share/path_planning1//launch/.vscode/c_cpp_properties.json
-- Up-to-date: /home/beam/autonomous-stack-sdc/install/path_planning1/share/path_planning1//launch/midPointColored.launch.py
-- Up-to-date: /home/beam/autonomous-stack-sdc/install/path_planning1/share/path_planning1//launch/midPoint.launch.py
-- Up-to-date: /home/beam/autonomous-stack-sdc/install/path_planning1/share/path_planning1//launch/midPointErrorPropogator.launch.py
-- Up-to-date: /home/beam/autonomous-stack-sdc/install/path_planning1/share/path_planning1//config
-- Up-to-date: /home/beam/autonomous-stack-sdc/install/path_planning1/share/path_planning1//config/midPointErrorPropogator_params.yaml
-- Up-to-date: /home/beam/autonomous-stack-sdc/install/path_planning1/share/path_planning1//config/midPoint_params.yaml
-- Up-to-date: /home/beam/autonomous-stack-sdc/install/path_planning1/share/path_planning1//config/midPointColored_params.yaml
-- Up-to-date: /home/beam/autonomous-stack-sdc/install/path_planning1/lib/path_planning1/coneLineViz
-- Up-to-date: /home/beam/autonomous-stack-sdc/install/path_planning1/lib/path_planning1/midPointOriginal.py
-- Up-to-date: /home/beam/autonomous-stack-sdc/install/path_planning1/share/ament_index/resource_index/package_run_dependencies/path_planning1
-- Up-to-date: /home/beam/autonomous-stack-sdc/install/path_planning1/share/ament_index/resource_index/parent_prefix_path/path_planning1
-- Up-to-date: /home/beam/autonomous-stack-sdc/install/path_planning1/share/path_planning1/environment/ament_prefix_path.sh
-- Up-to-date: /home/beam/autonomous-stack-sdc/install/path_planning1/share/path_planning1/environment/ament_prefix_path.dsv
-- Up-to-date: /home/beam/autonomous-stack-sdc/install/path_planning1/share/path_planning1/environment/path.sh
-- Up-to-date: /home/beam/autonomous-stack-sdc/install/path_planning1/share/path_planning1/environment/path.dsv
-- Up-to-date: /home/beam/autonomous-stack-sdc/install/path_planning1/share/path_planning1/local_setup.bash
-- Up-to-date: /home/beam/autonomous-stack-sdc/install/path_planning1/share/path_planning1/local_setup.sh
-- Up-to-date: /home/beam/autonomous-stack-sdc/install/path_planning1/share/path_planning1/local_setup.zsh
-- Up-to-date: /home/beam/autonomous-stack-sdc/install/path_planning1/share/path_planning1/local_setup.dsv
-- Installing: /home/beam/autonomous-stack-sdc/install/path_planning1/share/path_planning1/package.dsv
-- Up-to-date: /home/beam/autonomous-stack-sdc/install/path_planning1/share/ament_index/resource_index/packages/path_planning1
-- Up-to-date: /home/beam/autonomous-stack-sdc/install/path_planning1/share/path_planning1/cmake/path_planning1Config.cmake
-- Up-to-date: /home/beam/autonomous-stack-sdc/install/path_planning1/share/path_planning1/cmake/path_planning1Config-version.cmake
-- Up-to-date: /home/beam/autonomous-stack-sdc/install/path_planning1/share/path_planning1/package.xml
