[0.047s] Invoking command in '/home/beam/autonomous-stack-sdc/build/sdc_msgs': CMAKE_PREFIX_PATH=${CMAKE_PREFIX_PATH}:/home/beam/autonomous-stack-sdc/install/yolo_ros:/home/beam/autonomous-stack-sdc/install/sensorfusion:/home/beam/wa/install/eufs_launcher:/home/beam/wa/install/eufs_tracks:/home/beam/wa/install/eufs_rqt:/home/beam/wa/install/eufs_racecar:/opt/ros/humble /usr/bin/cmake --build /home/beam/autonomous-stack-sdc/build/sdc_msgs -- -j16 -l16
[0.180s] [  1%] Built target sdc_msgs__cpp
[0.244s] [  1%] Built target ament_cmake_python_copy_sdc_msgs
[0.286s] [ 12%] Built target sdc_msgs__rosidl_typesupport_introspection_cpp
[1.826s] running egg_info
[1.828s] writing sdc_msgs.egg-info/PKG-INFO
[1.828s] writing dependency_links to sdc_msgs.egg-info/dependency_links.txt
[1.829s] writing top-level names to sdc_msgs.egg-info/top_level.txt
[1.836s] reading manifest file 'sdc_msgs.egg-info/SOURCES.txt'
[1.838s] writing manifest file 'sdc_msgs.egg-info/SOURCES.txt'
[1.920s] [ 12%] Built target ament_cmake_python_build_sdc_msgs_egg
[1.972s] [ 23%] Built target sdc_msgs__rosidl_typesupport_fastrtps_cpp
[2.022s] [ 34%] Built target sdc_msgs__rosidl_typesupport_cpp
[2.083s] [ 45%] Built target sdc_msgs__rosidl_generator_c
[2.148s] [ 56%] Built target sdc_msgs__rosidl_typesupport_fastrtps_c
[2.207s] [ 67%] Built target sdc_msgs__rosidl_typesupport_c
[2.254s] [ 78%] Built target sdc_msgs__rosidl_typesupport_introspection_c
[2.292s] [ 78%] Built target sdc_msgs
[2.331s] [ 80%] Built target sdc_msgs__py
[2.373s] [ 89%] Built target sdc_msgs__rosidl_generator_py
[2.411s] [ 92%] Built target sdc_msgs__rosidl_typesupport_fastrtps_c__pyext
[2.449s] [ 96%] Built target sdc_msgs__rosidl_typesupport_c__pyext
[2.490s] [100%] Built target sdc_msgs__rosidl_typesupport_introspection_c__pyext
[2.507s] Invoked command in '/home/beam/autonomous-stack-sdc/build/sdc_msgs' returned '0': CMAKE_PREFIX_PATH=${CMAKE_PREFIX_PATH}:/home/beam/autonomous-stack-sdc/install/yolo_ros:/home/beam/autonomous-stack-sdc/install/sensorfusion:/home/beam/wa/install/eufs_launcher:/home/beam/wa/install/eufs_tracks:/home/beam/wa/install/eufs_rqt:/home/beam/wa/install/eufs_racecar:/opt/ros/humble /usr/bin/cmake --build /home/beam/autonomous-stack-sdc/build/sdc_msgs -- -j16 -l16
[2.510s] Invoking command in '/home/beam/autonomous-stack-sdc/build/sdc_msgs': CMAKE_PREFIX_PATH=${CMAKE_PREFIX_PATH}:/home/beam/autonomous-stack-sdc/install/yolo_ros:/home/beam/autonomous-stack-sdc/install/sensorfusion:/home/beam/wa/install/eufs_launcher:/home/beam/wa/install/eufs_tracks:/home/beam/wa/install/eufs_rqt:/home/beam/wa/install/eufs_racecar:/opt/ros/humble /usr/bin/cmake --install /home/beam/autonomous-stack-sdc/build/sdc_msgs
[2.523s] -- Install configuration: ""
[2.524s] -- Up-to-date: /home/beam/autonomous-stack-sdc/install/sdc_msgs/share/ament_index/resource_index/rosidl_interfaces/sdc_msgs
[2.525s] -- Up-to-date: /home/beam/autonomous-stack-sdc/install/sdc_msgs/include/sdc_msgs/sdc_msgs
[2.525s] -- Up-to-date: /home/beam/autonomous-stack-sdc/install/sdc_msgs/include/sdc_msgs/sdc_msgs/msg
[2.525s] -- Up-to-date: /home/beam/autonomous-stack-sdc/install/sdc_msgs/include/sdc_msgs/sdc_msgs/msg/coordinate.h
[2.525s] -- Up-to-date: /home/beam/autonomous-stack-sdc/install/sdc_msgs/include/sdc_msgs/sdc_msgs/msg/arr.h
[2.525s] -- Up-to-date: /home/beam/autonomous-stack-sdc/install/sdc_msgs/include/sdc_msgs/sdc_msgs/msg/rosidl_generator_c__visibility_control.h
[2.525s] -- Up-to-date: /home/beam/autonomous-stack-sdc/install/sdc_msgs/include/sdc_msgs/sdc_msgs/msg/detail
[2.526s] -- Up-to-date: /home/beam/autonomous-stack-sdc/install/sdc_msgs/include/sdc_msgs/sdc_msgs/msg/detail/coordinate__struct.h
[2.526s] -- Up-to-date: /home/beam/autonomous-stack-sdc/install/sdc_msgs/include/sdc_msgs/sdc_msgs/msg/detail/arr__struct.h
[2.526s] -- Up-to-date: /home/beam/autonomous-stack-sdc/install/sdc_msgs/include/sdc_msgs/sdc_msgs/msg/detail/coordinate__functions.c
[2.526s] -- Up-to-date: /home/beam/autonomous-stack-sdc/install/sdc_msgs/include/sdc_msgs/sdc_msgs/msg/detail/arr__type_support.h
[2.526s] -- Up-to-date: /home/beam/autonomous-stack-sdc/install/sdc_msgs/include/sdc_msgs/sdc_msgs/msg/detail/coordinate__functions.h
[2.526s] -- Up-to-date: /home/beam/autonomous-stack-sdc/install/sdc_msgs/include/sdc_msgs/sdc_msgs/msg/detail/coordinate_list__type_support.h
[2.526s] -- Up-to-date: /home/beam/autonomous-stack-sdc/install/sdc_msgs/include/sdc_msgs/sdc_msgs/msg/detail/arrofarr__functions.h
[2.526s] -- Up-to-date: /home/beam/autonomous-stack-sdc/install/sdc_msgs/include/sdc_msgs/sdc_msgs/msg/detail/arrofarr__functions.c
[2.527s] -- Up-to-date: /home/beam/autonomous-stack-sdc/install/sdc_msgs/include/sdc_msgs/sdc_msgs/msg/detail/coordinate_list__functions.c
[2.527s] -- Up-to-date: /home/beam/autonomous-stack-sdc/install/sdc_msgs/include/sdc_msgs/sdc_msgs/msg/detail/coordinate__type_support.h
[2.527s] -- Up-to-date: /home/beam/autonomous-stack-sdc/install/sdc_msgs/include/sdc_msgs/sdc_msgs/msg/detail/arr__functions.c
[2.527s] -- Up-to-date: /home/beam/autonomous-stack-sdc/install/sdc_msgs/include/sdc_msgs/sdc_msgs/msg/detail/coordinate_list__struct.h
[2.527s] -- Up-to-date: /home/beam/autonomous-stack-sdc/install/sdc_msgs/include/sdc_msgs/sdc_msgs/msg/detail/coordinate_list__functions.h
[2.527s] -- Up-to-date: /home/beam/autonomous-stack-sdc/install/sdc_msgs/include/sdc_msgs/sdc_msgs/msg/detail/arr__functions.h
[2.527s] -- Up-to-date: /home/beam/autonomous-stack-sdc/install/sdc_msgs/include/sdc_msgs/sdc_msgs/msg/detail/arrofarr__type_support.h
[2.527s] -- Up-to-date: /home/beam/autonomous-stack-sdc/install/sdc_msgs/include/sdc_msgs/sdc_msgs/msg/detail/arrofarr__struct.h
[2.527s] -- Up-to-date: /home/beam/autonomous-stack-sdc/install/sdc_msgs/include/sdc_msgs/sdc_msgs/msg/coordinate_list.h
[2.528s] -- Up-to-date: /home/beam/autonomous-stack-sdc/install/sdc_msgs/include/sdc_msgs/sdc_msgs/msg/arrofarr.h
[2.528s] -- Up-to-date: /home/beam/autonomous-stack-sdc/install/sdc_msgs/share/sdc_msgs/environment/library_path.sh
[2.528s] -- Up-to-date: /home/beam/autonomous-stack-sdc/install/sdc_msgs/share/sdc_msgs/environment/library_path.dsv
[2.528s] -- Up-to-date: /home/beam/autonomous-stack-sdc/install/sdc_msgs/lib/libsdc_msgs__rosidl_generator_c.so
[2.528s] -- Up-to-date: /home/beam/autonomous-stack-sdc/install/sdc_msgs/include/sdc_msgs/sdc_msgs
[2.528s] -- Up-to-date: /home/beam/autonomous-stack-sdc/install/sdc_msgs/include/sdc_msgs/sdc_msgs/msg
[2.528s] -- Up-to-date: /home/beam/autonomous-stack-sdc/install/sdc_msgs/include/sdc_msgs/sdc_msgs/msg/rosidl_typesupport_fastrtps_c__visibility_control.h
[2.529s] -- Up-to-date: /home/beam/autonomous-stack-sdc/install/sdc_msgs/include/sdc_msgs/sdc_msgs/msg/detail
[2.529s] -- Up-to-date: /home/beam/autonomous-stack-sdc/install/sdc_msgs/include/sdc_msgs/sdc_msgs/msg/detail/coordinate__rosidl_typesupport_fastrtps_c.h
[2.529s] -- Up-to-date: /home/beam/autonomous-stack-sdc/install/sdc_msgs/include/sdc_msgs/sdc_msgs/msg/detail/arrofarr__rosidl_typesupport_fastrtps_c.h
[2.529s] -- Up-to-date: /home/beam/autonomous-stack-sdc/install/sdc_msgs/include/sdc_msgs/sdc_msgs/msg/detail/coordinate_list__rosidl_typesupport_fastrtps_c.h
[2.529s] -- Up-to-date: /home/beam/autonomous-stack-sdc/install/sdc_msgs/include/sdc_msgs/sdc_msgs/msg/detail/arr__rosidl_typesupport_fastrtps_c.h
[2.529s] -- Up-to-date: /home/beam/autonomous-stack-sdc/install/sdc_msgs/lib/libsdc_msgs__rosidl_typesupport_fastrtps_c.so
[2.529s] -- Up-to-date: /home/beam/autonomous-stack-sdc/install/sdc_msgs/include/sdc_msgs/sdc_msgs
[2.529s] -- Up-to-date: /home/beam/autonomous-stack-sdc/install/sdc_msgs/include/sdc_msgs/sdc_msgs/msg
[2.529s] -- Up-to-date: /home/beam/autonomous-stack-sdc/install/sdc_msgs/include/sdc_msgs/sdc_msgs/msg/coordinate_list.hpp
[2.529s] -- Up-to-date: /home/beam/autonomous-stack-sdc/install/sdc_msgs/include/sdc_msgs/sdc_msgs/msg/arr.hpp
[2.530s] -- Up-to-date: /home/beam/autonomous-stack-sdc/install/sdc_msgs/include/sdc_msgs/sdc_msgs/msg/coordinate.hpp
[2.530s] -- Up-to-date: /home/beam/autonomous-stack-sdc/install/sdc_msgs/include/sdc_msgs/sdc_msgs/msg/arrofarr.hpp
[2.530s] -- Up-to-date: /home/beam/autonomous-stack-sdc/install/sdc_msgs/include/sdc_msgs/sdc_msgs/msg/rosidl_generator_cpp__visibility_control.hpp
[2.530s] -- Up-to-date: /home/beam/autonomous-stack-sdc/install/sdc_msgs/include/sdc_msgs/sdc_msgs/msg/detail
[2.530s] -- Up-to-date: /home/beam/autonomous-stack-sdc/install/sdc_msgs/include/sdc_msgs/sdc_msgs/msg/detail/coordinate_list__builder.hpp
[2.530s] -- Up-to-date: /home/beam/autonomous-stack-sdc/install/sdc_msgs/include/sdc_msgs/sdc_msgs/msg/detail/arrofarr__builder.hpp
[2.530s] -- Up-to-date: /home/beam/autonomous-stack-sdc/install/sdc_msgs/include/sdc_msgs/sdc_msgs/msg/detail/coordinate_list__struct.hpp
[2.530s] -- Up-to-date: /home/beam/autonomous-stack-sdc/install/sdc_msgs/include/sdc_msgs/sdc_msgs/msg/detail/coordinate_list__traits.hpp
[2.530s] -- Up-to-date: /home/beam/autonomous-stack-sdc/install/sdc_msgs/include/sdc_msgs/sdc_msgs/msg/detail/arr__struct.hpp
[2.530s] -- Up-to-date: /home/beam/autonomous-stack-sdc/install/sdc_msgs/include/sdc_msgs/sdc_msgs/msg/detail/arrofarr__struct.hpp
[2.530s] -- Up-to-date: /home/beam/autonomous-stack-sdc/install/sdc_msgs/include/sdc_msgs/sdc_msgs/msg/detail/arr__builder.hpp
[2.531s] -- Up-to-date: /home/beam/autonomous-stack-sdc/install/sdc_msgs/include/sdc_msgs/sdc_msgs/msg/detail/arr__traits.hpp
[2.531s] -- Up-to-date: /home/beam/autonomous-stack-sdc/install/sdc_msgs/include/sdc_msgs/sdc_msgs/msg/detail/coordinate__builder.hpp
[2.531s] -- Up-to-date: /home/beam/autonomous-stack-sdc/install/sdc_msgs/include/sdc_msgs/sdc_msgs/msg/detail/coordinate_list__type_support.hpp
[2.531s] -- Up-to-date: /home/beam/autonomous-stack-sdc/install/sdc_msgs/include/sdc_msgs/sdc_msgs/msg/detail/arr__type_support.hpp
[2.531s] -- Up-to-date: /home/beam/autonomous-stack-sdc/install/sdc_msgs/include/sdc_msgs/sdc_msgs/msg/detail/coordinate__struct.hpp
[2.531s] -- Up-to-date: /home/beam/autonomous-stack-sdc/install/sdc_msgs/include/sdc_msgs/sdc_msgs/msg/detail/coordinate__type_support.hpp
[2.531s] -- Up-to-date: /home/beam/autonomous-stack-sdc/install/sdc_msgs/include/sdc_msgs/sdc_msgs/msg/detail/arrofarr__traits.hpp
[2.531s] -- Up-to-date: /home/beam/autonomous-stack-sdc/install/sdc_msgs/include/sdc_msgs/sdc_msgs/msg/detail/coordinate__traits.hpp
[2.531s] -- Up-to-date: /home/beam/autonomous-stack-sdc/install/sdc_msgs/include/sdc_msgs/sdc_msgs/msg/detail/arrofarr__type_support.hpp
[2.531s] -- Up-to-date: /home/beam/autonomous-stack-sdc/install/sdc_msgs/include/sdc_msgs/sdc_msgs
[2.531s] -- Up-to-date: /home/beam/autonomous-stack-sdc/install/sdc_msgs/include/sdc_msgs/sdc_msgs/msg
[2.532s] -- Up-to-date: /home/beam/autonomous-stack-sdc/install/sdc_msgs/include/sdc_msgs/sdc_msgs/msg/detail
[2.532s] -- Up-to-date: /home/beam/autonomous-stack-sdc/install/sdc_msgs/include/sdc_msgs/sdc_msgs/msg/detail/dds_fastrtps
[2.532s] -- Up-to-date: /home/beam/autonomous-stack-sdc/install/sdc_msgs/include/sdc_msgs/sdc_msgs/msg/detail/coordinate_list__rosidl_typesupport_fastrtps_cpp.hpp
[2.532s] -- Up-to-date: /home/beam/autonomous-stack-sdc/install/sdc_msgs/include/sdc_msgs/sdc_msgs/msg/detail/coordinate__rosidl_typesupport_fastrtps_cpp.hpp
[2.532s] -- Up-to-date: /home/beam/autonomous-stack-sdc/install/sdc_msgs/include/sdc_msgs/sdc_msgs/msg/detail/arr__rosidl_typesupport_fastrtps_cpp.hpp
[2.532s] -- Up-to-date: /home/beam/autonomous-stack-sdc/install/sdc_msgs/include/sdc_msgs/sdc_msgs/msg/detail/arrofarr__rosidl_typesupport_fastrtps_cpp.hpp
[2.532s] -- Up-to-date: /home/beam/autonomous-stack-sdc/install/sdc_msgs/include/sdc_msgs/sdc_msgs/msg/rosidl_typesupport_fastrtps_cpp__visibility_control.h
[2.532s] -- Up-to-date: /home/beam/autonomous-stack-sdc/install/sdc_msgs/lib/libsdc_msgs__rosidl_typesupport_fastrtps_cpp.so
[2.532s] -- Up-to-date: /home/beam/autonomous-stack-sdc/install/sdc_msgs/include/sdc_msgs/sdc_msgs
[2.532s] -- Up-to-date: /home/beam/autonomous-stack-sdc/install/sdc_msgs/include/sdc_msgs/sdc_msgs/msg
[2.532s] -- Up-to-date: /home/beam/autonomous-stack-sdc/install/sdc_msgs/include/sdc_msgs/sdc_msgs/msg/rosidl_typesupport_introspection_c__visibility_control.h
[2.533s] -- Up-to-date: /home/beam/autonomous-stack-sdc/install/sdc_msgs/include/sdc_msgs/sdc_msgs/msg/detail
[2.533s] -- Up-to-date: /home/beam/autonomous-stack-sdc/install/sdc_msgs/include/sdc_msgs/sdc_msgs/msg/detail/coordinate_list__type_support.c
[2.533s] -- Up-to-date: /home/beam/autonomous-stack-sdc/install/sdc_msgs/include/sdc_msgs/sdc_msgs/msg/detail/arrofarr__type_support.c
[2.533s] -- Up-to-date: /home/beam/autonomous-stack-sdc/install/sdc_msgs/include/sdc_msgs/sdc_msgs/msg/detail/arr__rosidl_typesupport_introspection_c.h
[2.533s] -- Up-to-date: /home/beam/autonomous-stack-sdc/install/sdc_msgs/include/sdc_msgs/sdc_msgs/msg/detail/coordinate__type_support.c
[2.534s] -- Up-to-date: /home/beam/autonomous-stack-sdc/install/sdc_msgs/include/sdc_msgs/sdc_msgs/msg/detail/arr__type_support.c
[2.534s] -- Up-to-date: /home/beam/autonomous-stack-sdc/install/sdc_msgs/include/sdc_msgs/sdc_msgs/msg/detail/coordinate__rosidl_typesupport_introspection_c.h
[2.534s] -- Up-to-date: /home/beam/autonomous-stack-sdc/install/sdc_msgs/include/sdc_msgs/sdc_msgs/msg/detail/arrofarr__rosidl_typesupport_introspection_c.h
[2.534s] -- Up-to-date: /home/beam/autonomous-stack-sdc/install/sdc_msgs/include/sdc_msgs/sdc_msgs/msg/detail/coordinate_list__rosidl_typesupport_introspection_c.h
[2.534s] -- Up-to-date: /home/beam/autonomous-stack-sdc/install/sdc_msgs/lib/libsdc_msgs__rosidl_typesupport_introspection_c.so
[2.534s] -- Up-to-date: /home/beam/autonomous-stack-sdc/install/sdc_msgs/lib/libsdc_msgs__rosidl_typesupport_c.so
[2.534s] -- Up-to-date: /home/beam/autonomous-stack-sdc/install/sdc_msgs/include/sdc_msgs/sdc_msgs
[2.534s] -- Up-to-date: /home/beam/autonomous-stack-sdc/install/sdc_msgs/include/sdc_msgs/sdc_msgs/msg
[2.534s] -- Up-to-date: /home/beam/autonomous-stack-sdc/install/sdc_msgs/include/sdc_msgs/sdc_msgs/msg/detail
[2.534s] -- Up-to-date: /home/beam/autonomous-stack-sdc/install/sdc_msgs/include/sdc_msgs/sdc_msgs/msg/detail/arr__rosidl_typesupport_introspection_cpp.hpp
[2.535s] -- Up-to-date: /home/beam/autonomous-stack-sdc/install/sdc_msgs/include/sdc_msgs/sdc_msgs/msg/detail/arrofarr__type_support.cpp
[2.535s] -- Up-to-date: /home/beam/autonomous-stack-sdc/install/sdc_msgs/include/sdc_msgs/sdc_msgs/msg/detail/arrofarr__rosidl_typesupport_introspection_cpp.hpp
[2.535s] -- Up-to-date: /home/beam/autonomous-stack-sdc/install/sdc_msgs/include/sdc_msgs/sdc_msgs/msg/detail/coordinate__rosidl_typesupport_introspection_cpp.hpp
[2.535s] -- Up-to-date: /home/beam/autonomous-stack-sdc/install/sdc_msgs/include/sdc_msgs/sdc_msgs/msg/detail/arr__type_support.cpp
[2.535s] -- Up-to-date: /home/beam/autonomous-stack-sdc/install/sdc_msgs/include/sdc_msgs/sdc_msgs/msg/detail/coordinate_list__rosidl_typesupport_introspection_cpp.hpp
[2.535s] -- Up-to-date: /home/beam/autonomous-stack-sdc/install/sdc_msgs/include/sdc_msgs/sdc_msgs/msg/detail/coordinate__type_support.cpp
[2.535s] -- Up-to-date: /home/beam/autonomous-stack-sdc/install/sdc_msgs/include/sdc_msgs/sdc_msgs/msg/detail/coordinate_list__type_support.cpp
[2.536s] -- Up-to-date: /home/beam/autonomous-stack-sdc/install/sdc_msgs/lib/libsdc_msgs__rosidl_typesupport_introspection_cpp.so
[2.536s] -- Up-to-date: /home/beam/autonomous-stack-sdc/install/sdc_msgs/lib/libsdc_msgs__rosidl_typesupport_cpp.so
[2.536s] -- Up-to-date: /home/beam/autonomous-stack-sdc/install/sdc_msgs/share/sdc_msgs/environment/pythonpath.sh
[2.536s] -- Up-to-date: /home/beam/autonomous-stack-sdc/install/sdc_msgs/share/sdc_msgs/environment/pythonpath.dsv
[2.536s] -- Up-to-date: /home/beam/autonomous-stack-sdc/install/sdc_msgs/local/lib/python3.10/dist-packages/sdc_msgs-0.0.0-py3.10.egg-info
[2.537s] -- Installing: /home/beam/autonomous-stack-sdc/install/sdc_msgs/local/lib/python3.10/dist-packages/sdc_msgs-0.0.0-py3.10.egg-info/SOURCES.txt
[2.537s] -- Installing: /home/beam/autonomous-stack-sdc/install/sdc_msgs/local/lib/python3.10/dist-packages/sdc_msgs-0.0.0-py3.10.egg-info/PKG-INFO
[2.537s] -- Installing: /home/beam/autonomous-stack-sdc/install/sdc_msgs/local/lib/python3.10/dist-packages/sdc_msgs-0.0.0-py3.10.egg-info/dependency_links.txt
[2.537s] -- Installing: /home/beam/autonomous-stack-sdc/install/sdc_msgs/local/lib/python3.10/dist-packages/sdc_msgs-0.0.0-py3.10.egg-info/top_level.txt
[2.537s] -- Up-to-date: /home/beam/autonomous-stack-sdc/install/sdc_msgs/local/lib/python3.10/dist-packages/sdc_msgs
[2.538s] -- Up-to-date: /home/beam/autonomous-stack-sdc/install/sdc_msgs/local/lib/python3.10/dist-packages/sdc_msgs/libsdc_msgs__rosidl_generator_py.so
[2.538s] -- Up-to-date: /home/beam/autonomous-stack-sdc/install/sdc_msgs/local/lib/python3.10/dist-packages/sdc_msgs/sdc_msgs_s__rosidl_typesupport_introspection_c.cpython-310-x86_64-linux-gnu.so
[2.538s] -- Up-to-date: /home/beam/autonomous-stack-sdc/install/sdc_msgs/local/lib/python3.10/dist-packages/sdc_msgs/_sdc_msgs_s.ep.rosidl_typesupport_fastrtps_c.c
[2.538s] -- Up-to-date: /home/beam/autonomous-stack-sdc/install/sdc_msgs/local/lib/python3.10/dist-packages/sdc_msgs/sdc_msgs_s__rosidl_typesupport_fastrtps_c.cpython-310-x86_64-linux-gnu.so
[2.538s] -- Up-to-date: /home/beam/autonomous-stack-sdc/install/sdc_msgs/local/lib/python3.10/dist-packages/sdc_msgs/__init__.py
[2.539s] -- Up-to-date: /home/beam/autonomous-stack-sdc/install/sdc_msgs/local/lib/python3.10/dist-packages/sdc_msgs/msg
[2.539s] -- Up-to-date: /home/beam/autonomous-stack-sdc/install/sdc_msgs/local/lib/python3.10/dist-packages/sdc_msgs/msg/_coordinate_list.py
[2.539s] -- Up-to-date: /home/beam/autonomous-stack-sdc/install/sdc_msgs/local/lib/python3.10/dist-packages/sdc_msgs/msg/_coordinate_s.c
[2.539s] -- Up-to-date: /home/beam/autonomous-stack-sdc/install/sdc_msgs/local/lib/python3.10/dist-packages/sdc_msgs/msg/_arrofarr.py
[2.539s] -- Up-to-date: /home/beam/autonomous-stack-sdc/install/sdc_msgs/local/lib/python3.10/dist-packages/sdc_msgs/msg/_arr.py
[2.539s] -- Up-to-date: /home/beam/autonomous-stack-sdc/install/sdc_msgs/local/lib/python3.10/dist-packages/sdc_msgs/msg/__init__.py
[2.539s] -- Up-to-date: /home/beam/autonomous-stack-sdc/install/sdc_msgs/local/lib/python3.10/dist-packages/sdc_msgs/msg/_coordinate.py
[2.539s] -- Up-to-date: /home/beam/autonomous-stack-sdc/install/sdc_msgs/local/lib/python3.10/dist-packages/sdc_msgs/msg/_arr_s.c
[2.539s] -- Up-to-date: /home/beam/autonomous-stack-sdc/install/sdc_msgs/local/lib/python3.10/dist-packages/sdc_msgs/msg/_coordinate_list_s.c
[2.539s] -- Up-to-date: /home/beam/autonomous-stack-sdc/install/sdc_msgs/local/lib/python3.10/dist-packages/sdc_msgs/msg/_arrofarr_s.c
[2.539s] -- Up-to-date: /home/beam/autonomous-stack-sdc/install/sdc_msgs/local/lib/python3.10/dist-packages/sdc_msgs/_sdc_msgs_s.ep.rosidl_typesupport_introspection_c.c
[2.539s] -- Up-to-date: /home/beam/autonomous-stack-sdc/install/sdc_msgs/local/lib/python3.10/dist-packages/sdc_msgs/sdc_msgs_s__rosidl_typesupport_c.cpython-310-x86_64-linux-gnu.so
[2.539s] -- Up-to-date: /home/beam/autonomous-stack-sdc/install/sdc_msgs/local/lib/python3.10/dist-packages/sdc_msgs/_sdc_msgs_s.ep.rosidl_typesupport_c.c
[2.686s] Listing '/home/beam/autonomous-stack-sdc/install/sdc_msgs/local/lib/python3.10/dist-packages/sdc_msgs'...
[2.687s] Listing '/home/beam/autonomous-stack-sdc/install/sdc_msgs/local/lib/python3.10/dist-packages/sdc_msgs/msg'...
[2.703s] -- Up-to-date: /home/beam/autonomous-stack-sdc/install/sdc_msgs/local/lib/python3.10/dist-packages/sdc_msgs/sdc_msgs_s__rosidl_typesupport_fastrtps_c.cpython-310-x86_64-linux-gnu.so
[2.705s] -- Up-to-date: /home/beam/autonomous-stack-sdc/install/sdc_msgs/local/lib/python3.10/dist-packages/sdc_msgs/sdc_msgs_s__rosidl_typesupport_introspection_c.cpython-310-x86_64-linux-gnu.so
[2.716s] -- Up-to-date: /home/beam/autonomous-stack-sdc/install/sdc_msgs/local/lib/python3.10/dist-packages/sdc_msgs/sdc_msgs_s__rosidl_typesupport_c.cpython-310-x86_64-linux-gnu.so
[2.718s] -- Up-to-date: /home/beam/autonomous-stack-sdc/install/sdc_msgs/lib/libsdc_msgs__rosidl_generator_py.so
[2.723s] -- Up-to-date: /home/beam/autonomous-stack-sdc/install/sdc_msgs/share/sdc_msgs/msg/Arr.idl
[2.725s] -- Up-to-date: /home/beam/autonomous-stack-sdc/install/sdc_msgs/share/sdc_msgs/msg/Arrofarr.idl
[2.726s] -- Up-to-date: /home/beam/autonomous-stack-sdc/install/sdc_msgs/share/sdc_msgs/msg/Coordinate.idl
[2.727s] -- Up-to-date: /home/beam/autonomous-stack-sdc/install/sdc_msgs/share/sdc_msgs/msg/CoordinateList.idl
[2.730s] -- Up-to-date: /home/beam/autonomous-stack-sdc/install/sdc_msgs/share/sdc_msgs/msg/Arr.msg
[2.730s] -- Up-to-date: /home/beam/autonomous-stack-sdc/install/sdc_msgs/share/sdc_msgs/msg/Arrofarr.msg
[2.731s] -- Up-to-date: /home/beam/autonomous-stack-sdc/install/sdc_msgs/share/sdc_msgs/msg/Coordinate.msg
[2.732s] -- Up-to-date: /home/beam/autonomous-stack-sdc/install/sdc_msgs/share/sdc_msgs/msg/CoordinateList.msg
[2.733s] -- Up-to-date: /home/beam/autonomous-stack-sdc/install/sdc_msgs/share/ament_index/resource_index/package_run_dependencies/sdc_msgs
[2.734s] -- Up-to-date: /home/beam/autonomous-stack-sdc/install/sdc_msgs/share/ament_index/resource_index/parent_prefix_path/sdc_msgs
[2.736s] -- Up-to-date: /home/beam/autonomous-stack-sdc/install/sdc_msgs/share/sdc_msgs/environment/ament_prefix_path.sh
[2.737s] -- Up-to-date: /home/beam/autonomous-stack-sdc/install/sdc_msgs/share/sdc_msgs/environment/ament_prefix_path.dsv
[2.737s] -- Up-to-date: /home/beam/autonomous-stack-sdc/install/sdc_msgs/share/sdc_msgs/environment/path.sh
[2.738s] -- Up-to-date: /home/beam/autonomous-stack-sdc/install/sdc_msgs/share/sdc_msgs/environment/path.dsv
[2.739s] -- Up-to-date: /home/beam/autonomous-stack-sdc/install/sdc_msgs/share/sdc_msgs/local_setup.bash
[2.740s] -- Up-to-date: /home/beam/autonomous-stack-sdc/install/sdc_msgs/share/sdc_msgs/local_setup.sh
[2.741s] -- Up-to-date: /home/beam/autonomous-stack-sdc/install/sdc_msgs/share/sdc_msgs/local_setup.zsh
[2.742s] -- Up-to-date: /home/beam/autonomous-stack-sdc/install/sdc_msgs/share/sdc_msgs/local_setup.dsv
[2.743s] -- Installing: /home/beam/autonomous-stack-sdc/install/sdc_msgs/share/sdc_msgs/package.dsv
[2.745s] -- Up-to-date: /home/beam/autonomous-stack-sdc/install/sdc_msgs/share/ament_index/resource_index/packages/sdc_msgs
[2.749s] -- Up-to-date: /home/beam/autonomous-stack-sdc/install/sdc_msgs/share/sdc_msgs/cmake/export_sdc_msgs__rosidl_generator_cExport.cmake
[2.751s] -- Up-to-date: /home/beam/autonomous-stack-sdc/install/sdc_msgs/share/sdc_msgs/cmake/export_sdc_msgs__rosidl_generator_cExport-noconfig.cmake
[2.760s] -- Up-to-date: /home/beam/autonomous-stack-sdc/install/sdc_msgs/share/sdc_msgs/cmake/export_sdc_msgs__rosidl_typesupport_fastrtps_cExport.cmake
[2.761s] -- Up-to-date: /home/beam/autonomous-stack-sdc/install/sdc_msgs/share/sdc_msgs/cmake/export_sdc_msgs__rosidl_typesupport_fastrtps_cExport-noconfig.cmake
[2.765s] -- Up-to-date: /home/beam/autonomous-stack-sdc/install/sdc_msgs/share/sdc_msgs/cmake/export_sdc_msgs__rosidl_generator_cppExport.cmake
[2.768s] -- Up-to-date: /home/beam/autonomous-stack-sdc/install/sdc_msgs/share/sdc_msgs/cmake/export_sdc_msgs__rosidl_typesupport_fastrtps_cppExport.cmake
[2.771s] -- Up-to-date: /home/beam/autonomous-stack-sdc/install/sdc_msgs/share/sdc_msgs/cmake/export_sdc_msgs__rosidl_typesupport_fastrtps_cppExport-noconfig.cmake
[2.772s] -- Up-to-date: /home/beam/autonomous-stack-sdc/install/sdc_msgs/share/sdc_msgs/cmake/sdc_msgs__rosidl_typesupport_introspection_cExport.cmake
[2.773s] -- Up-to-date: /home/beam/autonomous-stack-sdc/install/sdc_msgs/share/sdc_msgs/cmake/sdc_msgs__rosidl_typesupport_introspection_cExport-noconfig.cmake
[2.775s] -- Up-to-date: /home/beam/autonomous-stack-sdc/install/sdc_msgs/share/sdc_msgs/cmake/sdc_msgs__rosidl_typesupport_cExport.cmake
[2.781s] -- Up-to-date: /home/beam/autonomous-stack-sdc/install/sdc_msgs/share/sdc_msgs/cmake/sdc_msgs__rosidl_typesupport_cExport-noconfig.cmake
[2.782s] -- Up-to-date: /home/beam/autonomous-stack-sdc/install/sdc_msgs/share/sdc_msgs/cmake/sdc_msgs__rosidl_typesupport_introspection_cppExport.cmake
[2.787s] -- Up-to-date: /home/beam/autonomous-stack-sdc/install/sdc_msgs/share/sdc_msgs/cmake/sdc_msgs__rosidl_typesupport_introspection_cppExport-noconfig.cmake
[2.788s] -- Up-to-date: /home/beam/autonomous-stack-sdc/install/sdc_msgs/share/sdc_msgs/cmake/sdc_msgs__rosidl_typesupport_cppExport.cmake
[2.789s] -- Up-to-date: /home/beam/autonomous-stack-sdc/install/sdc_msgs/share/sdc_msgs/cmake/sdc_msgs__rosidl_typesupport_cppExport-noconfig.cmake
[2.799s] -- Up-to-date: /home/beam/autonomous-stack-sdc/install/sdc_msgs/share/sdc_msgs/cmake/export_sdc_msgs__rosidl_generator_pyExport.cmake
[2.800s] -- Up-to-date: /home/beam/autonomous-stack-sdc/install/sdc_msgs/share/sdc_msgs/cmake/export_sdc_msgs__rosidl_generator_pyExport-noconfig.cmake
[2.801s] -- Up-to-date: /home/beam/autonomous-stack-sdc/install/sdc_msgs/share/sdc_msgs/cmake/rosidl_cmake-extras.cmake
[2.810s] -- Up-to-date: /home/beam/autonomous-stack-sdc/install/sdc_msgs/share/sdc_msgs/cmake/ament_cmake_export_dependencies-extras.cmake
[2.814s] -- Up-to-date: /home/beam/autonomous-stack-sdc/install/sdc_msgs/share/sdc_msgs/cmake/ament_cmake_export_include_directories-extras.cmake
[2.815s] -- Up-to-date: /home/beam/autonomous-stack-sdc/install/sdc_msgs/share/sdc_msgs/cmake/ament_cmake_export_libraries-extras.cmake
[2.819s] -- Up-to-date: /home/beam/autonomous-stack-sdc/install/sdc_msgs/share/sdc_msgs/cmake/ament_cmake_export_targets-extras.cmake
[2.824s] -- Up-to-date: /home/beam/autonomous-stack-sdc/install/sdc_msgs/share/sdc_msgs/cmake/rosidl_cmake_export_typesupport_targets-extras.cmake
[2.832s] -- Up-to-date: /home/beam/autonomous-stack-sdc/install/sdc_msgs/share/sdc_msgs/cmake/rosidl_cmake_export_typesupport_libraries-extras.cmake
[2.844s] -- Up-to-date: /home/beam/autonomous-stack-sdc/install/sdc_msgs/share/sdc_msgs/cmake/sdc_msgsConfig.cmake
[2.845s] -- Up-to-date: /home/beam/autonomous-stack-sdc/install/sdc_msgs/share/sdc_msgs/cmake/sdc_msgsConfig-version.cmake
[2.854s] -- Up-to-date: /home/beam/autonomous-stack-sdc/install/sdc_msgs/share/sdc_msgs/package.xml
[2.875s] Invoked command in '/home/beam/autonomous-stack-sdc/build/sdc_msgs' returned '0': CMAKE_PREFIX_PATH=${CMAKE_PREFIX_PATH}:/home/beam/autonomous-stack-sdc/install/yolo_ros:/home/beam/autonomous-stack-sdc/install/sensorfusion:/home/beam/wa/install/eufs_launcher:/home/beam/wa/install/eufs_tracks:/home/beam/wa/install/eufs_rqt:/home/beam/wa/install/eufs_racecar:/opt/ros/humble /usr/bin/cmake --install /home/beam/autonomous-stack-sdc/build/sdc_msgs
