[0.039s] Invoking command in '/home/beam/autonomous-stack-sdc/build/yolo_msgs': CMAKE_PREFIX_PATH=${CMAKE_PREFIX_PATH}:/home/beam/autonomous-stack-sdc/install/yolo_ros:/home/beam/autonomous-stack-sdc/install/sensorfusion:/home/beam/wa/install/eufs_launcher:/home/beam/wa/install/eufs_tracks:/home/beam/wa/install/eufs_rqt:/home/beam/wa/install/eufs_racecar:/opt/ros/humble /usr/bin/cmake --build /home/beam/autonomous-stack-sdc/build/yolo_msgs -- -j16 -l16
[0.165s] [  0%] Built target yolo_msgs__cpp
[0.232s] [  0%] Built target ament_cmake_python_copy_yolo_msgs
[0.283s] [ 12%] Built target yolo_msgs__rosidl_typesupport_introspection_cpp
[1.777s] running egg_info
[1.779s] writing yolo_msgs.egg-info/PKG-INFO
[1.779s] writing dependency_links to yolo_msgs.egg-info/dependency_links.txt
[1.780s] writing top-level names to yolo_msgs.egg-info/top_level.txt
[1.787s] reading manifest file 'yolo_msgs.egg-info/SOURCES.txt'
[1.788s] writing manifest file 'yolo_msgs.egg-info/SOURCES.txt'
[1.854s] [ 12%] Built target ament_cmake_python_build_yolo_msgs_egg
[1.929s] [ 24%] Built target yolo_msgs__rosidl_typesupport_fastrtps_cpp
[1.994s] [ 36%] Built target yolo_msgs__rosidl_typesupport_cpp
[2.066s] [ 48%] Built target yolo_msgs__rosidl_generator_c
[2.143s] [ 60%] Built target yolo_msgs__rosidl_typesupport_fastrtps_c
[2.201s] [ 72%] Built target yolo_msgs__rosidl_typesupport_c
[2.254s] [ 84%] Built target yolo_msgs__rosidl_typesupport_introspection_c
[2.301s] [ 84%] Built target yolo_msgs
[2.338s] [ 85%] Built target yolo_msgs__py
[2.386s] [ 96%] Built target yolo_msgs__rosidl_generator_py
[2.426s] [ 97%] Built target yolo_msgs__rosidl_typesupport_fastrtps_c__pyext
[2.466s] [ 98%] Built target yolo_msgs__rosidl_typesupport_c__pyext
[2.503s] [100%] Built target yolo_msgs__rosidl_typesupport_introspection_c__pyext
[2.527s] Invoked command in '/home/beam/autonomous-stack-sdc/build/yolo_msgs' returned '0': CMAKE_PREFIX_PATH=${CMAKE_PREFIX_PATH}:/home/beam/autonomous-stack-sdc/install/yolo_ros:/home/beam/autonomous-stack-sdc/install/sensorfusion:/home/beam/wa/install/eufs_launcher:/home/beam/wa/install/eufs_tracks:/home/beam/wa/install/eufs_rqt:/home/beam/wa/install/eufs_racecar:/opt/ros/humble /usr/bin/cmake --build /home/beam/autonomous-stack-sdc/build/yolo_msgs -- -j16 -l16
[2.530s] Invoking command in '/home/beam/autonomous-stack-sdc/build/yolo_msgs': CMAKE_PREFIX_PATH=${CMAKE_PREFIX_PATH}:/home/beam/autonomous-stack-sdc/install/yolo_ros:/home/beam/autonomous-stack-sdc/install/sensorfusion:/home/beam/wa/install/eufs_launcher:/home/beam/wa/install/eufs_tracks:/home/beam/wa/install/eufs_rqt:/home/beam/wa/install/eufs_racecar:/opt/ros/humble /usr/bin/cmake --install /home/beam/autonomous-stack-sdc/build/yolo_msgs
[2.543s] -- Install configuration: ""
[2.543s] -- Up-to-date: /home/beam/autonomous-stack-sdc/install/yolo_msgs/share/ament_index/resource_index/rosidl_interfaces/yolo_msgs
[2.544s] -- Up-to-date: /home/beam/autonomous-stack-sdc/install/yolo_msgs/include/yolo_msgs/yolo_msgs
[2.544s] -- Up-to-date: /home/beam/autonomous-stack-sdc/install/yolo_msgs/include/yolo_msgs/yolo_msgs/msg
[2.544s] -- Up-to-date: /home/beam/autonomous-stack-sdc/install/yolo_msgs/include/yolo_msgs/yolo_msgs/msg/key_point2_d.h
[2.545s] -- Up-to-date: /home/beam/autonomous-stack-sdc/install/yolo_msgs/include/yolo_msgs/yolo_msgs/msg/bounding_box2_d.h
[2.545s] -- Up-to-date: /home/beam/autonomous-stack-sdc/install/yolo_msgs/include/yolo_msgs/yolo_msgs/msg/vector2.h
[2.545s] -- Up-to-date: /home/beam/autonomous-stack-sdc/install/yolo_msgs/include/yolo_msgs/yolo_msgs/msg/key_point3_d_array.h
[2.545s] -- Up-to-date: /home/beam/autonomous-stack-sdc/install/yolo_msgs/include/yolo_msgs/yolo_msgs/msg/detection.h
[2.545s] -- Up-to-date: /home/beam/autonomous-stack-sdc/install/yolo_msgs/include/yolo_msgs/yolo_msgs/msg/key_point2_d_array.h
[2.545s] -- Up-to-date: /home/beam/autonomous-stack-sdc/install/yolo_msgs/include/yolo_msgs/yolo_msgs/msg/detection_array.h
[2.545s] -- Up-to-date: /home/beam/autonomous-stack-sdc/install/yolo_msgs/include/yolo_msgs/yolo_msgs/msg/bounding_box3_d.h
[2.546s] -- Up-to-date: /home/beam/autonomous-stack-sdc/install/yolo_msgs/include/yolo_msgs/yolo_msgs/msg/pose2_d.h
[2.546s] -- Up-to-date: /home/beam/autonomous-stack-sdc/install/yolo_msgs/include/yolo_msgs/yolo_msgs/msg/point2_d.h
[2.546s] -- Up-to-date: /home/beam/autonomous-stack-sdc/install/yolo_msgs/include/yolo_msgs/yolo_msgs/msg/key_point3_d.h
[2.546s] -- Up-to-date: /home/beam/autonomous-stack-sdc/install/yolo_msgs/include/yolo_msgs/yolo_msgs/msg/rosidl_generator_c__visibility_control.h
[2.546s] -- Up-to-date: /home/beam/autonomous-stack-sdc/install/yolo_msgs/include/yolo_msgs/yolo_msgs/msg/detail
[2.546s] -- Up-to-date: /home/beam/autonomous-stack-sdc/install/yolo_msgs/include/yolo_msgs/yolo_msgs/msg/detail/vector2__functions.c
[2.546s] -- Up-to-date: /home/beam/autonomous-stack-sdc/install/yolo_msgs/include/yolo_msgs/yolo_msgs/msg/detail/key_point2_d_array__functions.c
[2.546s] -- Up-to-date: /home/beam/autonomous-stack-sdc/install/yolo_msgs/include/yolo_msgs/yolo_msgs/msg/detail/point2_d__functions.c
[2.546s] -- Up-to-date: /home/beam/autonomous-stack-sdc/install/yolo_msgs/include/yolo_msgs/yolo_msgs/msg/detail/vector2__functions.h
[2.547s] -- Up-to-date: /home/beam/autonomous-stack-sdc/install/yolo_msgs/include/yolo_msgs/yolo_msgs/msg/detail/key_point3_d_array__type_support.h
[2.547s] -- Up-to-date: /home/beam/autonomous-stack-sdc/install/yolo_msgs/include/yolo_msgs/yolo_msgs/msg/detail/key_point2_d__functions.c
[2.547s] -- Up-to-date: /home/beam/autonomous-stack-sdc/install/yolo_msgs/include/yolo_msgs/yolo_msgs/msg/detail/pose2_d__type_support.h
[2.547s] -- Up-to-date: /home/beam/autonomous-stack-sdc/install/yolo_msgs/include/yolo_msgs/yolo_msgs/msg/detail/mask__functions.h
[2.547s] -- Up-to-date: /home/beam/autonomous-stack-sdc/install/yolo_msgs/include/yolo_msgs/yolo_msgs/msg/detail/key_point3_d_array__struct.h
[2.547s] -- Up-to-date: /home/beam/autonomous-stack-sdc/install/yolo_msgs/include/yolo_msgs/yolo_msgs/msg/detail/bounding_box2_d__type_support.h
[2.547s] -- Up-to-date: /home/beam/autonomous-stack-sdc/install/yolo_msgs/include/yolo_msgs/yolo_msgs/msg/detail/key_point3_d__functions.h
[2.547s] -- Up-to-date: /home/beam/autonomous-stack-sdc/install/yolo_msgs/include/yolo_msgs/yolo_msgs/msg/detail/detection_array__functions.h
[2.547s] -- Up-to-date: /home/beam/autonomous-stack-sdc/install/yolo_msgs/include/yolo_msgs/yolo_msgs/msg/detail/detection_array__struct.h
[2.547s] -- Up-to-date: /home/beam/autonomous-stack-sdc/install/yolo_msgs/include/yolo_msgs/yolo_msgs/msg/detail/detection__struct.h
[2.548s] -- Up-to-date: /home/beam/autonomous-stack-sdc/install/yolo_msgs/include/yolo_msgs/yolo_msgs/msg/detail/point2_d__functions.h
[2.548s] -- Up-to-date: /home/beam/autonomous-stack-sdc/install/yolo_msgs/include/yolo_msgs/yolo_msgs/msg/detail/key_point3_d__struct.h
[2.548s] -- Up-to-date: /home/beam/autonomous-stack-sdc/install/yolo_msgs/include/yolo_msgs/yolo_msgs/msg/detail/detection__type_support.h
[2.548s] -- Up-to-date: /home/beam/autonomous-stack-sdc/install/yolo_msgs/include/yolo_msgs/yolo_msgs/msg/detail/detection_array__functions.c
[2.548s] -- Up-to-date: /home/beam/autonomous-stack-sdc/install/yolo_msgs/include/yolo_msgs/yolo_msgs/msg/detail/key_point3_d__functions.c
[2.548s] -- Up-to-date: /home/beam/autonomous-stack-sdc/install/yolo_msgs/include/yolo_msgs/yolo_msgs/msg/detail/pose2_d__functions.c
[2.548s] -- Up-to-date: /home/beam/autonomous-stack-sdc/install/yolo_msgs/include/yolo_msgs/yolo_msgs/msg/detail/mask__functions.c
[2.548s] -- Up-to-date: /home/beam/autonomous-stack-sdc/install/yolo_msgs/include/yolo_msgs/yolo_msgs/msg/detail/detection_array__type_support.h
[2.549s] -- Up-to-date: /home/beam/autonomous-stack-sdc/install/yolo_msgs/include/yolo_msgs/yolo_msgs/msg/detail/pose2_d__functions.h
[2.549s] -- Up-to-date: /home/beam/autonomous-stack-sdc/install/yolo_msgs/include/yolo_msgs/yolo_msgs/msg/detail/bounding_box3_d__functions.h
[2.549s] -- Up-to-date: /home/beam/autonomous-stack-sdc/install/yolo_msgs/include/yolo_msgs/yolo_msgs/msg/detail/key_point2_d_array__type_support.h
[2.549s] -- Up-to-date: /home/beam/autonomous-stack-sdc/install/yolo_msgs/include/yolo_msgs/yolo_msgs/msg/detail/detection__functions.h
[2.549s] -- Up-to-date: /home/beam/autonomous-stack-sdc/install/yolo_msgs/include/yolo_msgs/yolo_msgs/msg/detail/mask__struct.h
[2.549s] -- Up-to-date: /home/beam/autonomous-stack-sdc/install/yolo_msgs/include/yolo_msgs/yolo_msgs/msg/detail/bounding_box3_d__struct.h
[2.549s] -- Up-to-date: /home/beam/autonomous-stack-sdc/install/yolo_msgs/include/yolo_msgs/yolo_msgs/msg/detail/vector2__struct.h
[2.549s] -- Up-to-date: /home/beam/autonomous-stack-sdc/install/yolo_msgs/include/yolo_msgs/yolo_msgs/msg/detail/key_point2_d__functions.h
[2.549s] -- Up-to-date: /home/beam/autonomous-stack-sdc/install/yolo_msgs/include/yolo_msgs/yolo_msgs/msg/detail/pose2_d__struct.h
[2.549s] -- Up-to-date: /home/beam/autonomous-stack-sdc/install/yolo_msgs/include/yolo_msgs/yolo_msgs/msg/detail/point2_d__type_support.h
[2.549s] -- Up-to-date: /home/beam/autonomous-stack-sdc/install/yolo_msgs/include/yolo_msgs/yolo_msgs/msg/detail/key_point3_d_array__functions.h
[2.550s] -- Up-to-date: /home/beam/autonomous-stack-sdc/install/yolo_msgs/include/yolo_msgs/yolo_msgs/msg/detail/key_point2_d_array__functions.h
[2.550s] -- Up-to-date: /home/beam/autonomous-stack-sdc/install/yolo_msgs/include/yolo_msgs/yolo_msgs/msg/detail/point2_d__struct.h
[2.550s] -- Up-to-date: /home/beam/autonomous-stack-sdc/install/yolo_msgs/include/yolo_msgs/yolo_msgs/msg/detail/mask__type_support.h
[2.550s] -- Up-to-date: /home/beam/autonomous-stack-sdc/install/yolo_msgs/include/yolo_msgs/yolo_msgs/msg/detail/bounding_box3_d__functions.c
[2.550s] -- Up-to-date: /home/beam/autonomous-stack-sdc/install/yolo_msgs/include/yolo_msgs/yolo_msgs/msg/detail/detection__functions.c
[2.550s] -- Up-to-date: /home/beam/autonomous-stack-sdc/install/yolo_msgs/include/yolo_msgs/yolo_msgs/msg/detail/bounding_box2_d__functions.h
[2.550s] -- Up-to-date: /home/beam/autonomous-stack-sdc/install/yolo_msgs/include/yolo_msgs/yolo_msgs/msg/detail/key_point3_d_array__functions.c
[2.550s] -- Up-to-date: /home/beam/autonomous-stack-sdc/install/yolo_msgs/include/yolo_msgs/yolo_msgs/msg/detail/bounding_box2_d__struct.h
[2.550s] -- Up-to-date: /home/beam/autonomous-stack-sdc/install/yolo_msgs/include/yolo_msgs/yolo_msgs/msg/detail/vector2__type_support.h
[2.550s] -- Up-to-date: /home/beam/autonomous-stack-sdc/install/yolo_msgs/include/yolo_msgs/yolo_msgs/msg/detail/key_point3_d__type_support.h
[2.550s] -- Up-to-date: /home/beam/autonomous-stack-sdc/install/yolo_msgs/include/yolo_msgs/yolo_msgs/msg/detail/bounding_box3_d__type_support.h
[2.550s] -- Up-to-date: /home/beam/autonomous-stack-sdc/install/yolo_msgs/include/yolo_msgs/yolo_msgs/msg/detail/bounding_box2_d__functions.c
[2.550s] -- Up-to-date: /home/beam/autonomous-stack-sdc/install/yolo_msgs/include/yolo_msgs/yolo_msgs/msg/detail/key_point2_d_array__struct.h
[2.551s] -- Up-to-date: /home/beam/autonomous-stack-sdc/install/yolo_msgs/include/yolo_msgs/yolo_msgs/msg/detail/key_point2_d__type_support.h
[2.551s] -- Up-to-date: /home/beam/autonomous-stack-sdc/install/yolo_msgs/include/yolo_msgs/yolo_msgs/msg/detail/key_point2_d__struct.h
[2.551s] -- Up-to-date: /home/beam/autonomous-stack-sdc/install/yolo_msgs/include/yolo_msgs/yolo_msgs/msg/mask.h
[2.551s] -- Up-to-date: /home/beam/autonomous-stack-sdc/install/yolo_msgs/include/yolo_msgs/yolo_msgs/srv
[2.551s] -- Up-to-date: /home/beam/autonomous-stack-sdc/install/yolo_msgs/include/yolo_msgs/yolo_msgs/srv/set_classes.h
[2.551s] -- Up-to-date: /home/beam/autonomous-stack-sdc/install/yolo_msgs/include/yolo_msgs/yolo_msgs/srv/detail
[2.551s] -- Up-to-date: /home/beam/autonomous-stack-sdc/install/yolo_msgs/include/yolo_msgs/yolo_msgs/srv/detail/set_classes__struct.h
[2.551s] -- Up-to-date: /home/beam/autonomous-stack-sdc/install/yolo_msgs/include/yolo_msgs/yolo_msgs/srv/detail/set_classes__functions.h
[2.551s] -- Up-to-date: /home/beam/autonomous-stack-sdc/install/yolo_msgs/include/yolo_msgs/yolo_msgs/srv/detail/set_classes__functions.c
[2.551s] -- Up-to-date: /home/beam/autonomous-stack-sdc/install/yolo_msgs/include/yolo_msgs/yolo_msgs/srv/detail/set_classes__type_support.h
[2.552s] -- Up-to-date: /home/beam/autonomous-stack-sdc/install/yolo_msgs/share/yolo_msgs/environment/library_path.sh
[2.552s] -- Up-to-date: /home/beam/autonomous-stack-sdc/install/yolo_msgs/share/yolo_msgs/environment/library_path.dsv
[2.552s] -- Up-to-date: /home/beam/autonomous-stack-sdc/install/yolo_msgs/lib/libyolo_msgs__rosidl_generator_c.so
[2.552s] -- Up-to-date: /home/beam/autonomous-stack-sdc/install/yolo_msgs/include/yolo_msgs/yolo_msgs
[2.552s] -- Up-to-date: /home/beam/autonomous-stack-sdc/install/yolo_msgs/include/yolo_msgs/yolo_msgs/msg
[2.552s] -- Up-to-date: /home/beam/autonomous-stack-sdc/install/yolo_msgs/include/yolo_msgs/yolo_msgs/msg/rosidl_typesupport_fastrtps_c__visibility_control.h
[2.553s] -- Up-to-date: /home/beam/autonomous-stack-sdc/install/yolo_msgs/include/yolo_msgs/yolo_msgs/msg/detail
[2.553s] -- Up-to-date: /home/beam/autonomous-stack-sdc/install/yolo_msgs/include/yolo_msgs/yolo_msgs/msg/detail/key_point3_d__rosidl_typesupport_fastrtps_c.h
[2.553s] -- Up-to-date: /home/beam/autonomous-stack-sdc/install/yolo_msgs/include/yolo_msgs/yolo_msgs/msg/detail/key_point3_d_array__rosidl_typesupport_fastrtps_c.h
[2.553s] -- Up-to-date: /home/beam/autonomous-stack-sdc/install/yolo_msgs/include/yolo_msgs/yolo_msgs/msg/detail/bounding_box2_d__rosidl_typesupport_fastrtps_c.h
[2.553s] -- Up-to-date: /home/beam/autonomous-stack-sdc/install/yolo_msgs/include/yolo_msgs/yolo_msgs/msg/detail/point2_d__rosidl_typesupport_fastrtps_c.h
[2.553s] -- Up-to-date: /home/beam/autonomous-stack-sdc/install/yolo_msgs/include/yolo_msgs/yolo_msgs/msg/detail/vector2__rosidl_typesupport_fastrtps_c.h
[2.553s] -- Up-to-date: /home/beam/autonomous-stack-sdc/install/yolo_msgs/include/yolo_msgs/yolo_msgs/msg/detail/bounding_box3_d__rosidl_typesupport_fastrtps_c.h
[2.553s] -- Up-to-date: /home/beam/autonomous-stack-sdc/install/yolo_msgs/include/yolo_msgs/yolo_msgs/msg/detail/mask__rosidl_typesupport_fastrtps_c.h
[2.554s] -- Up-to-date: /home/beam/autonomous-stack-sdc/install/yolo_msgs/include/yolo_msgs/yolo_msgs/msg/detail/key_point2_d__rosidl_typesupport_fastrtps_c.h
[2.554s] -- Up-to-date: /home/beam/autonomous-stack-sdc/install/yolo_msgs/include/yolo_msgs/yolo_msgs/msg/detail/pose2_d__rosidl_typesupport_fastrtps_c.h
[2.554s] -- Up-to-date: /home/beam/autonomous-stack-sdc/install/yolo_msgs/include/yolo_msgs/yolo_msgs/msg/detail/detection_array__rosidl_typesupport_fastrtps_c.h
[2.554s] -- Up-to-date: /home/beam/autonomous-stack-sdc/install/yolo_msgs/include/yolo_msgs/yolo_msgs/msg/detail/detection__rosidl_typesupport_fastrtps_c.h
[2.554s] -- Up-to-date: /home/beam/autonomous-stack-sdc/install/yolo_msgs/include/yolo_msgs/yolo_msgs/msg/detail/key_point2_d_array__rosidl_typesupport_fastrtps_c.h
[2.554s] -- Up-to-date: /home/beam/autonomous-stack-sdc/install/yolo_msgs/include/yolo_msgs/yolo_msgs/srv
[2.554s] -- Up-to-date: /home/beam/autonomous-stack-sdc/install/yolo_msgs/include/yolo_msgs/yolo_msgs/srv/detail
[2.554s] -- Up-to-date: /home/beam/autonomous-stack-sdc/install/yolo_msgs/include/yolo_msgs/yolo_msgs/srv/detail/set_classes__rosidl_typesupport_fastrtps_c.h
[2.555s] -- Up-to-date: /home/beam/autonomous-stack-sdc/install/yolo_msgs/lib/libyolo_msgs__rosidl_typesupport_fastrtps_c.so
[2.555s] -- Up-to-date: /home/beam/autonomous-stack-sdc/install/yolo_msgs/include/yolo_msgs/yolo_msgs
[2.555s] -- Up-to-date: /home/beam/autonomous-stack-sdc/install/yolo_msgs/include/yolo_msgs/yolo_msgs/msg
[2.555s] -- Up-to-date: /home/beam/autonomous-stack-sdc/install/yolo_msgs/include/yolo_msgs/yolo_msgs/msg/rosidl_typesupport_introspection_c__visibility_control.h
[2.555s] -- Up-to-date: /home/beam/autonomous-stack-sdc/install/yolo_msgs/include/yolo_msgs/yolo_msgs/msg/detail
[2.555s] -- Up-to-date: /home/beam/autonomous-stack-sdc/install/yolo_msgs/include/yolo_msgs/yolo_msgs/msg/detail/key_point3_d__rosidl_typesupport_introspection_c.h
[2.556s] -- Up-to-date: /home/beam/autonomous-stack-sdc/install/yolo_msgs/include/yolo_msgs/yolo_msgs/msg/detail/mask__rosidl_typesupport_introspection_c.h
[2.556s] -- Up-to-date: /home/beam/autonomous-stack-sdc/install/yolo_msgs/include/yolo_msgs/yolo_msgs/msg/detail/key_point2_d__type_support.c
[2.556s] -- Up-to-date: /home/beam/autonomous-stack-sdc/install/yolo_msgs/include/yolo_msgs/yolo_msgs/msg/detail/pose2_d__type_support.c
[2.556s] -- Up-to-date: /home/beam/autonomous-stack-sdc/install/yolo_msgs/include/yolo_msgs/yolo_msgs/msg/detail/detection_array__type_support.c
[2.556s] -- Up-to-date: /home/beam/autonomous-stack-sdc/install/yolo_msgs/include/yolo_msgs/yolo_msgs/msg/detail/bounding_box2_d__type_support.c
[2.556s] -- Up-to-date: /home/beam/autonomous-stack-sdc/install/yolo_msgs/include/yolo_msgs/yolo_msgs/msg/detail/key_point3_d__type_support.c
[2.556s] -- Up-to-date: /home/beam/autonomous-stack-sdc/install/yolo_msgs/include/yolo_msgs/yolo_msgs/msg/detail/detection_array__rosidl_typesupport_introspection_c.h
[2.556s] -- Up-to-date: /home/beam/autonomous-stack-sdc/install/yolo_msgs/include/yolo_msgs/yolo_msgs/msg/detail/bounding_box2_d__rosidl_typesupport_introspection_c.h
[2.556s] -- Up-to-date: /home/beam/autonomous-stack-sdc/install/yolo_msgs/include/yolo_msgs/yolo_msgs/msg/detail/pose2_d__rosidl_typesupport_introspection_c.h
[2.556s] -- Up-to-date: /home/beam/autonomous-stack-sdc/install/yolo_msgs/include/yolo_msgs/yolo_msgs/msg/detail/key_point2_d_array__type_support.c
[2.557s] -- Up-to-date: /home/beam/autonomous-stack-sdc/install/yolo_msgs/include/yolo_msgs/yolo_msgs/msg/detail/point2_d__rosidl_typesupport_introspection_c.h
[2.557s] -- Up-to-date: /home/beam/autonomous-stack-sdc/install/yolo_msgs/include/yolo_msgs/yolo_msgs/msg/detail/key_point3_d_array__rosidl_typesupport_introspection_c.h
[2.557s] -- Up-to-date: /home/beam/autonomous-stack-sdc/install/yolo_msgs/include/yolo_msgs/yolo_msgs/msg/detail/vector2__rosidl_typesupport_introspection_c.h
[2.557s] -- Up-to-date: /home/beam/autonomous-stack-sdc/install/yolo_msgs/include/yolo_msgs/yolo_msgs/msg/detail/detection__rosidl_typesupport_introspection_c.h
[2.557s] -- Up-to-date: /home/beam/autonomous-stack-sdc/install/yolo_msgs/include/yolo_msgs/yolo_msgs/msg/detail/key_point2_d_array__rosidl_typesupport_introspection_c.h
[2.558s] -- Up-to-date: /home/beam/autonomous-stack-sdc/install/yolo_msgs/include/yolo_msgs/yolo_msgs/msg/detail/bounding_box3_d__rosidl_typesupport_introspection_c.h
[2.558s] -- Up-to-date: /home/beam/autonomous-stack-sdc/install/yolo_msgs/include/yolo_msgs/yolo_msgs/msg/detail/point2_d__type_support.c
[2.558s] -- Up-to-date: /home/beam/autonomous-stack-sdc/install/yolo_msgs/include/yolo_msgs/yolo_msgs/msg/detail/bounding_box3_d__type_support.c
[2.558s] -- Up-to-date: /home/beam/autonomous-stack-sdc/install/yolo_msgs/include/yolo_msgs/yolo_msgs/msg/detail/mask__type_support.c
[2.558s] -- Up-to-date: /home/beam/autonomous-stack-sdc/install/yolo_msgs/include/yolo_msgs/yolo_msgs/msg/detail/key_point2_d__rosidl_typesupport_introspection_c.h
[2.558s] -- Up-to-date: /home/beam/autonomous-stack-sdc/install/yolo_msgs/include/yolo_msgs/yolo_msgs/msg/detail/vector2__type_support.c
[2.558s] -- Up-to-date: /home/beam/autonomous-stack-sdc/install/yolo_msgs/include/yolo_msgs/yolo_msgs/msg/detail/key_point3_d_array__type_support.c
[2.559s] -- Up-to-date: /home/beam/autonomous-stack-sdc/install/yolo_msgs/include/yolo_msgs/yolo_msgs/msg/detail/detection__type_support.c
[2.559s] -- Up-to-date: /home/beam/autonomous-stack-sdc/install/yolo_msgs/include/yolo_msgs/yolo_msgs/srv
[2.559s] -- Up-to-date: /home/beam/autonomous-stack-sdc/install/yolo_msgs/include/yolo_msgs/yolo_msgs/srv/detail
[2.559s] -- Up-to-date: /home/beam/autonomous-stack-sdc/install/yolo_msgs/include/yolo_msgs/yolo_msgs/srv/detail/set_classes__rosidl_typesupport_introspection_c.h
[2.560s] -- Up-to-date: /home/beam/autonomous-stack-sdc/install/yolo_msgs/include/yolo_msgs/yolo_msgs/srv/detail/set_classes__type_support.c
[2.560s] -- Up-to-date: /home/beam/autonomous-stack-sdc/install/yolo_msgs/lib/libyolo_msgs__rosidl_typesupport_introspection_c.so
[2.563s] -- Up-to-date: /home/beam/autonomous-stack-sdc/install/yolo_msgs/lib/libyolo_msgs__rosidl_typesupport_c.so
[2.563s] -- Up-to-date: /home/beam/autonomous-stack-sdc/install/yolo_msgs/include/yolo_msgs/yolo_msgs
[2.563s] -- Up-to-date: /home/beam/autonomous-stack-sdc/install/yolo_msgs/include/yolo_msgs/yolo_msgs/msg
[2.563s] -- Up-to-date: /home/beam/autonomous-stack-sdc/install/yolo_msgs/include/yolo_msgs/yolo_msgs/msg/key_point2_d.hpp
[2.563s] -- Up-to-date: /home/beam/autonomous-stack-sdc/install/yolo_msgs/include/yolo_msgs/yolo_msgs/msg/key_point3_d.hpp
[2.565s] -- Up-to-date: /home/beam/autonomous-stack-sdc/install/yolo_msgs/include/yolo_msgs/yolo_msgs/msg/point2_d.hpp
[2.565s] -- Up-to-date: /home/beam/autonomous-stack-sdc/install/yolo_msgs/include/yolo_msgs/yolo_msgs/msg/pose2_d.hpp
[2.565s] -- Up-to-date: /home/beam/autonomous-stack-sdc/install/yolo_msgs/include/yolo_msgs/yolo_msgs/msg/vector2.hpp
[2.565s] -- Up-to-date: /home/beam/autonomous-stack-sdc/install/yolo_msgs/include/yolo_msgs/yolo_msgs/msg/key_point2_d_array.hpp
[2.565s] -- Up-to-date: /home/beam/autonomous-stack-sdc/install/yolo_msgs/include/yolo_msgs/yolo_msgs/msg/mask.hpp
[2.565s] -- Up-to-date: /home/beam/autonomous-stack-sdc/install/yolo_msgs/include/yolo_msgs/yolo_msgs/msg/detection.hpp
[2.565s] -- Up-to-date: /home/beam/autonomous-stack-sdc/install/yolo_msgs/include/yolo_msgs/yolo_msgs/msg/key_point3_d_array.hpp
[2.565s] -- Up-to-date: /home/beam/autonomous-stack-sdc/install/yolo_msgs/include/yolo_msgs/yolo_msgs/msg/bounding_box2_d.hpp
[2.565s] -- Up-to-date: /home/beam/autonomous-stack-sdc/install/yolo_msgs/include/yolo_msgs/yolo_msgs/msg/rosidl_generator_cpp__visibility_control.hpp
[2.566s] -- Up-to-date: /home/beam/autonomous-stack-sdc/install/yolo_msgs/include/yolo_msgs/yolo_msgs/msg/detail
[2.566s] -- Up-to-date: /home/beam/autonomous-stack-sdc/install/yolo_msgs/include/yolo_msgs/yolo_msgs/msg/detail/bounding_box2_d__builder.hpp
[2.566s] -- Up-to-date: /home/beam/autonomous-stack-sdc/install/yolo_msgs/include/yolo_msgs/yolo_msgs/msg/detail/detection_array__traits.hpp
[2.566s] -- Up-to-date: /home/beam/autonomous-stack-sdc/install/yolo_msgs/include/yolo_msgs/yolo_msgs/msg/detail/detection__traits.hpp
[2.566s] -- Up-to-date: /home/beam/autonomous-stack-sdc/install/yolo_msgs/include/yolo_msgs/yolo_msgs/msg/detail/pose2_d__traits.hpp
[2.566s] -- Up-to-date: /home/beam/autonomous-stack-sdc/install/yolo_msgs/include/yolo_msgs/yolo_msgs/msg/detail/key_point3_d_array__type_support.hpp
[2.566s] -- Up-to-date: /home/beam/autonomous-stack-sdc/install/yolo_msgs/include/yolo_msgs/yolo_msgs/msg/detail/vector2__traits.hpp
[2.566s] -- Up-to-date: /home/beam/autonomous-stack-sdc/install/yolo_msgs/include/yolo_msgs/yolo_msgs/msg/detail/mask__type_support.hpp
[2.566s] -- Up-to-date: /home/beam/autonomous-stack-sdc/install/yolo_msgs/include/yolo_msgs/yolo_msgs/msg/detail/bounding_box2_d__type_support.hpp
[2.566s] -- Up-to-date: /home/beam/autonomous-stack-sdc/install/yolo_msgs/include/yolo_msgs/yolo_msgs/msg/detail/point2_d__traits.hpp
[2.566s] -- Up-to-date: /home/beam/autonomous-stack-sdc/install/yolo_msgs/include/yolo_msgs/yolo_msgs/msg/detail/key_point2_d__struct.hpp
[2.566s] -- Up-to-date: /home/beam/autonomous-stack-sdc/install/yolo_msgs/include/yolo_msgs/yolo_msgs/msg/detail/detection__type_support.hpp
[2.567s] -- Up-to-date: /home/beam/autonomous-stack-sdc/install/yolo_msgs/include/yolo_msgs/yolo_msgs/msg/detail/key_point2_d_array__struct.hpp
[2.567s] -- Up-to-date: /home/beam/autonomous-stack-sdc/install/yolo_msgs/include/yolo_msgs/yolo_msgs/msg/detail/pose2_d__builder.hpp
[2.567s] -- Up-to-date: /home/beam/autonomous-stack-sdc/install/yolo_msgs/include/yolo_msgs/yolo_msgs/msg/detail/key_point2_d_array__traits.hpp
[2.567s] -- Up-to-date: /home/beam/autonomous-stack-sdc/install/yolo_msgs/include/yolo_msgs/yolo_msgs/msg/detail/key_point2_d__type_support.hpp
[2.567s] -- Up-to-date: /home/beam/autonomous-stack-sdc/install/yolo_msgs/include/yolo_msgs/yolo_msgs/msg/detail/pose2_d__struct.hpp
[2.567s] -- Up-to-date: /home/beam/autonomous-stack-sdc/install/yolo_msgs/include/yolo_msgs/yolo_msgs/msg/detail/mask__builder.hpp
[2.567s] -- Up-to-date: /home/beam/autonomous-stack-sdc/install/yolo_msgs/include/yolo_msgs/yolo_msgs/msg/detail/key_point3_d__builder.hpp
[2.567s] -- Up-to-date: /home/beam/autonomous-stack-sdc/install/yolo_msgs/include/yolo_msgs/yolo_msgs/msg/detail/pose2_d__type_support.hpp
[2.567s] -- Up-to-date: /home/beam/autonomous-stack-sdc/install/yolo_msgs/include/yolo_msgs/yolo_msgs/msg/detail/key_point2_d_array__builder.hpp
[2.567s] -- Up-to-date: /home/beam/autonomous-stack-sdc/install/yolo_msgs/include/yolo_msgs/yolo_msgs/msg/detail/key_point2_d_array__type_support.hpp
[2.567s] -- Up-to-date: /home/beam/autonomous-stack-sdc/install/yolo_msgs/include/yolo_msgs/yolo_msgs/msg/detail/vector2__builder.hpp
[2.567s] -- Up-to-date: /home/beam/autonomous-stack-sdc/install/yolo_msgs/include/yolo_msgs/yolo_msgs/msg/detail/key_point3_d__struct.hpp
[2.567s] -- Up-to-date: /home/beam/autonomous-stack-sdc/install/yolo_msgs/include/yolo_msgs/yolo_msgs/msg/detail/detection_array__builder.hpp
[2.567s] -- Up-to-date: /home/beam/autonomous-stack-sdc/install/yolo_msgs/include/yolo_msgs/yolo_msgs/msg/detail/mask__traits.hpp
[2.568s] -- Up-to-date: /home/beam/autonomous-stack-sdc/install/yolo_msgs/include/yolo_msgs/yolo_msgs/msg/detail/detection_array__struct.hpp
[2.568s] -- Up-to-date: /home/beam/autonomous-stack-sdc/install/yolo_msgs/include/yolo_msgs/yolo_msgs/msg/detail/point2_d__builder.hpp
[2.568s] -- Up-to-date: /home/beam/autonomous-stack-sdc/install/yolo_msgs/include/yolo_msgs/yolo_msgs/msg/detail/bounding_box3_d__struct.hpp
[2.568s] -- Up-to-date: /home/beam/autonomous-stack-sdc/install/yolo_msgs/include/yolo_msgs/yolo_msgs/msg/detail/point2_d__type_support.hpp
[2.568s] -- Up-to-date: /home/beam/autonomous-stack-sdc/install/yolo_msgs/include/yolo_msgs/yolo_msgs/msg/detail/bounding_box3_d__builder.hpp
[2.568s] -- Up-to-date: /home/beam/autonomous-stack-sdc/install/yolo_msgs/include/yolo_msgs/yolo_msgs/msg/detail/vector2__struct.hpp
[2.572s] -- Up-to-date: /home/beam/autonomous-stack-sdc/install/yolo_msgs/include/yolo_msgs/yolo_msgs/msg/detail/bounding_box2_d__struct.hpp
[2.572s] -- Up-to-date: /home/beam/autonomous-stack-sdc/install/yolo_msgs/include/yolo_msgs/yolo_msgs/msg/detail/key_point3_d_array__traits.hpp
[2.572s] -- Up-to-date: /home/beam/autonomous-stack-sdc/install/yolo_msgs/include/yolo_msgs/yolo_msgs/msg/detail/key_point3_d_array__struct.hpp
[2.572s] -- Up-to-date: /home/beam/autonomous-stack-sdc/install/yolo_msgs/include/yolo_msgs/yolo_msgs/msg/detail/mask__struct.hpp
[2.572s] -- Up-to-date: /home/beam/autonomous-stack-sdc/install/yolo_msgs/include/yolo_msgs/yolo_msgs/msg/detail/detection__struct.hpp
[2.572s] -- Up-to-date: /home/beam/autonomous-stack-sdc/install/yolo_msgs/include/yolo_msgs/yolo_msgs/msg/detail/bounding_box2_d__traits.hpp
[2.572s] -- Up-to-date: /home/beam/autonomous-stack-sdc/install/yolo_msgs/include/yolo_msgs/yolo_msgs/msg/detail/key_point3_d_array__builder.hpp
[2.572s] -- Up-to-date: /home/beam/autonomous-stack-sdc/install/yolo_msgs/include/yolo_msgs/yolo_msgs/msg/detail/key_point3_d__type_support.hpp
[2.572s] -- Up-to-date: /home/beam/autonomous-stack-sdc/install/yolo_msgs/include/yolo_msgs/yolo_msgs/msg/detail/detection__builder.hpp
[2.573s] -- Up-to-date: /home/beam/autonomous-stack-sdc/install/yolo_msgs/include/yolo_msgs/yolo_msgs/msg/detail/bounding_box3_d__traits.hpp
[2.573s] -- Up-to-date: /home/beam/autonomous-stack-sdc/install/yolo_msgs/include/yolo_msgs/yolo_msgs/msg/detail/key_point3_d__traits.hpp
[2.573s] -- Up-to-date: /home/beam/autonomous-stack-sdc/install/yolo_msgs/include/yolo_msgs/yolo_msgs/msg/detail/bounding_box3_d__type_support.hpp
[2.573s] -- Up-to-date: /home/beam/autonomous-stack-sdc/install/yolo_msgs/include/yolo_msgs/yolo_msgs/msg/detail/point2_d__struct.hpp
[2.573s] -- Up-to-date: /home/beam/autonomous-stack-sdc/install/yolo_msgs/include/yolo_msgs/yolo_msgs/msg/detail/detection_array__type_support.hpp
[2.573s] -- Up-to-date: /home/beam/autonomous-stack-sdc/install/yolo_msgs/include/yolo_msgs/yolo_msgs/msg/detail/vector2__type_support.hpp
[2.573s] -- Up-to-date: /home/beam/autonomous-stack-sdc/install/yolo_msgs/include/yolo_msgs/yolo_msgs/msg/detail/key_point2_d__builder.hpp
[2.573s] -- Up-to-date: /home/beam/autonomous-stack-sdc/install/yolo_msgs/include/yolo_msgs/yolo_msgs/msg/detail/key_point2_d__traits.hpp
[2.573s] -- Up-to-date: /home/beam/autonomous-stack-sdc/install/yolo_msgs/include/yolo_msgs/yolo_msgs/msg/bounding_box3_d.hpp
[2.573s] -- Up-to-date: /home/beam/autonomous-stack-sdc/install/yolo_msgs/include/yolo_msgs/yolo_msgs/msg/detection_array.hpp
[2.573s] -- Up-to-date: /home/beam/autonomous-stack-sdc/install/yolo_msgs/include/yolo_msgs/yolo_msgs/srv
[2.573s] -- Up-to-date: /home/beam/autonomous-stack-sdc/install/yolo_msgs/include/yolo_msgs/yolo_msgs/srv/detail
[2.573s] -- Up-to-date: /home/beam/autonomous-stack-sdc/install/yolo_msgs/include/yolo_msgs/yolo_msgs/srv/detail/set_classes__struct.hpp
[2.574s] -- Up-to-date: /home/beam/autonomous-stack-sdc/install/yolo_msgs/include/yolo_msgs/yolo_msgs/srv/detail/set_classes__type_support.hpp
[2.574s] -- Up-to-date: /home/beam/autonomous-stack-sdc/install/yolo_msgs/include/yolo_msgs/yolo_msgs/srv/detail/set_classes__builder.hpp
[2.574s] -- Up-to-date: /home/beam/autonomous-stack-sdc/install/yolo_msgs/include/yolo_msgs/yolo_msgs/srv/detail/set_classes__traits.hpp
[2.574s] -- Up-to-date: /home/beam/autonomous-stack-sdc/install/yolo_msgs/include/yolo_msgs/yolo_msgs/srv/set_classes.hpp
[2.574s] -- Up-to-date: /home/beam/autonomous-stack-sdc/install/yolo_msgs/include/yolo_msgs/yolo_msgs
[2.574s] -- Up-to-date: /home/beam/autonomous-stack-sdc/install/yolo_msgs/include/yolo_msgs/yolo_msgs/msg
[2.574s] -- Up-to-date: /home/beam/autonomous-stack-sdc/install/yolo_msgs/include/yolo_msgs/yolo_msgs/msg/detail
[2.574s] -- Up-to-date: /home/beam/autonomous-stack-sdc/install/yolo_msgs/include/yolo_msgs/yolo_msgs/msg/detail/dds_fastrtps
[2.575s] -- Up-to-date: /home/beam/autonomous-stack-sdc/install/yolo_msgs/include/yolo_msgs/yolo_msgs/msg/detail/key_point2_d_array__rosidl_typesupport_fastrtps_cpp.hpp
[2.575s] -- Up-to-date: /home/beam/autonomous-stack-sdc/install/yolo_msgs/include/yolo_msgs/yolo_msgs/msg/detail/mask__rosidl_typesupport_fastrtps_cpp.hpp
[2.575s] -- Up-to-date: /home/beam/autonomous-stack-sdc/install/yolo_msgs/include/yolo_msgs/yolo_msgs/msg/detail/bounding_box3_d__rosidl_typesupport_fastrtps_cpp.hpp
[2.575s] -- Up-to-date: /home/beam/autonomous-stack-sdc/install/yolo_msgs/include/yolo_msgs/yolo_msgs/msg/detail/bounding_box2_d__rosidl_typesupport_fastrtps_cpp.hpp
[2.576s] -- Up-to-date: /home/beam/autonomous-stack-sdc/install/yolo_msgs/include/yolo_msgs/yolo_msgs/msg/detail/vector2__rosidl_typesupport_fastrtps_cpp.hpp
[2.576s] -- Up-to-date: /home/beam/autonomous-stack-sdc/install/yolo_msgs/include/yolo_msgs/yolo_msgs/msg/detail/detection__rosidl_typesupport_fastrtps_cpp.hpp
[2.580s] -- Up-to-date: /home/beam/autonomous-stack-sdc/install/yolo_msgs/include/yolo_msgs/yolo_msgs/msg/detail/key_point2_d__rosidl_typesupport_fastrtps_cpp.hpp
[2.581s] -- Up-to-date: /home/beam/autonomous-stack-sdc/install/yolo_msgs/include/yolo_msgs/yolo_msgs/msg/detail/detection_array__rosidl_typesupport_fastrtps_cpp.hpp
[2.592s] -- Up-to-date: /home/beam/autonomous-stack-sdc/install/yolo_msgs/include/yolo_msgs/yolo_msgs/msg/detail/point2_d__rosidl_typesupport_fastrtps_cpp.hpp
[2.593s] -- Up-to-date: /home/beam/autonomous-stack-sdc/install/yolo_msgs/include/yolo_msgs/yolo_msgs/msg/detail/key_point3_d_array__rosidl_typesupport_fastrtps_cpp.hpp
[2.594s] -- Up-to-date: /home/beam/autonomous-stack-sdc/install/yolo_msgs/include/yolo_msgs/yolo_msgs/msg/detail/key_point3_d__rosidl_typesupport_fastrtps_cpp.hpp
[2.599s] -- Up-to-date: /home/beam/autonomous-stack-sdc/install/yolo_msgs/include/yolo_msgs/yolo_msgs/msg/detail/pose2_d__rosidl_typesupport_fastrtps_cpp.hpp
[2.600s] -- Up-to-date: /home/beam/autonomous-stack-sdc/install/yolo_msgs/include/yolo_msgs/yolo_msgs/msg/rosidl_typesupport_fastrtps_cpp__visibility_control.h
[2.601s] -- Up-to-date: /home/beam/autonomous-stack-sdc/install/yolo_msgs/include/yolo_msgs/yolo_msgs/srv
[2.606s] -- Up-to-date: /home/beam/autonomous-stack-sdc/install/yolo_msgs/include/yolo_msgs/yolo_msgs/srv/detail
[2.607s] -- Up-to-date: /home/beam/autonomous-stack-sdc/install/yolo_msgs/include/yolo_msgs/yolo_msgs/srv/detail/dds_fastrtps
[2.608s] -- Up-to-date: /home/beam/autonomous-stack-sdc/install/yolo_msgs/include/yolo_msgs/yolo_msgs/srv/detail/set_classes__rosidl_typesupport_fastrtps_cpp.hpp
[2.612s] -- Up-to-date: /home/beam/autonomous-stack-sdc/install/yolo_msgs/lib/libyolo_msgs__rosidl_typesupport_fastrtps_cpp.so
[2.613s] -- Up-to-date: /home/beam/autonomous-stack-sdc/install/yolo_msgs/include/yolo_msgs/yolo_msgs
[2.614s] -- Up-to-date: /home/beam/autonomous-stack-sdc/install/yolo_msgs/include/yolo_msgs/yolo_msgs/msg
[2.618s] -- Up-to-date: /home/beam/autonomous-stack-sdc/install/yolo_msgs/include/yolo_msgs/yolo_msgs/msg/detail
[2.619s] -- Up-to-date: /home/beam/autonomous-stack-sdc/install/yolo_msgs/include/yolo_msgs/yolo_msgs/msg/detail/key_point3_d__rosidl_typesupport_introspection_cpp.hpp
[2.620s] -- Up-to-date: /home/beam/autonomous-stack-sdc/install/yolo_msgs/include/yolo_msgs/yolo_msgs/msg/detail/detection__rosidl_typesupport_introspection_cpp.hpp
[2.621s] -- Up-to-date: /home/beam/autonomous-stack-sdc/install/yolo_msgs/include/yolo_msgs/yolo_msgs/msg/detail/point2_d__type_support.cpp
[2.622s] -- Up-to-date: /home/beam/autonomous-stack-sdc/install/yolo_msgs/include/yolo_msgs/yolo_msgs/msg/detail/mask__type_support.cpp
[2.622s] -- Up-to-date: /home/beam/autonomous-stack-sdc/install/yolo_msgs/include/yolo_msgs/yolo_msgs/msg/detail/vector2__type_support.cpp
[2.624s] -- Up-to-date: /home/beam/autonomous-stack-sdc/install/yolo_msgs/include/yolo_msgs/yolo_msgs/msg/detail/detection_array__type_support.cpp
[2.625s] -- Up-to-date: /home/beam/autonomous-stack-sdc/install/yolo_msgs/include/yolo_msgs/yolo_msgs/msg/detail/vector2__rosidl_typesupport_introspection_cpp.hpp
[2.625s] -- Up-to-date: /home/beam/autonomous-stack-sdc/install/yolo_msgs/include/yolo_msgs/yolo_msgs/msg/detail/key_point3_d__type_support.cpp
[2.626s] -- Up-to-date: /home/beam/autonomous-stack-sdc/install/yolo_msgs/include/yolo_msgs/yolo_msgs/msg/detail/bounding_box3_d__rosidl_typesupport_introspection_cpp.hpp
[2.626s] -- Up-to-date: /home/beam/autonomous-stack-sdc/install/yolo_msgs/include/yolo_msgs/yolo_msgs/msg/detail/bounding_box2_d__type_support.cpp
[2.627s] -- Up-to-date: /home/beam/autonomous-stack-sdc/install/yolo_msgs/include/yolo_msgs/yolo_msgs/msg/detail/bounding_box3_d__type_support.cpp
[2.628s] -- Up-to-date: /home/beam/autonomous-stack-sdc/install/yolo_msgs/include/yolo_msgs/yolo_msgs/msg/detail/key_point2_d__type_support.cpp
[2.628s] -- Up-to-date: /home/beam/autonomous-stack-sdc/install/yolo_msgs/include/yolo_msgs/yolo_msgs/msg/detail/mask__rosidl_typesupport_introspection_cpp.hpp
[2.629s] -- Up-to-date: /home/beam/autonomous-stack-sdc/install/yolo_msgs/include/yolo_msgs/yolo_msgs/msg/detail/key_point2_d_array__type_support.cpp
[2.629s] -- Up-to-date: /home/beam/autonomous-stack-sdc/install/yolo_msgs/include/yolo_msgs/yolo_msgs/msg/detail/key_point2_d__rosidl_typesupport_introspection_cpp.hpp
[2.630s] -- Up-to-date: /home/beam/autonomous-stack-sdc/install/yolo_msgs/include/yolo_msgs/yolo_msgs/msg/detail/key_point3_d_array__rosidl_typesupport_introspection_cpp.hpp
[2.631s] -- Up-to-date: /home/beam/autonomous-stack-sdc/install/yolo_msgs/include/yolo_msgs/yolo_msgs/msg/detail/detection__type_support.cpp
[2.632s] -- Up-to-date: /home/beam/autonomous-stack-sdc/install/yolo_msgs/include/yolo_msgs/yolo_msgs/msg/detail/key_point3_d_array__type_support.cpp
[2.633s] -- Up-to-date: /home/beam/autonomous-stack-sdc/install/yolo_msgs/include/yolo_msgs/yolo_msgs/msg/detail/bounding_box2_d__rosidl_typesupport_introspection_cpp.hpp
[2.634s] -- Up-to-date: /home/beam/autonomous-stack-sdc/install/yolo_msgs/include/yolo_msgs/yolo_msgs/msg/detail/key_point2_d_array__rosidl_typesupport_introspection_cpp.hpp
[2.635s] -- Up-to-date: /home/beam/autonomous-stack-sdc/install/yolo_msgs/include/yolo_msgs/yolo_msgs/msg/detail/pose2_d__type_support.cpp
[2.635s] -- Up-to-date: /home/beam/autonomous-stack-sdc/install/yolo_msgs/include/yolo_msgs/yolo_msgs/msg/detail/detection_array__rosidl_typesupport_introspection_cpp.hpp
[2.637s] -- Up-to-date: /home/beam/autonomous-stack-sdc/install/yolo_msgs/include/yolo_msgs/yolo_msgs/msg/detail/point2_d__rosidl_typesupport_introspection_cpp.hpp
[2.638s] -- Up-to-date: /home/beam/autonomous-stack-sdc/install/yolo_msgs/include/yolo_msgs/yolo_msgs/msg/detail/pose2_d__rosidl_typesupport_introspection_cpp.hpp
[2.639s] -- Up-to-date: /home/beam/autonomous-stack-sdc/install/yolo_msgs/include/yolo_msgs/yolo_msgs/srv
[2.639s] -- Up-to-date: /home/beam/autonomous-stack-sdc/install/yolo_msgs/include/yolo_msgs/yolo_msgs/srv/detail
[2.640s] -- Up-to-date: /home/beam/autonomous-stack-sdc/install/yolo_msgs/include/yolo_msgs/yolo_msgs/srv/detail/set_classes__rosidl_typesupport_introspection_cpp.hpp
[2.641s] -- Up-to-date: /home/beam/autonomous-stack-sdc/install/yolo_msgs/include/yolo_msgs/yolo_msgs/srv/detail/set_classes__type_support.cpp
[2.641s] -- Up-to-date: /home/beam/autonomous-stack-sdc/install/yolo_msgs/lib/libyolo_msgs__rosidl_typesupport_introspection_cpp.so
[2.642s] -- Up-to-date: /home/beam/autonomous-stack-sdc/install/yolo_msgs/lib/libyolo_msgs__rosidl_typesupport_cpp.so
[2.643s] -- Up-to-date: /home/beam/autonomous-stack-sdc/install/yolo_msgs/share/yolo_msgs/environment/pythonpath.sh
[2.643s] -- Up-to-date: /home/beam/autonomous-stack-sdc/install/yolo_msgs/share/yolo_msgs/environment/pythonpath.dsv
[2.644s] -- Up-to-date: /home/beam/autonomous-stack-sdc/install/yolo_msgs/local/lib/python3.10/dist-packages/yolo_msgs-4.4.1-py3.10.egg-info
[2.644s] -- Installing: /home/beam/autonomous-stack-sdc/install/yolo_msgs/local/lib/python3.10/dist-packages/yolo_msgs-4.4.1-py3.10.egg-info/SOURCES.txt
[2.645s] -- Installing: /home/beam/autonomous-stack-sdc/install/yolo_msgs/local/lib/python3.10/dist-packages/yolo_msgs-4.4.1-py3.10.egg-info/PKG-INFO
[2.646s] -- Installing: /home/beam/autonomous-stack-sdc/install/yolo_msgs/local/lib/python3.10/dist-packages/yolo_msgs-4.4.1-py3.10.egg-info/dependency_links.txt
[2.646s] -- Installing: /home/beam/autonomous-stack-sdc/install/yolo_msgs/local/lib/python3.10/dist-packages/yolo_msgs-4.4.1-py3.10.egg-info/top_level.txt
[2.647s] -- Up-to-date: /home/beam/autonomous-stack-sdc/install/yolo_msgs/local/lib/python3.10/dist-packages/yolo_msgs
[2.647s] -- Up-to-date: /home/beam/autonomous-stack-sdc/install/yolo_msgs/local/lib/python3.10/dist-packages/yolo_msgs/yolo_msgs_s__rosidl_typesupport_fastrtps_c.cpython-310-x86_64-linux-gnu.so
[2.648s] -- Up-to-date: /home/beam/autonomous-stack-sdc/install/yolo_msgs/local/lib/python3.10/dist-packages/yolo_msgs/yolo_msgs_s__rosidl_typesupport_c.cpython-310-x86_64-linux-gnu.so
[2.649s] -- Up-to-date: /home/beam/autonomous-stack-sdc/install/yolo_msgs/local/lib/python3.10/dist-packages/yolo_msgs/_yolo_msgs_s.ep.rosidl_typesupport_fastrtps_c.c
[2.649s] -- Up-to-date: /home/beam/autonomous-stack-sdc/install/yolo_msgs/local/lib/python3.10/dist-packages/yolo_msgs/_yolo_msgs_s.ep.rosidl_typesupport_introspection_c.c
[2.650s] -- Up-to-date: /home/beam/autonomous-stack-sdc/install/yolo_msgs/local/lib/python3.10/dist-packages/yolo_msgs/__init__.py
[2.651s] -- Up-to-date: /home/beam/autonomous-stack-sdc/install/yolo_msgs/local/lib/python3.10/dist-packages/yolo_msgs/libyolo_msgs__rosidl_generator_py.so
[2.651s] -- Up-to-date: /home/beam/autonomous-stack-sdc/install/yolo_msgs/local/lib/python3.10/dist-packages/yolo_msgs/msg
[2.652s] -- Up-to-date: /home/beam/autonomous-stack-sdc/install/yolo_msgs/local/lib/python3.10/dist-packages/yolo_msgs/msg/_key_point2_d.py
[2.652s] -- Up-to-date: /home/beam/autonomous-stack-sdc/install/yolo_msgs/local/lib/python3.10/dist-packages/yolo_msgs/msg/_vector2.py
[2.653s] -- Up-to-date: /home/beam/autonomous-stack-sdc/install/yolo_msgs/local/lib/python3.10/dist-packages/yolo_msgs/msg/_bounding_box3_d_s.c
[2.654s] -- Up-to-date: /home/beam/autonomous-stack-sdc/install/yolo_msgs/local/lib/python3.10/dist-packages/yolo_msgs/msg/_key_point3_d_array_s.c
[2.654s] -- Up-to-date: /home/beam/autonomous-stack-sdc/install/yolo_msgs/local/lib/python3.10/dist-packages/yolo_msgs/msg/_point2_d_s.c
[2.655s] -- Up-to-date: /home/beam/autonomous-stack-sdc/install/yolo_msgs/local/lib/python3.10/dist-packages/yolo_msgs/msg/_detection_array.py
[2.656s] -- Up-to-date: /home/beam/autonomous-stack-sdc/install/yolo_msgs/local/lib/python3.10/dist-packages/yolo_msgs/msg/_vector2_s.c
[2.656s] -- Up-to-date: /home/beam/autonomous-stack-sdc/install/yolo_msgs/local/lib/python3.10/dist-packages/yolo_msgs/msg/_detection.py
[2.657s] -- Up-to-date: /home/beam/autonomous-stack-sdc/install/yolo_msgs/local/lib/python3.10/dist-packages/yolo_msgs/msg/_key_point2_d_array_s.c
[2.657s] -- Up-to-date: /home/beam/autonomous-stack-sdc/install/yolo_msgs/local/lib/python3.10/dist-packages/yolo_msgs/msg/_pose2_d_s.c
[2.658s] -- Up-to-date: /home/beam/autonomous-stack-sdc/install/yolo_msgs/local/lib/python3.10/dist-packages/yolo_msgs/msg/_detection_s.c
[2.659s] -- Up-to-date: /home/beam/autonomous-stack-sdc/install/yolo_msgs/local/lib/python3.10/dist-packages/yolo_msgs/msg/_bounding_box2_d_s.c
[2.659s] -- Up-to-date: /home/beam/autonomous-stack-sdc/install/yolo_msgs/local/lib/python3.10/dist-packages/yolo_msgs/msg/_mask.py
[2.660s] -- Up-to-date: /home/beam/autonomous-stack-sdc/install/yolo_msgs/local/lib/python3.10/dist-packages/yolo_msgs/msg/_key_point3_d_array.py
[2.660s] -- Up-to-date: /home/beam/autonomous-stack-sdc/install/yolo_msgs/local/lib/python3.10/dist-packages/yolo_msgs/msg/_key_point3_d_s.c
[2.661s] -- Up-to-date: /home/beam/autonomous-stack-sdc/install/yolo_msgs/local/lib/python3.10/dist-packages/yolo_msgs/msg/_detection_array_s.c
[2.662s] -- Up-to-date: /home/beam/autonomous-stack-sdc/install/yolo_msgs/local/lib/python3.10/dist-packages/yolo_msgs/msg/_pose2_d.py
[2.662s] -- Up-to-date: /home/beam/autonomous-stack-sdc/install/yolo_msgs/local/lib/python3.10/dist-packages/yolo_msgs/msg/_key_point2_d_s.c
[2.663s] -- Up-to-date: /home/beam/autonomous-stack-sdc/install/yolo_msgs/local/lib/python3.10/dist-packages/yolo_msgs/msg/_key_point2_d_array.py
[2.664s] -- Up-to-date: /home/beam/autonomous-stack-sdc/install/yolo_msgs/local/lib/python3.10/dist-packages/yolo_msgs/msg/__init__.py
[2.664s] -- Up-to-date: /home/beam/autonomous-stack-sdc/install/yolo_msgs/local/lib/python3.10/dist-packages/yolo_msgs/msg/_mask_s.c
[2.665s] -- Up-to-date: /home/beam/autonomous-stack-sdc/install/yolo_msgs/local/lib/python3.10/dist-packages/yolo_msgs/msg/_bounding_box2_d.py
[2.666s] -- Up-to-date: /home/beam/autonomous-stack-sdc/install/yolo_msgs/local/lib/python3.10/dist-packages/yolo_msgs/msg/_point2_d.py
[2.666s] -- Up-to-date: /home/beam/autonomous-stack-sdc/install/yolo_msgs/local/lib/python3.10/dist-packages/yolo_msgs/msg/_bounding_box3_d.py
[2.667s] -- Up-to-date: /home/beam/autonomous-stack-sdc/install/yolo_msgs/local/lib/python3.10/dist-packages/yolo_msgs/msg/_key_point3_d.py
[2.668s] -- Up-to-date: /home/beam/autonomous-stack-sdc/install/yolo_msgs/local/lib/python3.10/dist-packages/yolo_msgs/srv
[2.668s] -- Up-to-date: /home/beam/autonomous-stack-sdc/install/yolo_msgs/local/lib/python3.10/dist-packages/yolo_msgs/srv/_set_classes.py
[2.669s] -- Up-to-date: /home/beam/autonomous-stack-sdc/install/yolo_msgs/local/lib/python3.10/dist-packages/yolo_msgs/srv/_set_classes_s.c
[2.670s] -- Up-to-date: /home/beam/autonomous-stack-sdc/install/yolo_msgs/local/lib/python3.10/dist-packages/yolo_msgs/srv/__init__.py
[2.670s] -- Up-to-date: /home/beam/autonomous-stack-sdc/install/yolo_msgs/local/lib/python3.10/dist-packages/yolo_msgs/yolo_msgs_s__rosidl_typesupport_introspection_c.cpython-310-x86_64-linux-gnu.so
[2.671s] -- Up-to-date: /home/beam/autonomous-stack-sdc/install/yolo_msgs/local/lib/python3.10/dist-packages/yolo_msgs/_yolo_msgs_s.ep.rosidl_typesupport_c.c
[3.078s] Listing '/home/beam/autonomous-stack-sdc/install/yolo_msgs/local/lib/python3.10/dist-packages/yolo_msgs'...
[3.079s] Listing '/home/beam/autonomous-stack-sdc/install/yolo_msgs/local/lib/python3.10/dist-packages/yolo_msgs/msg'...
[3.080s] Listing '/home/beam/autonomous-stack-sdc/install/yolo_msgs/local/lib/python3.10/dist-packages/yolo_msgs/srv'...
[3.139s] -- Up-to-date: /home/beam/autonomous-stack-sdc/install/yolo_msgs/local/lib/python3.10/dist-packages/yolo_msgs/yolo_msgs_s__rosidl_typesupport_fastrtps_c.cpython-310-x86_64-linux-gnu.so
[3.141s] -- Up-to-date: /home/beam/autonomous-stack-sdc/install/yolo_msgs/local/lib/python3.10/dist-packages/yolo_msgs/yolo_msgs_s__rosidl_typesupport_introspection_c.cpython-310-x86_64-linux-gnu.so
[3.164s] -- Up-to-date: /home/beam/autonomous-stack-sdc/install/yolo_msgs/local/lib/python3.10/dist-packages/yolo_msgs/yolo_msgs_s__rosidl_typesupport_c.cpython-310-x86_64-linux-gnu.so
[3.183s] -- Up-to-date: /home/beam/autonomous-stack-sdc/install/yolo_msgs/lib/libyolo_msgs__rosidl_generator_py.so
[3.200s] -- Up-to-date: /home/beam/autonomous-stack-sdc/install/yolo_msgs/share/yolo_msgs/msg/Point2D.idl
[3.239s] -- Up-to-date: /home/beam/autonomous-stack-sdc/install/yolo_msgs/share/yolo_msgs/msg/Vector2.idl
[3.241s] -- Up-to-date: /home/beam/autonomous-stack-sdc/install/yolo_msgs/share/yolo_msgs/msg/Pose2D.idl
[3.243s] -- Up-to-date: /home/beam/autonomous-stack-sdc/install/yolo_msgs/share/yolo_msgs/msg/BoundingBox2D.idl
[3.244s] -- Up-to-date: /home/beam/autonomous-stack-sdc/install/yolo_msgs/share/yolo_msgs/msg/BoundingBox3D.idl
[3.271s] -- Up-to-date: /home/beam/autonomous-stack-sdc/install/yolo_msgs/share/yolo_msgs/msg/Mask.idl
[3.275s] -- Up-to-date: /home/beam/autonomous-stack-sdc/install/yolo_msgs/share/yolo_msgs/msg/KeyPoint2D.idl
[3.276s] -- Up-to-date: /home/beam/autonomous-stack-sdc/install/yolo_msgs/share/yolo_msgs/msg/KeyPoint2DArray.idl
[3.281s] -- Up-to-date: /home/beam/autonomous-stack-sdc/install/yolo_msgs/share/yolo_msgs/msg/KeyPoint3D.idl
[3.283s] -- Up-to-date: /home/beam/autonomous-stack-sdc/install/yolo_msgs/share/yolo_msgs/msg/KeyPoint3DArray.idl
[3.290s] -- Up-to-date: /home/beam/autonomous-stack-sdc/install/yolo_msgs/share/yolo_msgs/msg/Detection.idl
[3.295s] -- Up-to-date: /home/beam/autonomous-stack-sdc/install/yolo_msgs/share/yolo_msgs/msg/DetectionArray.idl
[3.298s] -- Up-to-date: /home/beam/autonomous-stack-sdc/install/yolo_msgs/share/yolo_msgs/srv/SetClasses.idl
[3.306s] -- Up-to-date: /home/beam/autonomous-stack-sdc/install/yolo_msgs/share/yolo_msgs/msg/Point2D.msg
[3.307s] -- Up-to-date: /home/beam/autonomous-stack-sdc/install/yolo_msgs/share/yolo_msgs/msg/Vector2.msg
[3.318s] -- Up-to-date: /home/beam/autonomous-stack-sdc/install/yolo_msgs/share/yolo_msgs/msg/Pose2D.msg
[3.319s] -- Up-to-date: /home/beam/autonomous-stack-sdc/install/yolo_msgs/share/yolo_msgs/msg/BoundingBox2D.msg
[3.320s] -- Up-to-date: /home/beam/autonomous-stack-sdc/install/yolo_msgs/share/yolo_msgs/msg/BoundingBox3D.msg
[3.324s] -- Up-to-date: /home/beam/autonomous-stack-sdc/install/yolo_msgs/share/yolo_msgs/msg/Mask.msg
[3.326s] -- Up-to-date: /home/beam/autonomous-stack-sdc/install/yolo_msgs/share/yolo_msgs/msg/KeyPoint2D.msg
[3.331s] -- Up-to-date: /home/beam/autonomous-stack-sdc/install/yolo_msgs/share/yolo_msgs/msg/KeyPoint2DArray.msg
[3.332s] -- Up-to-date: /home/beam/autonomous-stack-sdc/install/yolo_msgs/share/yolo_msgs/msg/KeyPoint3D.msg
[3.333s] -- Up-to-date: /home/beam/autonomous-stack-sdc/install/yolo_msgs/share/yolo_msgs/msg/KeyPoint3DArray.msg
[3.334s] -- Up-to-date: /home/beam/autonomous-stack-sdc/install/yolo_msgs/share/yolo_msgs/msg/Detection.msg
[3.335s] -- Up-to-date: /home/beam/autonomous-stack-sdc/install/yolo_msgs/share/yolo_msgs/msg/DetectionArray.msg
[3.336s] -- Up-to-date: /home/beam/autonomous-stack-sdc/install/yolo_msgs/share/yolo_msgs/srv/SetClasses.srv
[3.342s] -- Up-to-date: /home/beam/autonomous-stack-sdc/install/yolo_msgs/share/yolo_msgs/srv/SetClasses_Request.msg
[3.345s] -- Up-to-date: /home/beam/autonomous-stack-sdc/install/yolo_msgs/share/yolo_msgs/srv/SetClasses_Response.msg
[3.346s] -- Up-to-date: /home/beam/autonomous-stack-sdc/install/yolo_msgs/share/ament_index/resource_index/package_run_dependencies/yolo_msgs
[3.347s] -- Up-to-date: /home/beam/autonomous-stack-sdc/install/yolo_msgs/share/ament_index/resource_index/parent_prefix_path/yolo_msgs
[3.348s] -- Up-to-date: /home/beam/autonomous-stack-sdc/install/yolo_msgs/share/yolo_msgs/environment/ament_prefix_path.sh
[3.349s] -- Up-to-date: /home/beam/autonomous-stack-sdc/install/yolo_msgs/share/yolo_msgs/environment/ament_prefix_path.dsv
[3.349s] -- Up-to-date: /home/beam/autonomous-stack-sdc/install/yolo_msgs/share/yolo_msgs/environment/path.sh
[3.352s] -- Up-to-date: /home/beam/autonomous-stack-sdc/install/yolo_msgs/share/yolo_msgs/environment/path.dsv
[3.354s] -- Up-to-date: /home/beam/autonomous-stack-sdc/install/yolo_msgs/share/yolo_msgs/local_setup.bash
[3.355s] -- Up-to-date: /home/beam/autonomous-stack-sdc/install/yolo_msgs/share/yolo_msgs/local_setup.sh
[3.356s] -- Up-to-date: /home/beam/autonomous-stack-sdc/install/yolo_msgs/share/yolo_msgs/local_setup.zsh
[3.357s] -- Up-to-date: /home/beam/autonomous-stack-sdc/install/yolo_msgs/share/yolo_msgs/local_setup.dsv
[3.358s] -- Installing: /home/beam/autonomous-stack-sdc/install/yolo_msgs/share/yolo_msgs/package.dsv
[3.359s] -- Up-to-date: /home/beam/autonomous-stack-sdc/install/yolo_msgs/share/ament_index/resource_index/packages/yolo_msgs
[3.360s] -- Up-to-date: /home/beam/autonomous-stack-sdc/install/yolo_msgs/share/yolo_msgs/cmake/export_yolo_msgs__rosidl_generator_cExport.cmake
[3.360s] -- Up-to-date: /home/beam/autonomous-stack-sdc/install/yolo_msgs/share/yolo_msgs/cmake/export_yolo_msgs__rosidl_generator_cExport-noconfig.cmake
[3.366s] -- Up-to-date: /home/beam/autonomous-stack-sdc/install/yolo_msgs/share/yolo_msgs/cmake/export_yolo_msgs__rosidl_typesupport_fastrtps_cExport.cmake
[3.367s] -- Up-to-date: /home/beam/autonomous-stack-sdc/install/yolo_msgs/share/yolo_msgs/cmake/export_yolo_msgs__rosidl_typesupport_fastrtps_cExport-noconfig.cmake
[3.373s] -- Up-to-date: /home/beam/autonomous-stack-sdc/install/yolo_msgs/share/yolo_msgs/cmake/yolo_msgs__rosidl_typesupport_introspection_cExport.cmake
[3.377s] -- Up-to-date: /home/beam/autonomous-stack-sdc/install/yolo_msgs/share/yolo_msgs/cmake/yolo_msgs__rosidl_typesupport_introspection_cExport-noconfig.cmake
[3.378s] -- Up-to-date: /home/beam/autonomous-stack-sdc/install/yolo_msgs/share/yolo_msgs/cmake/yolo_msgs__rosidl_typesupport_cExport.cmake
[3.385s] -- Up-to-date: /home/beam/autonomous-stack-sdc/install/yolo_msgs/share/yolo_msgs/cmake/yolo_msgs__rosidl_typesupport_cExport-noconfig.cmake
[3.387s] -- Up-to-date: /home/beam/autonomous-stack-sdc/install/yolo_msgs/share/yolo_msgs/cmake/export_yolo_msgs__rosidl_generator_cppExport.cmake
[3.388s] -- Up-to-date: /home/beam/autonomous-stack-sdc/install/yolo_msgs/share/yolo_msgs/cmake/export_yolo_msgs__rosidl_typesupport_fastrtps_cppExport.cmake
[3.392s] -- Up-to-date: /home/beam/autonomous-stack-sdc/install/yolo_msgs/share/yolo_msgs/cmake/export_yolo_msgs__rosidl_typesupport_fastrtps_cppExport-noconfig.cmake
[3.393s] -- Up-to-date: /home/beam/autonomous-stack-sdc/install/yolo_msgs/share/yolo_msgs/cmake/yolo_msgs__rosidl_typesupport_introspection_cppExport.cmake
[3.408s] -- Up-to-date: /home/beam/autonomous-stack-sdc/install/yolo_msgs/share/yolo_msgs/cmake/yolo_msgs__rosidl_typesupport_introspection_cppExport-noconfig.cmake
[3.414s] -- Up-to-date: /home/beam/autonomous-stack-sdc/install/yolo_msgs/share/yolo_msgs/cmake/yolo_msgs__rosidl_typesupport_cppExport.cmake
[3.421s] -- Up-to-date: /home/beam/autonomous-stack-sdc/install/yolo_msgs/share/yolo_msgs/cmake/yolo_msgs__rosidl_typesupport_cppExport-noconfig.cmake
[3.423s] -- Up-to-date: /home/beam/autonomous-stack-sdc/install/yolo_msgs/share/yolo_msgs/cmake/export_yolo_msgs__rosidl_generator_pyExport.cmake
[3.425s] -- Up-to-date: /home/beam/autonomous-stack-sdc/install/yolo_msgs/share/yolo_msgs/cmake/export_yolo_msgs__rosidl_generator_pyExport-noconfig.cmake
[3.426s] -- Up-to-date: /home/beam/autonomous-stack-sdc/install/yolo_msgs/share/yolo_msgs/cmake/rosidl_cmake-extras.cmake
[3.429s] -- Up-to-date: /home/beam/autonomous-stack-sdc/install/yolo_msgs/share/yolo_msgs/cmake/ament_cmake_export_dependencies-extras.cmake
[3.431s] -- Up-to-date: /home/beam/autonomous-stack-sdc/install/yolo_msgs/share/yolo_msgs/cmake/ament_cmake_export_include_directories-extras.cmake
[3.434s] -- Up-to-date: /home/beam/autonomous-stack-sdc/install/yolo_msgs/share/yolo_msgs/cmake/ament_cmake_export_libraries-extras.cmake
[3.435s] -- Up-to-date: /home/beam/autonomous-stack-sdc/install/yolo_msgs/share/yolo_msgs/cmake/ament_cmake_export_targets-extras.cmake
[3.436s] -- Up-to-date: /home/beam/autonomous-stack-sdc/install/yolo_msgs/share/yolo_msgs/cmake/rosidl_cmake_export_typesupport_targets-extras.cmake
[3.440s] -- Up-to-date: /home/beam/autonomous-stack-sdc/install/yolo_msgs/share/yolo_msgs/cmake/rosidl_cmake_export_typesupport_libraries-extras.cmake
[3.450s] -- Up-to-date: /home/beam/autonomous-stack-sdc/install/yolo_msgs/share/yolo_msgs/cmake/yolo_msgsConfig.cmake
[3.451s] -- Up-to-date: /home/beam/autonomous-stack-sdc/install/yolo_msgs/share/yolo_msgs/cmake/yolo_msgsConfig-version.cmake
[3.452s] -- Up-to-date: /home/beam/autonomous-stack-sdc/install/yolo_msgs/share/yolo_msgs/package.xml
[3.713s] Invoked command in '/home/beam/autonomous-stack-sdc/build/yolo_msgs' returned '0': CMAKE_PREFIX_PATH=${CMAKE_PREFIX_PATH}:/home/beam/autonomous-stack-sdc/install/yolo_ros:/home/beam/autonomous-stack-sdc/install/sensorfusion:/home/beam/wa/install/eufs_launcher:/home/beam/wa/install/eufs_tracks:/home/beam/wa/install/eufs_rqt:/home/beam/wa/install/eufs_racecar:/opt/ros/humble /usr/bin/cmake --install /home/beam/autonomous-stack-sdc/build/yolo_msgs
