[100%] Built target pid
-- Install configuration: ""
-- Up-to-date: /home/beam/autonomous-stack-sdc/install/control/lib/control/pid
-- Up-to-date: /home/beam/autonomous-stack-sdc/install/control/share/control//launch
-- Up-to-date: /home/beam/autonomous-stack-sdc/install/control/share/control//launch/pid.launch.py
-- Up-to-date: /home/beam/autonomous-stack-sdc/install/control/share/control//config
-- Up-to-date: /home/beam/autonomous-stack-sdc/install/control/share/control//config/pid_params.yaml
-- Up-to-date: /home/beam/autonomous-stack-sdc/install/control/share/ament_index/resource_index/package_run_dependencies/control
-- Up-to-date: /home/beam/autonomous-stack-sdc/install/control/share/ament_index/resource_index/parent_prefix_path/control
-- Up-to-date: /home/beam/autonomous-stack-sdc/install/control/share/control/environment/ament_prefix_path.sh
-- Up-to-date: /home/beam/autonomous-stack-sdc/install/control/share/control/environment/ament_prefix_path.dsv
-- Up-to-date: /home/beam/autonomous-stack-sdc/install/control/share/control/environment/path.sh
-- Up-to-date: /home/beam/autonomous-stack-sdc/install/control/share/control/environment/path.dsv
-- Up-to-date: /home/beam/autonomous-stack-sdc/install/control/share/control/local_setup.bash
-- Up-to-date: /home/beam/autonomous-stack-sdc/install/control/share/control/local_setup.sh
-- Up-to-date: /home/beam/autonomous-stack-sdc/install/control/share/control/local_setup.zsh
-- Up-to-date: /home/beam/autonomous-stack-sdc/install/control/share/control/local_setup.dsv
-- Installing: /home/beam/autonomous-stack-sdc/install/control/share/control/package.dsv
-- Up-to-date: /home/beam/autonomous-stack-sdc/install/control/share/ament_index/resource_index/packages/control
-- Up-to-date: /home/beam/autonomous-stack-sdc/install/control/share/control/cmake/controlConfig.cmake
-- Up-to-date: /home/beam/autonomous-stack-sdc/install/control/share/control/cmake/controlConfig-version.cmake
-- Up-to-date: /home/beam/autonomous-stack-sdc/install/control/share/control/package.xml
