[0.015s] Invoking command in '/home/beam/autonomous-stack-sdc/build/yolo_msgs': CMAKE_PREFIX_PATH=${CMAKE_PREFIX_PATH}:/home/beam/autonomous-stack-sdc/install/yolo_ros:/home/beam/autonomous-stack-sdc/install/sensorfusion:/home/beam/wa/install/eufs_launcher:/home/beam/wa/install/eufs_tracks:/home/beam/wa/install/eufs_rqt:/home/beam/wa/install/eufs_racecar:/opt/ros/humble /usr/bin/cmake /home/beam/autonomous-stack-sdc/perception/camera/yolo_ros/yolo_msgs -DCMAKE_INSTALL_PREFIX=/home/beam/autonomous-stack-sdc/install/yolo_msgs
[0.064s] -- The C compiler identification is GNU 11.4.0
[0.113s] -- The CXX compiler identification is GNU 11.4.0
[0.119s] -- Detecting C compiler ABI info
[0.186s] -- Detecting C compiler ABI info - done
[0.192s] -- Check for working C compiler: /usr/bin/cc - skipped
[0.192s] -- Detecting C compile features
[0.192s] -- Detecting C compile features - done
[0.194s] -- Detecting CXX compiler ABI info
[0.266s] -- Detecting CXX compiler ABI info - done
[0.271s] -- Check for working CXX compiler: /usr/bin/c++ - skipped
[0.272s] -- Detecting CXX compile features
[0.272s] -- Detecting CXX compile features - done
[0.275s] -- Found ament_cmake: 1.3.12 (/opt/ros/humble/share/ament_cmake/cmake)
[0.413s] -- Found Python3: /usr/bin/python3 (found version "3.10.12") found components: Interpreter 
[0.503s] -- Found rosidl_default_generators: 1.2.0 (/opt/ros/humble/share/rosidl_default_generators/cmake)
[0.508s] -- Using all available rosidl_typesupport_c: rosidl_typesupport_fastrtps_c;rosidl_typesupport_introspection_c
[0.516s] -- Found rosidl_adapter: 3.1.7 (/opt/ros/humble/share/rosidl_adapter/cmake)
[0.556s] -- Using all available rosidl_typesupport_cpp: rosidl_typesupport_fastrtps_cpp;rosidl_typesupport_introspection_cpp
[0.587s] -- Found std_msgs: 4.9.0 (/opt/ros/humble/share/std_msgs/cmake)
[0.609s] -- Found geometry_msgs: 4.9.0 (/opt/ros/humble/share/geometry_msgs/cmake)
[0.908s] -- Found ament_cmake_ros: 0.10.0 (/opt/ros/humble/share/ament_cmake_ros/cmake)
[1.141s] -- Using all available rosidl_typesupport_c: rosidl_typesupport_fastrtps_c;rosidl_typesupport_introspection_c
[1.473s] -- Using all available rosidl_typesupport_cpp: rosidl_typesupport_fastrtps_cpp;rosidl_typesupport_introspection_cpp
[1.500s] -- Found PythonInterp: /usr/bin/python3 (found suitable version "3.10.12", minimum required is "3.6") 
[1.502s] -- Found python_cmake_module: 0.10.0 (/opt/ros/humble/share/python_cmake_module/cmake)
[1.538s] -- Found PythonLibs: /usr/lib/x86_64-linux-gnu/libpython3.10.so (found suitable version "3.10.12", minimum required is "3.5") 
[1.538s] -- Using PYTHON_EXECUTABLE: /usr/bin/python3
[1.538s] -- Using PYTHON_INCLUDE_DIRS: /usr/include/python3.10
[1.538s] -- Using PYTHON_LIBRARIES: /usr/lib/x86_64-linux-gnu/libpython3.10.so
[1.560s] -- Found PythonExtra: .so  
[1.633s] -- Configuring done
[1.684s] -- Generating done
[1.696s] -- Build files have been written to: /home/beam/autonomous-stack-sdc/build/yolo_msgs
[1.706s] Invoked command in '/home/beam/autonomous-stack-sdc/build/yolo_msgs' returned '0': CMAKE_PREFIX_PATH=${CMAKE_PREFIX_PATH}:/home/beam/autonomous-stack-sdc/install/yolo_ros:/home/beam/autonomous-stack-sdc/install/sensorfusion:/home/beam/wa/install/eufs_launcher:/home/beam/wa/install/eufs_tracks:/home/beam/wa/install/eufs_rqt:/home/beam/wa/install/eufs_racecar:/opt/ros/humble /usr/bin/cmake /home/beam/autonomous-stack-sdc/perception/camera/yolo_ros/yolo_msgs -DCMAKE_INSTALL_PREFIX=/home/beam/autonomous-stack-sdc/install/yolo_msgs
[1.708s] Invoking command in '/home/beam/autonomous-stack-sdc/build/yolo_msgs': CMAKE_PREFIX_PATH=${CMAKE_PREFIX_PATH}:/home/beam/autonomous-stack-sdc/install/yolo_ros:/home/beam/autonomous-stack-sdc/install/sensorfusion:/home/beam/wa/install/eufs_launcher:/home/beam/wa/install/eufs_tracks:/home/beam/wa/install/eufs_rqt:/home/beam/wa/install/eufs_racecar:/opt/ros/humble /usr/bin/cmake --build /home/beam/autonomous-stack-sdc/build/yolo_msgs -- -j16 -l16
[1.766s] [  1%] [34m[1mGenerating C code for ROS interfaces[0m
[1.784s] [  1%] [34m[1mGenerating C++ code for ROS interfaces[0m
[1.794s] [  1%] Built target ament_cmake_python_copy_yolo_msgs
[2.288s] running egg_info
[2.288s] creating yolo_msgs.egg-info
[2.289s] writing yolo_msgs.egg-info/PKG-INFO
[2.289s] writing dependency_links to yolo_msgs.egg-info/dependency_links.txt
[2.289s] writing top-level names to yolo_msgs.egg-info/top_level.txt
[2.289s] writing manifest file 'yolo_msgs.egg-info/SOURCES.txt'
[2.293s] reading manifest file 'yolo_msgs.egg-info/SOURCES.txt'
[2.293s] writing manifest file 'yolo_msgs.egg-info/SOURCES.txt'
[2.360s] [  1%] Built target ament_cmake_python_build_yolo_msgs_egg
[3.668s] [  1%] Built target yolo_msgs__cpp
[3.686s] [  2%] [34m[1mGenerating C++ type support dispatch for ROS interfaces[0m
[3.687s] [  2%] [34m[1mGenerating C++ introspection for ROS interfaces[0m
[3.697s] [  3%] [34m[1mGenerating C++ type support for eProsima Fast-RTPS[0m
[3.942s] [  4%] [32mBuilding C object CMakeFiles/yolo_msgs__rosidl_generator_c.dir/rosidl_generator_c/yolo_msgs/msg/detail/point2_d__functions.c.o[0m
[3.943s] [  4%] [32mBuilding C object CMakeFiles/yolo_msgs__rosidl_generator_c.dir/rosidl_generator_c/yolo_msgs/msg/detail/key_point2_d__functions.c.o[0m
[3.943s] [  6%] [32mBuilding C object CMakeFiles/yolo_msgs__rosidl_generator_c.dir/rosidl_generator_c/yolo_msgs/msg/detail/mask__functions.c.o[0m
[3.947s] [  6%] [32mBuilding C object CMakeFiles/yolo_msgs__rosidl_generator_c.dir/rosidl_generator_c/yolo_msgs/msg/detail/bounding_box3_d__functions.c.o[0m
[3.947s] [  8%] [32mBuilding C object CMakeFiles/yolo_msgs__rosidl_generator_c.dir/rosidl_generator_c/yolo_msgs/msg/detail/bounding_box2_d__functions.c.o[0m
[3.948s] [  9%] [32mBuilding C object CMakeFiles/yolo_msgs__rosidl_generator_c.dir/rosidl_generator_c/yolo_msgs/msg/detail/vector2__functions.c.o[0m
[3.948s] [  9%] [32mBuilding C object CMakeFiles/yolo_msgs__rosidl_generator_c.dir/rosidl_generator_c/yolo_msgs/msg/detail/pose2_d__functions.c.o[0m
[3.948s] [  7%] [32mBuilding C object CMakeFiles/yolo_msgs__rosidl_generator_c.dir/rosidl_generator_c/yolo_msgs/msg/detail/key_point2_d_array__functions.c.o[0m
[3.953s] [ 10%] [32mBuilding C object CMakeFiles/yolo_msgs__rosidl_generator_c.dir/rosidl_generator_c/yolo_msgs/msg/detail/key_point3_d_array__functions.c.o[0m
[3.953s] [ 11%] [32mBuilding C object CMakeFiles/yolo_msgs__rosidl_generator_c.dir/rosidl_generator_c/yolo_msgs/msg/detail/key_point3_d__functions.c.o[0m
[3.963s] [ 12%] [32mBuilding C object CMakeFiles/yolo_msgs__rosidl_generator_c.dir/rosidl_generator_c/yolo_msgs/msg/detail/detection__functions.c.o[0m
[3.964s] [ 13%] [32mBuilding C object CMakeFiles/yolo_msgs__rosidl_generator_c.dir/rosidl_generator_c/yolo_msgs/srv/detail/set_classes__functions.c.o[0m
[3.971s] [ 13%] [32mBuilding C object CMakeFiles/yolo_msgs__rosidl_generator_c.dir/rosidl_generator_c/yolo_msgs/msg/detail/detection_array__functions.c.o[0m
[4.114s] [ 14%] [32m[1mLinking C shared library libyolo_msgs__rosidl_generator_c.so[0m
[4.180s] [ 14%] Built target yolo_msgs__rosidl_generator_c
[4.197s] [ 15%] [34m[1mGenerating C type support for eProsima Fast-RTPS[0m
[4.201s] [ 17%] [34m[1mGenerating C type support dispatch for ROS interfaces[0m
[4.201s] [ 17%] [34m[1mGenerating C introspection for ROS interfaces[0m
[4.850s] [ 19%] [32mBuilding CXX object CMakeFiles/yolo_msgs__rosidl_typesupport_cpp.dir/rosidl_typesupport_cpp/yolo_msgs/msg/vector2__type_support.cpp.o[0m
[4.851s] [ 19%] [32mBuilding CXX object CMakeFiles/yolo_msgs__rosidl_typesupport_cpp.dir/rosidl_typesupport_cpp/yolo_msgs/msg/bounding_box2_d__type_support.cpp.o[0m
[4.851s] [ 19%] [32mBuilding CXX object CMakeFiles/yolo_msgs__rosidl_typesupport_cpp.dir/rosidl_typesupport_cpp/yolo_msgs/msg/pose2_d__type_support.cpp.o[0m
[4.851s] [ 20%] [32mBuilding CXX object CMakeFiles/yolo_msgs__rosidl_typesupport_cpp.dir/rosidl_typesupport_cpp/yolo_msgs/msg/point2_d__type_support.cpp.o[0m
[4.856s] [ 21%] [32mBuilding CXX object CMakeFiles/yolo_msgs__rosidl_typesupport_cpp.dir/rosidl_typesupport_cpp/yolo_msgs/msg/bounding_box3_d__type_support.cpp.o[0m
[4.864s] [ 22%] [32mBuilding CXX object CMakeFiles/yolo_msgs__rosidl_typesupport_cpp.dir/rosidl_typesupport_cpp/yolo_msgs/msg/mask__type_support.cpp.o[0m
[4.873s] [ 22%] [32mBuilding CXX object CMakeFiles/yolo_msgs__rosidl_typesupport_cpp.dir/rosidl_typesupport_cpp/yolo_msgs/msg/key_point2_d_array__type_support.cpp.o[0m
[4.880s] [ 23%] [32mBuilding CXX object CMakeFiles/yolo_msgs__rosidl_typesupport_cpp.dir/rosidl_typesupport_cpp/yolo_msgs/msg/key_point2_d__type_support.cpp.o[0m
[4.901s] [ 24%] [32mBuilding CXX object CMakeFiles/yolo_msgs__rosidl_typesupport_cpp.dir/rosidl_typesupport_cpp/yolo_msgs/msg/key_point3_d__type_support.cpp.o[0m
[4.902s] [ 25%] [32mBuilding CXX object CMakeFiles/yolo_msgs__rosidl_typesupport_cpp.dir/rosidl_typesupport_cpp/yolo_msgs/msg/key_point3_d_array__type_support.cpp.o[0m
[4.921s] [ 26%] [32mBuilding CXX object CMakeFiles/yolo_msgs__rosidl_typesupport_cpp.dir/rosidl_typesupport_cpp/yolo_msgs/msg/detection__type_support.cpp.o[0m
[5.302s] [ 27%] [32mBuilding CXX object CMakeFiles/yolo_msgs__rosidl_typesupport_cpp.dir/rosidl_typesupport_cpp/yolo_msgs/msg/detection_array__type_support.cpp.o[0m
[5.414s] [ 27%] [32mBuilding CXX object CMakeFiles/yolo_msgs__rosidl_typesupport_cpp.dir/rosidl_typesupport_cpp/yolo_msgs/srv/set_classes__type_support.cpp.o[0m
[5.639s] [ 28%] [32mBuilding CXX object CMakeFiles/yolo_msgs__rosidl_typesupport_introspection_cpp.dir/rosidl_typesupport_introspection_cpp/yolo_msgs/msg/detail/point2_d__type_support.cpp.o[0m
[5.643s] [ 29%] [32mBuilding CXX object CMakeFiles/yolo_msgs__rosidl_typesupport_introspection_cpp.dir/rosidl_typesupport_introspection_cpp/yolo_msgs/msg/detail/bounding_box2_d__type_support.cpp.o[0m
[5.650s] [ 30%] [32mBuilding CXX object CMakeFiles/yolo_msgs__rosidl_typesupport_introspection_cpp.dir/rosidl_typesupport_introspection_cpp/yolo_msgs/msg/detail/vector2__type_support.cpp.o[0m
[5.653s] [ 30%] [32mBuilding CXX object CMakeFiles/yolo_msgs__rosidl_typesupport_introspection_cpp.dir/rosidl_typesupport_introspection_cpp/yolo_msgs/msg/detail/bounding_box3_d__type_support.cpp.o[0m
[5.654s] [ 31%] [32mBuilding CXX object CMakeFiles/yolo_msgs__rosidl_typesupport_introspection_cpp.dir/rosidl_typesupport_introspection_cpp/yolo_msgs/msg/detail/pose2_d__type_support.cpp.o[0m
[5.657s] [ 32%] [32mBuilding CXX object CMakeFiles/yolo_msgs__rosidl_typesupport_introspection_cpp.dir/rosidl_typesupport_introspection_cpp/yolo_msgs/msg/detail/mask__type_support.cpp.o[0m
[5.661s] [ 33%] [32mBuilding CXX object CMakeFiles/yolo_msgs__rosidl_typesupport_fastrtps_cpp.dir/rosidl_typesupport_fastrtps_cpp/yolo_msgs/msg/detail/dds_fastrtps/pose2_d__type_support.cpp.o[0m
[5.661s] [ 34%] [32mBuilding CXX object CMakeFiles/yolo_msgs__rosidl_typesupport_fastrtps_cpp.dir/rosidl_typesupport_fastrtps_cpp/yolo_msgs/msg/detail/dds_fastrtps/point2_d__type_support.cpp.o[0m
[5.664s] [ 34%] [32mBuilding CXX object CMakeFiles/yolo_msgs__rosidl_typesupport_c.dir/rosidl_typesupport_c/yolo_msgs/msg/point2_d__type_support.cpp.o[0m
[5.665s] [ 35%] [32mBuilding CXX object CMakeFiles/yolo_msgs__rosidl_typesupport_fastrtps_cpp.dir/rosidl_typesupport_fastrtps_cpp/yolo_msgs/msg/detail/dds_fastrtps/vector2__type_support.cpp.o[0m
[5.666s] [ 36%] [32mBuilding CXX object CMakeFiles/yolo_msgs__rosidl_typesupport_introspection_cpp.dir/rosidl_typesupport_introspection_cpp/yolo_msgs/msg/detail/key_point2_d_array__type_support.cpp.o[0m
[5.673s] [ 37%] [32mBuilding CXX object CMakeFiles/yolo_msgs__rosidl_typesupport_introspection_cpp.dir/rosidl_typesupport_introspection_cpp/yolo_msgs/msg/detail/key_point2_d__type_support.cpp.o[0m
[5.747s] [ 38%] [32mBuilding CXX object CMakeFiles/yolo_msgs__rosidl_typesupport_c.dir/rosidl_typesupport_c/yolo_msgs/msg/vector2__type_support.cpp.o[0m
[5.808s] [ 39%] [32mBuilding CXX object CMakeFiles/yolo_msgs__rosidl_typesupport_c.dir/rosidl_typesupport_c/yolo_msgs/msg/pose2_d__type_support.cpp.o[0m
[5.871s] [ 40%] [32mBuilding CXX object CMakeFiles/yolo_msgs__rosidl_typesupport_c.dir/rosidl_typesupport_c/yolo_msgs/msg/bounding_box2_d__type_support.cpp.o[0m
[5.921s] [ 41%] [32mBuilding CXX object CMakeFiles/yolo_msgs__rosidl_typesupport_c.dir/rosidl_typesupport_c/yolo_msgs/msg/bounding_box3_d__type_support.cpp.o[0m
[5.991s] [ 41%] [32mBuilding CXX object CMakeFiles/yolo_msgs__rosidl_typesupport_c.dir/rosidl_typesupport_c/yolo_msgs/msg/mask__type_support.cpp.o[0m
[6.157s] [ 42%] [32mBuilding CXX object CMakeFiles/yolo_msgs__rosidl_typesupport_c.dir/rosidl_typesupport_c/yolo_msgs/msg/key_point2_d__type_support.cpp.o[0m
[6.249s] [ 42%] [32mBuilding CXX object CMakeFiles/yolo_msgs__rosidl_typesupport_fastrtps_cpp.dir/rosidl_typesupport_fastrtps_cpp/yolo_msgs/msg/detail/dds_fastrtps/bounding_box2_d__type_support.cpp.o[0m
[6.321s] [ 43%] [32m[1mLinking CXX shared library libyolo_msgs__rosidl_typesupport_cpp.so[0m
[6.325s] [ 44%] [32mBuilding CXX object CMakeFiles/yolo_msgs__rosidl_typesupport_c.dir/rosidl_typesupport_c/yolo_msgs/msg/key_point2_d_array__type_support.cpp.o[0m
[6.510s] [ 44%] Built target yolo_msgs__rosidl_typesupport_cpp
[6.536s] [ 45%] [32mBuilding CXX object CMakeFiles/yolo_msgs__rosidl_typesupport_c.dir/rosidl_typesupport_c/yolo_msgs/msg/key_point3_d__type_support.cpp.o[0m
[6.553s] [ 46%] [32mBuilding C object CMakeFiles/yolo_msgs__rosidl_typesupport_introspection_c.dir/rosidl_typesupport_introspection_c/yolo_msgs/msg/detail/point2_d__type_support.c.o[0m
[6.581s] [ 47%] [32mBuilding C object CMakeFiles/yolo_msgs__rosidl_typesupport_introspection_c.dir/rosidl_typesupport_introspection_c/yolo_msgs/msg/detail/vector2__type_support.c.o[0m
[6.678s] [ 47%] [32mBuilding C object CMakeFiles/yolo_msgs__rosidl_typesupport_introspection_c.dir/rosidl_typesupport_introspection_c/yolo_msgs/msg/detail/pose2_d__type_support.c.o[0m
[6.679s] [ 48%] [32mBuilding CXX object CMakeFiles/yolo_msgs__rosidl_typesupport_c.dir/rosidl_typesupport_c/yolo_msgs/msg/key_point3_d_array__type_support.cpp.o[0m
[6.705s] [ 48%] [32mBuilding CXX object CMakeFiles/yolo_msgs__rosidl_typesupport_c.dir/rosidl_typesupport_c/yolo_msgs/msg/detection__type_support.cpp.o[0m
[6.739s] [ 49%] [32mBuilding CXX object CMakeFiles/yolo_msgs__rosidl_typesupport_c.dir/rosidl_typesupport_c/yolo_msgs/msg/detection_array__type_support.cpp.o[0m
[6.753s] [ 50%] [32mBuilding CXX object CMakeFiles/yolo_msgs__rosidl_typesupport_fastrtps_cpp.dir/rosidl_typesupport_fastrtps_cpp/yolo_msgs/msg/detail/dds_fastrtps/bounding_box3_d__type_support.cpp.o[0m
[6.777s] [ 51%] [32mBuilding C object CMakeFiles/yolo_msgs__rosidl_typesupport_introspection_c.dir/rosidl_typesupport_introspection_c/yolo_msgs/msg/detail/bounding_box2_d__type_support.c.o[0m
[6.816s] [ 52%] [32mBuilding CXX object CMakeFiles/yolo_msgs__rosidl_typesupport_introspection_cpp.dir/rosidl_typesupport_introspection_cpp/yolo_msgs/msg/detail/key_point3_d__type_support.cpp.o[0m
[6.824s] [ 53%] [32mBuilding C object CMakeFiles/yolo_msgs__rosidl_typesupport_introspection_c.dir/rosidl_typesupport_introspection_c/yolo_msgs/msg/detail/bounding_box3_d__type_support.c.o[0m
[6.891s] [ 54%] [32mBuilding CXX object CMakeFiles/yolo_msgs__rosidl_typesupport_c.dir/rosidl_typesupport_c/yolo_msgs/srv/set_classes__type_support.cpp.o[0m
[6.900s] [ 54%] [32mBuilding CXX object CMakeFiles/yolo_msgs__rosidl_typesupport_introspection_cpp.dir/rosidl_typesupport_introspection_cpp/yolo_msgs/msg/detail/key_point3_d_array__type_support.cpp.o[0m
[6.920s] [ 55%] [32mBuilding CXX object CMakeFiles/yolo_msgs__rosidl_typesupport_fastrtps_cpp.dir/rosidl_typesupport_fastrtps_cpp/yolo_msgs/msg/detail/dds_fastrtps/mask__type_support.cpp.o[0m
[6.920s] [ 56%] [32mBuilding CXX object CMakeFiles/yolo_msgs__rosidl_typesupport_introspection_cpp.dir/rosidl_typesupport_introspection_cpp/yolo_msgs/msg/detail/detection__type_support.cpp.o[0m
[6.932s] [ 57%] [32mBuilding C object CMakeFiles/yolo_msgs__rosidl_typesupport_introspection_c.dir/rosidl_typesupport_introspection_c/yolo_msgs/msg/detail/mask__type_support.c.o[0m
[6.933s] [ 58%] [32mBuilding CXX object CMakeFiles/yolo_msgs__rosidl_typesupport_introspection_cpp.dir/rosidl_typesupport_introspection_cpp/yolo_msgs/msg/detail/detection_array__type_support.cpp.o[0m
[6.949s] [ 59%] [32mBuilding CXX object CMakeFiles/yolo_msgs__rosidl_typesupport_fastrtps_cpp.dir/rosidl_typesupport_fastrtps_cpp/yolo_msgs/msg/detail/dds_fastrtps/key_point2_d_array__type_support.cpp.o[0m
[6.952s] [ 60%] [32mBuilding CXX object CMakeFiles/yolo_msgs__rosidl_typesupport_fastrtps_cpp.dir/rosidl_typesupport_fastrtps_cpp/yolo_msgs/msg/detail/dds_fastrtps/key_point2_d__type_support.cpp.o[0m
[6.955s] [ 61%] [32mBuilding CXX object CMakeFiles/yolo_msgs__rosidl_typesupport_introspection_cpp.dir/rosidl_typesupport_introspection_cpp/yolo_msgs/srv/detail/set_classes__type_support.cpp.o[0m
[6.970s] [ 62%] [32mBuilding CXX object CMakeFiles/yolo_msgs__rosidl_typesupport_fastrtps_c.dir/rosidl_typesupport_fastrtps_c/yolo_msgs/msg/detail/point2_d__type_support_c.cpp.o[0m
[7.006s] [ 62%] [32mBuilding CXX object CMakeFiles/yolo_msgs__rosidl_typesupport_fastrtps_c.dir/rosidl_typesupport_fastrtps_c/yolo_msgs/msg/detail/vector2__type_support_c.cpp.o[0m
[7.011s] [ 63%] [32mBuilding CXX object CMakeFiles/yolo_msgs__rosidl_typesupport_fastrtps_c.dir/rosidl_typesupport_fastrtps_c/yolo_msgs/msg/detail/pose2_d__type_support_c.cpp.o[0m
[7.013s] [ 64%] [32m[1mLinking CXX shared library libyolo_msgs__rosidl_typesupport_c.so[0m
[7.042s] [ 65%] [32mBuilding C object CMakeFiles/yolo_msgs__rosidl_typesupport_introspection_c.dir/rosidl_typesupport_introspection_c/yolo_msgs/msg/detail/key_point2_d__type_support.c.o[0m
[7.129s] [ 65%] [32mBuilding C object CMakeFiles/yolo_msgs__rosidl_typesupport_introspection_c.dir/rosidl_typesupport_introspection_c/yolo_msgs/msg/detail/key_point2_d_array__type_support.c.o[0m
[7.164s] [ 66%] [32mBuilding C object CMakeFiles/yolo_msgs__rosidl_typesupport_introspection_c.dir/rosidl_typesupport_introspection_c/yolo_msgs/msg/detail/key_point3_d__type_support.c.o[0m
[7.169s] [ 66%] Built target yolo_msgs__rosidl_typesupport_c
[7.203s] [ 67%] [32mBuilding CXX object CMakeFiles/yolo_msgs__rosidl_typesupport_fastrtps_c.dir/rosidl_typesupport_fastrtps_c/yolo_msgs/msg/detail/bounding_box2_d__type_support_c.cpp.o[0m
[7.205s] [ 67%] [32mBuilding CXX object CMakeFiles/yolo_msgs__rosidl_typesupport_fastrtps_cpp.dir/rosidl_typesupport_fastrtps_cpp/yolo_msgs/msg/detail/dds_fastrtps/key_point3_d__type_support.cpp.o[0m
[7.247s] [ 68%] [32mBuilding C object CMakeFiles/yolo_msgs__rosidl_typesupport_introspection_c.dir/rosidl_typesupport_introspection_c/yolo_msgs/msg/detail/key_point3_d_array__type_support.c.o[0m
[7.289s] [ 69%] [32mBuilding CXX object CMakeFiles/yolo_msgs__rosidl_typesupport_fastrtps_cpp.dir/rosidl_typesupport_fastrtps_cpp/yolo_msgs/msg/detail/dds_fastrtps/key_point3_d_array__type_support.cpp.o[0m
[7.464s] [ 70%] [32mBuilding C object CMakeFiles/yolo_msgs__rosidl_typesupport_introspection_c.dir/rosidl_typesupport_introspection_c/yolo_msgs/msg/detail/detection__type_support.c.o[0m
[7.657s] [ 71%] [32mBuilding C object CMakeFiles/yolo_msgs__rosidl_typesupport_introspection_c.dir/rosidl_typesupport_introspection_c/yolo_msgs/msg/detail/detection_array__type_support.c.o[0m
[7.686s] [ 72%] [32mBuilding CXX object CMakeFiles/yolo_msgs__rosidl_typesupport_fastrtps_cpp.dir/rosidl_typesupport_fastrtps_cpp/yolo_msgs/msg/detail/dds_fastrtps/detection__type_support.cpp.o[0m
[7.705s] [ 73%] [32mBuilding CXX object CMakeFiles/yolo_msgs__rosidl_typesupport_fastrtps_c.dir/rosidl_typesupport_fastrtps_c/yolo_msgs/msg/detail/bounding_box3_d__type_support_c.cpp.o[0m
[7.729s] [ 74%] [32mBuilding CXX object CMakeFiles/yolo_msgs__rosidl_typesupport_fastrtps_c.dir/rosidl_typesupport_fastrtps_c/yolo_msgs/msg/detail/mask__type_support_c.cpp.o[0m
[7.813s] [ 74%] [32mBuilding C object CMakeFiles/yolo_msgs__rosidl_typesupport_introspection_c.dir/rosidl_typesupport_introspection_c/yolo_msgs/srv/detail/set_classes__type_support.c.o[0m
[7.848s] [ 74%] [32mBuilding CXX object CMakeFiles/yolo_msgs__rosidl_typesupport_fastrtps_c.dir/rosidl_typesupport_fastrtps_c/yolo_msgs/msg/detail/key_point2_d__type_support_c.cpp.o[0m
[7.892s] [ 75%] [32mBuilding CXX object CMakeFiles/yolo_msgs__rosidl_typesupport_fastrtps_cpp.dir/rosidl_typesupport_fastrtps_cpp/yolo_msgs/msg/detail/dds_fastrtps/detection_array__type_support.cpp.o[0m
[7.931s] [ 76%] [32mBuilding CXX object CMakeFiles/yolo_msgs__rosidl_typesupport_fastrtps_c.dir/rosidl_typesupport_fastrtps_c/yolo_msgs/msg/detail/key_point2_d_array__type_support_c.cpp.o[0m
[7.932s] [ 77%] [32mBuilding CXX object CMakeFiles/yolo_msgs__rosidl_typesupport_fastrtps_cpp.dir/rosidl_typesupport_fastrtps_cpp/yolo_msgs/srv/detail/dds_fastrtps/set_classes__type_support.cpp.o[0m
[7.944s] [ 78%] [32m[1mLinking C shared library libyolo_msgs__rosidl_typesupport_introspection_c.so[0m
[7.977s] [ 79%] [32mBuilding CXX object CMakeFiles/yolo_msgs__rosidl_typesupport_fastrtps_c.dir/rosidl_typesupport_fastrtps_c/yolo_msgs/msg/detail/key_point3_d__type_support_c.cpp.o[0m
[8.022s] [ 80%] [32mBuilding CXX object CMakeFiles/yolo_msgs__rosidl_typesupport_fastrtps_c.dir/rosidl_typesupport_fastrtps_c/yolo_msgs/msg/detail/key_point3_d_array__type_support_c.cpp.o[0m
[8.025s] [ 81%] [32mBuilding CXX object CMakeFiles/yolo_msgs__rosidl_typesupport_fastrtps_c.dir/rosidl_typesupport_fastrtps_c/yolo_msgs/msg/detail/detection__type_support_c.cpp.o[0m
[8.080s] [ 81%] Built target yolo_msgs__rosidl_typesupport_introspection_c
[8.118s] [ 81%] [32mBuilding CXX object CMakeFiles/yolo_msgs__rosidl_typesupport_fastrtps_c.dir/rosidl_typesupport_fastrtps_c/yolo_msgs/msg/detail/detection_array__type_support_c.cpp.o[0m
[8.247s] [ 82%] [32mBuilding CXX object CMakeFiles/yolo_msgs__rosidl_typesupport_fastrtps_c.dir/rosidl_typesupport_fastrtps_c/yolo_msgs/srv/detail/set_classes__type_support_c.cpp.o[0m
[8.573s] [ 83%] [32m[1mLinking CXX shared library libyolo_msgs__rosidl_typesupport_introspection_cpp.so[0m
[9.002s] [ 83%] Built target yolo_msgs__rosidl_typesupport_introspection_cpp
[9.178s] [ 84%] [32m[1mLinking CXX shared library libyolo_msgs__rosidl_typesupport_fastrtps_c.so[0m
[9.221s] [ 84%] [32m[1mLinking CXX shared library libyolo_msgs__rosidl_typesupport_fastrtps_cpp.so[0m
[9.290s] [ 84%] Built target yolo_msgs__rosidl_typesupport_fastrtps_c
[9.338s] [ 84%] Built target yolo_msgs__rosidl_typesupport_fastrtps_cpp
[9.363s] [ 84%] Built target yolo_msgs
[9.385s] [ 85%] [34m[1mGenerating Python code for ROS interfaces[0m
[11.625s] [ 85%] Built target yolo_msgs__py
[11.671s] [ 86%] [32mBuilding C object CMakeFiles/yolo_msgs__rosidl_generator_py.dir/rosidl_generator_py/yolo_msgs/msg/_point2_d_s.c.o[0m
[11.672s] [ 86%] [32mBuilding C object CMakeFiles/yolo_msgs__rosidl_generator_py.dir/rosidl_generator_py/yolo_msgs/msg/_vector2_s.c.o[0m
[11.672s] [ 87%] [32mBuilding C object CMakeFiles/yolo_msgs__rosidl_generator_py.dir/rosidl_generator_py/yolo_msgs/msg/_bounding_box2_d_s.c.o[0m
[11.674s] [ 88%] [32mBuilding C object CMakeFiles/yolo_msgs__rosidl_generator_py.dir/rosidl_generator_py/yolo_msgs/msg/_pose2_d_s.c.o[0m
[11.674s] [ 89%] [32mBuilding C object CMakeFiles/yolo_msgs__rosidl_generator_py.dir/rosidl_generator_py/yolo_msgs/msg/_mask_s.c.o[0m
[11.674s] [ 90%] [32mBuilding C object CMakeFiles/yolo_msgs__rosidl_generator_py.dir/rosidl_generator_py/yolo_msgs/msg/_bounding_box3_d_s.c.o[0m
[11.680s] [ 91%] [32mBuilding C object CMakeFiles/yolo_msgs__rosidl_generator_py.dir/rosidl_generator_py/yolo_msgs/msg/_key_point2_d_array_s.c.o[0m
[11.681s] [ 92%] [32mBuilding C object CMakeFiles/yolo_msgs__rosidl_generator_py.dir/rosidl_generator_py/yolo_msgs/msg/_key_point3_d_s.c.o[0m
[11.681s] [ 92%] [32mBuilding C object CMakeFiles/yolo_msgs__rosidl_generator_py.dir/rosidl_generator_py/yolo_msgs/msg/_key_point2_d_s.c.o[0m
[11.684s] [ 93%] [32mBuilding C object CMakeFiles/yolo_msgs__rosidl_generator_py.dir/rosidl_generator_py/yolo_msgs/msg/_detection_array_s.c.o[0m
[11.685s] [ 93%] [32mBuilding C object CMakeFiles/yolo_msgs__rosidl_generator_py.dir/rosidl_generator_py/yolo_msgs/srv/_set_classes_s.c.o[0m
[11.686s] [ 94%] [32mBuilding C object CMakeFiles/yolo_msgs__rosidl_generator_py.dir/rosidl_generator_py/yolo_msgs/msg/_key_point3_d_array_s.c.o[0m
[11.689s] [ 95%] [32mBuilding C object CMakeFiles/yolo_msgs__rosidl_generator_py.dir/rosidl_generator_py/yolo_msgs/msg/_detection_s.c.o[0m
[11.982s] [ 96%] [32m[1mLinking C shared library rosidl_generator_py/yolo_msgs/libyolo_msgs__rosidl_generator_py.so[0m
[12.044s] [ 96%] Built target yolo_msgs__rosidl_generator_py
[12.075s] [ 97%] [32mBuilding C object CMakeFiles/yolo_msgs__rosidl_typesupport_fastrtps_c__pyext.dir/rosidl_generator_py/yolo_msgs/_yolo_msgs_s.ep.rosidl_typesupport_fastrtps_c.c.o[0m
[12.076s] [ 98%] [32mBuilding C object CMakeFiles/yolo_msgs__rosidl_typesupport_introspection_c__pyext.dir/rosidl_generator_py/yolo_msgs/_yolo_msgs_s.ep.rosidl_typesupport_introspection_c.c.o[0m
[12.077s] [ 99%] [32mBuilding C object CMakeFiles/yolo_msgs__rosidl_typesupport_c__pyext.dir/rosidl_generator_py/yolo_msgs/_yolo_msgs_s.ep.rosidl_typesupport_c.c.o[0m
[12.256s] [ 99%] [32m[1mLinking C shared library rosidl_generator_py/yolo_msgs/yolo_msgs_s__rosidl_typesupport_fastrtps_c.cpython-310-x86_64-linux-gnu.so[0m
[12.284s] [ 99%] [32m[1mLinking C shared library rosidl_generator_py/yolo_msgs/yolo_msgs_s__rosidl_typesupport_c.cpython-310-x86_64-linux-gnu.so[0m
[12.285s] [100%] [32m[1mLinking C shared library rosidl_generator_py/yolo_msgs/yolo_msgs_s__rosidl_typesupport_introspection_c.cpython-310-x86_64-linux-gnu.so[0m
[12.323s] [100%] Built target yolo_msgs__rosidl_typesupport_fastrtps_c__pyext
[12.354s] [100%] Built target yolo_msgs__rosidl_typesupport_introspection_c__pyext
[12.355s] [100%] Built target yolo_msgs__rosidl_typesupport_c__pyext
[12.375s] Invoked command in '/home/beam/autonomous-stack-sdc/build/yolo_msgs' returned '0': CMAKE_PREFIX_PATH=${CMAKE_PREFIX_PATH}:/home/beam/autonomous-stack-sdc/install/yolo_ros:/home/beam/autonomous-stack-sdc/install/sensorfusion:/home/beam/wa/install/eufs_launcher:/home/beam/wa/install/eufs_tracks:/home/beam/wa/install/eufs_rqt:/home/beam/wa/install/eufs_racecar:/opt/ros/humble /usr/bin/cmake --build /home/beam/autonomous-stack-sdc/build/yolo_msgs -- -j16 -l16
[12.379s] Invoking command in '/home/beam/autonomous-stack-sdc/build/yolo_msgs': CMAKE_PREFIX_PATH=${CMAKE_PREFIX_PATH}:/home/beam/autonomous-stack-sdc/install/yolo_ros:/home/beam/autonomous-stack-sdc/install/sensorfusion:/home/beam/wa/install/eufs_launcher:/home/beam/wa/install/eufs_tracks:/home/beam/wa/install/eufs_rqt:/home/beam/wa/install/eufs_racecar:/opt/ros/humble /usr/bin/cmake --install /home/beam/autonomous-stack-sdc/build/yolo_msgs
[12.394s] -- Install configuration: ""
[12.394s] -- Installing: /home/beam/autonomous-stack-sdc/install/yolo_msgs/share/ament_index/resource_index/rosidl_interfaces/yolo_msgs
[12.394s] -- Installing: /home/beam/autonomous-stack-sdc/install/yolo_msgs/include/yolo_msgs/yolo_msgs
[12.395s] -- Installing: /home/beam/autonomous-stack-sdc/install/yolo_msgs/include/yolo_msgs/yolo_msgs/msg
[12.395s] -- Installing: /home/beam/autonomous-stack-sdc/install/yolo_msgs/include/yolo_msgs/yolo_msgs/msg/key_point2_d.h
[12.395s] -- Installing: /home/beam/autonomous-stack-sdc/install/yolo_msgs/include/yolo_msgs/yolo_msgs/msg/bounding_box2_d.h
[12.395s] -- Installing: /home/beam/autonomous-stack-sdc/install/yolo_msgs/include/yolo_msgs/yolo_msgs/msg/vector2.h
[12.395s] -- Installing: /home/beam/autonomous-stack-sdc/install/yolo_msgs/include/yolo_msgs/yolo_msgs/msg/key_point3_d_array.h
[12.396s] -- Installing: /home/beam/autonomous-stack-sdc/install/yolo_msgs/include/yolo_msgs/yolo_msgs/msg/detection.h
[12.396s] -- Installing: /home/beam/autonomous-stack-sdc/install/yolo_msgs/include/yolo_msgs/yolo_msgs/msg/key_point2_d_array.h
[12.396s] -- Installing: /home/beam/autonomous-stack-sdc/install/yolo_msgs/include/yolo_msgs/yolo_msgs/msg/detection_array.h
[12.396s] -- Installing: /home/beam/autonomous-stack-sdc/install/yolo_msgs/include/yolo_msgs/yolo_msgs/msg/bounding_box3_d.h
[12.396s] -- Installing: /home/beam/autonomous-stack-sdc/install/yolo_msgs/include/yolo_msgs/yolo_msgs/msg/pose2_d.h
[12.397s] -- Installing: /home/beam/autonomous-stack-sdc/install/yolo_msgs/include/yolo_msgs/yolo_msgs/msg/point2_d.h
[12.397s] -- Installing: /home/beam/autonomous-stack-sdc/install/yolo_msgs/include/yolo_msgs/yolo_msgs/msg/key_point3_d.h
[12.397s] -- Installing: /home/beam/autonomous-stack-sdc/install/yolo_msgs/include/yolo_msgs/yolo_msgs/msg/rosidl_generator_c__visibility_control.h
[12.397s] -- Installing: /home/beam/autonomous-stack-sdc/install/yolo_msgs/include/yolo_msgs/yolo_msgs/msg/detail
[12.397s] -- Installing: /home/beam/autonomous-stack-sdc/install/yolo_msgs/include/yolo_msgs/yolo_msgs/msg/detail/vector2__functions.c
[12.398s] -- Installing: /home/beam/autonomous-stack-sdc/install/yolo_msgs/include/yolo_msgs/yolo_msgs/msg/detail/key_point2_d_array__functions.c
[12.398s] -- Installing: /home/beam/autonomous-stack-sdc/install/yolo_msgs/include/yolo_msgs/yolo_msgs/msg/detail/point2_d__functions.c
[12.398s] -- Installing: /home/beam/autonomous-stack-sdc/install/yolo_msgs/include/yolo_msgs/yolo_msgs/msg/detail/vector2__functions.h
[12.398s] -- Installing: /home/beam/autonomous-stack-sdc/install/yolo_msgs/include/yolo_msgs/yolo_msgs/msg/detail/key_point3_d_array__type_support.h
[12.399s] -- Installing: /home/beam/autonomous-stack-sdc/install/yolo_msgs/include/yolo_msgs/yolo_msgs/msg/detail/key_point2_d__functions.c
[12.399s] -- Installing: /home/beam/autonomous-stack-sdc/install/yolo_msgs/include/yolo_msgs/yolo_msgs/msg/detail/pose2_d__type_support.h
[12.399s] -- Installing: /home/beam/autonomous-stack-sdc/install/yolo_msgs/include/yolo_msgs/yolo_msgs/msg/detail/mask__functions.h
[12.399s] -- Installing: /home/beam/autonomous-stack-sdc/install/yolo_msgs/include/yolo_msgs/yolo_msgs/msg/detail/key_point3_d_array__struct.h
[12.399s] -- Installing: /home/beam/autonomous-stack-sdc/install/yolo_msgs/include/yolo_msgs/yolo_msgs/msg/detail/bounding_box2_d__type_support.h
[12.400s] -- Installing: /home/beam/autonomous-stack-sdc/install/yolo_msgs/include/yolo_msgs/yolo_msgs/msg/detail/key_point3_d__functions.h
[12.400s] -- Installing: /home/beam/autonomous-stack-sdc/install/yolo_msgs/include/yolo_msgs/yolo_msgs/msg/detail/detection_array__functions.h
[12.400s] -- Installing: /home/beam/autonomous-stack-sdc/install/yolo_msgs/include/yolo_msgs/yolo_msgs/msg/detail/detection_array__struct.h
[12.401s] -- Installing: /home/beam/autonomous-stack-sdc/install/yolo_msgs/include/yolo_msgs/yolo_msgs/msg/detail/detection__struct.h
[12.401s] -- Installing: /home/beam/autonomous-stack-sdc/install/yolo_msgs/include/yolo_msgs/yolo_msgs/msg/detail/point2_d__functions.h
[12.402s] -- Installing: /home/beam/autonomous-stack-sdc/install/yolo_msgs/include/yolo_msgs/yolo_msgs/msg/detail/key_point3_d__struct.h
[12.402s] -- Installing: /home/beam/autonomous-stack-sdc/install/yolo_msgs/include/yolo_msgs/yolo_msgs/msg/detail/detection__type_support.h
[12.402s] -- Installing: /home/beam/autonomous-stack-sdc/install/yolo_msgs/include/yolo_msgs/yolo_msgs/msg/detail/detection_array__functions.c
[12.402s] -- Installing: /home/beam/autonomous-stack-sdc/install/yolo_msgs/include/yolo_msgs/yolo_msgs/msg/detail/key_point3_d__functions.c
[12.402s] -- Installing: /home/beam/autonomous-stack-sdc/install/yolo_msgs/include/yolo_msgs/yolo_msgs/msg/detail/pose2_d__functions.c
[12.402s] -- Installing: /home/beam/autonomous-stack-sdc/install/yolo_msgs/include/yolo_msgs/yolo_msgs/msg/detail/mask__functions.c
[12.403s] -- Installing: /home/beam/autonomous-stack-sdc/install/yolo_msgs/include/yolo_msgs/yolo_msgs/msg/detail/detection_array__type_support.h
[12.403s] -- Installing: /home/beam/autonomous-stack-sdc/install/yolo_msgs/include/yolo_msgs/yolo_msgs/msg/detail/pose2_d__functions.h
[12.403s] -- Installing: /home/beam/autonomous-stack-sdc/install/yolo_msgs/include/yolo_msgs/yolo_msgs/msg/detail/bounding_box3_d__functions.h
[12.403s] -- Installing: /home/beam/autonomous-stack-sdc/install/yolo_msgs/include/yolo_msgs/yolo_msgs/msg/detail/key_point2_d_array__type_support.h
[12.404s] -- Installing: /home/beam/autonomous-stack-sdc/install/yolo_msgs/include/yolo_msgs/yolo_msgs/msg/detail/detection__functions.h
[12.404s] -- Installing: /home/beam/autonomous-stack-sdc/install/yolo_msgs/include/yolo_msgs/yolo_msgs/msg/detail/mask__struct.h
[12.404s] -- Installing: /home/beam/autonomous-stack-sdc/install/yolo_msgs/include/yolo_msgs/yolo_msgs/msg/detail/bounding_box3_d__struct.h
[12.404s] -- Installing: /home/beam/autonomous-stack-sdc/install/yolo_msgs/include/yolo_msgs/yolo_msgs/msg/detail/vector2__struct.h
[12.404s] -- Installing: /home/beam/autonomous-stack-sdc/install/yolo_msgs/include/yolo_msgs/yolo_msgs/msg/detail/key_point2_d__functions.h
[12.405s] -- Installing: /home/beam/autonomous-stack-sdc/install/yolo_msgs/include/yolo_msgs/yolo_msgs/msg/detail/pose2_d__struct.h
[12.405s] -- Installing: /home/beam/autonomous-stack-sdc/install/yolo_msgs/include/yolo_msgs/yolo_msgs/msg/detail/point2_d__type_support.h
[12.405s] -- Installing: /home/beam/autonomous-stack-sdc/install/yolo_msgs/include/yolo_msgs/yolo_msgs/msg/detail/key_point3_d_array__functions.h
[12.405s] -- Installing: /home/beam/autonomous-stack-sdc/install/yolo_msgs/include/yolo_msgs/yolo_msgs/msg/detail/key_point2_d_array__functions.h
[12.406s] -- Installing: /home/beam/autonomous-stack-sdc/install/yolo_msgs/include/yolo_msgs/yolo_msgs/msg/detail/point2_d__struct.h
[12.406s] -- Installing: /home/beam/autonomous-stack-sdc/install/yolo_msgs/include/yolo_msgs/yolo_msgs/msg/detail/mask__type_support.h
[12.406s] -- Installing: /home/beam/autonomous-stack-sdc/install/yolo_msgs/include/yolo_msgs/yolo_msgs/msg/detail/bounding_box3_d__functions.c
[12.406s] -- Installing: /home/beam/autonomous-stack-sdc/install/yolo_msgs/include/yolo_msgs/yolo_msgs/msg/detail/detection__functions.c
[12.407s] -- Installing: /home/beam/autonomous-stack-sdc/install/yolo_msgs/include/yolo_msgs/yolo_msgs/msg/detail/bounding_box2_d__functions.h
[12.407s] -- Installing: /home/beam/autonomous-stack-sdc/install/yolo_msgs/include/yolo_msgs/yolo_msgs/msg/detail/key_point3_d_array__functions.c
[12.408s] -- Installing: /home/beam/autonomous-stack-sdc/install/yolo_msgs/include/yolo_msgs/yolo_msgs/msg/detail/bounding_box2_d__struct.h
[12.408s] -- Installing: /home/beam/autonomous-stack-sdc/install/yolo_msgs/include/yolo_msgs/yolo_msgs/msg/detail/vector2__type_support.h
[12.408s] -- Installing: /home/beam/autonomous-stack-sdc/install/yolo_msgs/include/yolo_msgs/yolo_msgs/msg/detail/key_point3_d__type_support.h
[12.408s] -- Installing: /home/beam/autonomous-stack-sdc/install/yolo_msgs/include/yolo_msgs/yolo_msgs/msg/detail/bounding_box3_d__type_support.h
[12.409s] -- Installing: /home/beam/autonomous-stack-sdc/install/yolo_msgs/include/yolo_msgs/yolo_msgs/msg/detail/bounding_box2_d__functions.c
[12.409s] -- Installing: /home/beam/autonomous-stack-sdc/install/yolo_msgs/include/yolo_msgs/yolo_msgs/msg/detail/key_point2_d_array__struct.h
[12.409s] -- Installing: /home/beam/autonomous-stack-sdc/install/yolo_msgs/include/yolo_msgs/yolo_msgs/msg/detail/key_point2_d__type_support.h
[12.409s] -- Installing: /home/beam/autonomous-stack-sdc/install/yolo_msgs/include/yolo_msgs/yolo_msgs/msg/detail/key_point2_d__struct.h
[12.410s] -- Installing: /home/beam/autonomous-stack-sdc/install/yolo_msgs/include/yolo_msgs/yolo_msgs/msg/mask.h
[12.410s] -- Installing: /home/beam/autonomous-stack-sdc/install/yolo_msgs/include/yolo_msgs/yolo_msgs/srv
[12.410s] -- Installing: /home/beam/autonomous-stack-sdc/install/yolo_msgs/include/yolo_msgs/yolo_msgs/srv/set_classes.h
[12.410s] -- Installing: /home/beam/autonomous-stack-sdc/install/yolo_msgs/include/yolo_msgs/yolo_msgs/srv/detail
[12.411s] -- Installing: /home/beam/autonomous-stack-sdc/install/yolo_msgs/include/yolo_msgs/yolo_msgs/srv/detail/set_classes__struct.h
[12.411s] -- Installing: /home/beam/autonomous-stack-sdc/install/yolo_msgs/include/yolo_msgs/yolo_msgs/srv/detail/set_classes__functions.h
[12.411s] -- Installing: /home/beam/autonomous-stack-sdc/install/yolo_msgs/include/yolo_msgs/yolo_msgs/srv/detail/set_classes__functions.c
[12.411s] -- Installing: /home/beam/autonomous-stack-sdc/install/yolo_msgs/include/yolo_msgs/yolo_msgs/srv/detail/set_classes__type_support.h
[12.412s] -- Installing: /home/beam/autonomous-stack-sdc/install/yolo_msgs/share/yolo_msgs/environment/library_path.sh
[12.412s] -- Installing: /home/beam/autonomous-stack-sdc/install/yolo_msgs/share/yolo_msgs/environment/library_path.dsv
[12.413s] -- Installing: /home/beam/autonomous-stack-sdc/install/yolo_msgs/lib/libyolo_msgs__rosidl_generator_c.so
[12.413s] -- Set runtime path of "/home/beam/autonomous-stack-sdc/install/yolo_msgs/lib/libyolo_msgs__rosidl_generator_c.so" to ""
[12.414s] -- Up-to-date: /home/beam/autonomous-stack-sdc/install/yolo_msgs/include/yolo_msgs/yolo_msgs
[12.414s] -- Up-to-date: /home/beam/autonomous-stack-sdc/install/yolo_msgs/include/yolo_msgs/yolo_msgs/msg
[12.414s] -- Installing: /home/beam/autonomous-stack-sdc/install/yolo_msgs/include/yolo_msgs/yolo_msgs/msg/rosidl_typesupport_fastrtps_c__visibility_control.h
[12.414s] -- Up-to-date: /home/beam/autonomous-stack-sdc/install/yolo_msgs/include/yolo_msgs/yolo_msgs/msg/detail
[12.415s] -- Installing: /home/beam/autonomous-stack-sdc/install/yolo_msgs/include/yolo_msgs/yolo_msgs/msg/detail/key_point3_d__rosidl_typesupport_fastrtps_c.h
[12.415s] -- Installing: /home/beam/autonomous-stack-sdc/install/yolo_msgs/include/yolo_msgs/yolo_msgs/msg/detail/key_point3_d_array__rosidl_typesupport_fastrtps_c.h
[12.415s] -- Installing: /home/beam/autonomous-stack-sdc/install/yolo_msgs/include/yolo_msgs/yolo_msgs/msg/detail/bounding_box2_d__rosidl_typesupport_fastrtps_c.h
[12.415s] -- Installing: /home/beam/autonomous-stack-sdc/install/yolo_msgs/include/yolo_msgs/yolo_msgs/msg/detail/point2_d__rosidl_typesupport_fastrtps_c.h
[12.415s] -- Installing: /home/beam/autonomous-stack-sdc/install/yolo_msgs/include/yolo_msgs/yolo_msgs/msg/detail/vector2__rosidl_typesupport_fastrtps_c.h
[12.416s] -- Installing: /home/beam/autonomous-stack-sdc/install/yolo_msgs/include/yolo_msgs/yolo_msgs/msg/detail/bounding_box3_d__rosidl_typesupport_fastrtps_c.h
[12.416s] -- Installing: /home/beam/autonomous-stack-sdc/install/yolo_msgs/include/yolo_msgs/yolo_msgs/msg/detail/mask__rosidl_typesupport_fastrtps_c.h
[12.416s] -- Installing: /home/beam/autonomous-stack-sdc/install/yolo_msgs/include/yolo_msgs/yolo_msgs/msg/detail/key_point2_d__rosidl_typesupport_fastrtps_c.h
[12.416s] -- Installing: /home/beam/autonomous-stack-sdc/install/yolo_msgs/include/yolo_msgs/yolo_msgs/msg/detail/pose2_d__rosidl_typesupport_fastrtps_c.h
[12.418s] -- Installing: /home/beam/autonomous-stack-sdc/install/yolo_msgs/include/yolo_msgs/yolo_msgs/msg/detail/detection_array__rosidl_typesupport_fastrtps_c.h
[12.418s] -- Installing: /home/beam/autonomous-stack-sdc/install/yolo_msgs/include/yolo_msgs/yolo_msgs/msg/detail/detection__rosidl_typesupport_fastrtps_c.h
[12.418s] -- Installing: /home/beam/autonomous-stack-sdc/install/yolo_msgs/include/yolo_msgs/yolo_msgs/msg/detail/key_point2_d_array__rosidl_typesupport_fastrtps_c.h
[12.418s] -- Up-to-date: /home/beam/autonomous-stack-sdc/install/yolo_msgs/include/yolo_msgs/yolo_msgs/srv
[12.418s] -- Up-to-date: /home/beam/autonomous-stack-sdc/install/yolo_msgs/include/yolo_msgs/yolo_msgs/srv/detail
[12.418s] -- Installing: /home/beam/autonomous-stack-sdc/install/yolo_msgs/include/yolo_msgs/yolo_msgs/srv/detail/set_classes__rosidl_typesupport_fastrtps_c.h
[12.419s] -- Installing: /home/beam/autonomous-stack-sdc/install/yolo_msgs/lib/libyolo_msgs__rosidl_typesupport_fastrtps_c.so
[12.419s] -- Set runtime path of "/home/beam/autonomous-stack-sdc/install/yolo_msgs/lib/libyolo_msgs__rosidl_typesupport_fastrtps_c.so" to ""
[12.419s] -- Up-to-date: /home/beam/autonomous-stack-sdc/install/yolo_msgs/include/yolo_msgs/yolo_msgs
[12.419s] -- Up-to-date: /home/beam/autonomous-stack-sdc/install/yolo_msgs/include/yolo_msgs/yolo_msgs/msg
[12.419s] -- Installing: /home/beam/autonomous-stack-sdc/install/yolo_msgs/include/yolo_msgs/yolo_msgs/msg/rosidl_typesupport_introspection_c__visibility_control.h
[12.420s] -- Up-to-date: /home/beam/autonomous-stack-sdc/install/yolo_msgs/include/yolo_msgs/yolo_msgs/msg/detail
[12.420s] -- Installing: /home/beam/autonomous-stack-sdc/install/yolo_msgs/include/yolo_msgs/yolo_msgs/msg/detail/key_point3_d__rosidl_typesupport_introspection_c.h
[12.420s] -- Installing: /home/beam/autonomous-stack-sdc/install/yolo_msgs/include/yolo_msgs/yolo_msgs/msg/detail/mask__rosidl_typesupport_introspection_c.h
[12.420s] -- Installing: /home/beam/autonomous-stack-sdc/install/yolo_msgs/include/yolo_msgs/yolo_msgs/msg/detail/key_point2_d__type_support.c
[12.421s] -- Installing: /home/beam/autonomous-stack-sdc/install/yolo_msgs/include/yolo_msgs/yolo_msgs/msg/detail/pose2_d__type_support.c
[12.421s] -- Installing: /home/beam/autonomous-stack-sdc/install/yolo_msgs/include/yolo_msgs/yolo_msgs/msg/detail/detection_array__type_support.c
[12.421s] -- Installing: /home/beam/autonomous-stack-sdc/install/yolo_msgs/include/yolo_msgs/yolo_msgs/msg/detail/bounding_box2_d__type_support.c
[12.422s] -- Installing: /home/beam/autonomous-stack-sdc/install/yolo_msgs/include/yolo_msgs/yolo_msgs/msg/detail/key_point3_d__type_support.c
[12.422s] -- Installing: /home/beam/autonomous-stack-sdc/install/yolo_msgs/include/yolo_msgs/yolo_msgs/msg/detail/detection_array__rosidl_typesupport_introspection_c.h
[12.422s] -- Installing: /home/beam/autonomous-stack-sdc/install/yolo_msgs/include/yolo_msgs/yolo_msgs/msg/detail/bounding_box2_d__rosidl_typesupport_introspection_c.h
[12.422s] -- Installing: /home/beam/autonomous-stack-sdc/install/yolo_msgs/include/yolo_msgs/yolo_msgs/msg/detail/pose2_d__rosidl_typesupport_introspection_c.h
[12.423s] -- Installing: /home/beam/autonomous-stack-sdc/install/yolo_msgs/include/yolo_msgs/yolo_msgs/msg/detail/key_point2_d_array__type_support.c
[12.423s] -- Installing: /home/beam/autonomous-stack-sdc/install/yolo_msgs/include/yolo_msgs/yolo_msgs/msg/detail/point2_d__rosidl_typesupport_introspection_c.h
[12.423s] -- Installing: /home/beam/autonomous-stack-sdc/install/yolo_msgs/include/yolo_msgs/yolo_msgs/msg/detail/key_point3_d_array__rosidl_typesupport_introspection_c.h
[12.424s] -- Installing: /home/beam/autonomous-stack-sdc/install/yolo_msgs/include/yolo_msgs/yolo_msgs/msg/detail/vector2__rosidl_typesupport_introspection_c.h
[12.424s] -- Installing: /home/beam/autonomous-stack-sdc/install/yolo_msgs/include/yolo_msgs/yolo_msgs/msg/detail/detection__rosidl_typesupport_introspection_c.h
[12.424s] -- Installing: /home/beam/autonomous-stack-sdc/install/yolo_msgs/include/yolo_msgs/yolo_msgs/msg/detail/key_point2_d_array__rosidl_typesupport_introspection_c.h
[12.425s] -- Installing: /home/beam/autonomous-stack-sdc/install/yolo_msgs/include/yolo_msgs/yolo_msgs/msg/detail/bounding_box3_d__rosidl_typesupport_introspection_c.h
[12.425s] -- Installing: /home/beam/autonomous-stack-sdc/install/yolo_msgs/include/yolo_msgs/yolo_msgs/msg/detail/point2_d__type_support.c
[12.425s] -- Installing: /home/beam/autonomous-stack-sdc/install/yolo_msgs/include/yolo_msgs/yolo_msgs/msg/detail/bounding_box3_d__type_support.c
[12.426s] -- Installing: /home/beam/autonomous-stack-sdc/install/yolo_msgs/include/yolo_msgs/yolo_msgs/msg/detail/mask__type_support.c
[12.426s] -- Installing: /home/beam/autonomous-stack-sdc/install/yolo_msgs/include/yolo_msgs/yolo_msgs/msg/detail/key_point2_d__rosidl_typesupport_introspection_c.h
[12.426s] -- Installing: /home/beam/autonomous-stack-sdc/install/yolo_msgs/include/yolo_msgs/yolo_msgs/msg/detail/vector2__type_support.c
[12.427s] -- Installing: /home/beam/autonomous-stack-sdc/install/yolo_msgs/include/yolo_msgs/yolo_msgs/msg/detail/key_point3_d_array__type_support.c
[12.427s] -- Installing: /home/beam/autonomous-stack-sdc/install/yolo_msgs/include/yolo_msgs/yolo_msgs/msg/detail/detection__type_support.c
[12.427s] -- Up-to-date: /home/beam/autonomous-stack-sdc/install/yolo_msgs/include/yolo_msgs/yolo_msgs/srv
[12.427s] -- Up-to-date: /home/beam/autonomous-stack-sdc/install/yolo_msgs/include/yolo_msgs/yolo_msgs/srv/detail
[12.427s] -- Installing: /home/beam/autonomous-stack-sdc/install/yolo_msgs/include/yolo_msgs/yolo_msgs/srv/detail/set_classes__rosidl_typesupport_introspection_c.h
[12.428s] -- Installing: /home/beam/autonomous-stack-sdc/install/yolo_msgs/include/yolo_msgs/yolo_msgs/srv/detail/set_classes__type_support.c
[12.428s] -- Installing: /home/beam/autonomous-stack-sdc/install/yolo_msgs/lib/libyolo_msgs__rosidl_typesupport_introspection_c.so
[12.429s] -- Set runtime path of "/home/beam/autonomous-stack-sdc/install/yolo_msgs/lib/libyolo_msgs__rosidl_typesupport_introspection_c.so" to ""
[12.429s] -- Installing: /home/beam/autonomous-stack-sdc/install/yolo_msgs/lib/libyolo_msgs__rosidl_typesupport_c.so
[12.431s] -- Set runtime path of "/home/beam/autonomous-stack-sdc/install/yolo_msgs/lib/libyolo_msgs__rosidl_typesupport_c.so" to ""
[12.431s] -- Up-to-date: /home/beam/autonomous-stack-sdc/install/yolo_msgs/include/yolo_msgs/yolo_msgs
[12.431s] -- Up-to-date: /home/beam/autonomous-stack-sdc/install/yolo_msgs/include/yolo_msgs/yolo_msgs/msg
[12.431s] -- Installing: /home/beam/autonomous-stack-sdc/install/yolo_msgs/include/yolo_msgs/yolo_msgs/msg/key_point2_d.hpp
[12.431s] -- Installing: /home/beam/autonomous-stack-sdc/install/yolo_msgs/include/yolo_msgs/yolo_msgs/msg/key_point3_d.hpp
[12.431s] -- Installing: /home/beam/autonomous-stack-sdc/install/yolo_msgs/include/yolo_msgs/yolo_msgs/msg/point2_d.hpp
[12.432s] -- Installing: /home/beam/autonomous-stack-sdc/install/yolo_msgs/include/yolo_msgs/yolo_msgs/msg/pose2_d.hpp
[12.432s] -- Installing: /home/beam/autonomous-stack-sdc/install/yolo_msgs/include/yolo_msgs/yolo_msgs/msg/vector2.hpp
[12.433s] -- Installing: /home/beam/autonomous-stack-sdc/install/yolo_msgs/include/yolo_msgs/yolo_msgs/msg/key_point2_d_array.hpp
[12.433s] -- Installing: /home/beam/autonomous-stack-sdc/install/yolo_msgs/include/yolo_msgs/yolo_msgs/msg/mask.hpp
[12.433s] -- Installing: /home/beam/autonomous-stack-sdc/install/yolo_msgs/include/yolo_msgs/yolo_msgs/msg/detection.hpp
[12.433s] -- Installing: /home/beam/autonomous-stack-sdc/install/yolo_msgs/include/yolo_msgs/yolo_msgs/msg/key_point3_d_array.hpp
[12.434s] -- Installing: /home/beam/autonomous-stack-sdc/install/yolo_msgs/include/yolo_msgs/yolo_msgs/msg/bounding_box2_d.hpp
[12.434s] -- Installing: /home/beam/autonomous-stack-sdc/install/yolo_msgs/include/yolo_msgs/yolo_msgs/msg/rosidl_generator_cpp__visibility_control.hpp
[12.434s] -- Up-to-date: /home/beam/autonomous-stack-sdc/install/yolo_msgs/include/yolo_msgs/yolo_msgs/msg/detail
[12.434s] -- Installing: /home/beam/autonomous-stack-sdc/install/yolo_msgs/include/yolo_msgs/yolo_msgs/msg/detail/bounding_box2_d__builder.hpp
[12.434s] -- Installing: /home/beam/autonomous-stack-sdc/install/yolo_msgs/include/yolo_msgs/yolo_msgs/msg/detail/detection_array__traits.hpp
[12.435s] -- Installing: /home/beam/autonomous-stack-sdc/install/yolo_msgs/include/yolo_msgs/yolo_msgs/msg/detail/detection__traits.hpp
[12.435s] -- Installing: /home/beam/autonomous-stack-sdc/install/yolo_msgs/include/yolo_msgs/yolo_msgs/msg/detail/pose2_d__traits.hpp
[12.435s] -- Installing: /home/beam/autonomous-stack-sdc/install/yolo_msgs/include/yolo_msgs/yolo_msgs/msg/detail/key_point3_d_array__type_support.hpp
[12.435s] -- Installing: /home/beam/autonomous-stack-sdc/install/yolo_msgs/include/yolo_msgs/yolo_msgs/msg/detail/vector2__traits.hpp
[12.435s] -- Installing: /home/beam/autonomous-stack-sdc/install/yolo_msgs/include/yolo_msgs/yolo_msgs/msg/detail/mask__type_support.hpp
[12.435s] -- Installing: /home/beam/autonomous-stack-sdc/install/yolo_msgs/include/yolo_msgs/yolo_msgs/msg/detail/bounding_box2_d__type_support.hpp
[12.436s] -- Installing: /home/beam/autonomous-stack-sdc/install/yolo_msgs/include/yolo_msgs/yolo_msgs/msg/detail/point2_d__traits.hpp
[12.436s] -- Installing: /home/beam/autonomous-stack-sdc/install/yolo_msgs/include/yolo_msgs/yolo_msgs/msg/detail/key_point2_d__struct.hpp
[12.436s] -- Installing: /home/beam/autonomous-stack-sdc/install/yolo_msgs/include/yolo_msgs/yolo_msgs/msg/detail/detection__type_support.hpp
[12.436s] -- Installing: /home/beam/autonomous-stack-sdc/install/yolo_msgs/include/yolo_msgs/yolo_msgs/msg/detail/key_point2_d_array__struct.hpp
[12.437s] -- Installing: /home/beam/autonomous-stack-sdc/install/yolo_msgs/include/yolo_msgs/yolo_msgs/msg/detail/pose2_d__builder.hpp
[12.437s] -- Installing: /home/beam/autonomous-stack-sdc/install/yolo_msgs/include/yolo_msgs/yolo_msgs/msg/detail/key_point2_d_array__traits.hpp
[12.437s] -- Installing: /home/beam/autonomous-stack-sdc/install/yolo_msgs/include/yolo_msgs/yolo_msgs/msg/detail/key_point2_d__type_support.hpp
[12.437s] -- Installing: /home/beam/autonomous-stack-sdc/install/yolo_msgs/include/yolo_msgs/yolo_msgs/msg/detail/pose2_d__struct.hpp
[12.437s] -- Installing: /home/beam/autonomous-stack-sdc/install/yolo_msgs/include/yolo_msgs/yolo_msgs/msg/detail/mask__builder.hpp
[12.438s] -- Installing: /home/beam/autonomous-stack-sdc/install/yolo_msgs/include/yolo_msgs/yolo_msgs/msg/detail/key_point3_d__builder.hpp
[12.438s] -- Installing: /home/beam/autonomous-stack-sdc/install/yolo_msgs/include/yolo_msgs/yolo_msgs/msg/detail/pose2_d__type_support.hpp
[12.438s] -- Installing: /home/beam/autonomous-stack-sdc/install/yolo_msgs/include/yolo_msgs/yolo_msgs/msg/detail/key_point2_d_array__builder.hpp
[12.439s] -- Installing: /home/beam/autonomous-stack-sdc/install/yolo_msgs/include/yolo_msgs/yolo_msgs/msg/detail/key_point2_d_array__type_support.hpp
[12.439s] -- Installing: /home/beam/autonomous-stack-sdc/install/yolo_msgs/include/yolo_msgs/yolo_msgs/msg/detail/vector2__builder.hpp
[12.439s] -- Installing: /home/beam/autonomous-stack-sdc/install/yolo_msgs/include/yolo_msgs/yolo_msgs/msg/detail/key_point3_d__struct.hpp
[12.439s] -- Installing: /home/beam/autonomous-stack-sdc/install/yolo_msgs/include/yolo_msgs/yolo_msgs/msg/detail/detection_array__builder.hpp
[12.440s] -- Installing: /home/beam/autonomous-stack-sdc/install/yolo_msgs/include/yolo_msgs/yolo_msgs/msg/detail/mask__traits.hpp
[12.440s] -- Installing: /home/beam/autonomous-stack-sdc/install/yolo_msgs/include/yolo_msgs/yolo_msgs/msg/detail/detection_array__struct.hpp
[12.440s] -- Installing: /home/beam/autonomous-stack-sdc/install/yolo_msgs/include/yolo_msgs/yolo_msgs/msg/detail/point2_d__builder.hpp
[12.440s] -- Installing: /home/beam/autonomous-stack-sdc/install/yolo_msgs/include/yolo_msgs/yolo_msgs/msg/detail/bounding_box3_d__struct.hpp
[12.441s] -- Installing: /home/beam/autonomous-stack-sdc/install/yolo_msgs/include/yolo_msgs/yolo_msgs/msg/detail/point2_d__type_support.hpp
[12.441s] -- Installing: /home/beam/autonomous-stack-sdc/install/yolo_msgs/include/yolo_msgs/yolo_msgs/msg/detail/bounding_box3_d__builder.hpp
[12.441s] -- Installing: /home/beam/autonomous-stack-sdc/install/yolo_msgs/include/yolo_msgs/yolo_msgs/msg/detail/vector2__struct.hpp
[12.442s] -- Installing: /home/beam/autonomous-stack-sdc/install/yolo_msgs/include/yolo_msgs/yolo_msgs/msg/detail/bounding_box2_d__struct.hpp
[12.442s] -- Installing: /home/beam/autonomous-stack-sdc/install/yolo_msgs/include/yolo_msgs/yolo_msgs/msg/detail/key_point3_d_array__traits.hpp
[12.442s] -- Installing: /home/beam/autonomous-stack-sdc/install/yolo_msgs/include/yolo_msgs/yolo_msgs/msg/detail/key_point3_d_array__struct.hpp
[12.442s] -- Installing: /home/beam/autonomous-stack-sdc/install/yolo_msgs/include/yolo_msgs/yolo_msgs/msg/detail/mask__struct.hpp
[12.443s] -- Installing: /home/beam/autonomous-stack-sdc/install/yolo_msgs/include/yolo_msgs/yolo_msgs/msg/detail/detection__struct.hpp
[12.443s] -- Installing: /home/beam/autonomous-stack-sdc/install/yolo_msgs/include/yolo_msgs/yolo_msgs/msg/detail/bounding_box2_d__traits.hpp
[12.443s] -- Installing: /home/beam/autonomous-stack-sdc/install/yolo_msgs/include/yolo_msgs/yolo_msgs/msg/detail/key_point3_d_array__builder.hpp
[12.443s] -- Installing: /home/beam/autonomous-stack-sdc/install/yolo_msgs/include/yolo_msgs/yolo_msgs/msg/detail/key_point3_d__type_support.hpp
[12.444s] -- Installing: /home/beam/autonomous-stack-sdc/install/yolo_msgs/include/yolo_msgs/yolo_msgs/msg/detail/detection__builder.hpp
[12.444s] -- Installing: /home/beam/autonomous-stack-sdc/install/yolo_msgs/include/yolo_msgs/yolo_msgs/msg/detail/bounding_box3_d__traits.hpp
[12.444s] -- Installing: /home/beam/autonomous-stack-sdc/install/yolo_msgs/include/yolo_msgs/yolo_msgs/msg/detail/key_point3_d__traits.hpp
[12.444s] -- Installing: /home/beam/autonomous-stack-sdc/install/yolo_msgs/include/yolo_msgs/yolo_msgs/msg/detail/bounding_box3_d__type_support.hpp
[12.445s] -- Installing: /home/beam/autonomous-stack-sdc/install/yolo_msgs/include/yolo_msgs/yolo_msgs/msg/detail/point2_d__struct.hpp
[12.445s] -- Installing: /home/beam/autonomous-stack-sdc/install/yolo_msgs/include/yolo_msgs/yolo_msgs/msg/detail/detection_array__type_support.hpp
[12.445s] -- Installing: /home/beam/autonomous-stack-sdc/install/yolo_msgs/include/yolo_msgs/yolo_msgs/msg/detail/vector2__type_support.hpp
[12.445s] -- Installing: /home/beam/autonomous-stack-sdc/install/yolo_msgs/include/yolo_msgs/yolo_msgs/msg/detail/key_point2_d__builder.hpp
[12.446s] -- Installing: /home/beam/autonomous-stack-sdc/install/yolo_msgs/include/yolo_msgs/yolo_msgs/msg/detail/key_point2_d__traits.hpp
[12.446s] -- Installing: /home/beam/autonomous-stack-sdc/install/yolo_msgs/include/yolo_msgs/yolo_msgs/msg/bounding_box3_d.hpp
[12.446s] -- Installing: /home/beam/autonomous-stack-sdc/install/yolo_msgs/include/yolo_msgs/yolo_msgs/msg/detection_array.hpp
[12.446s] -- Up-to-date: /home/beam/autonomous-stack-sdc/install/yolo_msgs/include/yolo_msgs/yolo_msgs/srv
[12.447s] -- Up-to-date: /home/beam/autonomous-stack-sdc/install/yolo_msgs/include/yolo_msgs/yolo_msgs/srv/detail
[12.447s] -- Installing: /home/beam/autonomous-stack-sdc/install/yolo_msgs/include/yolo_msgs/yolo_msgs/srv/detail/set_classes__struct.hpp
[12.447s] -- Installing: /home/beam/autonomous-stack-sdc/install/yolo_msgs/include/yolo_msgs/yolo_msgs/srv/detail/set_classes__type_support.hpp
[12.447s] -- Installing: /home/beam/autonomous-stack-sdc/install/yolo_msgs/include/yolo_msgs/yolo_msgs/srv/detail/set_classes__builder.hpp
[12.448s] -- Installing: /home/beam/autonomous-stack-sdc/install/yolo_msgs/include/yolo_msgs/yolo_msgs/srv/detail/set_classes__traits.hpp
[12.448s] -- Installing: /home/beam/autonomous-stack-sdc/install/yolo_msgs/include/yolo_msgs/yolo_msgs/srv/set_classes.hpp
[12.448s] -- Up-to-date: /home/beam/autonomous-stack-sdc/install/yolo_msgs/include/yolo_msgs/yolo_msgs
[12.448s] -- Up-to-date: /home/beam/autonomous-stack-sdc/install/yolo_msgs/include/yolo_msgs/yolo_msgs/msg
[12.449s] -- Up-to-date: /home/beam/autonomous-stack-sdc/install/yolo_msgs/include/yolo_msgs/yolo_msgs/msg/detail
[12.449s] -- Installing: /home/beam/autonomous-stack-sdc/install/yolo_msgs/include/yolo_msgs/yolo_msgs/msg/detail/dds_fastrtps
[12.449s] -- Installing: /home/beam/autonomous-stack-sdc/install/yolo_msgs/include/yolo_msgs/yolo_msgs/msg/detail/key_point2_d_array__rosidl_typesupport_fastrtps_cpp.hpp
[12.449s] -- Installing: /home/beam/autonomous-stack-sdc/install/yolo_msgs/include/yolo_msgs/yolo_msgs/msg/detail/mask__rosidl_typesupport_fastrtps_cpp.hpp
[12.449s] -- Installing: /home/beam/autonomous-stack-sdc/install/yolo_msgs/include/yolo_msgs/yolo_msgs/msg/detail/bounding_box3_d__rosidl_typesupport_fastrtps_cpp.hpp
[12.449s] -- Installing: /home/beam/autonomous-stack-sdc/install/yolo_msgs/include/yolo_msgs/yolo_msgs/msg/detail/bounding_box2_d__rosidl_typesupport_fastrtps_cpp.hpp
[12.450s] -- Installing: /home/beam/autonomous-stack-sdc/install/yolo_msgs/include/yolo_msgs/yolo_msgs/msg/detail/vector2__rosidl_typesupport_fastrtps_cpp.hpp
[12.450s] -- Installing: /home/beam/autonomous-stack-sdc/install/yolo_msgs/include/yolo_msgs/yolo_msgs/msg/detail/detection__rosidl_typesupport_fastrtps_cpp.hpp
[12.450s] -- Installing: /home/beam/autonomous-stack-sdc/install/yolo_msgs/include/yolo_msgs/yolo_msgs/msg/detail/key_point2_d__rosidl_typesupport_fastrtps_cpp.hpp
[12.450s] -- Installing: /home/beam/autonomous-stack-sdc/install/yolo_msgs/include/yolo_msgs/yolo_msgs/msg/detail/detection_array__rosidl_typesupport_fastrtps_cpp.hpp
[12.451s] -- Installing: /home/beam/autonomous-stack-sdc/install/yolo_msgs/include/yolo_msgs/yolo_msgs/msg/detail/point2_d__rosidl_typesupport_fastrtps_cpp.hpp
[12.451s] -- Installing: /home/beam/autonomous-stack-sdc/install/yolo_msgs/include/yolo_msgs/yolo_msgs/msg/detail/key_point3_d_array__rosidl_typesupport_fastrtps_cpp.hpp
[12.451s] -- Installing: /home/beam/autonomous-stack-sdc/install/yolo_msgs/include/yolo_msgs/yolo_msgs/msg/detail/key_point3_d__rosidl_typesupport_fastrtps_cpp.hpp
[12.451s] -- Installing: /home/beam/autonomous-stack-sdc/install/yolo_msgs/include/yolo_msgs/yolo_msgs/msg/detail/pose2_d__rosidl_typesupport_fastrtps_cpp.hpp
[12.452s] -- Installing: /home/beam/autonomous-stack-sdc/install/yolo_msgs/include/yolo_msgs/yolo_msgs/msg/rosidl_typesupport_fastrtps_cpp__visibility_control.h
[12.452s] -- Up-to-date: /home/beam/autonomous-stack-sdc/install/yolo_msgs/include/yolo_msgs/yolo_msgs/srv
[12.452s] -- Up-to-date: /home/beam/autonomous-stack-sdc/install/yolo_msgs/include/yolo_msgs/yolo_msgs/srv/detail
[12.452s] -- Installing: /home/beam/autonomous-stack-sdc/install/yolo_msgs/include/yolo_msgs/yolo_msgs/srv/detail/dds_fastrtps
[12.452s] -- Installing: /home/beam/autonomous-stack-sdc/install/yolo_msgs/include/yolo_msgs/yolo_msgs/srv/detail/set_classes__rosidl_typesupport_fastrtps_cpp.hpp
[12.453s] -- Installing: /home/beam/autonomous-stack-sdc/install/yolo_msgs/lib/libyolo_msgs__rosidl_typesupport_fastrtps_cpp.so
[12.454s] -- Set runtime path of "/home/beam/autonomous-stack-sdc/install/yolo_msgs/lib/libyolo_msgs__rosidl_typesupport_fastrtps_cpp.so" to ""
[12.454s] -- Up-to-date: /home/beam/autonomous-stack-sdc/install/yolo_msgs/include/yolo_msgs/yolo_msgs
[12.454s] -- Up-to-date: /home/beam/autonomous-stack-sdc/install/yolo_msgs/include/yolo_msgs/yolo_msgs/msg
[12.455s] -- Up-to-date: /home/beam/autonomous-stack-sdc/install/yolo_msgs/include/yolo_msgs/yolo_msgs/msg/detail
[12.455s] -- Installing: /home/beam/autonomous-stack-sdc/install/yolo_msgs/include/yolo_msgs/yolo_msgs/msg/detail/key_point3_d__rosidl_typesupport_introspection_cpp.hpp
[12.455s] -- Installing: /home/beam/autonomous-stack-sdc/install/yolo_msgs/include/yolo_msgs/yolo_msgs/msg/detail/detection__rosidl_typesupport_introspection_cpp.hpp
[12.455s] -- Installing: /home/beam/autonomous-stack-sdc/install/yolo_msgs/include/yolo_msgs/yolo_msgs/msg/detail/point2_d__type_support.cpp
[12.455s] -- Installing: /home/beam/autonomous-stack-sdc/install/yolo_msgs/include/yolo_msgs/yolo_msgs/msg/detail/mask__type_support.cpp
[12.456s] -- Installing: /home/beam/autonomous-stack-sdc/install/yolo_msgs/include/yolo_msgs/yolo_msgs/msg/detail/vector2__type_support.cpp
[12.456s] -- Installing: /home/beam/autonomous-stack-sdc/install/yolo_msgs/include/yolo_msgs/yolo_msgs/msg/detail/detection_array__type_support.cpp
[12.456s] -- Installing: /home/beam/autonomous-stack-sdc/install/yolo_msgs/include/yolo_msgs/yolo_msgs/msg/detail/vector2__rosidl_typesupport_introspection_cpp.hpp
[12.456s] -- Installing: /home/beam/autonomous-stack-sdc/install/yolo_msgs/include/yolo_msgs/yolo_msgs/msg/detail/key_point3_d__type_support.cpp
[12.456s] -- Installing: /home/beam/autonomous-stack-sdc/install/yolo_msgs/include/yolo_msgs/yolo_msgs/msg/detail/bounding_box3_d__rosidl_typesupport_introspection_cpp.hpp
[12.457s] -- Installing: /home/beam/autonomous-stack-sdc/install/yolo_msgs/include/yolo_msgs/yolo_msgs/msg/detail/bounding_box2_d__type_support.cpp
[12.457s] -- Installing: /home/beam/autonomous-stack-sdc/install/yolo_msgs/include/yolo_msgs/yolo_msgs/msg/detail/bounding_box3_d__type_support.cpp
[12.457s] -- Installing: /home/beam/autonomous-stack-sdc/install/yolo_msgs/include/yolo_msgs/yolo_msgs/msg/detail/key_point2_d__type_support.cpp
[12.458s] -- Installing: /home/beam/autonomous-stack-sdc/install/yolo_msgs/include/yolo_msgs/yolo_msgs/msg/detail/mask__rosidl_typesupport_introspection_cpp.hpp
[12.458s] -- Installing: /home/beam/autonomous-stack-sdc/install/yolo_msgs/include/yolo_msgs/yolo_msgs/msg/detail/key_point2_d_array__type_support.cpp
[12.458s] -- Installing: /home/beam/autonomous-stack-sdc/install/yolo_msgs/include/yolo_msgs/yolo_msgs/msg/detail/key_point2_d__rosidl_typesupport_introspection_cpp.hpp
[12.459s] -- Installing: /home/beam/autonomous-stack-sdc/install/yolo_msgs/include/yolo_msgs/yolo_msgs/msg/detail/key_point3_d_array__rosidl_typesupport_introspection_cpp.hpp
[12.459s] -- Installing: /home/beam/autonomous-stack-sdc/install/yolo_msgs/include/yolo_msgs/yolo_msgs/msg/detail/detection__type_support.cpp
[12.460s] -- Installing: /home/beam/autonomous-stack-sdc/install/yolo_msgs/include/yolo_msgs/yolo_msgs/msg/detail/key_point3_d_array__type_support.cpp
[12.461s] -- Installing: /home/beam/autonomous-stack-sdc/install/yolo_msgs/include/yolo_msgs/yolo_msgs/msg/detail/bounding_box2_d__rosidl_typesupport_introspection_cpp.hpp
[12.461s] -- Installing: /home/beam/autonomous-stack-sdc/install/yolo_msgs/include/yolo_msgs/yolo_msgs/msg/detail/key_point2_d_array__rosidl_typesupport_introspection_cpp.hpp
[12.461s] -- Installing: /home/beam/autonomous-stack-sdc/install/yolo_msgs/include/yolo_msgs/yolo_msgs/msg/detail/pose2_d__type_support.cpp
[12.461s] -- Installing: /home/beam/autonomous-stack-sdc/install/yolo_msgs/include/yolo_msgs/yolo_msgs/msg/detail/detection_array__rosidl_typesupport_introspection_cpp.hpp
[12.462s] -- Installing: /home/beam/autonomous-stack-sdc/install/yolo_msgs/include/yolo_msgs/yolo_msgs/msg/detail/point2_d__rosidl_typesupport_introspection_cpp.hpp
[12.462s] -- Installing: /home/beam/autonomous-stack-sdc/install/yolo_msgs/include/yolo_msgs/yolo_msgs/msg/detail/pose2_d__rosidl_typesupport_introspection_cpp.hpp
[12.462s] -- Up-to-date: /home/beam/autonomous-stack-sdc/install/yolo_msgs/include/yolo_msgs/yolo_msgs/srv
[12.463s] -- Up-to-date: /home/beam/autonomous-stack-sdc/install/yolo_msgs/include/yolo_msgs/yolo_msgs/srv/detail
[12.463s] -- Installing: /home/beam/autonomous-stack-sdc/install/yolo_msgs/include/yolo_msgs/yolo_msgs/srv/detail/set_classes__rosidl_typesupport_introspection_cpp.hpp
[12.463s] -- Installing: /home/beam/autonomous-stack-sdc/install/yolo_msgs/include/yolo_msgs/yolo_msgs/srv/detail/set_classes__type_support.cpp
[12.463s] -- Installing: /home/beam/autonomous-stack-sdc/install/yolo_msgs/lib/libyolo_msgs__rosidl_typesupport_introspection_cpp.so
[12.465s] -- Set runtime path of "/home/beam/autonomous-stack-sdc/install/yolo_msgs/lib/libyolo_msgs__rosidl_typesupport_introspection_cpp.so" to ""
[12.465s] -- Installing: /home/beam/autonomous-stack-sdc/install/yolo_msgs/lib/libyolo_msgs__rosidl_typesupport_cpp.so
[12.466s] -- Set runtime path of "/home/beam/autonomous-stack-sdc/install/yolo_msgs/lib/libyolo_msgs__rosidl_typesupport_cpp.so" to ""
[12.466s] -- Installing: /home/beam/autonomous-stack-sdc/install/yolo_msgs/share/yolo_msgs/environment/pythonpath.sh
[12.467s] -- Installing: /home/beam/autonomous-stack-sdc/install/yolo_msgs/share/yolo_msgs/environment/pythonpath.dsv
[12.467s] -- Installing: /home/beam/autonomous-stack-sdc/install/yolo_msgs/local/lib/python3.10/dist-packages/yolo_msgs-4.4.1-py3.10.egg-info
[12.468s] -- Installing: /home/beam/autonomous-stack-sdc/install/yolo_msgs/local/lib/python3.10/dist-packages/yolo_msgs-4.4.1-py3.10.egg-info/SOURCES.txt
[12.468s] -- Installing: /home/beam/autonomous-stack-sdc/install/yolo_msgs/local/lib/python3.10/dist-packages/yolo_msgs-4.4.1-py3.10.egg-info/PKG-INFO
[12.468s] -- Installing: /home/beam/autonomous-stack-sdc/install/yolo_msgs/local/lib/python3.10/dist-packages/yolo_msgs-4.4.1-py3.10.egg-info/dependency_links.txt
[12.468s] -- Installing: /home/beam/autonomous-stack-sdc/install/yolo_msgs/local/lib/python3.10/dist-packages/yolo_msgs-4.4.1-py3.10.egg-info/top_level.txt
[12.469s] -- Installing: /home/beam/autonomous-stack-sdc/install/yolo_msgs/local/lib/python3.10/dist-packages/yolo_msgs
[12.469s] -- Installing: /home/beam/autonomous-stack-sdc/install/yolo_msgs/local/lib/python3.10/dist-packages/yolo_msgs/yolo_msgs_s__rosidl_typesupport_fastrtps_c.cpython-310-x86_64-linux-gnu.so
[12.470s] -- Installing: /home/beam/autonomous-stack-sdc/install/yolo_msgs/local/lib/python3.10/dist-packages/yolo_msgs/yolo_msgs_s__rosidl_typesupport_c.cpython-310-x86_64-linux-gnu.so
[12.470s] -- Installing: /home/beam/autonomous-stack-sdc/install/yolo_msgs/local/lib/python3.10/dist-packages/yolo_msgs/_yolo_msgs_s.ep.rosidl_typesupport_fastrtps_c.c
[12.471s] -- Installing: /home/beam/autonomous-stack-sdc/install/yolo_msgs/local/lib/python3.10/dist-packages/yolo_msgs/_yolo_msgs_s.ep.rosidl_typesupport_introspection_c.c
[12.478s] -- Installing: /home/beam/autonomous-stack-sdc/install/yolo_msgs/local/lib/python3.10/dist-packages/yolo_msgs/__init__.py
[12.478s] -- Installing: /home/beam/autonomous-stack-sdc/install/yolo_msgs/local/lib/python3.10/dist-packages/yolo_msgs/libyolo_msgs__rosidl_generator_py.so
[12.478s] -- Installing: /home/beam/autonomous-stack-sdc/install/yolo_msgs/local/lib/python3.10/dist-packages/yolo_msgs/msg
[12.479s] -- Installing: /home/beam/autonomous-stack-sdc/install/yolo_msgs/local/lib/python3.10/dist-packages/yolo_msgs/msg/_key_point2_d.py
[12.479s] -- Installing: /home/beam/autonomous-stack-sdc/install/yolo_msgs/local/lib/python3.10/dist-packages/yolo_msgs/msg/_vector2.py
[12.479s] -- Installing: /home/beam/autonomous-stack-sdc/install/yolo_msgs/local/lib/python3.10/dist-packages/yolo_msgs/msg/_bounding_box3_d_s.c
[12.480s] -- Installing: /home/beam/autonomous-stack-sdc/install/yolo_msgs/local/lib/python3.10/dist-packages/yolo_msgs/msg/_key_point3_d_array_s.c
[12.480s] -- Installing: /home/beam/autonomous-stack-sdc/install/yolo_msgs/local/lib/python3.10/dist-packages/yolo_msgs/msg/_point2_d_s.c
[12.480s] -- Installing: /home/beam/autonomous-stack-sdc/install/yolo_msgs/local/lib/python3.10/dist-packages/yolo_msgs/msg/_detection_array.py
[12.481s] -- Installing: /home/beam/autonomous-stack-sdc/install/yolo_msgs/local/lib/python3.10/dist-packages/yolo_msgs/msg/_vector2_s.c
[12.481s] -- Installing: /home/beam/autonomous-stack-sdc/install/yolo_msgs/local/lib/python3.10/dist-packages/yolo_msgs/msg/_detection.py
[12.481s] -- Installing: /home/beam/autonomous-stack-sdc/install/yolo_msgs/local/lib/python3.10/dist-packages/yolo_msgs/msg/_key_point2_d_array_s.c
[12.482s] -- Installing: /home/beam/autonomous-stack-sdc/install/yolo_msgs/local/lib/python3.10/dist-packages/yolo_msgs/msg/_pose2_d_s.c
[12.482s] -- Installing: /home/beam/autonomous-stack-sdc/install/yolo_msgs/local/lib/python3.10/dist-packages/yolo_msgs/msg/_detection_s.c
[12.482s] -- Installing: /home/beam/autonomous-stack-sdc/install/yolo_msgs/local/lib/python3.10/dist-packages/yolo_msgs/msg/_bounding_box2_d_s.c
[12.483s] -- Installing: /home/beam/autonomous-stack-sdc/install/yolo_msgs/local/lib/python3.10/dist-packages/yolo_msgs/msg/_mask.py
[12.483s] -- Installing: /home/beam/autonomous-stack-sdc/install/yolo_msgs/local/lib/python3.10/dist-packages/yolo_msgs/msg/_key_point3_d_array.py
[12.483s] -- Installing: /home/beam/autonomous-stack-sdc/install/yolo_msgs/local/lib/python3.10/dist-packages/yolo_msgs/msg/_key_point3_d_s.c
[12.484s] -- Installing: /home/beam/autonomous-stack-sdc/install/yolo_msgs/local/lib/python3.10/dist-packages/yolo_msgs/msg/_detection_array_s.c
[12.484s] -- Installing: /home/beam/autonomous-stack-sdc/install/yolo_msgs/local/lib/python3.10/dist-packages/yolo_msgs/msg/_pose2_d.py
[12.484s] -- Installing: /home/beam/autonomous-stack-sdc/install/yolo_msgs/local/lib/python3.10/dist-packages/yolo_msgs/msg/_key_point2_d_s.c
[12.485s] -- Installing: /home/beam/autonomous-stack-sdc/install/yolo_msgs/local/lib/python3.10/dist-packages/yolo_msgs/msg/_key_point2_d_array.py
[12.485s] -- Installing: /home/beam/autonomous-stack-sdc/install/yolo_msgs/local/lib/python3.10/dist-packages/yolo_msgs/msg/__init__.py
[12.485s] -- Installing: /home/beam/autonomous-stack-sdc/install/yolo_msgs/local/lib/python3.10/dist-packages/yolo_msgs/msg/_mask_s.c
[12.486s] -- Installing: /home/beam/autonomous-stack-sdc/install/yolo_msgs/local/lib/python3.10/dist-packages/yolo_msgs/msg/_bounding_box2_d.py
[12.486s] -- Installing: /home/beam/autonomous-stack-sdc/install/yolo_msgs/local/lib/python3.10/dist-packages/yolo_msgs/msg/_point2_d.py
[12.486s] -- Installing: /home/beam/autonomous-stack-sdc/install/yolo_msgs/local/lib/python3.10/dist-packages/yolo_msgs/msg/_bounding_box3_d.py
[12.487s] -- Installing: /home/beam/autonomous-stack-sdc/install/yolo_msgs/local/lib/python3.10/dist-packages/yolo_msgs/msg/_key_point3_d.py
[12.487s] -- Installing: /home/beam/autonomous-stack-sdc/install/yolo_msgs/local/lib/python3.10/dist-packages/yolo_msgs/srv
[12.487s] -- Installing: /home/beam/autonomous-stack-sdc/install/yolo_msgs/local/lib/python3.10/dist-packages/yolo_msgs/srv/_set_classes.py
[12.487s] -- Installing: /home/beam/autonomous-stack-sdc/install/yolo_msgs/local/lib/python3.10/dist-packages/yolo_msgs/srv/_set_classes_s.c
[12.488s] -- Installing: /home/beam/autonomous-stack-sdc/install/yolo_msgs/local/lib/python3.10/dist-packages/yolo_msgs/srv/__init__.py
[12.488s] -- Installing: /home/beam/autonomous-stack-sdc/install/yolo_msgs/local/lib/python3.10/dist-packages/yolo_msgs/yolo_msgs_s__rosidl_typesupport_introspection_c.cpython-310-x86_64-linux-gnu.so
[12.488s] -- Installing: /home/beam/autonomous-stack-sdc/install/yolo_msgs/local/lib/python3.10/dist-packages/yolo_msgs/_yolo_msgs_s.ep.rosidl_typesupport_c.c
[12.571s] Listing '/home/beam/autonomous-stack-sdc/install/yolo_msgs/local/lib/python3.10/dist-packages/yolo_msgs'...
[12.572s] Compiling '/home/beam/autonomous-stack-sdc/install/yolo_msgs/local/lib/python3.10/dist-packages/yolo_msgs/__init__.py'...
[12.572s] Listing '/home/beam/autonomous-stack-sdc/install/yolo_msgs/local/lib/python3.10/dist-packages/yolo_msgs/msg'...
[12.572s] Compiling '/home/beam/autonomous-stack-sdc/install/yolo_msgs/local/lib/python3.10/dist-packages/yolo_msgs/msg/__init__.py'...
[12.572s] Compiling '/home/beam/autonomous-stack-sdc/install/yolo_msgs/local/lib/python3.10/dist-packages/yolo_msgs/msg/_bounding_box2_d.py'...
[12.572s] Compiling '/home/beam/autonomous-stack-sdc/install/yolo_msgs/local/lib/python3.10/dist-packages/yolo_msgs/msg/_bounding_box3_d.py'...
[12.572s] Compiling '/home/beam/autonomous-stack-sdc/install/yolo_msgs/local/lib/python3.10/dist-packages/yolo_msgs/msg/_detection.py'...
[12.573s] Compiling '/home/beam/autonomous-stack-sdc/install/yolo_msgs/local/lib/python3.10/dist-packages/yolo_msgs/msg/_detection_array.py'...
[12.573s] Compiling '/home/beam/autonomous-stack-sdc/install/yolo_msgs/local/lib/python3.10/dist-packages/yolo_msgs/msg/_key_point2_d.py'...
[12.573s] Compiling '/home/beam/autonomous-stack-sdc/install/yolo_msgs/local/lib/python3.10/dist-packages/yolo_msgs/msg/_key_point2_d_array.py'...
[12.573s] Compiling '/home/beam/autonomous-stack-sdc/install/yolo_msgs/local/lib/python3.10/dist-packages/yolo_msgs/msg/_key_point3_d.py'...
[12.573s] Compiling '/home/beam/autonomous-stack-sdc/install/yolo_msgs/local/lib/python3.10/dist-packages/yolo_msgs/msg/_key_point3_d_array.py'...
[12.574s] Compiling '/home/beam/autonomous-stack-sdc/install/yolo_msgs/local/lib/python3.10/dist-packages/yolo_msgs/msg/_mask.py'...
[12.574s] Compiling '/home/beam/autonomous-stack-sdc/install/yolo_msgs/local/lib/python3.10/dist-packages/yolo_msgs/msg/_point2_d.py'...
[12.574s] Compiling '/home/beam/autonomous-stack-sdc/install/yolo_msgs/local/lib/python3.10/dist-packages/yolo_msgs/msg/_pose2_d.py'...
[12.574s] Compiling '/home/beam/autonomous-stack-sdc/install/yolo_msgs/local/lib/python3.10/dist-packages/yolo_msgs/msg/_vector2.py'...
[12.574s] Listing '/home/beam/autonomous-stack-sdc/install/yolo_msgs/local/lib/python3.10/dist-packages/yolo_msgs/srv'...
[12.574s] Compiling '/home/beam/autonomous-stack-sdc/install/yolo_msgs/local/lib/python3.10/dist-packages/yolo_msgs/srv/__init__.py'...
[12.575s] Compiling '/home/beam/autonomous-stack-sdc/install/yolo_msgs/local/lib/python3.10/dist-packages/yolo_msgs/srv/_set_classes.py'...
[12.584s] -- Installing: /home/beam/autonomous-stack-sdc/install/yolo_msgs/local/lib/python3.10/dist-packages/yolo_msgs/yolo_msgs_s__rosidl_typesupport_fastrtps_c.cpython-310-x86_64-linux-gnu.so
[12.585s] -- Set runtime path of "/home/beam/autonomous-stack-sdc/install/yolo_msgs/local/lib/python3.10/dist-packages/yolo_msgs/yolo_msgs_s__rosidl_typesupport_fastrtps_c.cpython-310-x86_64-linux-gnu.so" to ""
[12.585s] -- Installing: /home/beam/autonomous-stack-sdc/install/yolo_msgs/local/lib/python3.10/dist-packages/yolo_msgs/yolo_msgs_s__rosidl_typesupport_introspection_c.cpython-310-x86_64-linux-gnu.so
[12.586s] -- Set runtime path of "/home/beam/autonomous-stack-sdc/install/yolo_msgs/local/lib/python3.10/dist-packages/yolo_msgs/yolo_msgs_s__rosidl_typesupport_introspection_c.cpython-310-x86_64-linux-gnu.so" to ""
[12.586s] -- Installing: /home/beam/autonomous-stack-sdc/install/yolo_msgs/local/lib/python3.10/dist-packages/yolo_msgs/yolo_msgs_s__rosidl_typesupport_c.cpython-310-x86_64-linux-gnu.so
[12.587s] -- Set runtime path of "/home/beam/autonomous-stack-sdc/install/yolo_msgs/local/lib/python3.10/dist-packages/yolo_msgs/yolo_msgs_s__rosidl_typesupport_c.cpython-310-x86_64-linux-gnu.so" to ""
[12.588s] -- Installing: /home/beam/autonomous-stack-sdc/install/yolo_msgs/lib/libyolo_msgs__rosidl_generator_py.so
[12.589s] -- Set runtime path of "/home/beam/autonomous-stack-sdc/install/yolo_msgs/lib/libyolo_msgs__rosidl_generator_py.so" to ""
[12.589s] -- Installing: /home/beam/autonomous-stack-sdc/install/yolo_msgs/share/yolo_msgs/msg/Point2D.idl
[12.589s] -- Installing: /home/beam/autonomous-stack-sdc/install/yolo_msgs/share/yolo_msgs/msg/Vector2.idl
[12.589s] -- Installing: /home/beam/autonomous-stack-sdc/install/yolo_msgs/share/yolo_msgs/msg/Pose2D.idl
[12.590s] -- Installing: /home/beam/autonomous-stack-sdc/install/yolo_msgs/share/yolo_msgs/msg/BoundingBox2D.idl
[12.590s] -- Installing: /home/beam/autonomous-stack-sdc/install/yolo_msgs/share/yolo_msgs/msg/BoundingBox3D.idl
[12.591s] -- Installing: /home/beam/autonomous-stack-sdc/install/yolo_msgs/share/yolo_msgs/msg/Mask.idl
[12.591s] -- Installing: /home/beam/autonomous-stack-sdc/install/yolo_msgs/share/yolo_msgs/msg/KeyPoint2D.idl
[12.591s] -- Installing: /home/beam/autonomous-stack-sdc/install/yolo_msgs/share/yolo_msgs/msg/KeyPoint2DArray.idl
[12.592s] -- Installing: /home/beam/autonomous-stack-sdc/install/yolo_msgs/share/yolo_msgs/msg/KeyPoint3D.idl
[12.592s] -- Installing: /home/beam/autonomous-stack-sdc/install/yolo_msgs/share/yolo_msgs/msg/KeyPoint3DArray.idl
[12.593s] -- Installing: /home/beam/autonomous-stack-sdc/install/yolo_msgs/share/yolo_msgs/msg/Detection.idl
[12.593s] -- Installing: /home/beam/autonomous-stack-sdc/install/yolo_msgs/share/yolo_msgs/msg/DetectionArray.idl
[12.594s] -- Installing: /home/beam/autonomous-stack-sdc/install/yolo_msgs/share/yolo_msgs/srv/SetClasses.idl
[12.594s] -- Installing: /home/beam/autonomous-stack-sdc/install/yolo_msgs/share/yolo_msgs/msg/Point2D.msg
[12.594s] -- Installing: /home/beam/autonomous-stack-sdc/install/yolo_msgs/share/yolo_msgs/msg/Vector2.msg
[12.595s] -- Installing: /home/beam/autonomous-stack-sdc/install/yolo_msgs/share/yolo_msgs/msg/Pose2D.msg
[12.595s] -- Installing: /home/beam/autonomous-stack-sdc/install/yolo_msgs/share/yolo_msgs/msg/BoundingBox2D.msg
[12.596s] -- Installing: /home/beam/autonomous-stack-sdc/install/yolo_msgs/share/yolo_msgs/msg/BoundingBox3D.msg
[12.596s] -- Installing: /home/beam/autonomous-stack-sdc/install/yolo_msgs/share/yolo_msgs/msg/Mask.msg
[12.596s] -- Installing: /home/beam/autonomous-stack-sdc/install/yolo_msgs/share/yolo_msgs/msg/KeyPoint2D.msg
[12.597s] -- Installing: /home/beam/autonomous-stack-sdc/install/yolo_msgs/share/yolo_msgs/msg/KeyPoint2DArray.msg
[12.597s] -- Installing: /home/beam/autonomous-stack-sdc/install/yolo_msgs/share/yolo_msgs/msg/KeyPoint3D.msg
[12.597s] -- Installing: /home/beam/autonomous-stack-sdc/install/yolo_msgs/share/yolo_msgs/msg/KeyPoint3DArray.msg
[12.598s] -- Installing: /home/beam/autonomous-stack-sdc/install/yolo_msgs/share/yolo_msgs/msg/Detection.msg
[12.598s] -- Installing: /home/beam/autonomous-stack-sdc/install/yolo_msgs/share/yolo_msgs/msg/DetectionArray.msg
[12.599s] -- Installing: /home/beam/autonomous-stack-sdc/install/yolo_msgs/share/yolo_msgs/srv/SetClasses.srv
[12.599s] -- Installing: /home/beam/autonomous-stack-sdc/install/yolo_msgs/share/yolo_msgs/srv/SetClasses_Request.msg
[12.599s] -- Installing: /home/beam/autonomous-stack-sdc/install/yolo_msgs/share/yolo_msgs/srv/SetClasses_Response.msg
[12.600s] -- Installing: /home/beam/autonomous-stack-sdc/install/yolo_msgs/share/ament_index/resource_index/package_run_dependencies/yolo_msgs
[12.600s] -- Installing: /home/beam/autonomous-stack-sdc/install/yolo_msgs/share/ament_index/resource_index/parent_prefix_path/yolo_msgs
[12.601s] -- Installing: /home/beam/autonomous-stack-sdc/install/yolo_msgs/share/yolo_msgs/environment/ament_prefix_path.sh
[12.601s] -- Installing: /home/beam/autonomous-stack-sdc/install/yolo_msgs/share/yolo_msgs/environment/ament_prefix_path.dsv
[12.602s] -- Installing: /home/beam/autonomous-stack-sdc/install/yolo_msgs/share/yolo_msgs/environment/path.sh
[12.602s] -- Installing: /home/beam/autonomous-stack-sdc/install/yolo_msgs/share/yolo_msgs/environment/path.dsv
[12.602s] -- Installing: /home/beam/autonomous-stack-sdc/install/yolo_msgs/share/yolo_msgs/local_setup.bash
[12.603s] -- Installing: /home/beam/autonomous-stack-sdc/install/yolo_msgs/share/yolo_msgs/local_setup.sh
[12.603s] -- Installing: /home/beam/autonomous-stack-sdc/install/yolo_msgs/share/yolo_msgs/local_setup.zsh
[12.603s] -- Installing: /home/beam/autonomous-stack-sdc/install/yolo_msgs/share/yolo_msgs/local_setup.dsv
[12.604s] -- Installing: /home/beam/autonomous-stack-sdc/install/yolo_msgs/share/yolo_msgs/package.dsv
[12.604s] -- Installing: /home/beam/autonomous-stack-sdc/install/yolo_msgs/share/ament_index/resource_index/packages/yolo_msgs
[12.605s] -- Installing: /home/beam/autonomous-stack-sdc/install/yolo_msgs/share/yolo_msgs/cmake/export_yolo_msgs__rosidl_generator_cExport.cmake
[12.605s] -- Installing: /home/beam/autonomous-stack-sdc/install/yolo_msgs/share/yolo_msgs/cmake/export_yolo_msgs__rosidl_generator_cExport-noconfig.cmake
[12.606s] -- Installing: /home/beam/autonomous-stack-sdc/install/yolo_msgs/share/yolo_msgs/cmake/export_yolo_msgs__rosidl_typesupport_fastrtps_cExport.cmake
[12.606s] -- Installing: /home/beam/autonomous-stack-sdc/install/yolo_msgs/share/yolo_msgs/cmake/export_yolo_msgs__rosidl_typesupport_fastrtps_cExport-noconfig.cmake
[12.606s] -- Installing: /home/beam/autonomous-stack-sdc/install/yolo_msgs/share/yolo_msgs/cmake/yolo_msgs__rosidl_typesupport_introspection_cExport.cmake
[12.607s] -- Installing: /home/beam/autonomous-stack-sdc/install/yolo_msgs/share/yolo_msgs/cmake/yolo_msgs__rosidl_typesupport_introspection_cExport-noconfig.cmake
[12.607s] -- Installing: /home/beam/autonomous-stack-sdc/install/yolo_msgs/share/yolo_msgs/cmake/yolo_msgs__rosidl_typesupport_cExport.cmake
[12.608s] -- Installing: /home/beam/autonomous-stack-sdc/install/yolo_msgs/share/yolo_msgs/cmake/yolo_msgs__rosidl_typesupport_cExport-noconfig.cmake
[12.608s] -- Installing: /home/beam/autonomous-stack-sdc/install/yolo_msgs/share/yolo_msgs/cmake/export_yolo_msgs__rosidl_generator_cppExport.cmake
[12.609s] -- Installing: /home/beam/autonomous-stack-sdc/install/yolo_msgs/share/yolo_msgs/cmake/export_yolo_msgs__rosidl_typesupport_fastrtps_cppExport.cmake
[12.609s] -- Installing: /home/beam/autonomous-stack-sdc/install/yolo_msgs/share/yolo_msgs/cmake/export_yolo_msgs__rosidl_typesupport_fastrtps_cppExport-noconfig.cmake
[12.609s] -- Installing: /home/beam/autonomous-stack-sdc/install/yolo_msgs/share/yolo_msgs/cmake/yolo_msgs__rosidl_typesupport_introspection_cppExport.cmake
[12.610s] -- Installing: /home/beam/autonomous-stack-sdc/install/yolo_msgs/share/yolo_msgs/cmake/yolo_msgs__rosidl_typesupport_introspection_cppExport-noconfig.cmake
[12.610s] -- Installing: /home/beam/autonomous-stack-sdc/install/yolo_msgs/share/yolo_msgs/cmake/yolo_msgs__rosidl_typesupport_cppExport.cmake
[12.611s] -- Installing: /home/beam/autonomous-stack-sdc/install/yolo_msgs/share/yolo_msgs/cmake/yolo_msgs__rosidl_typesupport_cppExport-noconfig.cmake
[12.611s] -- Installing: /home/beam/autonomous-stack-sdc/install/yolo_msgs/share/yolo_msgs/cmake/export_yolo_msgs__rosidl_generator_pyExport.cmake
[12.611s] -- Installing: /home/beam/autonomous-stack-sdc/install/yolo_msgs/share/yolo_msgs/cmake/export_yolo_msgs__rosidl_generator_pyExport-noconfig.cmake
[12.612s] -- Installing: /home/beam/autonomous-stack-sdc/install/yolo_msgs/share/yolo_msgs/cmake/rosidl_cmake-extras.cmake
[12.612s] -- Installing: /home/beam/autonomous-stack-sdc/install/yolo_msgs/share/yolo_msgs/cmake/ament_cmake_export_dependencies-extras.cmake
[12.613s] -- Installing: /home/beam/autonomous-stack-sdc/install/yolo_msgs/share/yolo_msgs/cmake/ament_cmake_export_include_directories-extras.cmake
[12.613s] -- Installing: /home/beam/autonomous-stack-sdc/install/yolo_msgs/share/yolo_msgs/cmake/ament_cmake_export_libraries-extras.cmake
[12.613s] -- Installing: /home/beam/autonomous-stack-sdc/install/yolo_msgs/share/yolo_msgs/cmake/ament_cmake_export_targets-extras.cmake
[12.614s] -- Installing: /home/beam/autonomous-stack-sdc/install/yolo_msgs/share/yolo_msgs/cmake/rosidl_cmake_export_typesupport_targets-extras.cmake
[12.614s] -- Installing: /home/beam/autonomous-stack-sdc/install/yolo_msgs/share/yolo_msgs/cmake/rosidl_cmake_export_typesupport_libraries-extras.cmake
[12.615s] -- Installing: /home/beam/autonomous-stack-sdc/install/yolo_msgs/share/yolo_msgs/cmake/yolo_msgsConfig.cmake
[12.615s] -- Installing: /home/beam/autonomous-stack-sdc/install/yolo_msgs/share/yolo_msgs/cmake/yolo_msgsConfig-version.cmake
[12.615s] -- Installing: /home/beam/autonomous-stack-sdc/install/yolo_msgs/share/yolo_msgs/package.xml
[12.622s] Invoked command in '/home/beam/autonomous-stack-sdc/build/yolo_msgs' returned '0': CMAKE_PREFIX_PATH=${CMAKE_PREFIX_PATH}:/home/beam/autonomous-stack-sdc/install/yolo_ros:/home/beam/autonomous-stack-sdc/install/sensorfusion:/home/beam/wa/install/eufs_launcher:/home/beam/wa/install/eufs_tracks:/home/beam/wa/install/eufs_rqt:/home/beam/wa/install/eufs_racecar:/opt/ros/humble /usr/bin/cmake --install /home/beam/autonomous-stack-sdc/build/yolo_msgs
