[0.094s] Invoking command in '/home/beam/autonomous-stack-sdc/build/path_planning1': CMAKE_PREFIX_PATH=/home/beam/autonomous-stack-sdc/install/sdc_msgs:/home/beam/lidar_ws/install/rslidar_sdk:/home/beam/lidar_ws/install/rslidar_msg:/home/beam/autonomous-stack-sdc/install/yolo_bringup:/home/beam/autonomous-stack-sdc/install/yolo_msgs:/home/beam/autonomous-stack-sdc/install/path_planning1:/home/beam/autonomous-stack-sdc/install/mapping1:/home/beam/autonomous-stack-sdc/install/ground_removal:/home/beam/autonomous-stack-sdc/install/clustering:/home/beam/autonomous-stack-sdc/install/odometry:/home/beam/autonomous-stack-sdc/install/control:/home/beam/wa/install/eufs_sensors:/home/beam/wa/install/eufs_plugins:/home/beam/wa/install/eufs_models:/home/beam/wa/install/eufs_msgs:/home/beam/autonomous-stack-sdc/install/yolo_ros:/home/beam/autonomous-stack-sdc/install/sensorfusion:/home/beam/wa/install/eufs_launcher:/home/beam/wa/install/eufs_tracks:/home/beam/wa/install/eufs_rqt:/home/beam/wa/install/eufs_racecar:/opt/ros/humble LD_LIBRARY_PATH=/home/beam/autonomous-stack-sdc/install/sdc_msgs/lib:/home/beam/lidar_ws/install/rslidar_msg/lib:/home/beam/autonomous-stack-sdc/install/yolo_msgs/lib:/home/beam/wa/install/eufs_plugins/lib:/home/beam/wa/install/eufs_models/lib:/home/beam/wa/install/eufs_msgs/lib:/usr/lib/x86_64-linux-gnu/gazebo-11/plugins:/opt/ros/humble/opt/rviz_ogre_vendor/lib:/opt/ros/humble/lib/x86_64-linux-gnu:/opt/ros/humble/lib /usr/bin/cmake --build /home/beam/autonomous-stack-sdc/build/path_planning1 -- -j16 -l16
[0.257s] [35m[1mConsolidate compiler generated dependencies of target midPointErrorPropogator[0m
[0.278s] [35m[1mConsolidate compiler generated dependencies of target midPoint[0m
[0.301s] [ 25%] Built target coneLineViz
[0.304s] [35m[1mConsolidate compiler generated dependencies of target midPointColored[0m
[0.319s] [ 50%] Built target midPointErrorPropogator
[0.321s] [ 75%] Built target midPoint
[0.350s] [100%] Built target midPointColored
[1.147s] Invoked command in '/home/beam/autonomous-stack-sdc/build/path_planning1' returned '0': CMAKE_PREFIX_PATH=/home/beam/autonomous-stack-sdc/install/sdc_msgs:/home/beam/lidar_ws/install/rslidar_sdk:/home/beam/lidar_ws/install/rslidar_msg:/home/beam/autonomous-stack-sdc/install/yolo_bringup:/home/beam/autonomous-stack-sdc/install/yolo_msgs:/home/beam/autonomous-stack-sdc/install/path_planning1:/home/beam/autonomous-stack-sdc/install/mapping1:/home/beam/autonomous-stack-sdc/install/ground_removal:/home/beam/autonomous-stack-sdc/install/clustering:/home/beam/autonomous-stack-sdc/install/odometry:/home/beam/autonomous-stack-sdc/install/control:/home/beam/wa/install/eufs_sensors:/home/beam/wa/install/eufs_plugins:/home/beam/wa/install/eufs_models:/home/beam/wa/install/eufs_msgs:/home/beam/autonomous-stack-sdc/install/yolo_ros:/home/beam/autonomous-stack-sdc/install/sensorfusion:/home/beam/wa/install/eufs_launcher:/home/beam/wa/install/eufs_tracks:/home/beam/wa/install/eufs_rqt:/home/beam/wa/install/eufs_racecar:/opt/ros/humble LD_LIBRARY_PATH=/home/beam/autonomous-stack-sdc/install/sdc_msgs/lib:/home/beam/lidar_ws/install/rslidar_msg/lib:/home/beam/autonomous-stack-sdc/install/yolo_msgs/lib:/home/beam/wa/install/eufs_plugins/lib:/home/beam/wa/install/eufs_models/lib:/home/beam/wa/install/eufs_msgs/lib:/usr/lib/x86_64-linux-gnu/gazebo-11/plugins:/opt/ros/humble/opt/rviz_ogre_vendor/lib:/opt/ros/humble/lib/x86_64-linux-gnu:/opt/ros/humble/lib /usr/bin/cmake --build /home/beam/autonomous-stack-sdc/build/path_planning1 -- -j16 -l16
[1.149s] Invoking command in '/home/beam/autonomous-stack-sdc/build/path_planning1': CMAKE_PREFIX_PATH=/home/beam/autonomous-stack-sdc/install/sdc_msgs:/home/beam/lidar_ws/install/rslidar_sdk:/home/beam/lidar_ws/install/rslidar_msg:/home/beam/autonomous-stack-sdc/install/yolo_bringup:/home/beam/autonomous-stack-sdc/install/yolo_msgs:/home/beam/autonomous-stack-sdc/install/path_planning1:/home/beam/autonomous-stack-sdc/install/mapping1:/home/beam/autonomous-stack-sdc/install/ground_removal:/home/beam/autonomous-stack-sdc/install/clustering:/home/beam/autonomous-stack-sdc/install/odometry:/home/beam/autonomous-stack-sdc/install/control:/home/beam/wa/install/eufs_sensors:/home/beam/wa/install/eufs_plugins:/home/beam/wa/install/eufs_models:/home/beam/wa/install/eufs_msgs:/home/beam/autonomous-stack-sdc/install/yolo_ros:/home/beam/autonomous-stack-sdc/install/sensorfusion:/home/beam/wa/install/eufs_launcher:/home/beam/wa/install/eufs_tracks:/home/beam/wa/install/eufs_rqt:/home/beam/wa/install/eufs_racecar:/opt/ros/humble LD_LIBRARY_PATH=/home/beam/autonomous-stack-sdc/install/sdc_msgs/lib:/home/beam/lidar_ws/install/rslidar_msg/lib:/home/beam/autonomous-stack-sdc/install/yolo_msgs/lib:/home/beam/wa/install/eufs_plugins/lib:/home/beam/wa/install/eufs_models/lib:/home/beam/wa/install/eufs_msgs/lib:/usr/lib/x86_64-linux-gnu/gazebo-11/plugins:/opt/ros/humble/opt/rviz_ogre_vendor/lib:/opt/ros/humble/lib/x86_64-linux-gnu:/opt/ros/humble/lib /usr/bin/cmake --install /home/beam/autonomous-stack-sdc/build/path_planning1
[1.171s] -- Install configuration: ""
[1.172s] -- Up-to-date: /home/beam/autonomous-stack-sdc/install/path_planning1/lib/path_planning1/midPoint
[1.172s] -- Up-to-date: /home/beam/autonomous-stack-sdc/install/path_planning1/lib/path_planning1/midPointColored
[1.172s] -- Up-to-date: /home/beam/autonomous-stack-sdc/install/path_planning1/lib/path_planning1/midPointErrorPropogator
[1.172s] -- Up-to-date: /home/beam/autonomous-stack-sdc/install/path_planning1/share/path_planning1//launch
[1.172s] -- Up-to-date: /home/beam/autonomous-stack-sdc/install/path_planning1/share/path_planning1//launch/.vscode
[1.172s] -- Up-to-date: /home/beam/autonomous-stack-sdc/install/path_planning1/share/path_planning1//launch/.vscode/settings.json
[1.172s] -- Up-to-date: /home/beam/autonomous-stack-sdc/install/path_planning1/share/path_planning1//launch/.vscode/c_cpp_properties.json
[1.173s] -- Up-to-date: /home/beam/autonomous-stack-sdc/install/path_planning1/share/path_planning1//launch/midPointColored.launch.py
[1.173s] -- Up-to-date: /home/beam/autonomous-stack-sdc/install/path_planning1/share/path_planning1//launch/midPoint.launch.py
[1.173s] -- Up-to-date: /home/beam/autonomous-stack-sdc/install/path_planning1/share/path_planning1//launch/midPointErrorPropogator.launch.py
[1.173s] -- Up-to-date: /home/beam/autonomous-stack-sdc/install/path_planning1/share/path_planning1//config
[1.173s] -- Up-to-date: /home/beam/autonomous-stack-sdc/install/path_planning1/share/path_planning1//config/midPointErrorPropogator_params.yaml
[1.173s] -- Up-to-date: /home/beam/autonomous-stack-sdc/install/path_planning1/share/path_planning1//config/midPoint_params.yaml
[1.173s] -- Up-to-date: /home/beam/autonomous-stack-sdc/install/path_planning1/share/path_planning1//config/midPointColored_params.yaml
[1.173s] -- Up-to-date: /home/beam/autonomous-stack-sdc/install/path_planning1/lib/path_planning1/coneLineViz
[1.174s] -- Up-to-date: /home/beam/autonomous-stack-sdc/install/path_planning1/lib/path_planning1/midPointOriginal.py
[1.174s] -- Up-to-date: /home/beam/autonomous-stack-sdc/install/path_planning1/share/ament_index/resource_index/package_run_dependencies/path_planning1
[1.174s] -- Up-to-date: /home/beam/autonomous-stack-sdc/install/path_planning1/share/ament_index/resource_index/parent_prefix_path/path_planning1
[1.174s] -- Up-to-date: /home/beam/autonomous-stack-sdc/install/path_planning1/share/path_planning1/environment/ament_prefix_path.sh
[1.174s] -- Up-to-date: /home/beam/autonomous-stack-sdc/install/path_planning1/share/path_planning1/environment/ament_prefix_path.dsv
[1.174s] -- Up-to-date: /home/beam/autonomous-stack-sdc/install/path_planning1/share/path_planning1/environment/path.sh
[1.174s] -- Up-to-date: /home/beam/autonomous-stack-sdc/install/path_planning1/share/path_planning1/environment/path.dsv
[1.174s] -- Up-to-date: /home/beam/autonomous-stack-sdc/install/path_planning1/share/path_planning1/local_setup.bash
[1.175s] -- Up-to-date: /home/beam/autonomous-stack-sdc/install/path_planning1/share/path_planning1/local_setup.sh
[1.176s] -- Up-to-date: /home/beam/autonomous-stack-sdc/install/path_planning1/share/path_planning1/local_setup.zsh
[1.176s] -- Up-to-date: /home/beam/autonomous-stack-sdc/install/path_planning1/share/path_planning1/local_setup.dsv
[1.176s] -- Installing: /home/beam/autonomous-stack-sdc/install/path_planning1/share/path_planning1/package.dsv
[1.176s] -- Up-to-date: /home/beam/autonomous-stack-sdc/install/path_planning1/share/ament_index/resource_index/packages/path_planning1
[1.177s] -- Up-to-date: /home/beam/autonomous-stack-sdc/install/path_planning1/share/path_planning1/cmake/path_planning1Config.cmake
[1.177s] -- Up-to-date: /home/beam/autonomous-stack-sdc/install/path_planning1/share/path_planning1/cmake/path_planning1Config-version.cmake
[1.177s] -- Up-to-date: /home/beam/autonomous-stack-sdc/install/path_planning1/share/path_planning1/package.xml
[1.230s] Invoked command in '/home/beam/autonomous-stack-sdc/build/path_planning1' returned '0': CMAKE_PREFIX_PATH=/home/beam/autonomous-stack-sdc/install/sdc_msgs:/home/beam/lidar_ws/install/rslidar_sdk:/home/beam/lidar_ws/install/rslidar_msg:/home/beam/autonomous-stack-sdc/install/yolo_bringup:/home/beam/autonomous-stack-sdc/install/yolo_msgs:/home/beam/autonomous-stack-sdc/install/path_planning1:/home/beam/autonomous-stack-sdc/install/mapping1:/home/beam/autonomous-stack-sdc/install/ground_removal:/home/beam/autonomous-stack-sdc/install/clustering:/home/beam/autonomous-stack-sdc/install/odometry:/home/beam/autonomous-stack-sdc/install/control:/home/beam/wa/install/eufs_sensors:/home/beam/wa/install/eufs_plugins:/home/beam/wa/install/eufs_models:/home/beam/wa/install/eufs_msgs:/home/beam/autonomous-stack-sdc/install/yolo_ros:/home/beam/autonomous-stack-sdc/install/sensorfusion:/home/beam/wa/install/eufs_launcher:/home/beam/wa/install/eufs_tracks:/home/beam/wa/install/eufs_rqt:/home/beam/wa/install/eufs_racecar:/opt/ros/humble LD_LIBRARY_PATH=/home/beam/autonomous-stack-sdc/install/sdc_msgs/lib:/home/beam/lidar_ws/install/rslidar_msg/lib:/home/beam/autonomous-stack-sdc/install/yolo_msgs/lib:/home/beam/wa/install/eufs_plugins/lib:/home/beam/wa/install/eufs_models/lib:/home/beam/wa/install/eufs_msgs/lib:/usr/lib/x86_64-linux-gnu/gazebo-11/plugins:/opt/ros/humble/opt/rviz_ogre_vendor/lib:/opt/ros/humble/lib/x86_64-linux-gnu:/opt/ros/humble/lib /usr/bin/cmake --install /home/beam/autonomous-stack-sdc/build/path_planning1
