[35m[1mConsolidate compiler generated dependencies of target deadReckoning[0m
[100%] Built target deadReckoning
-- Install configuration: ""
-- Up-to-date: /home/beam/autonomous-stack-sdc/install/odometry/lib/odometry/deadReckoning
-- Up-to-date: /home/beam/autonomous-stack-sdc/install/odometry/share/odometry//launch
-- Up-to-date: /home/beam/autonomous-stack-sdc/install/odometry/share/odometry//launch/deadReckoning.launch.py
-- Up-to-date: /home/beam/autonomous-stack-sdc/install/odometry/share/odometry//config
-- Up-to-date: /home/beam/autonomous-stack-sdc/install/odometry/share/odometry//config/deadReckoning_params.yaml
-- Up-to-date: /home/beam/autonomous-stack-sdc/install/odometry/share/ament_index/resource_index/package_run_dependencies/odometry
-- Up-to-date: /home/beam/autonomous-stack-sdc/install/odometry/share/ament_index/resource_index/parent_prefix_path/odometry
-- Up-to-date: /home/beam/autonomous-stack-sdc/install/odometry/share/odometry/environment/ament_prefix_path.sh
-- Up-to-date: /home/beam/autonomous-stack-sdc/install/odometry/share/odometry/environment/ament_prefix_path.dsv
-- Up-to-date: /home/beam/autonomous-stack-sdc/install/odometry/share/odometry/environment/path.sh
-- Up-to-date: /home/beam/autonomous-stack-sdc/install/odometry/share/odometry/environment/path.dsv
-- Up-to-date: /home/beam/autonomous-stack-sdc/install/odometry/share/odometry/local_setup.bash
-- Up-to-date: /home/beam/autonomous-stack-sdc/install/odometry/share/odometry/local_setup.sh
-- Up-to-date: /home/beam/autonomous-stack-sdc/install/odometry/share/odometry/local_setup.zsh
-- Up-to-date: /home/beam/autonomous-stack-sdc/install/odometry/share/odometry/local_setup.dsv
-- Installing: /home/beam/autonomous-stack-sdc/install/odometry/share/odometry/package.dsv
-- Up-to-date: /home/beam/autonomous-stack-sdc/install/odometry/share/ament_index/resource_index/packages/odometry
-- Up-to-date: /home/beam/autonomous-stack-sdc/install/odometry/share/odometry/cmake/odometryConfig.cmake
-- Up-to-date: /home/beam/autonomous-stack-sdc/install/odometry/share/odometry/cmake/odometryConfig-version.cmake
-- Up-to-date: /home/beam/autonomous-stack-sdc/install/odometry/share/odometry/package.xml
