[1.661s] Invoking command in '/home/beam/autonomous-stack-sdc/build/ground_removal': CMAKE_PREFIX_PATH=/home/beam/autonomous-stack-sdc/install/sdc_msgs:/home/beam/lidar_ws/install/rslidar_sdk:/home/beam/lidar_ws/install/rslidar_msg:/home/beam/autonomous-stack-sdc/install/yolo_bringup:/home/beam/autonomous-stack-sdc/install/yolo_msgs:/home/beam/autonomous-stack-sdc/install/path_planning1:/home/beam/autonomous-stack-sdc/install/mapping1:/home/beam/autonomous-stack-sdc/install/ground_removal:/home/beam/autonomous-stack-sdc/install/clustering:/home/beam/autonomous-stack-sdc/install/odometry:/home/beam/autonomous-stack-sdc/install/control:/home/beam/wa/install/eufs_sensors:/home/beam/wa/install/eufs_plugins:/home/beam/wa/install/eufs_models:/home/beam/wa/install/eufs_msgs:/home/beam/autonomous-stack-sdc/install/yolo_ros:/home/beam/autonomous-stack-sdc/install/sensorfusion:/home/beam/wa/install/eufs_launcher:/home/beam/wa/install/eufs_tracks:/home/beam/wa/install/eufs_rqt:/home/beam/wa/install/eufs_racecar:/opt/ros/humble LD_LIBRARY_PATH=/home/beam/autonomous-stack-sdc/install/sdc_msgs/lib:/home/beam/lidar_ws/install/rslidar_msg/lib:/home/beam/autonomous-stack-sdc/install/yolo_msgs/lib:/home/beam/wa/install/eufs_plugins/lib:/home/beam/wa/install/eufs_models/lib:/home/beam/wa/install/eufs_msgs/lib:/usr/lib/x86_64-linux-gnu/gazebo-11/plugins:/opt/ros/humble/opt/rviz_ogre_vendor/lib:/opt/ros/humble/lib/x86_64-linux-gnu:/opt/ros/humble/lib /usr/bin/cmake --build /home/beam/autonomous-stack-sdc/build/ground_removal -- -j16 -l16
[2.196s] [100%] Built target simpleZ
[2.196s] [100%] Built target lu
[3.377s] Invoked command in '/home/beam/autonomous-stack-sdc/build/ground_removal' returned '0': CMAKE_PREFIX_PATH=/home/beam/autonomous-stack-sdc/install/sdc_msgs:/home/beam/lidar_ws/install/rslidar_sdk:/home/beam/lidar_ws/install/rslidar_msg:/home/beam/autonomous-stack-sdc/install/yolo_bringup:/home/beam/autonomous-stack-sdc/install/yolo_msgs:/home/beam/autonomous-stack-sdc/install/path_planning1:/home/beam/autonomous-stack-sdc/install/mapping1:/home/beam/autonomous-stack-sdc/install/ground_removal:/home/beam/autonomous-stack-sdc/install/clustering:/home/beam/autonomous-stack-sdc/install/odometry:/home/beam/autonomous-stack-sdc/install/control:/home/beam/wa/install/eufs_sensors:/home/beam/wa/install/eufs_plugins:/home/beam/wa/install/eufs_models:/home/beam/wa/install/eufs_msgs:/home/beam/autonomous-stack-sdc/install/yolo_ros:/home/beam/autonomous-stack-sdc/install/sensorfusion:/home/beam/wa/install/eufs_launcher:/home/beam/wa/install/eufs_tracks:/home/beam/wa/install/eufs_rqt:/home/beam/wa/install/eufs_racecar:/opt/ros/humble LD_LIBRARY_PATH=/home/beam/autonomous-stack-sdc/install/sdc_msgs/lib:/home/beam/lidar_ws/install/rslidar_msg/lib:/home/beam/autonomous-stack-sdc/install/yolo_msgs/lib:/home/beam/wa/install/eufs_plugins/lib:/home/beam/wa/install/eufs_models/lib:/home/beam/wa/install/eufs_msgs/lib:/usr/lib/x86_64-linux-gnu/gazebo-11/plugins:/opt/ros/humble/opt/rviz_ogre_vendor/lib:/opt/ros/humble/lib/x86_64-linux-gnu:/opt/ros/humble/lib /usr/bin/cmake --build /home/beam/autonomous-stack-sdc/build/ground_removal -- -j16 -l16
[3.383s] Invoking command in '/home/beam/autonomous-stack-sdc/build/ground_removal': CMAKE_PREFIX_PATH=/home/beam/autonomous-stack-sdc/install/sdc_msgs:/home/beam/lidar_ws/install/rslidar_sdk:/home/beam/lidar_ws/install/rslidar_msg:/home/beam/autonomous-stack-sdc/install/yolo_bringup:/home/beam/autonomous-stack-sdc/install/yolo_msgs:/home/beam/autonomous-stack-sdc/install/path_planning1:/home/beam/autonomous-stack-sdc/install/mapping1:/home/beam/autonomous-stack-sdc/install/ground_removal:/home/beam/autonomous-stack-sdc/install/clustering:/home/beam/autonomous-stack-sdc/install/odometry:/home/beam/autonomous-stack-sdc/install/control:/home/beam/wa/install/eufs_sensors:/home/beam/wa/install/eufs_plugins:/home/beam/wa/install/eufs_models:/home/beam/wa/install/eufs_msgs:/home/beam/autonomous-stack-sdc/install/yolo_ros:/home/beam/autonomous-stack-sdc/install/sensorfusion:/home/beam/wa/install/eufs_launcher:/home/beam/wa/install/eufs_tracks:/home/beam/wa/install/eufs_rqt:/home/beam/wa/install/eufs_racecar:/opt/ros/humble LD_LIBRARY_PATH=/home/beam/autonomous-stack-sdc/install/sdc_msgs/lib:/home/beam/lidar_ws/install/rslidar_msg/lib:/home/beam/autonomous-stack-sdc/install/yolo_msgs/lib:/home/beam/wa/install/eufs_plugins/lib:/home/beam/wa/install/eufs_models/lib:/home/beam/wa/install/eufs_msgs/lib:/usr/lib/x86_64-linux-gnu/gazebo-11/plugins:/opt/ros/humble/opt/rviz_ogre_vendor/lib:/opt/ros/humble/lib/x86_64-linux-gnu:/opt/ros/humble/lib /usr/bin/cmake --install /home/beam/autonomous-stack-sdc/build/ground_removal
[3.561s] -- Install configuration: ""
[3.570s] -- Up-to-date: /home/beam/autonomous-stack-sdc/install/ground_removal/lib/ground_removal/lu
[3.577s] -- Up-to-date: /home/beam/autonomous-stack-sdc/install/ground_removal/lib/ground_removal/simpleZ
[3.578s] -- Up-to-date: /home/beam/autonomous-stack-sdc/install/ground_removal/share/ground_removal/launch
[3.585s] -- Up-to-date: /home/beam/autonomous-stack-sdc/install/ground_removal/share/ground_removal/launch/lu.launch.py
[3.586s] -- Up-to-date: /home/beam/autonomous-stack-sdc/install/ground_removal/share/ground_removal/launch/simpleZ.launch.py
[3.586s] -- Up-to-date: /home/beam/autonomous-stack-sdc/install/ground_removal/share/ground_removal/config
[3.589s] -- Up-to-date: /home/beam/autonomous-stack-sdc/install/ground_removal/share/ground_removal/config/lu_params.yaml
[3.589s] -- Up-to-date: /home/beam/autonomous-stack-sdc/install/ground_removal/share/ground_removal/config/simpleZ_params.yaml
[3.590s] -- Up-to-date: /home/beam/autonomous-stack-sdc/install/ground_removal/share/ground_removal/config/simpleZ_sim_params.yaml
[3.590s] -- Up-to-date: /home/beam/autonomous-stack-sdc/install/ground_removal/share/ground_removal/config/lu_sim_params.yaml
[3.593s] -- Up-to-date: /home/beam/autonomous-stack-sdc/install/ground_removal/lib/ground_removal/janeremover.py
[3.593s] -- Up-to-date: /home/beam/autonomous-stack-sdc/install/ground_removal/lib/ground_removal/janeremoverhuh.py
[3.614s] -- Up-to-date: /home/beam/autonomous-stack-sdc/install/ground_removal/share/ament_index/resource_index/package_run_dependencies/ground_removal
[3.616s] -- Up-to-date: /home/beam/autonomous-stack-sdc/install/ground_removal/share/ament_index/resource_index/parent_prefix_path/ground_removal
[3.616s] -- Up-to-date: /home/beam/autonomous-stack-sdc/install/ground_removal/share/ground_removal/environment/ament_prefix_path.sh
[3.616s] -- Up-to-date: /home/beam/autonomous-stack-sdc/install/ground_removal/share/ground_removal/environment/ament_prefix_path.dsv
[3.616s] -- Up-to-date: /home/beam/autonomous-stack-sdc/install/ground_removal/share/ground_removal/environment/path.sh
[3.617s] -- Up-to-date: /home/beam/autonomous-stack-sdc/install/ground_removal/share/ground_removal/environment/path.dsv
[3.617s] -- Up-to-date: /home/beam/autonomous-stack-sdc/install/ground_removal/share/ground_removal/local_setup.bash
[3.617s] -- Up-to-date: /home/beam/autonomous-stack-sdc/install/ground_removal/share/ground_removal/local_setup.sh
[3.617s] -- Up-to-date: /home/beam/autonomous-stack-sdc/install/ground_removal/share/ground_removal/local_setup.zsh
[3.617s] -- Up-to-date: /home/beam/autonomous-stack-sdc/install/ground_removal/share/ground_removal/local_setup.dsv
[3.617s] -- Installing: /home/beam/autonomous-stack-sdc/install/ground_removal/share/ground_removal/package.dsv
[3.624s] -- Up-to-date: /home/beam/autonomous-stack-sdc/install/ground_removal/share/ament_index/resource_index/packages/ground_removal
[3.625s] -- Up-to-date: /home/beam/autonomous-stack-sdc/install/ground_removal/share/ground_removal/cmake/ground_removalConfig.cmake
[3.625s] -- Up-to-date: /home/beam/autonomous-stack-sdc/install/ground_removal/share/ground_removal/cmake/ground_removalConfig-version.cmake
[3.625s] -- Up-to-date: /home/beam/autonomous-stack-sdc/install/ground_removal/share/ground_removal/package.xml
[3.759s] Invoked command in '/home/beam/autonomous-stack-sdc/build/ground_removal' returned '0': CMAKE_PREFIX_PATH=/home/beam/autonomous-stack-sdc/install/sdc_msgs:/home/beam/lidar_ws/install/rslidar_sdk:/home/beam/lidar_ws/install/rslidar_msg:/home/beam/autonomous-stack-sdc/install/yolo_bringup:/home/beam/autonomous-stack-sdc/install/yolo_msgs:/home/beam/autonomous-stack-sdc/install/path_planning1:/home/beam/autonomous-stack-sdc/install/mapping1:/home/beam/autonomous-stack-sdc/install/ground_removal:/home/beam/autonomous-stack-sdc/install/clustering:/home/beam/autonomous-stack-sdc/install/odometry:/home/beam/autonomous-stack-sdc/install/control:/home/beam/wa/install/eufs_sensors:/home/beam/wa/install/eufs_plugins:/home/beam/wa/install/eufs_models:/home/beam/wa/install/eufs_msgs:/home/beam/autonomous-stack-sdc/install/yolo_ros:/home/beam/autonomous-stack-sdc/install/sensorfusion:/home/beam/wa/install/eufs_launcher:/home/beam/wa/install/eufs_tracks:/home/beam/wa/install/eufs_rqt:/home/beam/wa/install/eufs_racecar:/opt/ros/humble LD_LIBRARY_PATH=/home/beam/autonomous-stack-sdc/install/sdc_msgs/lib:/home/beam/lidar_ws/install/rslidar_msg/lib:/home/beam/autonomous-stack-sdc/install/yolo_msgs/lib:/home/beam/wa/install/eufs_plugins/lib:/home/beam/wa/install/eufs_models/lib:/home/beam/wa/install/eufs_msgs/lib:/usr/lib/x86_64-linux-gnu/gazebo-11/plugins:/opt/ros/humble/opt/rviz_ogre_vendor/lib:/opt/ros/humble/lib/x86_64-linux-gnu:/opt/ros/humble/lib /usr/bin/cmake --install /home/beam/autonomous-stack-sdc/build/ground_removal
