-- The C compiler identification is GNU 11.4.0
-- The CXX compiler identification is GNU 11.4.0
-- Detecting C compiler ABI info
-- Detecting C compiler ABI info - done
-- Check for working C compiler: /usr/bin/cc - skipped
-- Detecting C compile features
-- Detecting C compile features - done
-- Detecting CXX compiler ABI info
-- Detecting CXX compiler ABI info - done
-- Check for working CXX compiler: /usr/bin/c++ - skipped
-- Detecting CXX compile features
-- Detecting CXX compile features - done
-- Found ament_cmake: 1.3.12 (/opt/ros/humble/share/ament_cmake/cmake)
-- Found Python3: /usr/bin/python3 (found version "3.10.12") found components: Interpreter 
-- Found rclcpp: 16.0.16 (/opt/ros/humble/share/rclcpp/cmake)
-- Found rosidl_generator_c: 3.1.7 (/opt/ros/humble/share/rosidl_generator_c/cmake)
-- Found rosidl_adapter: 3.1.7 (/opt/ros/humble/share/rosidl_adapter/cmake)
-- Found rosidl_generator_cpp: 3.1.7 (/opt/ros/humble/share/rosidl_generator_cpp/cmake)
-- Using all available rosidl_typesupport_c: rosidl_typesupport_fastrtps_c;rosidl_typesupport_introspection_c
-- Using all available rosidl_typesupport_cpp: rosidl_typesupport_fastrtps_cpp;rosidl_typesupport_introspection_cpp
-- Found rmw_implementation_cmake: 6.1.2 (/opt/ros/humble/share/rmw_implementation_cmake/cmake)
-- Found rmw_fastrtps_cpp: 6.2.9 (/opt/ros/humble/share/rmw_fastrtps_cpp/cmake)
-- Found OpenSSL: /usr/lib/x86_64-linux-gnu/libcrypto.so (found version "3.0.2")  
-- Found FastRTPS: /opt/ros/humble/include  
-- Using RMW implementation 'rmw_fastrtps_cpp' as default
-- Looking for pthread.h
-- Looking for pthread.h - found
-- Performing Test CMAKE_HAVE_LIBC_PTHREAD
-- Performing Test CMAKE_HAVE_LIBC_PTHREAD - Success
-- Found Threads: TRUE  
-- Found rclpy: 3.3.19 (/opt/ros/humble/share/rclpy/cmake)
-- Found nav_msgs: 4.9.0 (/opt/ros/humble/share/nav_msgs/cmake)
-- Found tf2: 0.25.17 (/opt/ros/humble/share/tf2/cmake)
-- Found tf2_ros: 0.25.17 (/opt/ros/humble/share/tf2_ros/cmake)
-- Found sdc_msgs: 0.0.0 (/home/beam/autonomous-stack-sdc/install/sdc_msgs/share/sdc_msgs/cmake)
-- Found eufs_msgs: 2.0.0 (/home/beam/wa/install/eufs_msgs/share/eufs_msgs/cmake)
-- Found visualization_msgs: 4.9.0 (/opt/ros/humble/share/visualization_msgs/cmake)
-- Found ament_lint_auto: 0.12.14 (/opt/ros/humble/share/ament_lint_auto/cmake)
-- Added test 'cppcheck' to perform static code analysis on C / C++ code
-- Configured cppcheck include dirs: 
-- Configured cppcheck exclude dirs and/or files: 
-- Added test 'flake8' to check Python code syntax and style conventions
-- Added test 'lint_cmake' to check CMake code style
-- Added test 'pep257' to check Python code against some of the docstring style conventions in PEP 257
-- Added test 'uncrustify' to check C / C++ code style
-- Configured uncrustify additional arguments: 
-- Added test 'xmllint' to check XML markup files
-- Configuring done
-- Generating done
-- Build files have been written to: /home/beam/autonomous-stack-sdc/build/path_planning1
[ 12%] [32mBuilding CXX object CMakeFiles/midPoint.dir/src/midPoint.cpp.o[0m
[ 25%] [32mBuilding CXX object CMakeFiles/coneLineViz.dir/src/coneLineViz.cpp.o[0m
[ 37%] [32mBuilding CXX object CMakeFiles/midPointColored.dir/src/midPointColored.cpp.o[0m
[ 50%] [32mBuilding CXX object CMakeFiles/midPointErrorPropogator.dir/src/midPointErrorPropogator.cpp.o[0m
[ 62%] [32m[1mLinking CXX executable midPointColored[0m
[ 75%] [32m[1mLinking CXX executable midPointErrorPropogator[0m
[ 87%] [32m[1mLinking CXX executable coneLineViz[0m
[ 87%] Built target midPointErrorPropogator
[ 87%] Built target midPointColored
[ 87%] Built target coneLineViz
[100%] [32m[1mLinking CXX executable midPoint[0m
[100%] Built target midPoint
-- Install configuration: ""
-- Installing: /home/beam/autonomous-stack-sdc/install/path_planning1/lib/path_planning1/midPoint
-- Set runtime path of "/home/beam/autonomous-stack-sdc/install/path_planning1/lib/path_planning1/midPoint" to ""
-- Installing: /home/beam/autonomous-stack-sdc/install/path_planning1/lib/path_planning1/midPointColored
-- Set runtime path of "/home/beam/autonomous-stack-sdc/install/path_planning1/lib/path_planning1/midPointColored" to ""
-- Installing: /home/beam/autonomous-stack-sdc/install/path_planning1/lib/path_planning1/midPointErrorPropogator
-- Set runtime path of "/home/beam/autonomous-stack-sdc/install/path_planning1/lib/path_planning1/midPointErrorPropogator" to ""
-- Installing: /home/beam/autonomous-stack-sdc/install/path_planning1/share/path_planning1//launch
-- Installing: /home/beam/autonomous-stack-sdc/install/path_planning1/share/path_planning1//launch/.vscode
-- Installing: /home/beam/autonomous-stack-sdc/install/path_planning1/share/path_planning1//launch/.vscode/settings.json
-- Installing: /home/beam/autonomous-stack-sdc/install/path_planning1/share/path_planning1//launch/.vscode/c_cpp_properties.json
-- Installing: /home/beam/autonomous-stack-sdc/install/path_planning1/share/path_planning1//launch/midPointColored.launch.py
-- Installing: /home/beam/autonomous-stack-sdc/install/path_planning1/share/path_planning1//launch/midPoint.launch.py
-- Installing: /home/beam/autonomous-stack-sdc/install/path_planning1/share/path_planning1//launch/midPointErrorPropogator.launch.py
-- Installing: /home/beam/autonomous-stack-sdc/install/path_planning1/share/path_planning1//config
-- Installing: /home/beam/autonomous-stack-sdc/install/path_planning1/share/path_planning1//config/midPointErrorPropogator_params.yaml
-- Installing: /home/beam/autonomous-stack-sdc/install/path_planning1/share/path_planning1//config/midPoint_params.yaml
-- Installing: /home/beam/autonomous-stack-sdc/install/path_planning1/share/path_planning1//config/midPointColored_params.yaml
-- Installing: /home/beam/autonomous-stack-sdc/install/path_planning1/lib/path_planning1/coneLineViz
-- Set runtime path of "/home/beam/autonomous-stack-sdc/install/path_planning1/lib/path_planning1/coneLineViz" to ""
-- Installing: /home/beam/autonomous-stack-sdc/install/path_planning1/lib/path_planning1/midPointOriginal.py
-- Installing: /home/beam/autonomous-stack-sdc/install/path_planning1/share/ament_index/resource_index/package_run_dependencies/path_planning1
-- Installing: /home/beam/autonomous-stack-sdc/install/path_planning1/share/ament_index/resource_index/parent_prefix_path/path_planning1
-- Installing: /home/beam/autonomous-stack-sdc/install/path_planning1/share/path_planning1/environment/ament_prefix_path.sh
-- Installing: /home/beam/autonomous-stack-sdc/install/path_planning1/share/path_planning1/environment/ament_prefix_path.dsv
-- Installing: /home/beam/autonomous-stack-sdc/install/path_planning1/share/path_planning1/environment/path.sh
-- Installing: /home/beam/autonomous-stack-sdc/install/path_planning1/share/path_planning1/environment/path.dsv
-- Installing: /home/beam/autonomous-stack-sdc/install/path_planning1/share/path_planning1/local_setup.bash
-- Installing: /home/beam/autonomous-stack-sdc/install/path_planning1/share/path_planning1/local_setup.sh
-- Installing: /home/beam/autonomous-stack-sdc/install/path_planning1/share/path_planning1/local_setup.zsh
-- Installing: /home/beam/autonomous-stack-sdc/install/path_planning1/share/path_planning1/local_setup.dsv
-- Installing: /home/beam/autonomous-stack-sdc/install/path_planning1/share/path_planning1/package.dsv
-- Installing: /home/beam/autonomous-stack-sdc/install/path_planning1/share/ament_index/resource_index/packages/path_planning1
-- Installing: /home/beam/autonomous-stack-sdc/install/path_planning1/share/path_planning1/cmake/path_planning1Config.cmake
-- Installing: /home/beam/autonomous-stack-sdc/install/path_planning1/share/path_planning1/cmake/path_planning1Config-version.cmake
-- Installing: /home/beam/autonomous-stack-sdc/install/path_planning1/share/path_planning1/package.xml
